2021-06-22 13:29:59,046 - mmcls - INFO - Environment info:
------------------------------------------------------------
sys.platform: linux
Python: 3.7.10 (default, Feb 26 2021, 18:47:35) [GCC 7.3.0]
CUDA available: True
GPU 0: GeForce GTX 1080 Ti
CUDA_HOME: /usr/local/cuda
NVCC: Cuda compilation tools, release 10.1, V10.1.243
GCC: gcc (Ubuntu 5.4.0-6ubuntu1~16.04.11) 5.4.0 20160609
PyTorch: 1.6.0
PyTorch compiling details: PyTorch built with:
  - GCC 7.3
  - C++ Version: 201402
  - Intel(R) oneAPI Math Kernel Library Version 2021.2-Product Build 20210312 for Intel(R) 64 architecture applications
  - Intel(R) MKL-DNN v1.5.0 (Git Hash e2ac1fac44c5078ca927cb9b90e1b3066a0b2ed0)
  - OpenMP 201511 (a.k.a. OpenMP 4.5)
  - NNPACK is enabled
  - CPU capability usage: AVX2
  - CUDA Runtime 10.1
  - NVCC architecture flags: -gencode;arch=compute_37,code=sm_37;-gencode;arch=compute_50,code=sm_50;-gencode;arch=compute_60,code=sm_60;-gencode;arch=compute_61,code=sm_61;-gencode;arch=compute_70,code=sm_70;-gencode;arch=compute_75,code=sm_75;-gencode;arch=compute_37,code=compute_37
  - CuDNN 7.6.3
  - Magma 2.5.2
  - Build settings: BLAS=MKL, BUILD_TYPE=Release, CXX_FLAGS= -Wno-deprecated -fvisibility-inlines-hidden -DUSE_PTHREADPOOL -fopenmp -DNDEBUG -DUSE_FBGEMM -DUSE_QNNPACK -DUSE_PYTORCH_QNNPACK -DUSE_XNNPACK -DUSE_VULKAN_WRAPPER -O2 -fPIC -Wno-narrowing -Wall -Wextra -Werror=return-type -Wno-missing-field-initializers -Wno-type-limits -Wno-array-bounds -Wno-unknown-pragmas -Wno-sign-compare -Wno-unused-parameter -Wno-unused-variable -Wno-unused-function -Wno-unused-result -Wno-unused-local-typedefs -Wno-strict-overflow -Wno-strict-aliasing -Wno-error=deprecated-declarations -Wno-stringop-overflow -Wno-error=pedantic -Wno-error=redundant-decls -Wno-error=old-style-cast -fdiagnostics-color=always -faligned-new -Wno-unused-but-set-variable -Wno-maybe-uninitialized -fno-math-errno -fno-trapping-math -Werror=format -Wno-stringop-overflow, PERF_WITH_AVX=1, PERF_WITH_AVX2=1, PERF_WITH_AVX512=1, USE_CUDA=ON, USE_EXCEPTION_PTR=1, USE_GFLAGS=OFF, USE_GLOG=OFF, USE_MKL=ON, USE_MKLDNN=ON, USE_MPI=OFF, USE_NCCL=ON, USE_NNPACK=ON, USE_OPENMP=ON, USE_STATIC_DISPATCH=OFF, 

TorchVision: 0.7.0
OpenCV: 4.5.2
MMCV: 1.3.4
MMCV Compiler: GCC 7.3
MMCV CUDA Compiler: 10.1
MMClassification: 0.11.1+b67a11c
------------------------------------------------------------

2021-06-22 13:29:59,048 - mmcls - INFO - Distributed training: False
2021-06-22 13:29:59,337 - mmcls - INFO - Config:
model = dict(
    type='ImageClassifier',
    backbone=dict(
        type='ResNet_CIFAR',
        depth=34,
        num_stages=4,
        out_indices=(3, ),
        style='pytorch'),
    neck=dict(type='GlobalAveragePooling'),
    head=dict(
        type='LinearClsHead',
        num_classes=100,
        in_channels=512,
        loss=dict(type='CrossEntropyLoss', loss_weight=1.0)))
dataset_type = 'CIFAR100'
img_norm_cfg = dict(
    mean=[129.304, 124.07, 112.434], std=[68.17, 65.392, 70.418], to_rgb=True)
train_pipeline = [
    dict(type='RandomCrop', size=32, padding=4),
    dict(type='RandomFlip', flip_prob=0.5, direction='horizontal'),
    dict(
        type='Normalize',
        mean=[129.304, 124.07, 112.434],
        std=[68.17, 65.392, 70.418],
        to_rgb=True),
    dict(type='ImageToTensor', keys=['img']),
    dict(type='ToTensor', keys=['gt_label']),
    dict(type='Collect', keys=['img', 'gt_label'])
]
test_pipeline = [
    dict(
        type='Normalize',
        mean=[129.304, 124.07, 112.434],
        std=[68.17, 65.392, 70.418],
        to_rgb=True),
    dict(type='ImageToTensor', keys=['img']),
    dict(type='Collect', keys=['img'])
]
data = dict(
    samples_per_gpu=128,
    workers_per_gpu=4,
    train=dict(
        type='CIFAR100',
        data_prefix='data/cifar100',
        pipeline=[
            dict(type='RandomCrop', size=32, padding=4),
            dict(type='RandomFlip', flip_prob=0.5, direction='horizontal'),
            dict(
                type='Normalize',
                mean=[129.304, 124.07, 112.434],
                std=[68.17, 65.392, 70.418],
                to_rgb=True),
            dict(type='ImageToTensor', keys=['img']),
            dict(type='ToTensor', keys=['gt_label']),
            dict(type='Collect', keys=['img', 'gt_label'])
        ]),
    val=dict(
        type='CIFAR100',
        data_prefix='data/cifar100',
        pipeline=[
            dict(
                type='Normalize',
                mean=[129.304, 124.07, 112.434],
                std=[68.17, 65.392, 70.418],
                to_rgb=True),
            dict(type='ImageToTensor', keys=['img']),
            dict(type='Collect', keys=['img'])
        ]),
    test=dict(
        type='CIFAR100',
        data_prefix='data/cifar100',
        pipeline=[
            dict(
                type='Normalize',
                mean=[129.304, 124.07, 112.434],
                std=[68.17, 65.392, 70.418],
                to_rgb=True),
            dict(type='ImageToTensor', keys=['img']),
            dict(type='Collect', keys=['img'])
        ]))
optimizer = dict(type='SGD', lr=0.1, momentum=0.9, weight_decay=0.0005)
optimizer_config = dict(grad_clip=None)
lr_config = dict(policy='step', step=[40, 80], gamma=0.1)
runner = dict(type='EpochBasedRunner', max_epochs=120)
checkpoint_config = dict(interval=1)
log_config = dict(interval=100, hooks=[dict(type='TextLoggerHook')])
dist_params = dict(backend='nccl')
log_level = 'INFO'
load_from = None
resume_from = None
workflow = [('train', 1)]
evaluation = dict(interval=5)
work_dir = './work_dirs/resnet34_cifar100'
gpu_ids = range(0, 1)

2021-06-22 13:30:08,982 - mmcls - INFO - Start running, host: root@efff16289307, work_dir: /remote-home/shenduxuexi15/mmlab/mmclassification/work_dirs/resnet34_cifar100
2021-06-22 13:30:08,983 - mmcls - INFO - workflow: [('train', 1)], max: 120 epochs
2021-06-22 13:30:22,023 - mmcls - INFO - Epoch [1][100/391]	lr: 1.000e-01, eta: 1:41:17, time: 0.130, data_time: 0.026, memory: 1289, loss: 4.2688
2021-06-22 13:30:32,338 - mmcls - INFO - Epoch [1][200/391]	lr: 1.000e-01, eta: 1:30:41, time: 0.103, data_time: 0.003, memory: 1289, loss: 3.9251
2021-06-22 13:30:42,679 - mmcls - INFO - Epoch [1][300/391]	lr: 1.000e-01, eta: 1:27:06, time: 0.103, data_time: 0.003, memory: 1289, loss: 3.7405
2021-06-22 13:30:52,096 - mmcls - INFO - Saving checkpoint at 1 epochs
2021-06-22 13:31:06,700 - mmcls - INFO - Epoch [2][100/391]	lr: 1.000e-01, eta: 1:12:59, time: 0.127, data_time: 0.026, memory: 1289, loss: 3.3986
2021-06-22 13:31:17,106 - mmcls - INFO - Epoch [2][200/391]	lr: 1.000e-01, eta: 1:14:06, time: 0.104, data_time: 0.003, memory: 1289, loss: 3.2816
2021-06-22 13:31:27,545 - mmcls - INFO - Epoch [2][300/391]	lr: 1.000e-01, eta: 1:14:53, time: 0.104, data_time: 0.004, memory: 1289, loss: 3.1247
2021-06-22 13:31:37,081 - mmcls - INFO - Saving checkpoint at 2 epochs
2021-06-22 13:31:51,860 - mmcls - INFO - Epoch [3][100/391]	lr: 1.000e-01, eta: 1:09:34, time: 0.128, data_time: 0.027, memory: 1289, loss: 2.8343
2021-06-22 13:32:02,328 - mmcls - INFO - Epoch [3][200/391]	lr: 1.000e-01, eta: 1:10:31, time: 0.105, data_time: 0.003, memory: 1289, loss: 2.7175
2021-06-22 13:32:12,788 - mmcls - INFO - Epoch [3][300/391]	lr: 1.000e-01, eta: 1:11:14, time: 0.105, data_time: 0.003, memory: 1289, loss: 2.5971
2021-06-22 13:32:22,329 - mmcls - INFO - Saving checkpoint at 3 epochs
2021-06-22 13:32:36,985 - mmcls - INFO - Epoch [4][100/391]	lr: 1.000e-01, eta: 1:07:54, time: 0.127, data_time: 0.026, memory: 1289, loss: 2.3537
2021-06-22 13:32:47,445 - mmcls - INFO - Epoch [4][200/391]	lr: 1.000e-01, eta: 1:08:36, time: 0.105, data_time: 0.003, memory: 1289, loss: 2.2864
2021-06-22 13:32:57,919 - mmcls - INFO - Epoch [4][300/391]	lr: 1.000e-01, eta: 1:09:11, time: 0.105, data_time: 0.003, memory: 1289, loss: 2.2388
2021-06-22 13:33:07,490 - mmcls - INFO - Saving checkpoint at 4 epochs
2021-06-22 13:33:22,210 - mmcls - INFO - Epoch [5][100/391]	lr: 1.000e-01, eta: 1:06:48, time: 0.128, data_time: 0.027, memory: 1289, loss: 2.0552
2021-06-22 13:33:32,684 - mmcls - INFO - Epoch [5][200/391]	lr: 1.000e-01, eta: 1:07:21, time: 0.105, data_time: 0.003, memory: 1289, loss: 2.0438
2021-06-22 13:33:43,174 - mmcls - INFO - Epoch [5][300/391]	lr: 1.000e-01, eta: 1:07:49, time: 0.105, data_time: 0.003, memory: 1289, loss: 1.9880
2021-06-22 13:33:56,565 - mmcls - INFO - Saving checkpoint at 5 epochs
2021-06-22 13:33:58,364 - mmcls - INFO - Epoch(val) [5][79]	accuracy_top-1: 39.1200, accuracy_top-5: 72.3900
2021-06-22 13:34:11,264 - mmcls - INFO - Epoch [6][100/391]	lr: 1.000e-01, eta: 1:05:55, time: 0.128, data_time: 0.026, memory: 1406, loss: 1.8404
2021-06-22 13:34:21,716 - mmcls - INFO - Epoch [6][200/391]	lr: 1.000e-01, eta: 1:06:20, time: 0.105, data_time: 0.003, memory: 1406, loss: 1.8334
2021-06-22 13:34:32,184 - mmcls - INFO - Epoch [6][300/391]	lr: 1.000e-01, eta: 1:06:43, time: 0.105, data_time: 0.003, memory: 1406, loss: 1.8211
2021-06-22 13:34:41,702 - mmcls - INFO - Saving checkpoint at 6 epochs
2021-06-22 13:34:56,445 - mmcls - INFO - Epoch [7][100/391]	lr: 1.000e-01, eta: 1:05:08, time: 0.129, data_time: 0.026, memory: 1406, loss: 1.6912
2021-06-22 13:35:06,926 - mmcls - INFO - Epoch [7][200/391]	lr: 1.000e-01, eta: 1:05:29, time: 0.105, data_time: 0.003, memory: 1406, loss: 1.7236
2021-06-22 13:35:17,401 - mmcls - INFO - Epoch [7][300/391]	lr: 1.000e-01, eta: 1:05:47, time: 0.105, data_time: 0.003, memory: 1406, loss: 1.7103
2021-06-22 13:35:26,980 - mmcls - INFO - Saving checkpoint at 7 epochs
2021-06-22 13:35:41,704 - mmcls - INFO - Epoch [8][100/391]	lr: 1.000e-01, eta: 1:04:24, time: 0.128, data_time: 0.026, memory: 1406, loss: 1.6197
2021-06-22 13:35:52,187 - mmcls - INFO - Epoch [8][200/391]	lr: 1.000e-01, eta: 1:04:41, time: 0.105, data_time: 0.003, memory: 1406, loss: 1.5856
2021-06-22 13:36:02,655 - mmcls - INFO - Epoch [8][300/391]	lr: 1.000e-01, eta: 1:04:56, time: 0.105, data_time: 0.003, memory: 1406, loss: 1.5860
2021-06-22 13:36:12,178 - mmcls - INFO - Saving checkpoint at 8 epochs
2021-06-22 13:36:26,892 - mmcls - INFO - Epoch [9][100/391]	lr: 1.000e-01, eta: 1:03:43, time: 0.128, data_time: 0.026, memory: 1406, loss: 1.5305
2021-06-22 13:36:37,355 - mmcls - INFO - Epoch [9][200/391]	lr: 1.000e-01, eta: 1:03:56, time: 0.105, data_time: 0.003, memory: 1406, loss: 1.5313
2021-06-22 13:36:47,856 - mmcls - INFO - Epoch [9][300/391]	lr: 1.000e-01, eta: 1:04:09, time: 0.105, data_time: 0.004, memory: 1406, loss: 1.5380
2021-06-22 13:36:57,398 - mmcls - INFO - Saving checkpoint at 9 epochs
2021-06-22 13:37:12,117 - mmcls - INFO - Epoch [10][100/391]	lr: 1.000e-01, eta: 1:03:03, time: 0.128, data_time: 0.026, memory: 1406, loss: 1.4366
2021-06-22 13:37:22,590 - mmcls - INFO - Epoch [10][200/391]	lr: 1.000e-01, eta: 1:03:15, time: 0.105, data_time: 0.003, memory: 1406, loss: 1.4636
2021-06-22 13:37:33,065 - mmcls - INFO - Epoch [10][300/391]	lr: 1.000e-01, eta: 1:03:25, time: 0.105, data_time: 0.003, memory: 1406, loss: 1.4939
2021-06-22 13:37:46,263 - mmcls - INFO - Saving checkpoint at 10 epochs
2021-06-22 13:37:48,124 - mmcls - INFO - Epoch(val) [10][79]	accuracy_top-1: 49.3200, accuracy_top-5: 80.7700
2021-06-22 13:38:00,887 - mmcls - INFO - Epoch [11][100/391]	lr: 1.000e-01, eta: 1:02:24, time: 0.127, data_time: 0.025, memory: 1406, loss: 1.3951
2021-06-22 13:38:11,332 - mmcls - INFO - Epoch [11][200/391]	lr: 1.000e-01, eta: 1:02:33, time: 0.104, data_time: 0.003, memory: 1406, loss: 1.4280
2021-06-22 13:38:21,822 - mmcls - INFO - Epoch [11][300/391]	lr: 1.000e-01, eta: 1:02:41, time: 0.105, data_time: 0.003, memory: 1406, loss: 1.4045
2021-06-22 13:38:31,365 - mmcls - INFO - Saving checkpoint at 11 epochs
2021-06-22 13:38:46,119 - mmcls - INFO - Epoch [12][100/391]	lr: 1.000e-01, eta: 1:01:46, time: 0.129, data_time: 0.027, memory: 1406, loss: 1.3307
2021-06-22 13:38:56,573 - mmcls - INFO - Epoch [12][200/391]	lr: 1.000e-01, eta: 1:01:54, time: 0.105, data_time: 0.003, memory: 1406, loss: 1.3701
2021-06-22 13:39:07,036 - mmcls - INFO - Epoch [12][300/391]	lr: 1.000e-01, eta: 1:02:01, time: 0.105, data_time: 0.003, memory: 1406, loss: 1.3711
2021-06-22 13:39:16,588 - mmcls - INFO - Saving checkpoint at 12 epochs
2021-06-22 13:39:31,310 - mmcls - INFO - Epoch [13][100/391]	lr: 1.000e-01, eta: 1:01:09, time: 0.128, data_time: 0.026, memory: 1406, loss: 1.3019
2021-06-22 13:39:41,785 - mmcls - INFO - Epoch [13][200/391]	lr: 1.000e-01, eta: 1:01:15, time: 0.105, data_time: 0.003, memory: 1406, loss: 1.3121
2021-06-22 13:39:52,308 - mmcls - INFO - Epoch [13][300/391]	lr: 1.000e-01, eta: 1:01:21, time: 0.105, data_time: 0.004, memory: 1406, loss: 1.3711
2021-06-22 13:40:01,830 - mmcls - INFO - Saving checkpoint at 13 epochs
2021-06-22 13:40:16,564 - mmcls - INFO - Epoch [14][100/391]	lr: 1.000e-01, eta: 1:00:33, time: 0.129, data_time: 0.027, memory: 1406, loss: 1.2161
2021-06-22 13:40:27,032 - mmcls - INFO - Epoch [14][200/391]	lr: 1.000e-01, eta: 1:00:38, time: 0.105, data_time: 0.003, memory: 1406, loss: 1.2813
2021-06-22 13:40:37,498 - mmcls - INFO - Epoch [14][300/391]	lr: 1.000e-01, eta: 1:00:43, time: 0.105, data_time: 0.003, memory: 1406, loss: 1.3144
2021-06-22 13:40:47,078 - mmcls - INFO - Saving checkpoint at 14 epochs
2021-06-22 13:41:01,815 - mmcls - INFO - Epoch [15][100/391]	lr: 1.000e-01, eta: 0:59:57, time: 0.128, data_time: 0.026, memory: 1406, loss: 1.2243
2021-06-22 13:41:12,278 - mmcls - INFO - Epoch [15][200/391]	lr: 1.000e-01, eta: 1:00:01, time: 0.105, data_time: 0.003, memory: 1406, loss: 1.2497
2021-06-22 13:41:22,763 - mmcls - INFO - Epoch [15][300/391]	lr: 1.000e-01, eta: 1:00:05, time: 0.105, data_time: 0.003, memory: 1406, loss: 1.3065
2021-06-22 13:41:36,182 - mmcls - INFO - Saving checkpoint at 15 epochs
2021-06-22 13:41:38,045 - mmcls - INFO - Epoch(val) [15][79]	accuracy_top-1: 45.0600, accuracy_top-5: 74.8600
2021-06-22 13:41:50,860 - mmcls - INFO - Epoch [16][100/391]	lr: 1.000e-01, eta: 0:59:21, time: 0.128, data_time: 0.026, memory: 1406, loss: 1.1604
2021-06-22 13:42:01,319 - mmcls - INFO - Epoch [16][200/391]	lr: 1.000e-01, eta: 0:59:24, time: 0.105, data_time: 0.003, memory: 1406, loss: 1.2311
2021-06-22 13:42:11,774 - mmcls - INFO - Epoch [16][300/391]	lr: 1.000e-01, eta: 0:59:26, time: 0.105, data_time: 0.003, memory: 1406, loss: 1.2607
2021-06-22 13:42:21,297 - mmcls - INFO - Saving checkpoint at 16 epochs
2021-06-22 13:42:35,885 - mmcls - INFO - Epoch [17][100/391]	lr: 1.000e-01, eta: 0:58:44, time: 0.127, data_time: 0.026, memory: 1406, loss: 1.1812
2021-06-22 13:42:46,353 - mmcls - INFO - Epoch [17][200/391]	lr: 1.000e-01, eta: 0:58:47, time: 0.105, data_time: 0.003, memory: 1406, loss: 1.2184
2021-06-22 13:42:56,811 - mmcls - INFO - Epoch [17][300/391]	lr: 1.000e-01, eta: 0:58:49, time: 0.105, data_time: 0.003, memory: 1406, loss: 1.2271
2021-06-22 13:43:06,375 - mmcls - INFO - Saving checkpoint at 17 epochs
2021-06-22 13:43:21,120 - mmcls - INFO - Epoch [18][100/391]	lr: 1.000e-01, eta: 0:58:09, time: 0.128, data_time: 0.027, memory: 1406, loss: 1.1256
2021-06-22 13:43:31,647 - mmcls - INFO - Epoch [18][200/391]	lr: 1.000e-01, eta: 0:58:11, time: 0.105, data_time: 0.004, memory: 1406, loss: 1.2070
2021-06-22 13:43:42,100 - mmcls - INFO - Epoch [18][300/391]	lr: 1.000e-01, eta: 0:58:12, time: 0.105, data_time: 0.003, memory: 1406, loss: 1.2145
2021-06-22 13:43:51,628 - mmcls - INFO - Saving checkpoint at 18 epochs
2021-06-22 13:44:06,286 - mmcls - INFO - Epoch [19][100/391]	lr: 1.000e-01, eta: 0:57:34, time: 0.127, data_time: 0.026, memory: 1406, loss: 1.1279
2021-06-22 13:44:16,750 - mmcls - INFO - Epoch [19][200/391]	lr: 1.000e-01, eta: 0:57:35, time: 0.105, data_time: 0.003, memory: 1406, loss: 1.1728
2021-06-22 13:44:27,225 - mmcls - INFO - Epoch [19][300/391]	lr: 1.000e-01, eta: 0:57:36, time: 0.105, data_time: 0.003, memory: 1406, loss: 1.2038
2021-06-22 13:44:36,779 - mmcls - INFO - Saving checkpoint at 19 epochs
2021-06-22 13:44:51,388 - mmcls - INFO - Epoch [20][100/391]	lr: 1.000e-01, eta: 0:56:58, time: 0.127, data_time: 0.025, memory: 1406, loss: 1.1111
2021-06-22 13:45:01,863 - mmcls - INFO - Epoch [20][200/391]	lr: 1.000e-01, eta: 0:56:59, time: 0.105, data_time: 0.004, memory: 1406, loss: 1.1442
2021-06-22 13:45:12,331 - mmcls - INFO - Epoch [20][300/391]	lr: 1.000e-01, eta: 0:56:59, time: 0.105, data_time: 0.003, memory: 1406, loss: 1.1863
2021-06-22 13:45:25,407 - mmcls - INFO - Saving checkpoint at 20 epochs
2021-06-22 13:45:27,236 - mmcls - INFO - Epoch(val) [20][79]	accuracy_top-1: 55.4200, accuracy_top-5: 83.5300
2021-06-22 13:45:40,091 - mmcls - INFO - Epoch [21][100/391]	lr: 1.000e-01, eta: 0:56:23, time: 0.128, data_time: 0.026, memory: 1406, loss: 1.0694
2021-06-22 13:45:50,527 - mmcls - INFO - Epoch [21][200/391]	lr: 1.000e-01, eta: 0:56:23, time: 0.104, data_time: 0.003, memory: 1406, loss: 1.1426
2021-06-22 13:46:01,010 - mmcls - INFO - Epoch [21][300/391]	lr: 1.000e-01, eta: 0:56:23, time: 0.105, data_time: 0.003, memory: 1406, loss: 1.1599
2021-06-22 13:46:10,569 - mmcls - INFO - Saving checkpoint at 21 epochs
2021-06-22 13:46:25,099 - mmcls - INFO - Epoch [22][100/391]	lr: 1.000e-01, eta: 0:55:47, time: 0.126, data_time: 0.024, memory: 1406, loss: 1.0907
2021-06-22 13:46:35,595 - mmcls - INFO - Epoch [22][200/391]	lr: 1.000e-01, eta: 0:55:47, time: 0.105, data_time: 0.004, memory: 1406, loss: 1.1315
2021-06-22 13:46:46,080 - mmcls - INFO - Epoch [22][300/391]	lr: 1.000e-01, eta: 0:55:46, time: 0.105, data_time: 0.003, memory: 1406, loss: 1.1588
2021-06-22 13:46:55,674 - mmcls - INFO - Saving checkpoint at 22 epochs
2021-06-22 13:47:10,343 - mmcls - INFO - Epoch [23][100/391]	lr: 1.000e-01, eta: 0:55:13, time: 0.127, data_time: 0.026, memory: 1406, loss: 1.0716
2021-06-22 13:47:20,826 - mmcls - INFO - Epoch [23][200/391]	lr: 1.000e-01, eta: 0:55:12, time: 0.105, data_time: 0.003, memory: 1406, loss: 1.1127
2021-06-22 13:47:31,299 - mmcls - INFO - Epoch [23][300/391]	lr: 1.000e-01, eta: 0:55:11, time: 0.105, data_time: 0.003, memory: 1406, loss: 1.1236
2021-06-22 13:47:40,866 - mmcls - INFO - Saving checkpoint at 23 epochs
2021-06-22 13:47:55,622 - mmcls - INFO - Epoch [24][100/391]	lr: 1.000e-01, eta: 0:54:38, time: 0.128, data_time: 0.026, memory: 1406, loss: 1.0599
2021-06-22 13:48:06,079 - mmcls - INFO - Epoch [24][200/391]	lr: 1.000e-01, eta: 0:54:37, time: 0.105, data_time: 0.003, memory: 1406, loss: 1.1097
2021-06-22 13:48:16,536 - mmcls - INFO - Epoch [24][300/391]	lr: 1.000e-01, eta: 0:54:35, time: 0.105, data_time: 0.003, memory: 1406, loss: 1.1311
2021-06-22 13:48:26,079 - mmcls - INFO - Saving checkpoint at 24 epochs
2021-06-22 13:48:40,817 - mmcls - INFO - Epoch [25][100/391]	lr: 1.000e-01, eta: 0:54:04, time: 0.129, data_time: 0.027, memory: 1406, loss: 1.0255
2021-06-22 13:48:51,276 - mmcls - INFO - Epoch [25][200/391]	lr: 1.000e-01, eta: 0:54:02, time: 0.105, data_time: 0.003, memory: 1406, loss: 1.0997
2021-06-22 13:49:01,773 - mmcls - INFO - Epoch [25][300/391]	lr: 1.000e-01, eta: 0:54:01, time: 0.105, data_time: 0.003, memory: 1406, loss: 1.1126
2021-06-22 13:49:15,194 - mmcls - INFO - Saving checkpoint at 25 epochs
2021-06-22 13:49:16,992 - mmcls - INFO - Epoch(val) [25][79]	accuracy_top-1: 55.0200, accuracy_top-5: 83.6100
2021-06-22 13:49:29,856 - mmcls - INFO - Epoch [26][100/391]	lr: 1.000e-01, eta: 0:53:30, time: 0.128, data_time: 0.026, memory: 1406, loss: 1.0102
2021-06-22 13:49:40,324 - mmcls - INFO - Epoch [26][200/391]	lr: 1.000e-01, eta: 0:53:28, time: 0.105, data_time: 0.003, memory: 1406, loss: 1.0880
2021-06-22 13:49:50,795 - mmcls - INFO - Epoch [26][300/391]	lr: 1.000e-01, eta: 0:53:25, time: 0.105, data_time: 0.003, memory: 1406, loss: 1.1104
2021-06-22 13:50:00,343 - mmcls - INFO - Saving checkpoint at 26 epochs
2021-06-22 13:50:15,021 - mmcls - INFO - Epoch [27][100/391]	lr: 1.000e-01, eta: 0:52:55, time: 0.128, data_time: 0.026, memory: 1406, loss: 1.0237
2021-06-22 13:50:25,480 - mmcls - INFO - Epoch [27][200/391]	lr: 1.000e-01, eta: 0:52:53, time: 0.105, data_time: 0.003, memory: 1406, loss: 1.0776
2021-06-22 13:50:35,950 - mmcls - INFO - Epoch [27][300/391]	lr: 1.000e-01, eta: 0:52:50, time: 0.105, data_time: 0.003, memory: 1406, loss: 1.0910
2021-06-22 13:50:45,509 - mmcls - INFO - Saving checkpoint at 27 epochs
2021-06-22 13:51:00,232 - mmcls - INFO - Epoch [28][100/391]	lr: 1.000e-01, eta: 0:52:21, time: 0.128, data_time: 0.026, memory: 1406, loss: 1.0106
2021-06-22 13:51:10,717 - mmcls - INFO - Epoch [28][200/391]	lr: 1.000e-01, eta: 0:52:18, time: 0.105, data_time: 0.003, memory: 1406, loss: 1.0862
2021-06-22 13:51:21,184 - mmcls - INFO - Epoch [28][300/391]	lr: 1.000e-01, eta: 0:52:15, time: 0.105, data_time: 0.003, memory: 1406, loss: 1.1000
2021-06-22 13:51:30,728 - mmcls - INFO - Saving checkpoint at 28 epochs
2021-06-22 13:51:45,526 - mmcls - INFO - Epoch [29][100/391]	lr: 1.000e-01, eta: 0:51:47, time: 0.129, data_time: 0.027, memory: 1406, loss: 0.9875
2021-06-22 13:51:55,986 - mmcls - INFO - Epoch [29][200/391]	lr: 1.000e-01, eta: 0:51:44, time: 0.105, data_time: 0.003, memory: 1406, loss: 1.0685
2021-06-22 13:52:06,450 - mmcls - INFO - Epoch [29][300/391]	lr: 1.000e-01, eta: 0:51:41, time: 0.105, data_time: 0.003, memory: 1406, loss: 1.0599
2021-06-22 13:52:16,016 - mmcls - INFO - Saving checkpoint at 29 epochs
2021-06-22 13:52:30,717 - mmcls - INFO - Epoch [30][100/391]	lr: 1.000e-01, eta: 0:51:12, time: 0.128, data_time: 0.026, memory: 1406, loss: 0.9844
2021-06-22 13:52:41,177 - mmcls - INFO - Epoch [30][200/391]	lr: 1.000e-01, eta: 0:51:09, time: 0.105, data_time: 0.003, memory: 1406, loss: 1.0518
2021-06-22 13:52:51,636 - mmcls - INFO - Epoch [30][300/391]	lr: 1.000e-01, eta: 0:51:06, time: 0.105, data_time: 0.003, memory: 1406, loss: 1.0921
2021-06-22 13:53:05,127 - mmcls - INFO - Saving checkpoint at 30 epochs
2021-06-22 13:53:06,963 - mmcls - INFO - Epoch(val) [30][79]	accuracy_top-1: 57.5100, accuracy_top-5: 85.3000
2021-06-22 13:53:19,829 - mmcls - INFO - Epoch [31][100/391]	lr: 1.000e-01, eta: 0:50:38, time: 0.128, data_time: 0.026, memory: 1406, loss: 0.9508
2021-06-22 13:53:30,304 - mmcls - INFO - Epoch [31][200/391]	lr: 1.000e-01, eta: 0:50:35, time: 0.105, data_time: 0.003, memory: 1406, loss: 1.0570
2021-06-22 13:53:40,763 - mmcls - INFO - Epoch [31][300/391]	lr: 1.000e-01, eta: 0:50:31, time: 0.105, data_time: 0.003, memory: 1406, loss: 1.0794
2021-06-22 13:53:50,294 - mmcls - INFO - Saving checkpoint at 31 epochs
2021-06-22 13:54:04,872 - mmcls - INFO - Epoch [32][100/391]	lr: 1.000e-01, eta: 0:50:04, time: 0.127, data_time: 0.026, memory: 1406, loss: 0.9597
2021-06-22 13:54:15,358 - mmcls - INFO - Epoch [32][200/391]	lr: 1.000e-01, eta: 0:50:00, time: 0.105, data_time: 0.003, memory: 1406, loss: 1.0265
2021-06-22 13:54:25,839 - mmcls - INFO - Epoch [32][300/391]	lr: 1.000e-01, eta: 0:49:56, time: 0.105, data_time: 0.003, memory: 1406, loss: 1.0733
2021-06-22 13:54:35,422 - mmcls - INFO - Saving checkpoint at 32 epochs
2021-06-22 13:54:50,100 - mmcls - INFO - Epoch [33][100/391]	lr: 1.000e-01, eta: 0:49:29, time: 0.128, data_time: 0.026, memory: 1406, loss: 0.9969
2021-06-22 13:55:00,555 - mmcls - INFO - Epoch [33][200/391]	lr: 1.000e-01, eta: 0:49:26, time: 0.105, data_time: 0.003, memory: 1406, loss: 1.0337
2021-06-22 13:55:11,029 - mmcls - INFO - Epoch [33][300/391]	lr: 1.000e-01, eta: 0:49:22, time: 0.105, data_time: 0.003, memory: 1406, loss: 1.0554
2021-06-22 13:55:20,624 - mmcls - INFO - Saving checkpoint at 33 epochs
2021-06-22 13:55:35,317 - mmcls - INFO - Epoch [34][100/391]	lr: 1.000e-01, eta: 0:48:55, time: 0.128, data_time: 0.027, memory: 1406, loss: 0.9624
2021-06-22 13:55:45,784 - mmcls - INFO - Epoch [34][200/391]	lr: 1.000e-01, eta: 0:48:51, time: 0.105, data_time: 0.003, memory: 1406, loss: 1.0253
2021-06-22 13:55:56,255 - mmcls - INFO - Epoch [34][300/391]	lr: 1.000e-01, eta: 0:48:47, time: 0.105, data_time: 0.003, memory: 1406, loss: 1.0752
2021-06-22 13:56:05,796 - mmcls - INFO - Saving checkpoint at 34 epochs
2021-06-22 13:56:20,476 - mmcls - INFO - Epoch [35][100/391]	lr: 1.000e-01, eta: 0:48:21, time: 0.128, data_time: 0.027, memory: 1406, loss: 0.9599
2021-06-22 13:56:30,947 - mmcls - INFO - Epoch [35][200/391]	lr: 1.000e-01, eta: 0:48:17, time: 0.105, data_time: 0.003, memory: 1406, loss: 1.0214
2021-06-22 13:56:41,405 - mmcls - INFO - Epoch [35][300/391]	lr: 1.000e-01, eta: 0:48:13, time: 0.105, data_time: 0.003, memory: 1406, loss: 1.0488
2021-06-22 13:56:54,775 - mmcls - INFO - Saving checkpoint at 35 epochs
2021-06-22 13:56:56,625 - mmcls - INFO - Epoch(val) [35][79]	accuracy_top-1: 54.3000, accuracy_top-5: 83.4400
2021-06-22 13:57:09,331 - mmcls - INFO - Epoch [36][100/391]	lr: 1.000e-01, eta: 0:47:47, time: 0.126, data_time: 0.025, memory: 1406, loss: 0.9560
2021-06-22 13:57:19,790 - mmcls - INFO - Epoch [36][200/391]	lr: 1.000e-01, eta: 0:47:42, time: 0.105, data_time: 0.003, memory: 1406, loss: 1.0071
2021-06-22 13:57:30,251 - mmcls - INFO - Epoch [36][300/391]	lr: 1.000e-01, eta: 0:47:38, time: 0.105, data_time: 0.003, memory: 1406, loss: 1.0567
2021-06-22 13:57:39,798 - mmcls - INFO - Saving checkpoint at 36 epochs
2021-06-22 13:57:54,408 - mmcls - INFO - Epoch [37][100/391]	lr: 1.000e-01, eta: 0:47:12, time: 0.127, data_time: 0.025, memory: 1406, loss: 0.9656
2021-06-22 13:58:04,899 - mmcls - INFO - Epoch [37][200/391]	lr: 1.000e-01, eta: 0:47:08, time: 0.105, data_time: 0.004, memory: 1406, loss: 1.0252
2021-06-22 13:58:15,344 - mmcls - INFO - Epoch [37][300/391]	lr: 1.000e-01, eta: 0:47:03, time: 0.104, data_time: 0.003, memory: 1406, loss: 1.0382
2021-06-22 13:58:24,869 - mmcls - INFO - Saving checkpoint at 37 epochs
2021-06-22 13:58:39,557 - mmcls - INFO - Epoch [38][100/391]	lr: 1.000e-01, eta: 0:46:38, time: 0.128, data_time: 0.026, memory: 1406, loss: 0.9372
2021-06-22 13:58:50,036 - mmcls - INFO - Epoch [38][200/391]	lr: 1.000e-01, eta: 0:46:34, time: 0.105, data_time: 0.003, memory: 1406, loss: 1.0124
2021-06-22 13:59:00,493 - mmcls - INFO - Epoch [38][300/391]	lr: 1.000e-01, eta: 0:46:29, time: 0.104, data_time: 0.003, memory: 1406, loss: 1.0358
2021-06-22 13:59:10,028 - mmcls - INFO - Saving checkpoint at 38 epochs
2021-06-22 13:59:24,653 - mmcls - INFO - Epoch [39][100/391]	lr: 1.000e-01, eta: 0:46:04, time: 0.128, data_time: 0.027, memory: 1406, loss: 0.9462
2021-06-22 13:59:35,117 - mmcls - INFO - Epoch [39][200/391]	lr: 1.000e-01, eta: 0:45:59, time: 0.105, data_time: 0.003, memory: 1406, loss: 1.0012
2021-06-22 13:59:45,573 - mmcls - INFO - Epoch [39][300/391]	lr: 1.000e-01, eta: 0:45:55, time: 0.105, data_time: 0.003, memory: 1406, loss: 1.0459
2021-06-22 13:59:55,059 - mmcls - INFO - Saving checkpoint at 39 epochs
2021-06-22 14:00:09,743 - mmcls - INFO - Epoch [40][100/391]	lr: 1.000e-01, eta: 0:45:30, time: 0.128, data_time: 0.026, memory: 1406, loss: 0.9379
2021-06-22 14:00:20,188 - mmcls - INFO - Epoch [40][200/391]	lr: 1.000e-01, eta: 0:45:25, time: 0.104, data_time: 0.003, memory: 1406, loss: 0.9940
2021-06-22 14:00:30,637 - mmcls - INFO - Epoch [40][300/391]	lr: 1.000e-01, eta: 0:45:20, time: 0.104, data_time: 0.003, memory: 1406, loss: 1.0218
2021-06-22 14:00:43,618 - mmcls - INFO - Saving checkpoint at 40 epochs
2021-06-22 14:00:46,053 - mmcls - INFO - Epoch(val) [40][79]	accuracy_top-1: 58.8100, accuracy_top-5: 85.9300
2021-06-22 14:00:58,906 - mmcls - INFO - Epoch [41][100/391]	lr: 1.000e-02, eta: 0:44:56, time: 0.128, data_time: 0.026, memory: 1406, loss: 0.6950
2021-06-22 14:01:09,349 - mmcls - INFO - Epoch [41][200/391]	lr: 1.000e-02, eta: 0:44:51, time: 0.104, data_time: 0.003, memory: 1406, loss: 0.5418
2021-06-22 14:01:19,793 - mmcls - INFO - Epoch [41][300/391]	lr: 1.000e-02, eta: 0:44:46, time: 0.104, data_time: 0.003, memory: 1406, loss: 0.5147
2021-06-22 14:01:29,331 - mmcls - INFO - Saving checkpoint at 41 epochs
2021-06-22 14:01:43,941 - mmcls - INFO - Epoch [42][100/391]	lr: 1.000e-02, eta: 0:44:22, time: 0.127, data_time: 0.025, memory: 1406, loss: 0.4358
2021-06-22 14:01:54,390 - mmcls - INFO - Epoch [42][200/391]	lr: 1.000e-02, eta: 0:44:17, time: 0.104, data_time: 0.003, memory: 1406, loss: 0.4095
2021-06-22 14:02:04,849 - mmcls - INFO - Epoch [42][300/391]	lr: 1.000e-02, eta: 0:44:11, time: 0.105, data_time: 0.003, memory: 1406, loss: 0.3905
2021-06-22 14:02:14,374 - mmcls - INFO - Saving checkpoint at 42 epochs
2021-06-22 14:02:28,993 - mmcls - INFO - Epoch [43][100/391]	lr: 1.000e-02, eta: 0:43:48, time: 0.127, data_time: 0.025, memory: 1406, loss: 0.3524
2021-06-22 14:02:39,454 - mmcls - INFO - Epoch [43][200/391]	lr: 1.000e-02, eta: 0:43:42, time: 0.105, data_time: 0.003, memory: 1406, loss: 0.3489
2021-06-22 14:02:49,911 - mmcls - INFO - Epoch [43][300/391]	lr: 1.000e-02, eta: 0:43:37, time: 0.105, data_time: 0.003, memory: 1406, loss: 0.3475
2021-06-22 14:02:59,438 - mmcls - INFO - Saving checkpoint at 43 epochs
2021-06-22 14:03:14,196 - mmcls - INFO - Epoch [44][100/391]	lr: 1.000e-02, eta: 0:43:14, time: 0.128, data_time: 0.026, memory: 1406, loss: 0.3072
2021-06-22 14:03:24,632 - mmcls - INFO - Epoch [44][200/391]	lr: 1.000e-02, eta: 0:43:08, time: 0.104, data_time: 0.003, memory: 1406, loss: 0.3000
2021-06-22 14:03:35,078 - mmcls - INFO - Epoch [44][300/391]	lr: 1.000e-02, eta: 0:43:03, time: 0.104, data_time: 0.003, memory: 1406, loss: 0.2917
2021-06-22 14:03:44,600 - mmcls - INFO - Saving checkpoint at 44 epochs
2021-06-22 14:03:59,185 - mmcls - INFO - Epoch [45][100/391]	lr: 1.000e-02, eta: 0:42:40, time: 0.127, data_time: 0.025, memory: 1406, loss: 0.2562
2021-06-22 14:04:09,651 - mmcls - INFO - Epoch [45][200/391]	lr: 1.000e-02, eta: 0:42:34, time: 0.105, data_time: 0.003, memory: 1406, loss: 0.2585
2021-06-22 14:04:20,106 - mmcls - INFO - Epoch [45][300/391]	lr: 1.000e-02, eta: 0:42:28, time: 0.105, data_time: 0.003, memory: 1406, loss: 0.2633
2021-06-22 14:04:33,580 - mmcls - INFO - Saving checkpoint at 45 epochs
2021-06-22 14:04:35,457 - mmcls - INFO - Epoch(val) [45][79]	accuracy_top-1: 76.0500, accuracy_top-5: 94.3000
2021-06-22 14:04:48,241 - mmcls - INFO - Epoch [46][100/391]	lr: 1.000e-02, eta: 0:42:05, time: 0.127, data_time: 0.026, memory: 1406, loss: 0.2165
2021-06-22 14:04:58,688 - mmcls - INFO - Epoch [46][200/391]	lr: 1.000e-02, eta: 0:42:00, time: 0.104, data_time: 0.003, memory: 1406, loss: 0.2303
2021-06-22 14:05:09,146 - mmcls - INFO - Epoch [46][300/391]	lr: 1.000e-02, eta: 0:41:54, time: 0.105, data_time: 0.003, memory: 1406, loss: 0.2360
2021-06-22 14:05:18,715 - mmcls - INFO - Saving checkpoint at 46 epochs
2021-06-22 14:05:33,356 - mmcls - INFO - Epoch [47][100/391]	lr: 1.000e-02, eta: 0:41:31, time: 0.127, data_time: 0.025, memory: 1406, loss: 0.1906
2021-06-22 14:05:43,812 - mmcls - INFO - Epoch [47][200/391]	lr: 1.000e-02, eta: 0:41:26, time: 0.104, data_time: 0.003, memory: 1406, loss: 0.1917
2021-06-22 14:05:54,252 - mmcls - INFO - Epoch [47][300/391]	lr: 1.000e-02, eta: 0:41:20, time: 0.104, data_time: 0.003, memory: 1406, loss: 0.2030
2021-06-22 14:06:03,779 - mmcls - INFO - Saving checkpoint at 47 epochs
2021-06-22 14:06:18,333 - mmcls - INFO - Epoch [48][100/391]	lr: 1.000e-02, eta: 0:40:57, time: 0.127, data_time: 0.026, memory: 1406, loss: 0.1680
2021-06-22 14:06:28,805 - mmcls - INFO - Epoch [48][200/391]	lr: 1.000e-02, eta: 0:40:52, time: 0.105, data_time: 0.003, memory: 1406, loss: 0.1764
2021-06-22 14:06:39,249 - mmcls - INFO - Epoch [48][300/391]	lr: 1.000e-02, eta: 0:40:46, time: 0.104, data_time: 0.003, memory: 1406, loss: 0.1725
2021-06-22 14:06:48,745 - mmcls - INFO - Saving checkpoint at 48 epochs
2021-06-22 14:07:03,303 - mmcls - INFO - Epoch [49][100/391]	lr: 1.000e-02, eta: 0:40:23, time: 0.127, data_time: 0.025, memory: 1406, loss: 0.1430
2021-06-22 14:07:13,759 - mmcls - INFO - Epoch [49][200/391]	lr: 1.000e-02, eta: 0:40:17, time: 0.105, data_time: 0.003, memory: 1406, loss: 0.1522
2021-06-22 14:07:24,216 - mmcls - INFO - Epoch [49][300/391]	lr: 1.000e-02, eta: 0:40:11, time: 0.105, data_time: 0.003, memory: 1406, loss: 0.1615
2021-06-22 14:07:33,741 - mmcls - INFO - Saving checkpoint at 49 epochs
2021-06-22 14:07:48,499 - mmcls - INFO - Epoch [50][100/391]	lr: 1.000e-02, eta: 0:39:50, time: 0.128, data_time: 0.027, memory: 1406, loss: 0.1351
2021-06-22 14:07:58,971 - mmcls - INFO - Epoch [50][200/391]	lr: 1.000e-02, eta: 0:39:43, time: 0.105, data_time: 0.003, memory: 1406, loss: 0.1413
2021-06-22 14:08:09,426 - mmcls - INFO - Epoch [50][300/391]	lr: 1.000e-02, eta: 0:39:37, time: 0.105, data_time: 0.003, memory: 1406, loss: 0.1418
2021-06-22 14:08:22,781 - mmcls - INFO - Saving checkpoint at 50 epochs
2021-06-22 14:08:24,731 - mmcls - INFO - Epoch(val) [50][79]	accuracy_top-1: 75.3800, accuracy_top-5: 93.9100
2021-06-22 14:08:37,556 - mmcls - INFO - Epoch [51][100/391]	lr: 1.000e-02, eta: 0:39:16, time: 0.128, data_time: 0.026, memory: 1406, loss: 0.1154
2021-06-22 14:08:47,994 - mmcls - INFO - Epoch [51][200/391]	lr: 1.000e-02, eta: 0:39:09, time: 0.104, data_time: 0.003, memory: 1406, loss: 0.1269
2021-06-22 14:08:58,451 - mmcls - INFO - Epoch [51][300/391]	lr: 1.000e-02, eta: 0:39:03, time: 0.105, data_time: 0.003, memory: 1406, loss: 0.1311
2021-06-22 14:09:07,980 - mmcls - INFO - Saving checkpoint at 51 epochs
2021-06-22 14:09:22,555 - mmcls - INFO - Epoch [52][100/391]	lr: 1.000e-02, eta: 0:38:42, time: 0.127, data_time: 0.025, memory: 1406, loss: 0.1022
2021-06-22 14:09:33,008 - mmcls - INFO - Epoch [52][200/391]	lr: 1.000e-02, eta: 0:38:35, time: 0.104, data_time: 0.003, memory: 1406, loss: 0.1202
2021-06-22 14:09:43,462 - mmcls - INFO - Epoch [52][300/391]	lr: 1.000e-02, eta: 0:38:29, time: 0.105, data_time: 0.003, memory: 1406, loss: 0.1177
2021-06-22 14:09:52,990 - mmcls - INFO - Saving checkpoint at 52 epochs
2021-06-22 14:10:07,693 - mmcls - INFO - Epoch [53][100/391]	lr: 1.000e-02, eta: 0:38:08, time: 0.128, data_time: 0.026, memory: 1406, loss: 0.0987
2021-06-22 14:10:18,137 - mmcls - INFO - Epoch [53][200/391]	lr: 1.000e-02, eta: 0:38:01, time: 0.104, data_time: 0.003, memory: 1406, loss: 0.1053
2021-06-22 14:10:28,573 - mmcls - INFO - Epoch [53][300/391]	lr: 1.000e-02, eta: 0:37:55, time: 0.104, data_time: 0.003, memory: 1406, loss: 0.1147
2021-06-22 14:10:38,107 - mmcls - INFO - Saving checkpoint at 53 epochs
2021-06-22 14:10:52,715 - mmcls - INFO - Epoch [54][100/391]	lr: 1.000e-02, eta: 0:37:34, time: 0.127, data_time: 0.025, memory: 1406, loss: 0.1003
2021-06-22 14:11:03,178 - mmcls - INFO - Epoch [54][200/391]	lr: 1.000e-02, eta: 0:37:27, time: 0.105, data_time: 0.003, memory: 1406, loss: 0.1021
2021-06-22 14:11:13,640 - mmcls - INFO - Epoch [54][300/391]	lr: 1.000e-02, eta: 0:37:21, time: 0.105, data_time: 0.003, memory: 1406, loss: 0.1065
2021-06-22 14:11:23,174 - mmcls - INFO - Saving checkpoint at 54 epochs
2021-06-22 14:11:37,977 - mmcls - INFO - Epoch [55][100/391]	lr: 1.000e-02, eta: 0:37:00, time: 0.129, data_time: 0.027, memory: 1406, loss: 0.0889
2021-06-22 14:11:48,434 - mmcls - INFO - Epoch [55][200/391]	lr: 1.000e-02, eta: 0:36:53, time: 0.105, data_time: 0.003, memory: 1406, loss: 0.0973
2021-06-22 14:11:58,887 - mmcls - INFO - Epoch [55][300/391]	lr: 1.000e-02, eta: 0:36:47, time: 0.105, data_time: 0.003, memory: 1406, loss: 0.1043
2021-06-22 14:12:12,259 - mmcls - INFO - Saving checkpoint at 55 epochs
2021-06-22 14:12:14,092 - mmcls - INFO - Epoch(val) [55][79]	accuracy_top-1: 74.6400, accuracy_top-5: 93.5200
2021-06-22 14:12:27,030 - mmcls - INFO - Epoch [56][100/391]	lr: 1.000e-02, eta: 0:36:26, time: 0.129, data_time: 0.027, memory: 1406, loss: 0.0900
2021-06-22 14:12:37,478 - mmcls - INFO - Epoch [56][200/391]	lr: 1.000e-02, eta: 0:36:20, time: 0.105, data_time: 0.003, memory: 1406, loss: 0.0985
2021-06-22 14:12:47,928 - mmcls - INFO - Epoch [56][300/391]	lr: 1.000e-02, eta: 0:36:13, time: 0.104, data_time: 0.003, memory: 1406, loss: 0.0998
2021-06-22 14:12:57,459 - mmcls - INFO - Saving checkpoint at 56 epochs
2021-06-22 14:13:12,095 - mmcls - INFO - Epoch [57][100/391]	lr: 1.000e-02, eta: 0:35:52, time: 0.127, data_time: 0.026, memory: 1406, loss: 0.0856
2021-06-22 14:13:22,544 - mmcls - INFO - Epoch [57][200/391]	lr: 1.000e-02, eta: 0:35:46, time: 0.104, data_time: 0.003, memory: 1406, loss: 0.0975
2021-06-22 14:13:33,008 - mmcls - INFO - Epoch [57][300/391]	lr: 1.000e-02, eta: 0:35:39, time: 0.105, data_time: 0.003, memory: 1406, loss: 0.0951
2021-06-22 14:13:42,531 - mmcls - INFO - Saving checkpoint at 57 epochs
2021-06-22 14:13:57,225 - mmcls - INFO - Epoch [58][100/391]	lr: 1.000e-02, eta: 0:35:18, time: 0.128, data_time: 0.026, memory: 1406, loss: 0.0824
2021-06-22 14:14:07,665 - mmcls - INFO - Epoch [58][200/391]	lr: 1.000e-02, eta: 0:35:12, time: 0.104, data_time: 0.003, memory: 1406, loss: 0.0818
2021-06-22 14:14:18,117 - mmcls - INFO - Epoch [58][300/391]	lr: 1.000e-02, eta: 0:35:05, time: 0.105, data_time: 0.003, memory: 1406, loss: 0.0901
2021-06-22 14:14:27,658 - mmcls - INFO - Saving checkpoint at 58 epochs
2021-06-22 14:14:42,357 - mmcls - INFO - Epoch [59][100/391]	lr: 1.000e-02, eta: 0:34:45, time: 0.128, data_time: 0.026, memory: 1406, loss: 0.0790
2021-06-22 14:14:52,815 - mmcls - INFO - Epoch [59][200/391]	lr: 1.000e-02, eta: 0:34:38, time: 0.104, data_time: 0.003, memory: 1406, loss: 0.0874
2021-06-22 14:15:03,265 - mmcls - INFO - Epoch [59][300/391]	lr: 1.000e-02, eta: 0:34:31, time: 0.105, data_time: 0.003, memory: 1406, loss: 0.0890
2021-06-22 14:15:12,770 - mmcls - INFO - Saving checkpoint at 59 epochs
2021-06-22 14:15:27,337 - mmcls - INFO - Epoch [60][100/391]	lr: 1.000e-02, eta: 0:34:11, time: 0.127, data_time: 0.025, memory: 1406, loss: 0.0774
2021-06-22 14:15:37,771 - mmcls - INFO - Epoch [60][200/391]	lr: 1.000e-02, eta: 0:34:04, time: 0.104, data_time: 0.003, memory: 1406, loss: 0.0856
2021-06-22 14:15:48,244 - mmcls - INFO - Epoch [60][300/391]	lr: 1.000e-02, eta: 0:33:57, time: 0.105, data_time: 0.003, memory: 1406, loss: 0.0946
2021-06-22 14:16:01,602 - mmcls - INFO - Saving checkpoint at 60 epochs
2021-06-22 14:16:03,467 - mmcls - INFO - Epoch(val) [60][79]	accuracy_top-1: 74.0200, accuracy_top-5: 93.0900
2021-06-22 14:16:16,274 - mmcls - INFO - Epoch [61][100/391]	lr: 1.000e-02, eta: 0:33:37, time: 0.127, data_time: 0.026, memory: 1406, loss: 0.0853
2021-06-22 14:16:26,748 - mmcls - INFO - Epoch [61][200/391]	lr: 1.000e-02, eta: 0:33:30, time: 0.105, data_time: 0.003, memory: 1406, loss: 0.0831
2021-06-22 14:16:37,204 - mmcls - INFO - Epoch [61][300/391]	lr: 1.000e-02, eta: 0:33:23, time: 0.105, data_time: 0.003, memory: 1406, loss: 0.0973
2021-06-22 14:16:46,755 - mmcls - INFO - Saving checkpoint at 61 epochs
2021-06-22 14:17:01,470 - mmcls - INFO - Epoch [62][100/391]	lr: 1.000e-02, eta: 0:33:03, time: 0.128, data_time: 0.026, memory: 1406, loss: 0.0810
2021-06-22 14:17:11,952 - mmcls - INFO - Epoch [62][200/391]	lr: 1.000e-02, eta: 0:32:56, time: 0.105, data_time: 0.003, memory: 1406, loss: 0.0852
2021-06-22 14:17:22,407 - mmcls - INFO - Epoch [62][300/391]	lr: 1.000e-02, eta: 0:32:49, time: 0.105, data_time: 0.003, memory: 1406, loss: 0.0954
2021-06-22 14:17:31,938 - mmcls - INFO - Saving checkpoint at 62 epochs
2021-06-22 14:17:46,636 - mmcls - INFO - Epoch [63][100/391]	lr: 1.000e-02, eta: 0:32:29, time: 0.128, data_time: 0.026, memory: 1406, loss: 0.0803
2021-06-22 14:17:57,096 - mmcls - INFO - Epoch [63][200/391]	lr: 1.000e-02, eta: 0:32:22, time: 0.105, data_time: 0.003, memory: 1406, loss: 0.0845
2021-06-22 14:18:07,555 - mmcls - INFO - Epoch [63][300/391]	lr: 1.000e-02, eta: 0:32:15, time: 0.105, data_time: 0.003, memory: 1406, loss: 0.0867
2021-06-22 14:18:17,089 - mmcls - INFO - Saving checkpoint at 63 epochs
2021-06-22 14:18:31,709 - mmcls - INFO - Epoch [64][100/391]	lr: 1.000e-02, eta: 0:31:55, time: 0.127, data_time: 0.026, memory: 1406, loss: 0.0828
2021-06-22 14:18:42,147 - mmcls - INFO - Epoch [64][200/391]	lr: 1.000e-02, eta: 0:31:48, time: 0.104, data_time: 0.003, memory: 1406, loss: 0.0933
2021-06-22 14:18:52,600 - mmcls - INFO - Epoch [64][300/391]	lr: 1.000e-02, eta: 0:31:41, time: 0.105, data_time: 0.003, memory: 1406, loss: 0.1032
2021-06-22 14:19:02,127 - mmcls - INFO - Saving checkpoint at 64 epochs
2021-06-22 14:19:16,865 - mmcls - INFO - Epoch [65][100/391]	lr: 1.000e-02, eta: 0:31:21, time: 0.128, data_time: 0.027, memory: 1406, loss: 0.0918
2021-06-22 14:19:27,319 - mmcls - INFO - Epoch [65][200/391]	lr: 1.000e-02, eta: 0:31:14, time: 0.104, data_time: 0.003, memory: 1406, loss: 0.0985
2021-06-22 14:19:37,780 - mmcls - INFO - Epoch [65][300/391]	lr: 1.000e-02, eta: 0:31:07, time: 0.105, data_time: 0.003, memory: 1406, loss: 0.0974
2021-06-22 14:19:51,169 - mmcls - INFO - Saving checkpoint at 65 epochs
2021-06-22 14:19:53,018 - mmcls - INFO - Epoch(val) [65][79]	accuracy_top-1: 73.7500, accuracy_top-5: 92.7300
2021-06-22 14:20:05,797 - mmcls - INFO - Epoch [66][100/391]	lr: 1.000e-02, eta: 0:30:48, time: 0.127, data_time: 0.026, memory: 1406, loss: 0.0843
2021-06-22 14:20:16,242 - mmcls - INFO - Epoch [66][200/391]	lr: 1.000e-02, eta: 0:30:40, time: 0.104, data_time: 0.003, memory: 1406, loss: 0.0812
2021-06-22 14:20:26,689 - mmcls - INFO - Epoch [66][300/391]	lr: 1.000e-02, eta: 0:30:33, time: 0.104, data_time: 0.003, memory: 1406, loss: 0.1004
2021-06-22 14:20:36,210 - mmcls - INFO - Saving checkpoint at 66 epochs
2021-06-22 14:20:50,889 - mmcls - INFO - Epoch [67][100/391]	lr: 1.000e-02, eta: 0:30:14, time: 0.128, data_time: 0.026, memory: 1406, loss: 0.1009
2021-06-22 14:21:01,343 - mmcls - INFO - Epoch [67][200/391]	lr: 1.000e-02, eta: 0:30:07, time: 0.105, data_time: 0.003, memory: 1406, loss: 0.0943
2021-06-22 14:21:11,805 - mmcls - INFO - Epoch [67][300/391]	lr: 1.000e-02, eta: 0:29:59, time: 0.105, data_time: 0.003, memory: 1406, loss: 0.1121
2021-06-22 14:21:21,317 - mmcls - INFO - Saving checkpoint at 67 epochs
2021-06-22 14:21:36,006 - mmcls - INFO - Epoch [68][100/391]	lr: 1.000e-02, eta: 0:29:40, time: 0.128, data_time: 0.026, memory: 1406, loss: 0.0867
2021-06-22 14:21:46,466 - mmcls - INFO - Epoch [68][200/391]	lr: 1.000e-02, eta: 0:29:33, time: 0.105, data_time: 0.003, memory: 1406, loss: 0.0870
2021-06-22 14:21:56,901 - mmcls - INFO - Epoch [68][300/391]	lr: 1.000e-02, eta: 0:29:25, time: 0.104, data_time: 0.003, memory: 1406, loss: 0.1031
2021-06-22 14:22:06,414 - mmcls - INFO - Saving checkpoint at 68 epochs
2021-06-22 14:22:21,078 - mmcls - INFO - Epoch [69][100/391]	lr: 1.000e-02, eta: 0:29:06, time: 0.128, data_time: 0.026, memory: 1406, loss: 0.0886
2021-06-22 14:22:31,522 - mmcls - INFO - Epoch [69][200/391]	lr: 1.000e-02, eta: 0:28:59, time: 0.104, data_time: 0.003, memory: 1406, loss: 0.0968
2021-06-22 14:22:41,977 - mmcls - INFO - Epoch [69][300/391]	lr: 1.000e-02, eta: 0:28:52, time: 0.105, data_time: 0.003, memory: 1406, loss: 0.1135
2021-06-22 14:22:51,526 - mmcls - INFO - Saving checkpoint at 69 epochs
2021-06-22 14:23:06,156 - mmcls - INFO - Epoch [70][100/391]	lr: 1.000e-02, eta: 0:28:32, time: 0.127, data_time: 0.026, memory: 1406, loss: 0.0988
2021-06-22 14:23:16,610 - mmcls - INFO - Epoch [70][200/391]	lr: 1.000e-02, eta: 0:28:25, time: 0.105, data_time: 0.003, memory: 1406, loss: 0.0954
2021-06-22 14:23:27,069 - mmcls - INFO - Epoch [70][300/391]	lr: 1.000e-02, eta: 0:28:18, time: 0.105, data_time: 0.003, memory: 1406, loss: 0.1103
2021-06-22 14:23:40,540 - mmcls - INFO - Saving checkpoint at 70 epochs
2021-06-22 14:23:42,375 - mmcls - INFO - Epoch(val) [70][79]	accuracy_top-1: 72.5600, accuracy_top-5: 92.4400
2021-06-22 14:23:55,193 - mmcls - INFO - Epoch [71][100/391]	lr: 1.000e-02, eta: 0:27:58, time: 0.128, data_time: 0.026, memory: 1406, loss: 0.1126
2021-06-22 14:24:05,636 - mmcls - INFO - Epoch [71][200/391]	lr: 1.000e-02, eta: 0:27:51, time: 0.104, data_time: 0.003, memory: 1406, loss: 0.1075
2021-06-22 14:24:16,111 - mmcls - INFO - Epoch [71][300/391]	lr: 1.000e-02, eta: 0:27:44, time: 0.105, data_time: 0.003, memory: 1406, loss: 0.1161
2021-06-22 14:24:25,615 - mmcls - INFO - Saving checkpoint at 71 epochs
2021-06-22 14:24:40,389 - mmcls - INFO - Epoch [72][100/391]	lr: 1.000e-02, eta: 0:27:25, time: 0.129, data_time: 0.028, memory: 1406, loss: 0.0965
2021-06-22 14:24:50,855 - mmcls - INFO - Epoch [72][200/391]	lr: 1.000e-02, eta: 0:27:17, time: 0.105, data_time: 0.003, memory: 1406, loss: 0.0979
2021-06-22 14:25:01,295 - mmcls - INFO - Epoch [72][300/391]	lr: 1.000e-02, eta: 0:27:10, time: 0.104, data_time: 0.003, memory: 1406, loss: 0.1028
2021-06-22 14:25:10,821 - mmcls - INFO - Saving checkpoint at 72 epochs
2021-06-22 14:25:25,507 - mmcls - INFO - Epoch [73][100/391]	lr: 1.000e-02, eta: 0:26:51, time: 0.128, data_time: 0.027, memory: 1406, loss: 0.1097
2021-06-22 14:25:35,964 - mmcls - INFO - Epoch [73][200/391]	lr: 1.000e-02, eta: 0:26:44, time: 0.105, data_time: 0.003, memory: 1406, loss: 0.1143
2021-06-22 14:25:46,414 - mmcls - INFO - Epoch [73][300/391]	lr: 1.000e-02, eta: 0:26:36, time: 0.104, data_time: 0.003, memory: 1406, loss: 0.1118
2021-06-22 14:25:55,937 - mmcls - INFO - Saving checkpoint at 73 epochs
2021-06-22 14:26:10,521 - mmcls - INFO - Epoch [74][100/391]	lr: 1.000e-02, eta: 0:26:17, time: 0.127, data_time: 0.026, memory: 1406, loss: 0.1046
2021-06-22 14:26:20,981 - mmcls - INFO - Epoch [74][200/391]	lr: 1.000e-02, eta: 0:26:10, time: 0.105, data_time: 0.003, memory: 1406, loss: 0.1082
2021-06-22 14:26:31,440 - mmcls - INFO - Epoch [74][300/391]	lr: 1.000e-02, eta: 0:26:02, time: 0.105, data_time: 0.003, memory: 1406, loss: 0.1187
2021-06-22 14:26:40,976 - mmcls - INFO - Saving checkpoint at 74 epochs
2021-06-22 14:26:55,593 - mmcls - INFO - Epoch [75][100/391]	lr: 1.000e-02, eta: 0:25:43, time: 0.127, data_time: 0.025, memory: 1406, loss: 0.1051
2021-06-22 14:27:06,061 - mmcls - INFO - Epoch [75][200/391]	lr: 1.000e-02, eta: 0:25:36, time: 0.105, data_time: 0.004, memory: 1406, loss: 0.1055
2021-06-22 14:27:16,513 - mmcls - INFO - Epoch [75][300/391]	lr: 1.000e-02, eta: 0:25:28, time: 0.105, data_time: 0.003, memory: 1406, loss: 0.1177
2021-06-22 14:27:29,724 - mmcls - INFO - Saving checkpoint at 75 epochs
2021-06-22 14:27:31,531 - mmcls - INFO - Epoch(val) [75][79]	accuracy_top-1: 71.2100, accuracy_top-5: 91.7900
2021-06-22 14:27:44,316 - mmcls - INFO - Epoch [76][100/391]	lr: 1.000e-02, eta: 0:25:09, time: 0.127, data_time: 0.026, memory: 1406, loss: 0.1244
2021-06-22 14:27:54,759 - mmcls - INFO - Epoch [76][200/391]	lr: 1.000e-02, eta: 0:25:02, time: 0.104, data_time: 0.003, memory: 1406, loss: 0.1095
2021-06-22 14:28:05,213 - mmcls - INFO - Epoch [76][300/391]	lr: 1.000e-02, eta: 0:24:54, time: 0.105, data_time: 0.003, memory: 1406, loss: 0.1176
2021-06-22 14:28:14,745 - mmcls - INFO - Saving checkpoint at 76 epochs
2021-06-22 14:28:29,299 - mmcls - INFO - Epoch [77][100/391]	lr: 1.000e-02, eta: 0:24:36, time: 0.127, data_time: 0.025, memory: 1406, loss: 0.1119
2021-06-22 14:28:39,761 - mmcls - INFO - Epoch [77][200/391]	lr: 1.000e-02, eta: 0:24:28, time: 0.105, data_time: 0.003, memory: 1406, loss: 0.1198
2021-06-22 14:28:50,224 - mmcls - INFO - Epoch [77][300/391]	lr: 1.000e-02, eta: 0:24:20, time: 0.105, data_time: 0.003, memory: 1406, loss: 0.1223
2021-06-22 14:28:59,763 - mmcls - INFO - Saving checkpoint at 77 epochs
2021-06-22 14:29:14,534 - mmcls - INFO - Epoch [78][100/391]	lr: 1.000e-02, eta: 0:24:02, time: 0.128, data_time: 0.027, memory: 1406, loss: 0.1023
2021-06-22 14:29:24,964 - mmcls - INFO - Epoch [78][200/391]	lr: 1.000e-02, eta: 0:23:54, time: 0.104, data_time: 0.003, memory: 1406, loss: 0.1134
2021-06-22 14:29:35,405 - mmcls - INFO - Epoch [78][300/391]	lr: 1.000e-02, eta: 0:23:47, time: 0.104, data_time: 0.003, memory: 1406, loss: 0.1163
2021-06-22 14:29:44,945 - mmcls - INFO - Saving checkpoint at 78 epochs
2021-06-22 14:29:59,613 - mmcls - INFO - Epoch [79][100/391]	lr: 1.000e-02, eta: 0:23:28, time: 0.127, data_time: 0.026, memory: 1406, loss: 0.1064
2021-06-22 14:30:10,045 - mmcls - INFO - Epoch [79][200/391]	lr: 1.000e-02, eta: 0:23:20, time: 0.104, data_time: 0.003, memory: 1406, loss: 0.1186
2021-06-22 14:30:20,483 - mmcls - INFO - Epoch [79][300/391]	lr: 1.000e-02, eta: 0:23:13, time: 0.104, data_time: 0.003, memory: 1406, loss: 0.1288
2021-06-22 14:30:30,000 - mmcls - INFO - Saving checkpoint at 79 epochs
2021-06-22 14:30:44,592 - mmcls - INFO - Epoch [80][100/391]	lr: 1.000e-02, eta: 0:22:54, time: 0.127, data_time: 0.026, memory: 1406, loss: 0.1172
2021-06-22 14:30:55,032 - mmcls - INFO - Epoch [80][200/391]	lr: 1.000e-02, eta: 0:22:47, time: 0.104, data_time: 0.003, memory: 1406, loss: 0.1243
2021-06-22 14:31:05,489 - mmcls - INFO - Epoch [80][300/391]	lr: 1.000e-02, eta: 0:22:39, time: 0.105, data_time: 0.003, memory: 1406, loss: 0.1316
2021-06-22 14:31:18,836 - mmcls - INFO - Saving checkpoint at 80 epochs
2021-06-22 14:31:20,652 - mmcls - INFO - Epoch(val) [80][79]	accuracy_top-1: 72.0200, accuracy_top-5: 91.9900
2021-06-22 14:31:33,586 - mmcls - INFO - Epoch [81][100/391]	lr: 1.000e-03, eta: 0:22:21, time: 0.129, data_time: 0.027, memory: 1406, loss: 0.0859
2021-06-22 14:31:44,010 - mmcls - INFO - Epoch [81][200/391]	lr: 1.000e-03, eta: 0:22:13, time: 0.104, data_time: 0.003, memory: 1406, loss: 0.0571
2021-06-22 14:31:54,464 - mmcls - INFO - Epoch [81][300/391]	lr: 1.000e-03, eta: 0:22:05, time: 0.105, data_time: 0.004, memory: 1406, loss: 0.0474
2021-06-22 14:32:04,012 - mmcls - INFO - Saving checkpoint at 81 epochs
2021-06-22 14:32:18,789 - mmcls - INFO - Epoch [82][100/391]	lr: 1.000e-03, eta: 0:21:47, time: 0.129, data_time: 0.027, memory: 1406, loss: 0.0328
2021-06-22 14:32:29,239 - mmcls - INFO - Epoch [82][200/391]	lr: 1.000e-03, eta: 0:21:39, time: 0.104, data_time: 0.003, memory: 1406, loss: 0.0319
2021-06-22 14:32:39,650 - mmcls - INFO - Epoch [82][300/391]	lr: 1.000e-03, eta: 0:21:31, time: 0.104, data_time: 0.003, memory: 1406, loss: 0.0306
2021-06-22 14:32:49,438 - mmcls - INFO - Saving checkpoint at 82 epochs
2021-06-22 14:33:04,179 - mmcls - INFO - Epoch [83][100/391]	lr: 1.000e-03, eta: 0:21:13, time: 0.128, data_time: 0.026, memory: 1406, loss: 0.0271
2021-06-22 14:33:14,624 - mmcls - INFO - Epoch [83][200/391]	lr: 1.000e-03, eta: 0:21:05, time: 0.104, data_time: 0.003, memory: 1406, loss: 0.0240
2021-06-22 14:33:25,072 - mmcls - INFO - Epoch [83][300/391]	lr: 1.000e-03, eta: 0:20:57, time: 0.104, data_time: 0.003, memory: 1406, loss: 0.0234
2021-06-22 14:33:34,634 - mmcls - INFO - Saving checkpoint at 83 epochs
2021-06-22 14:33:49,356 - mmcls - INFO - Epoch [84][100/391]	lr: 1.000e-03, eta: 0:20:39, time: 0.128, data_time: 0.027, memory: 1406, loss: 0.0198
2021-06-22 14:33:59,809 - mmcls - INFO - Epoch [84][200/391]	lr: 1.000e-03, eta: 0:20:31, time: 0.105, data_time: 0.003, memory: 1406, loss: 0.0201
2021-06-22 14:34:10,272 - mmcls - INFO - Epoch [84][300/391]	lr: 1.000e-03, eta: 0:20:24, time: 0.105, data_time: 0.003, memory: 1406, loss: 0.0188
2021-06-22 14:34:19,838 - mmcls - INFO - Saving checkpoint at 84 epochs
2021-06-22 14:34:34,477 - mmcls - INFO - Epoch [85][100/391]	lr: 1.000e-03, eta: 0:20:06, time: 0.127, data_time: 0.026, memory: 1406, loss: 0.0177
2021-06-22 14:34:44,916 - mmcls - INFO - Epoch [85][200/391]	lr: 1.000e-03, eta: 0:19:58, time: 0.104, data_time: 0.003, memory: 1406, loss: 0.0201
2021-06-22 14:34:55,380 - mmcls - INFO - Epoch [85][300/391]	lr: 1.000e-03, eta: 0:19:50, time: 0.105, data_time: 0.003, memory: 1406, loss: 0.0178
2021-06-22 14:35:08,630 - mmcls - INFO - Saving checkpoint at 85 epochs
2021-06-22 14:35:10,458 - mmcls - INFO - Epoch(val) [85][79]	accuracy_top-1: 77.3900, accuracy_top-5: 94.4600
2021-06-22 14:35:23,377 - mmcls - INFO - Epoch [86][100/391]	lr: 1.000e-03, eta: 0:19:32, time: 0.129, data_time: 0.027, memory: 1406, loss: 0.0168
2021-06-22 14:35:33,831 - mmcls - INFO - Epoch [86][200/391]	lr: 1.000e-03, eta: 0:19:24, time: 0.104, data_time: 0.003, memory: 1406, loss: 0.0156
2021-06-22 14:35:44,275 - mmcls - INFO - Epoch [86][300/391]	lr: 1.000e-03, eta: 0:19:16, time: 0.104, data_time: 0.003, memory: 1406, loss: 0.0153
2021-06-22 14:35:53,802 - mmcls - INFO - Saving checkpoint at 86 epochs
2021-06-22 14:36:08,519 - mmcls - INFO - Epoch [87][100/391]	lr: 1.000e-03, eta: 0:18:58, time: 0.128, data_time: 0.026, memory: 1406, loss: 0.0131
2021-06-22 14:36:18,971 - mmcls - INFO - Epoch [87][200/391]	lr: 1.000e-03, eta: 0:18:50, time: 0.105, data_time: 0.003, memory: 1406, loss: 0.0147
2021-06-22 14:36:29,430 - mmcls - INFO - Epoch [87][300/391]	lr: 1.000e-03, eta: 0:18:42, time: 0.105, data_time: 0.003, memory: 1406, loss: 0.0146
2021-06-22 14:36:38,949 - mmcls - INFO - Saving checkpoint at 87 epochs
2021-06-22 14:36:53,442 - mmcls - INFO - Epoch [88][100/391]	lr: 1.000e-03, eta: 0:18:24, time: 0.126, data_time: 0.025, memory: 1406, loss: 0.0144
2021-06-22 14:37:03,899 - mmcls - INFO - Epoch [88][200/391]	lr: 1.000e-03, eta: 0:18:16, time: 0.105, data_time: 0.003, memory: 1406, loss: 0.0134
2021-06-22 14:37:14,334 - mmcls - INFO - Epoch [88][300/391]	lr: 1.000e-03, eta: 0:18:08, time: 0.104, data_time: 0.003, memory: 1406, loss: 0.0119
2021-06-22 14:37:23,874 - mmcls - INFO - Saving checkpoint at 88 epochs
2021-06-22 14:37:38,482 - mmcls - INFO - Epoch [89][100/391]	lr: 1.000e-03, eta: 0:17:50, time: 0.127, data_time: 0.026, memory: 1406, loss: 0.0130
2021-06-22 14:37:48,924 - mmcls - INFO - Epoch [89][200/391]	lr: 1.000e-03, eta: 0:17:42, time: 0.104, data_time: 0.003, memory: 1406, loss: 0.0140
2021-06-22 14:37:59,394 - mmcls - INFO - Epoch [89][300/391]	lr: 1.000e-03, eta: 0:17:34, time: 0.105, data_time: 0.003, memory: 1406, loss: 0.0122
2021-06-22 14:38:08,921 - mmcls - INFO - Saving checkpoint at 89 epochs
2021-06-22 14:38:23,668 - mmcls - INFO - Epoch [90][100/391]	lr: 1.000e-03, eta: 0:17:17, time: 0.129, data_time: 0.027, memory: 1406, loss: 0.0120
2021-06-22 14:38:34,118 - mmcls - INFO - Epoch [90][200/391]	lr: 1.000e-03, eta: 0:17:09, time: 0.104, data_time: 0.003, memory: 1406, loss: 0.0123
2021-06-22 14:38:44,579 - mmcls - INFO - Epoch [90][300/391]	lr: 1.000e-03, eta: 0:17:01, time: 0.105, data_time: 0.003, memory: 1406, loss: 0.0115
2021-06-22 14:38:57,722 - mmcls - INFO - Saving checkpoint at 90 epochs
2021-06-22 14:38:59,584 - mmcls - INFO - Epoch(val) [90][79]	accuracy_top-1: 77.5000, accuracy_top-5: 94.4200
2021-06-22 14:39:12,419 - mmcls - INFO - Epoch [91][100/391]	lr: 1.000e-03, eta: 0:16:43, time: 0.128, data_time: 0.026, memory: 1406, loss: 0.0117
2021-06-22 14:39:22,852 - mmcls - INFO - Epoch [91][200/391]	lr: 1.000e-03, eta: 0:16:35, time: 0.104, data_time: 0.003, memory: 1406, loss: 0.0110
2021-06-22 14:39:33,287 - mmcls - INFO - Epoch [91][300/391]	lr: 1.000e-03, eta: 0:16:27, time: 0.104, data_time: 0.003, memory: 1406, loss: 0.0123
2021-06-22 14:39:42,783 - mmcls - INFO - Saving checkpoint at 91 epochs
2021-06-22 14:39:57,429 - mmcls - INFO - Epoch [92][100/391]	lr: 1.000e-03, eta: 0:16:09, time: 0.127, data_time: 0.026, memory: 1406, loss: 0.0109
2021-06-22 14:40:07,878 - mmcls - INFO - Epoch [92][200/391]	lr: 1.000e-03, eta: 0:16:01, time: 0.104, data_time: 0.003, memory: 1406, loss: 0.0108
2021-06-22 14:40:18,331 - mmcls - INFO - Epoch [92][300/391]	lr: 1.000e-03, eta: 0:15:53, time: 0.105, data_time: 0.003, memory: 1406, loss: 0.0109
2021-06-22 14:40:27,829 - mmcls - INFO - Saving checkpoint at 92 epochs
2021-06-22 14:40:42,504 - mmcls - INFO - Epoch [93][100/391]	lr: 1.000e-03, eta: 0:15:35, time: 0.128, data_time: 0.026, memory: 1406, loss: 0.0101
2021-06-22 14:40:52,975 - mmcls - INFO - Epoch [93][200/391]	lr: 1.000e-03, eta: 0:15:27, time: 0.105, data_time: 0.003, memory: 1406, loss: 0.0099
2021-06-22 14:41:03,457 - mmcls - INFO - Epoch [93][300/391]	lr: 1.000e-03, eta: 0:15:19, time: 0.105, data_time: 0.003, memory: 1406, loss: 0.0103
2021-06-22 14:41:12,954 - mmcls - INFO - Saving checkpoint at 93 epochs
2021-06-22 14:41:27,585 - mmcls - INFO - Epoch [94][100/391]	lr: 1.000e-03, eta: 0:15:02, time: 0.128, data_time: 0.026, memory: 1406, loss: 0.0105
2021-06-22 14:41:38,036 - mmcls - INFO - Epoch [94][200/391]	lr: 1.000e-03, eta: 0:14:54, time: 0.104, data_time: 0.003, memory: 1406, loss: 0.0099
2021-06-22 14:41:48,499 - mmcls - INFO - Epoch [94][300/391]	lr: 1.000e-03, eta: 0:14:45, time: 0.105, data_time: 0.003, memory: 1406, loss: 0.0094
2021-06-22 14:41:58,031 - mmcls - INFO - Saving checkpoint at 94 epochs
2021-06-22 14:42:12,759 - mmcls - INFO - Epoch [95][100/391]	lr: 1.000e-03, eta: 0:14:28, time: 0.128, data_time: 0.027, memory: 1406, loss: 0.0100
2021-06-22 14:42:23,201 - mmcls - INFO - Epoch [95][200/391]	lr: 1.000e-03, eta: 0:14:20, time: 0.104, data_time: 0.003, memory: 1406, loss: 0.0094
2021-06-22 14:42:33,635 - mmcls - INFO - Epoch [95][300/391]	lr: 1.000e-03, eta: 0:14:12, time: 0.104, data_time: 0.003, memory: 1406, loss: 0.0088
2021-06-22 14:42:46,961 - mmcls - INFO - Saving checkpoint at 95 epochs
2021-06-22 14:42:48,779 - mmcls - INFO - Epoch(val) [95][79]	accuracy_top-1: 77.6800, accuracy_top-5: 94.5300
2021-06-22 14:43:01,567 - mmcls - INFO - Epoch [96][100/391]	lr: 1.000e-03, eta: 0:13:54, time: 0.127, data_time: 0.026, memory: 1406, loss: 0.0101
2021-06-22 14:43:12,025 - mmcls - INFO - Epoch [96][200/391]	lr: 1.000e-03, eta: 0:13:46, time: 0.105, data_time: 0.003, memory: 1406, loss: 0.0083
2021-06-22 14:43:22,464 - mmcls - INFO - Epoch [96][300/391]	lr: 1.000e-03, eta: 0:13:38, time: 0.104, data_time: 0.003, memory: 1406, loss: 0.0091
2021-06-22 14:43:31,985 - mmcls - INFO - Saving checkpoint at 96 epochs
2021-06-22 14:43:46,592 - mmcls - INFO - Epoch [97][100/391]	lr: 1.000e-03, eta: 0:13:20, time: 0.127, data_time: 0.026, memory: 1406, loss: 0.0091
2021-06-22 14:43:57,037 - mmcls - INFO - Epoch [97][200/391]	lr: 1.000e-03, eta: 0:13:12, time: 0.104, data_time: 0.003, memory: 1406, loss: 0.0081
2021-06-22 14:44:07,488 - mmcls - INFO - Epoch [97][300/391]	lr: 1.000e-03, eta: 0:13:04, time: 0.104, data_time: 0.003, memory: 1406, loss: 0.0097
2021-06-22 14:44:17,011 - mmcls - INFO - Saving checkpoint at 97 epochs
2021-06-22 14:44:31,725 - mmcls - INFO - Epoch [98][100/391]	lr: 1.000e-03, eta: 0:12:47, time: 0.128, data_time: 0.026, memory: 1406, loss: 0.0080
2021-06-22 14:44:42,181 - mmcls - INFO - Epoch [98][200/391]	lr: 1.000e-03, eta: 0:12:38, time: 0.105, data_time: 0.003, memory: 1406, loss: 0.0075
2021-06-22 14:44:52,623 - mmcls - INFO - Epoch [98][300/391]	lr: 1.000e-03, eta: 0:12:30, time: 0.104, data_time: 0.003, memory: 1406, loss: 0.0085
2021-06-22 14:45:02,179 - mmcls - INFO - Saving checkpoint at 98 epochs
2021-06-22 14:45:16,868 - mmcls - INFO - Epoch [99][100/391]	lr: 1.000e-03, eta: 0:12:13, time: 0.128, data_time: 0.026, memory: 1406, loss: 0.0075
2021-06-22 14:45:27,295 - mmcls - INFO - Epoch [99][200/391]	lr: 1.000e-03, eta: 0:12:05, time: 0.104, data_time: 0.003, memory: 1406, loss: 0.0087
2021-06-22 14:45:37,751 - mmcls - INFO - Epoch [99][300/391]	lr: 1.000e-03, eta: 0:11:56, time: 0.105, data_time: 0.003, memory: 1406, loss: 0.0083
2021-06-22 14:45:47,291 - mmcls - INFO - Saving checkpoint at 99 epochs
2021-06-22 14:46:02,016 - mmcls - INFO - Epoch [100][100/391]	lr: 1.000e-03, eta: 0:11:39, time: 0.128, data_time: 0.027, memory: 1406, loss: 0.0087
2021-06-22 14:46:12,454 - mmcls - INFO - Epoch [100][200/391]	lr: 1.000e-03, eta: 0:11:31, time: 0.104, data_time: 0.003, memory: 1406, loss: 0.0092
2021-06-22 14:46:22,908 - mmcls - INFO - Epoch [100][300/391]	lr: 1.000e-03, eta: 0:11:23, time: 0.105, data_time: 0.003, memory: 1406, loss: 0.0088
2021-06-22 14:46:36,291 - mmcls - INFO - Saving checkpoint at 100 epochs
2021-06-22 14:46:38,207 - mmcls - INFO - Epoch(val) [100][79]	accuracy_top-1: 77.9200, accuracy_top-5: 94.5800
2021-06-22 14:46:51,093 - mmcls - INFO - Epoch [101][100/391]	lr: 1.000e-03, eta: 0:11:05, time: 0.128, data_time: 0.027, memory: 1406, loss: 0.0075
2021-06-22 14:47:01,538 - mmcls - INFO - Epoch [101][200/391]	lr: 1.000e-03, eta: 0:10:57, time: 0.104, data_time: 0.003, memory: 1406, loss: 0.0077
2021-06-22 14:47:11,986 - mmcls - INFO - Epoch [101][300/391]	lr: 1.000e-03, eta: 0:10:49, time: 0.104, data_time: 0.003, memory: 1406, loss: 0.0079
2021-06-22 14:47:21,499 - mmcls - INFO - Saving checkpoint at 101 epochs
2021-06-22 14:47:36,242 - mmcls - INFO - Epoch [102][100/391]	lr: 1.000e-03, eta: 0:10:32, time: 0.128, data_time: 0.027, memory: 1406, loss: 0.0078
2021-06-22 14:47:46,717 - mmcls - INFO - Epoch [102][200/391]	lr: 1.000e-03, eta: 0:10:23, time: 0.105, data_time: 0.003, memory: 1406, loss: 0.0071
2021-06-22 14:47:57,166 - mmcls - INFO - Epoch [102][300/391]	lr: 1.000e-03, eta: 0:10:15, time: 0.105, data_time: 0.003, memory: 1406, loss: 0.0082
2021-06-22 14:48:06,679 - mmcls - INFO - Saving checkpoint at 102 epochs
2021-06-22 14:48:21,196 - mmcls - INFO - Epoch [103][100/391]	lr: 1.000e-03, eta: 0:09:58, time: 0.126, data_time: 0.025, memory: 1406, loss: 0.0078
2021-06-22 14:48:31,651 - mmcls - INFO - Epoch [103][200/391]	lr: 1.000e-03, eta: 0:09:50, time: 0.105, data_time: 0.003, memory: 1406, loss: 0.0077
2021-06-22 14:48:42,109 - mmcls - INFO - Epoch [103][300/391]	lr: 1.000e-03, eta: 0:09:41, time: 0.105, data_time: 0.003, memory: 1406, loss: 0.0077
2021-06-22 14:48:51,625 - mmcls - INFO - Saving checkpoint at 103 epochs
2021-06-22 14:49:06,311 - mmcls - INFO - Epoch [104][100/391]	lr: 1.000e-03, eta: 0:09:24, time: 0.128, data_time: 0.026, memory: 1406, loss: 0.0080
2021-06-22 14:49:16,761 - mmcls - INFO - Epoch [104][200/391]	lr: 1.000e-03, eta: 0:09:16, time: 0.105, data_time: 0.003, memory: 1406, loss: 0.0071
2021-06-22 14:49:27,236 - mmcls - INFO - Epoch [104][300/391]	lr: 1.000e-03, eta: 0:09:08, time: 0.105, data_time: 0.003, memory: 1406, loss: 0.0076
2021-06-22 14:49:36,754 - mmcls - INFO - Saving checkpoint at 104 epochs
2021-06-22 14:49:51,409 - mmcls - INFO - Epoch [105][100/391]	lr: 1.000e-03, eta: 0:08:50, time: 0.127, data_time: 0.026, memory: 1406, loss: 0.0082
2021-06-22 14:50:01,855 - mmcls - INFO - Epoch [105][200/391]	lr: 1.000e-03, eta: 0:08:42, time: 0.104, data_time: 0.003, memory: 1406, loss: 0.0073
2021-06-22 14:50:12,312 - mmcls - INFO - Epoch [105][300/391]	lr: 1.000e-03, eta: 0:08:34, time: 0.105, data_time: 0.003, memory: 1406, loss: 0.0079
2021-06-22 14:50:25,580 - mmcls - INFO - Saving checkpoint at 105 epochs
2021-06-22 14:50:27,420 - mmcls - INFO - Epoch(val) [105][79]	accuracy_top-1: 77.8700, accuracy_top-5: 94.4400
2021-06-22 14:50:40,176 - mmcls - INFO - Epoch [106][100/391]	lr: 1.000e-03, eta: 0:08:17, time: 0.127, data_time: 0.026, memory: 1406, loss: 0.0069
2021-06-22 14:50:50,615 - mmcls - INFO - Epoch [106][200/391]	lr: 1.000e-03, eta: 0:08:08, time: 0.104, data_time: 0.003, memory: 1406, loss: 0.0072
2021-06-22 14:51:01,051 - mmcls - INFO - Epoch [106][300/391]	lr: 1.000e-03, eta: 0:08:00, time: 0.104, data_time: 0.003, memory: 1406, loss: 0.0083
2021-06-22 14:51:10,570 - mmcls - INFO - Saving checkpoint at 106 epochs
2021-06-22 14:51:25,216 - mmcls - INFO - Epoch [107][100/391]	lr: 1.000e-03, eta: 0:07:43, time: 0.127, data_time: 0.026, memory: 1406, loss: 0.0069
2021-06-22 14:51:35,695 - mmcls - INFO - Epoch [107][200/391]	lr: 1.000e-03, eta: 0:07:35, time: 0.105, data_time: 0.003, memory: 1406, loss: 0.0075
2021-06-22 14:51:46,153 - mmcls - INFO - Epoch [107][300/391]	lr: 1.000e-03, eta: 0:07:26, time: 0.105, data_time: 0.003, memory: 1406, loss: 0.0072
2021-06-22 14:51:55,672 - mmcls - INFO - Saving checkpoint at 107 epochs
2021-06-22 14:52:10,379 - mmcls - INFO - Epoch [108][100/391]	lr: 1.000e-03, eta: 0:07:09, time: 0.128, data_time: 0.026, memory: 1406, loss: 0.0069
2021-06-22 14:52:20,836 - mmcls - INFO - Epoch [108][200/391]	lr: 1.000e-03, eta: 0:07:01, time: 0.105, data_time: 0.003, memory: 1406, loss: 0.0068
2021-06-22 14:52:31,282 - mmcls - INFO - Epoch [108][300/391]	lr: 1.000e-03, eta: 0:06:52, time: 0.104, data_time: 0.003, memory: 1406, loss: 0.0074
2021-06-22 14:52:40,813 - mmcls - INFO - Saving checkpoint at 108 epochs
2021-06-22 14:52:55,265 - mmcls - INFO - Epoch [109][100/391]	lr: 1.000e-03, eta: 0:06:36, time: 0.126, data_time: 0.025, memory: 1406, loss: 0.0073
2021-06-22 14:53:05,715 - mmcls - INFO - Epoch [109][200/391]	lr: 1.000e-03, eta: 0:06:27, time: 0.104, data_time: 0.003, memory: 1406, loss: 0.0071
2021-06-22 14:53:16,143 - mmcls - INFO - Epoch [109][300/391]	lr: 1.000e-03, eta: 0:06:19, time: 0.104, data_time: 0.003, memory: 1406, loss: 0.0072
2021-06-22 14:53:25,690 - mmcls - INFO - Saving checkpoint at 109 epochs
2021-06-22 14:53:40,322 - mmcls - INFO - Epoch [110][100/391]	lr: 1.000e-03, eta: 0:06:02, time: 0.127, data_time: 0.025, memory: 1406, loss: 0.0068
2021-06-22 14:53:50,778 - mmcls - INFO - Epoch [110][200/391]	lr: 1.000e-03, eta: 0:05:53, time: 0.105, data_time: 0.003, memory: 1406, loss: 0.0068
2021-06-22 14:54:01,238 - mmcls - INFO - Epoch [110][300/391]	lr: 1.000e-03, eta: 0:05:45, time: 0.105, data_time: 0.003, memory: 1406, loss: 0.0065
2021-06-22 14:54:14,579 - mmcls - INFO - Saving checkpoint at 110 epochs
2021-06-22 14:54:16,407 - mmcls - INFO - Epoch(val) [110][79]	accuracy_top-1: 77.8100, accuracy_top-5: 94.5700
2021-06-22 14:54:29,361 - mmcls - INFO - Epoch [111][100/391]	lr: 1.000e-03, eta: 0:05:28, time: 0.129, data_time: 0.027, memory: 1406, loss: 0.0061
2021-06-22 14:54:39,796 - mmcls - INFO - Epoch [111][200/391]	lr: 1.000e-03, eta: 0:05:20, time: 0.104, data_time: 0.003, memory: 1406, loss: 0.0065
2021-06-22 14:54:50,237 - mmcls - INFO - Epoch [111][300/391]	lr: 1.000e-03, eta: 0:05:11, time: 0.104, data_time: 0.003, memory: 1406, loss: 0.0070
2021-06-22 14:54:59,760 - mmcls - INFO - Saving checkpoint at 111 epochs
2021-06-22 14:55:14,465 - mmcls - INFO - Epoch [112][100/391]	lr: 1.000e-03, eta: 0:04:54, time: 0.127, data_time: 0.026, memory: 1406, loss: 0.0068
2021-06-22 14:55:24,906 - mmcls - INFO - Epoch [112][200/391]	lr: 1.000e-03, eta: 0:04:46, time: 0.104, data_time: 0.003, memory: 1406, loss: 0.0070
2021-06-22 14:55:35,378 - mmcls - INFO - Epoch [112][300/391]	lr: 1.000e-03, eta: 0:04:37, time: 0.105, data_time: 0.003, memory: 1406, loss: 0.0063
2021-06-22 14:55:44,899 - mmcls - INFO - Saving checkpoint at 112 epochs
2021-06-22 14:55:59,619 - mmcls - INFO - Epoch [113][100/391]	lr: 1.000e-03, eta: 0:04:21, time: 0.128, data_time: 0.027, memory: 1406, loss: 0.0063
2021-06-22 14:56:10,045 - mmcls - INFO - Epoch [113][200/391]	lr: 1.000e-03, eta: 0:04:12, time: 0.104, data_time: 0.003, memory: 1406, loss: 0.0064
2021-06-22 14:56:20,481 - mmcls - INFO - Epoch [113][300/391]	lr: 1.000e-03, eta: 0:04:04, time: 0.104, data_time: 0.003, memory: 1406, loss: 0.0073
2021-06-22 14:56:29,995 - mmcls - INFO - Saving checkpoint at 113 epochs
2021-06-22 14:56:44,652 - mmcls - INFO - Epoch [114][100/391]	lr: 1.000e-03, eta: 0:03:47, time: 0.127, data_time: 0.026, memory: 1406, loss: 0.0066
2021-06-22 14:56:55,106 - mmcls - INFO - Epoch [114][200/391]	lr: 1.000e-03, eta: 0:03:38, time: 0.105, data_time: 0.003, memory: 1406, loss: 0.0061
2021-06-22 14:57:05,542 - mmcls - INFO - Epoch [114][300/391]	lr: 1.000e-03, eta: 0:03:30, time: 0.104, data_time: 0.003, memory: 1406, loss: 0.0067
2021-06-22 14:57:15,079 - mmcls - INFO - Saving checkpoint at 114 epochs
2021-06-22 14:57:29,707 - mmcls - INFO - Epoch [115][100/391]	lr: 1.000e-03, eta: 0:03:13, time: 0.128, data_time: 0.026, memory: 1406, loss: 0.0069
2021-06-22 14:57:40,161 - mmcls - INFO - Epoch [115][200/391]	lr: 1.000e-03, eta: 0:03:05, time: 0.105, data_time: 0.003, memory: 1406, loss: 0.0070
2021-06-22 14:57:50,611 - mmcls - INFO - Epoch [115][300/391]	lr: 1.000e-03, eta: 0:02:56, time: 0.105, data_time: 0.003, memory: 1406, loss: 0.0071
2021-06-22 14:58:04,186 - mmcls - INFO - Saving checkpoint at 115 epochs
2021-06-22 14:58:06,028 - mmcls - INFO - Epoch(val) [115][79]	accuracy_top-1: 77.8700, accuracy_top-5: 94.4700
2021-06-22 14:58:18,919 - mmcls - INFO - Epoch [116][100/391]	lr: 1.000e-03, eta: 0:02:39, time: 0.128, data_time: 0.027, memory: 1406, loss: 0.0061
2021-06-22 14:58:29,356 - mmcls - INFO - Epoch [116][200/391]	lr: 1.000e-03, eta: 0:02:31, time: 0.104, data_time: 0.003, memory: 1406, loss: 0.0058
2021-06-22 14:58:39,803 - mmcls - INFO - Epoch [116][300/391]	lr: 1.000e-03, eta: 0:02:22, time: 0.104, data_time: 0.003, memory: 1406, loss: 0.0063
2021-06-22 14:58:49,321 - mmcls - INFO - Saving checkpoint at 116 epochs
2021-06-22 14:59:03,863 - mmcls - INFO - Epoch [117][100/391]	lr: 1.000e-03, eta: 0:02:06, time: 0.126, data_time: 0.025, memory: 1406, loss: 0.0063
2021-06-22 14:59:14,317 - mmcls - INFO - Epoch [117][200/391]	lr: 1.000e-03, eta: 0:01:57, time: 0.105, data_time: 0.003, memory: 1406, loss: 0.0065
2021-06-22 14:59:24,764 - mmcls - INFO - Epoch [117][300/391]	lr: 1.000e-03, eta: 0:01:49, time: 0.104, data_time: 0.003, memory: 1406, loss: 0.0061
2021-06-22 14:59:34,312 - mmcls - INFO - Saving checkpoint at 117 epochs
2021-06-22 14:59:49,109 - mmcls - INFO - Epoch [118][100/391]	lr: 1.000e-03, eta: 0:01:32, time: 0.129, data_time: 0.028, memory: 1406, loss: 0.0057
2021-06-22 14:59:59,551 - mmcls - INFO - Epoch [118][200/391]	lr: 1.000e-03, eta: 0:01:23, time: 0.104, data_time: 0.003, memory: 1406, loss: 0.0061
2021-06-22 15:00:10,003 - mmcls - INFO - Epoch [118][300/391]	lr: 1.000e-03, eta: 0:01:15, time: 0.105, data_time: 0.003, memory: 1406, loss: 0.0060
2021-06-22 15:00:19,532 - mmcls - INFO - Saving checkpoint at 118 epochs
2021-06-22 15:00:34,315 - mmcls - INFO - Epoch [119][100/391]	lr: 1.000e-03, eta: 0:00:58, time: 0.128, data_time: 0.027, memory: 1406, loss: 0.0061
2021-06-22 15:00:44,786 - mmcls - INFO - Epoch [119][200/391]	lr: 1.000e-03, eta: 0:00:50, time: 0.105, data_time: 0.003, memory: 1406, loss: 0.0067
2021-06-22 15:00:55,244 - mmcls - INFO - Epoch [119][300/391]	lr: 1.000e-03, eta: 0:00:41, time: 0.105, data_time: 0.003, memory: 1406, loss: 0.0052
2021-06-22 15:01:04,784 - mmcls - INFO - Saving checkpoint at 119 epochs
2021-06-22 15:01:19,557 - mmcls - INFO - Epoch [120][100/391]	lr: 1.000e-03, eta: 0:00:25, time: 0.128, data_time: 0.027, memory: 1406, loss: 0.0060
2021-06-22 15:01:30,000 - mmcls - INFO - Epoch [120][200/391]	lr: 1.000e-03, eta: 0:00:16, time: 0.104, data_time: 0.003, memory: 1406, loss: 0.0061
2021-06-22 15:01:40,440 - mmcls - INFO - Epoch [120][300/391]	lr: 1.000e-03, eta: 0:00:07, time: 0.104, data_time: 0.003, memory: 1406, loss: 0.0059
2021-06-22 15:01:53,785 - mmcls - INFO - Saving checkpoint at 120 epochs
2021-06-22 15:01:55,634 - mmcls - INFO - Epoch(val) [120][79]	accuracy_top-1: 77.8800, accuracy_top-5: 94.5200
