2021-06-21 23:22:04,570 - mmcls - INFO - Environment info:
------------------------------------------------------------
sys.platform: linux
Python: 3.7.10 (default, Feb 26 2021, 18:47:35) [GCC 7.3.0]
CUDA available: True
GPU 0: GeForce GTX 1080 Ti
CUDA_HOME: /usr/local/cuda
NVCC: Cuda compilation tools, release 10.1, V10.1.243
GCC: gcc (Ubuntu 5.4.0-6ubuntu1~16.04.11) 5.4.0 20160609
PyTorch: 1.6.0
PyTorch compiling details: PyTorch built with:
  - GCC 7.3
  - C++ Version: 201402
  - Intel(R) oneAPI Math Kernel Library Version 2021.2-Product Build 20210312 for Intel(R) 64 architecture applications
  - Intel(R) MKL-DNN v1.5.0 (Git Hash e2ac1fac44c5078ca927cb9b90e1b3066a0b2ed0)
  - OpenMP 201511 (a.k.a. OpenMP 4.5)
  - NNPACK is enabled
  - CPU capability usage: AVX2
  - CUDA Runtime 10.1
  - NVCC architecture flags: -gencode;arch=compute_37,code=sm_37;-gencode;arch=compute_50,code=sm_50;-gencode;arch=compute_60,code=sm_60;-gencode;arch=compute_61,code=sm_61;-gencode;arch=compute_70,code=sm_70;-gencode;arch=compute_75,code=sm_75;-gencode;arch=compute_37,code=compute_37
  - CuDNN 7.6.3
  - Magma 2.5.2
  - Build settings: BLAS=MKL, BUILD_TYPE=Release, CXX_FLAGS= -Wno-deprecated -fvisibility-inlines-hidden -DUSE_PTHREADPOOL -fopenmp -DNDEBUG -DUSE_FBGEMM -DUSE_QNNPACK -DUSE_PYTORCH_QNNPACK -DUSE_XNNPACK -DUSE_VULKAN_WRAPPER -O2 -fPIC -Wno-narrowing -Wall -Wextra -Werror=return-type -Wno-missing-field-initializers -Wno-type-limits -Wno-array-bounds -Wno-unknown-pragmas -Wno-sign-compare -Wno-unused-parameter -Wno-unused-variable -Wno-unused-function -Wno-unused-result -Wno-unused-local-typedefs -Wno-strict-overflow -Wno-strict-aliasing -Wno-error=deprecated-declarations -Wno-stringop-overflow -Wno-error=pedantic -Wno-error=redundant-decls -Wno-error=old-style-cast -fdiagnostics-color=always -faligned-new -Wno-unused-but-set-variable -Wno-maybe-uninitialized -fno-math-errno -fno-trapping-math -Werror=format -Wno-stringop-overflow, PERF_WITH_AVX=1, PERF_WITH_AVX2=1, PERF_WITH_AVX512=1, USE_CUDA=ON, USE_EXCEPTION_PTR=1, USE_GFLAGS=OFF, USE_GLOG=OFF, USE_MKL=ON, USE_MKLDNN=ON, USE_MPI=OFF, USE_NCCL=ON, USE_NNPACK=ON, USE_OPENMP=ON, USE_STATIC_DISPATCH=OFF, 

TorchVision: 0.7.0
OpenCV: 4.5.2
MMCV: 1.3.4
MMCV Compiler: GCC 7.3
MMCV CUDA Compiler: 10.1
MMClassification: 0.11.1+b67a11c
------------------------------------------------------------

2021-06-21 23:22:04,571 - mmcls - INFO - Distributed training: False
2021-06-21 23:22:04,868 - mmcls - INFO - Config:
model = dict(
    type='ImageClassifier',
    backbone=dict(
        type='ResNetVisionTransformer',
        num_layers=16,
        embed_dim=256,
        num_heads=8,
        img_size=32,
        patch_size=16,
        in_channels=3,
        feedforward_channels=1024,
        drop_rate=0.1,
        resnet_kwargs=dict(depth=18, num_stages=4)),
    neck=None,
    head=dict(
        type='VisionTransformerClsHead',
        num_classes=100,
        in_channels=256,
        loss=dict(type='CrossEntropyLoss', loss_weight=1.0),
        topk=(1, 5)))
dataset_type = 'CIFAR100'
img_norm_cfg = dict(
    mean=[129.304, 124.07, 112.434], std=[68.17, 65.392, 70.418], to_rgb=True)
train_pipeline = [
    dict(type='RandomCrop', size=32, padding=4),
    dict(type='RandomFlip', flip_prob=0.5, direction='horizontal'),
    dict(
        type='Normalize',
        mean=[129.304, 124.07, 112.434],
        std=[68.17, 65.392, 70.418],
        to_rgb=True),
    dict(type='ImageToTensor', keys=['img']),
    dict(type='ToTensor', keys=['gt_label']),
    dict(type='Collect', keys=['img', 'gt_label'])
]
test_pipeline = [
    dict(
        type='Normalize',
        mean=[129.304, 124.07, 112.434],
        std=[68.17, 65.392, 70.418],
        to_rgb=True),
    dict(type='ImageToTensor', keys=['img']),
    dict(type='Collect', keys=['img'])
]
data = dict(
    samples_per_gpu=128,
    workers_per_gpu=4,
    train=dict(
        type='CIFAR100',
        data_prefix='data/cifar100',
        pipeline=[
            dict(type='RandomCrop', size=32, padding=4),
            dict(type='RandomFlip', flip_prob=0.5, direction='horizontal'),
            dict(
                type='Normalize',
                mean=[129.304, 124.07, 112.434],
                std=[68.17, 65.392, 70.418],
                to_rgb=True),
            dict(type='ImageToTensor', keys=['img']),
            dict(type='ToTensor', keys=['gt_label']),
            dict(type='Collect', keys=['img', 'gt_label'])
        ]),
    val=dict(
        type='CIFAR100',
        data_prefix='data/cifar100',
        pipeline=[
            dict(
                type='Normalize',
                mean=[129.304, 124.07, 112.434],
                std=[68.17, 65.392, 70.418],
                to_rgb=True),
            dict(type='ImageToTensor', keys=['img']),
            dict(type='Collect', keys=['img'])
        ]),
    test=dict(
        type='CIFAR100',
        data_prefix='data/cifar100',
        pipeline=[
            dict(
                type='Normalize',
                mean=[129.304, 124.07, 112.434],
                std=[68.17, 65.392, 70.418],
                to_rgb=True),
            dict(type='ImageToTensor', keys=['img']),
            dict(type='Collect', keys=['img'])
        ]))
optimizer = dict(type='SGD', lr=0.1, momentum=0.9, weight_decay=0.0005)
optimizer_config = dict(grad_clip=None)
lr_config = dict(policy='step', step=[40, 80], gamma=0.1)
runner = dict(type='EpochBasedRunner', max_epochs=120)
checkpoint_config = dict(interval=1)
log_config = dict(interval=100, hooks=[dict(type='TextLoggerHook')])
dist_params = dict(backend='nccl')
log_level = 'INFO'
load_from = None
resume_from = None
workflow = [('train', 1)]
evaluation = dict(interval=5)
work_dir = './work_dirs/resnet18_vit_cifar100_B'
gpu_ids = range(0, 1)

2021-06-21 23:22:16,208 - mmcls - INFO - Start running, host: root@efff16289307, work_dir: /remote-home/shenduxuexi15/mmlab/mmclassification/work_dirs/resnet18_vit_cifar100_B
2021-06-21 23:22:16,209 - mmcls - INFO - workflow: [('train', 1)], max: 120 epochs
2021-06-21 23:22:38,660 - mmcls - INFO - Epoch [1][100/391]	lr: 1.000e-01, eta: 2:55:06, time: 0.224, data_time: 0.025, memory: 1627, loss: 4.4789
2021-06-21 23:23:03,000 - mmcls - INFO - Epoch [1][200/391]	lr: 1.000e-01, eta: 3:02:07, time: 0.243, data_time: 0.002, memory: 1627, loss: 4.1053
2021-06-21 23:23:27,223 - mmcls - INFO - Epoch [1][300/391]	lr: 1.000e-01, eta: 3:03:53, time: 0.242, data_time: 0.002, memory: 1627, loss: 3.9654
2021-06-21 23:23:49,598 - mmcls - INFO - Saving checkpoint at 1 epochs
2021-06-21 23:24:14,753 - mmcls - INFO - Epoch [2][100/391]	lr: 1.000e-01, eta: 2:28:18, time: 0.231, data_time: 0.026, memory: 1627, loss: 3.8157
2021-06-21 23:24:39,324 - mmcls - INFO - Epoch [2][200/391]	lr: 1.000e-01, eta: 2:35:03, time: 0.246, data_time: 0.003, memory: 1627, loss: 3.7170
2021-06-21 23:25:03,710 - mmcls - INFO - Epoch [2][300/391]	lr: 1.000e-01, eta: 2:39:31, time: 0.244, data_time: 0.003, memory: 1627, loss: 3.6357
2021-06-21 23:25:25,973 - mmcls - INFO - Saving checkpoint at 2 epochs
2021-06-21 23:25:51,141 - mmcls - INFO - Epoch [3][100/391]	lr: 1.000e-01, eta: 2:24:35, time: 0.231, data_time: 0.025, memory: 1627, loss: 3.4843
2021-06-21 23:26:16,019 - mmcls - INFO - Epoch [3][200/391]	lr: 1.000e-01, eta: 2:28:58, time: 0.249, data_time: 0.003, memory: 1627, loss: 3.4118
2021-06-21 23:26:41,151 - mmcls - INFO - Epoch [3][300/391]	lr: 1.000e-01, eta: 2:32:39, time: 0.251, data_time: 0.003, memory: 1627, loss: 3.3605
2021-06-21 23:27:03,965 - mmcls - INFO - Saving checkpoint at 3 epochs
2021-06-21 23:27:29,157 - mmcls - INFO - Epoch [4][100/391]	lr: 1.000e-01, eta: 2:23:02, time: 0.231, data_time: 0.026, memory: 1627, loss: 3.2067
2021-06-21 23:27:53,972 - mmcls - INFO - Epoch [4][200/391]	lr: 1.000e-01, eta: 2:26:03, time: 0.248, data_time: 0.003, memory: 1627, loss: 3.1509
2021-06-21 23:28:18,669 - mmcls - INFO - Epoch [4][300/391]	lr: 1.000e-01, eta: 2:28:32, time: 0.247, data_time: 0.003, memory: 1627, loss: 3.0680
2021-06-21 23:28:40,967 - mmcls - INFO - Saving checkpoint at 4 epochs
2021-06-21 23:29:06,151 - mmcls - INFO - Epoch [5][100/391]	lr: 1.000e-01, eta: 2:21:24, time: 0.231, data_time: 0.027, memory: 1627, loss: 2.9057
2021-06-21 23:29:30,809 - mmcls - INFO - Epoch [5][200/391]	lr: 1.000e-01, eta: 2:23:37, time: 0.247, data_time: 0.003, memory: 1627, loss: 2.8606
2021-06-21 23:29:55,147 - mmcls - INFO - Epoch [5][300/391]	lr: 1.000e-01, eta: 2:25:24, time: 0.243, data_time: 0.003, memory: 1627, loss: 2.7463
2021-06-21 23:30:29,587 - mmcls - INFO - Saving checkpoint at 5 epochs
2021-06-21 23:30:31,624 - mmcls - INFO - Epoch(val) [5][79]	accuracy_top-1: 27.5000, accuracy_top-5: 59.6400
2021-06-21 23:30:52,284 - mmcls - INFO - Epoch [6][100/391]	lr: 1.000e-01, eta: 2:18:51, time: 0.206, data_time: 0.026, memory: 1627, loss: 2.6220
2021-06-21 23:31:14,572 - mmcls - INFO - Epoch [6][200/391]	lr: 1.000e-01, eta: 2:19:49, time: 0.223, data_time: 0.005, memory: 1627, loss: 2.5371
2021-06-21 23:31:39,076 - mmcls - INFO - Epoch [6][300/391]	lr: 1.000e-01, eta: 2:21:25, time: 0.245, data_time: 0.003, memory: 1627, loss: 2.4977
2021-06-21 23:32:01,766 - mmcls - INFO - Saving checkpoint at 6 epochs
2021-06-21 23:32:31,052 - mmcls - INFO - Epoch [7][100/391]	lr: 1.000e-01, eta: 2:18:03, time: 0.272, data_time: 0.027, memory: 1627, loss: 2.3560
2021-06-21 23:32:51,939 - mmcls - INFO - Epoch [7][200/391]	lr: 1.000e-01, eta: 2:18:24, time: 0.209, data_time: 0.003, memory: 1627, loss: 2.3407
2021-06-21 23:33:16,871 - mmcls - INFO - Epoch [7][300/391]	lr: 1.000e-01, eta: 2:19:49, time: 0.249, data_time: 0.003, memory: 1627, loss: 2.3428
2021-06-21 23:33:39,305 - mmcls - INFO - Saving checkpoint at 7 epochs
2021-06-21 23:34:08,734 - mmcls - INFO - Epoch [8][100/391]	lr: 1.000e-01, eta: 2:16:55, time: 0.273, data_time: 0.027, memory: 1627, loss: 2.2067
2021-06-21 23:34:29,472 - mmcls - INFO - Epoch [8][200/391]	lr: 1.000e-01, eta: 2:17:08, time: 0.207, data_time: 0.003, memory: 1627, loss: 2.2030
2021-06-21 23:34:53,997 - mmcls - INFO - Epoch [8][300/391]	lr: 1.000e-01, eta: 2:18:13, time: 0.245, data_time: 0.003, memory: 1627, loss: 2.1906
2021-06-21 23:35:16,752 - mmcls - INFO - Saving checkpoint at 8 epochs
2021-06-21 23:35:46,184 - mmcls - INFO - Epoch [9][100/391]	lr: 1.000e-01, eta: 2:15:39, time: 0.274, data_time: 0.027, memory: 1627, loss: 2.0509
2021-06-21 23:36:06,606 - mmcls - INFO - Epoch [9][200/391]	lr: 1.000e-01, eta: 2:15:44, time: 0.204, data_time: 0.002, memory: 1627, loss: 2.0628
2021-06-21 23:36:31,118 - mmcls - INFO - Epoch [9][300/391]	lr: 1.000e-01, eta: 2:16:39, time: 0.245, data_time: 0.003, memory: 1627, loss: 2.0582
2021-06-21 23:36:53,789 - mmcls - INFO - Saving checkpoint at 9 epochs
2021-06-21 23:37:23,061 - mmcls - INFO - Epoch [10][100/391]	lr: 1.000e-01, eta: 2:14:17, time: 0.272, data_time: 0.027, memory: 1627, loss: 1.9710
2021-06-21 23:37:43,725 - mmcls - INFO - Epoch [10][200/391]	lr: 1.000e-01, eta: 2:14:23, time: 0.207, data_time: 0.003, memory: 1627, loss: 1.9727
2021-06-21 23:38:08,624 - mmcls - INFO - Epoch [10][300/391]	lr: 1.000e-01, eta: 2:15:14, time: 0.249, data_time: 0.003, memory: 1627, loss: 1.9450
2021-06-21 23:38:43,525 - mmcls - INFO - Saving checkpoint at 10 epochs
2021-06-21 23:38:45,573 - mmcls - INFO - Epoch(val) [10][79]	accuracy_top-1: 42.4200, accuracy_top-5: 73.3200
2021-06-21 23:39:12,766 - mmcls - INFO - Epoch [11][100/391]	lr: 1.000e-01, eta: 2:13:04, time: 0.272, data_time: 0.028, memory: 1627, loss: 1.8672
2021-06-21 23:39:28,793 - mmcls - INFO - Epoch [11][200/391]	lr: 1.000e-01, eta: 2:12:19, time: 0.160, data_time: 0.003, memory: 1627, loss: 1.9087
2021-06-21 23:39:53,507 - mmcls - INFO - Epoch [11][300/391]	lr: 1.000e-01, eta: 2:13:03, time: 0.247, data_time: 0.003, memory: 1627, loss: 1.8724
2021-06-21 23:40:16,096 - mmcls - INFO - Saving checkpoint at 11 epochs
2021-06-21 23:40:45,296 - mmcls - INFO - Epoch [12][100/391]	lr: 1.000e-01, eta: 2:11:04, time: 0.271, data_time: 0.027, memory: 1627, loss: 1.8082
2021-06-21 23:41:08,234 - mmcls - INFO - Epoch [12][200/391]	lr: 1.000e-01, eta: 2:11:27, time: 0.229, data_time: 0.003, memory: 1627, loss: 1.7995
2021-06-21 23:41:31,081 - mmcls - INFO - Epoch [12][300/391]	lr: 1.000e-01, eta: 2:11:48, time: 0.228, data_time: 0.003, memory: 1627, loss: 1.8320
2021-06-21 23:41:53,517 - mmcls - INFO - Saving checkpoint at 12 epochs
2021-06-21 23:42:22,738 - mmcls - INFO - Epoch [13][100/391]	lr: 1.000e-01, eta: 2:09:57, time: 0.272, data_time: 0.026, memory: 1627, loss: 1.7370
2021-06-21 23:42:47,403 - mmcls - INFO - Epoch [13][200/391]	lr: 1.000e-01, eta: 2:10:31, time: 0.247, data_time: 0.002, memory: 1627, loss: 1.7574
2021-06-21 23:43:07,775 - mmcls - INFO - Epoch [13][300/391]	lr: 1.000e-01, eta: 2:10:27, time: 0.204, data_time: 0.002, memory: 1627, loss: 1.7488
2021-06-21 23:43:30,228 - mmcls - INFO - Saving checkpoint at 13 epochs
2021-06-21 23:43:59,399 - mmcls - INFO - Epoch [14][100/391]	lr: 1.000e-01, eta: 2:08:43, time: 0.271, data_time: 0.027, memory: 1627, loss: 1.6920
2021-06-21 23:44:24,121 - mmcls - INFO - Epoch [14][200/391]	lr: 1.000e-01, eta: 2:09:13, time: 0.247, data_time: 0.003, memory: 1627, loss: 1.7044
2021-06-21 23:44:44,563 - mmcls - INFO - Epoch [14][300/391]	lr: 1.000e-01, eta: 2:09:09, time: 0.204, data_time: 0.003, memory: 1627, loss: 1.6741
2021-06-21 23:45:07,172 - mmcls - INFO - Saving checkpoint at 14 epochs
2021-06-21 23:45:36,553 - mmcls - INFO - Epoch [15][100/391]	lr: 1.000e-01, eta: 2:07:31, time: 0.273, data_time: 0.027, memory: 1627, loss: 1.6167
2021-06-21 23:46:01,319 - mmcls - INFO - Epoch [15][200/391]	lr: 1.000e-01, eta: 2:07:58, time: 0.248, data_time: 0.003, memory: 1627, loss: 1.6518
2021-06-21 23:46:22,094 - mmcls - INFO - Epoch [15][300/391]	lr: 1.000e-01, eta: 2:07:55, time: 0.208, data_time: 0.003, memory: 1627, loss: 1.6931
2021-06-21 23:46:56,940 - mmcls - INFO - Saving checkpoint at 15 epochs
2021-06-21 23:46:58,960 - mmcls - INFO - Epoch(val) [15][79]	accuracy_top-1: 50.2300, accuracy_top-5: 81.6100
2021-06-21 23:47:26,003 - mmcls - INFO - Epoch [16][100/391]	lr: 1.000e-01, eta: 2:06:20, time: 0.270, data_time: 0.026, memory: 1627, loss: 1.5995
2021-06-21 23:47:49,422 - mmcls - INFO - Epoch [16][200/391]	lr: 1.000e-01, eta: 2:06:35, time: 0.234, data_time: 0.003, memory: 1627, loss: 1.5934
2021-06-21 23:48:06,437 - mmcls - INFO - Epoch [16][300/391]	lr: 1.000e-01, eta: 2:06:06, time: 0.170, data_time: 0.003, memory: 1627, loss: 1.6160
2021-06-21 23:48:28,820 - mmcls - INFO - Saving checkpoint at 16 epochs
2021-06-21 23:48:57,650 - mmcls - INFO - Epoch [17][100/391]	lr: 1.000e-01, eta: 2:04:35, time: 0.268, data_time: 0.027, memory: 1627, loss: 1.5583
2021-06-21 23:49:22,466 - mmcls - INFO - Epoch [17][200/391]	lr: 1.000e-01, eta: 2:04:56, time: 0.248, data_time: 0.003, memory: 1627, loss: 1.5767
2021-06-21 23:49:43,908 - mmcls - INFO - Epoch [17][300/391]	lr: 1.000e-01, eta: 2:04:56, time: 0.214, data_time: 0.002, memory: 1627, loss: 1.6064
2021-06-21 23:50:05,349 - mmcls - INFO - Saving checkpoint at 17 epochs
2021-06-21 23:50:34,479 - mmcls - INFO - Epoch [18][100/391]	lr: 1.000e-01, eta: 2:03:31, time: 0.272, data_time: 0.028, memory: 1627, loss: 1.5301
2021-06-21 23:50:59,034 - mmcls - INFO - Epoch [18][200/391]	lr: 1.000e-01, eta: 2:03:48, time: 0.246, data_time: 0.003, memory: 1627, loss: 1.5623
2021-06-21 23:51:23,112 - mmcls - INFO - Epoch [18][300/391]	lr: 1.000e-01, eta: 2:04:02, time: 0.241, data_time: 0.003, memory: 1627, loss: 1.5623
2021-06-21 23:51:42,773 - mmcls - INFO - Saving checkpoint at 18 epochs
2021-06-21 23:52:11,873 - mmcls - INFO - Epoch [19][100/391]	lr: 1.000e-01, eta: 2:02:38, time: 0.270, data_time: 0.026, memory: 1627, loss: 1.5119
2021-06-21 23:52:36,338 - mmcls - INFO - Epoch [19][200/391]	lr: 1.000e-01, eta: 2:02:53, time: 0.245, data_time: 0.003, memory: 1627, loss: 1.5216
2021-06-21 23:53:00,881 - mmcls - INFO - Epoch [19][300/391]	lr: 1.000e-01, eta: 2:03:06, time: 0.245, data_time: 0.003, memory: 1627, loss: 1.5491
2021-06-21 23:53:19,318 - mmcls - INFO - Saving checkpoint at 19 epochs
2021-06-21 23:53:48,379 - mmcls - INFO - Epoch [20][100/391]	lr: 1.000e-01, eta: 2:01:45, time: 0.270, data_time: 0.027, memory: 1627, loss: 1.4682
2021-06-21 23:54:13,157 - mmcls - INFO - Epoch [20][200/391]	lr: 1.000e-01, eta: 2:01:59, time: 0.248, data_time: 0.003, memory: 1627, loss: 1.5030
2021-06-21 23:54:37,598 - mmcls - INFO - Epoch [20][300/391]	lr: 1.000e-01, eta: 2:02:10, time: 0.244, data_time: 0.003, memory: 1627, loss: 1.5106
2021-06-21 23:55:09,200 - mmcls - INFO - Saving checkpoint at 20 epochs
2021-06-21 23:55:11,238 - mmcls - INFO - Epoch(val) [20][79]	accuracy_top-1: 47.0800, accuracy_top-5: 76.7400
2021-06-21 23:55:38,204 - mmcls - INFO - Epoch [21][100/391]	lr: 1.000e-01, eta: 2:00:51, time: 0.269, data_time: 0.027, memory: 1627, loss: 1.4682
2021-06-21 23:56:02,887 - mmcls - INFO - Epoch [21][200/391]	lr: 1.000e-01, eta: 2:01:02, time: 0.247, data_time: 0.003, memory: 1627, loss: 1.4740
2021-06-21 23:56:25,627 - mmcls - INFO - Epoch [21][300/391]	lr: 1.000e-01, eta: 2:01:02, time: 0.227, data_time: 0.003, memory: 1627, loss: 1.5068
2021-06-21 23:56:40,977 - mmcls - INFO - Saving checkpoint at 21 epochs
2021-06-21 23:57:10,229 - mmcls - INFO - Epoch [22][100/391]	lr: 1.000e-01, eta: 1:59:47, time: 0.272, data_time: 0.026, memory: 1627, loss: 1.4432
2021-06-21 23:57:35,044 - mmcls - INFO - Epoch [22][200/391]	lr: 1.000e-01, eta: 1:59:56, time: 0.248, data_time: 0.003, memory: 1627, loss: 1.4281
2021-06-21 23:57:59,762 - mmcls - INFO - Epoch [22][300/391]	lr: 1.000e-01, eta: 2:00:05, time: 0.247, data_time: 0.003, memory: 1627, loss: 1.4888
2021-06-21 23:58:18,412 - mmcls - INFO - Saving checkpoint at 22 epochs
2021-06-21 23:58:47,356 - mmcls - INFO - Epoch [23][100/391]	lr: 1.000e-01, eta: 1:58:49, time: 0.267, data_time: 0.024, memory: 1627, loss: 1.3933
2021-06-21 23:59:11,654 - mmcls - INFO - Epoch [23][200/391]	lr: 1.000e-01, eta: 1:58:55, time: 0.243, data_time: 0.003, memory: 1627, loss: 1.4647
2021-06-21 23:59:36,006 - mmcls - INFO - Epoch [23][300/391]	lr: 1.000e-01, eta: 1:59:00, time: 0.244, data_time: 0.002, memory: 1627, loss: 1.4836
2021-06-21 23:59:57,781 - mmcls - INFO - Saving checkpoint at 23 epochs
2021-06-22 00:00:27,829 - mmcls - INFO - Epoch [24][100/391]	lr: 1.000e-01, eta: 1:57:47, time: 0.268, data_time: 0.028, memory: 1627, loss: 1.3700
2021-06-22 00:00:52,383 - mmcls - INFO - Epoch [24][200/391]	lr: 1.000e-01, eta: 1:57:52, time: 0.246, data_time: 0.003, memory: 1627, loss: 1.4288
2021-06-22 00:01:17,053 - mmcls - INFO - Epoch [24][300/391]	lr: 1.000e-01, eta: 1:57:57, time: 0.247, data_time: 0.003, memory: 1627, loss: 1.4745
2021-06-22 00:01:39,313 - mmcls - INFO - Saving checkpoint at 24 epochs
2021-06-22 00:02:05,919 - mmcls - INFO - Epoch [25][100/391]	lr: 1.000e-01, eta: 1:56:36, time: 0.245, data_time: 0.026, memory: 1627, loss: 1.3840
2021-06-22 00:02:30,329 - mmcls - INFO - Epoch [25][200/391]	lr: 1.000e-01, eta: 1:56:40, time: 0.244, data_time: 0.003, memory: 1627, loss: 1.4256
2021-06-22 00:02:54,991 - mmcls - INFO - Epoch [25][300/391]	lr: 1.000e-01, eta: 1:56:44, time: 0.247, data_time: 0.003, memory: 1627, loss: 1.4317
2021-06-22 00:03:29,385 - mmcls - INFO - Saving checkpoint at 25 epochs
2021-06-22 00:03:31,458 - mmcls - INFO - Epoch(val) [25][79]	accuracy_top-1: 52.6200, accuracy_top-5: 81.1800
2021-06-22 00:03:58,269 - mmcls - INFO - Epoch [26][100/391]	lr: 1.000e-01, eta: 1:55:34, time: 0.268, data_time: 0.027, memory: 1627, loss: 1.3673
2021-06-22 00:04:22,823 - mmcls - INFO - Epoch [26][200/391]	lr: 1.000e-01, eta: 1:55:37, time: 0.246, data_time: 0.002, memory: 1627, loss: 1.3991
2021-06-22 00:04:47,362 - mmcls - INFO - Epoch [26][300/391]	lr: 1.000e-01, eta: 1:55:39, time: 0.245, data_time: 0.003, memory: 1627, loss: 1.4236
2021-06-22 00:05:08,685 - mmcls - INFO - Saving checkpoint at 26 epochs
2021-06-22 00:05:31,261 - mmcls - INFO - Epoch [27][100/391]	lr: 1.000e-01, eta: 1:54:08, time: 0.205, data_time: 0.026, memory: 1627, loss: 1.3355
2021-06-22 00:05:55,808 - mmcls - INFO - Epoch [27][200/391]	lr: 1.000e-01, eta: 1:54:10, time: 0.245, data_time: 0.003, memory: 1627, loss: 1.3978
2021-06-22 00:06:20,297 - mmcls - INFO - Epoch [27][300/391]	lr: 1.000e-01, eta: 1:54:11, time: 0.245, data_time: 0.003, memory: 1627, loss: 1.4249
2021-06-22 00:06:42,570 - mmcls - INFO - Saving checkpoint at 27 epochs
2021-06-22 00:07:07,452 - mmcls - INFO - Epoch [28][100/391]	lr: 1.000e-01, eta: 1:52:51, time: 0.229, data_time: 0.025, memory: 1627, loss: 1.3273
2021-06-22 00:07:31,587 - mmcls - INFO - Epoch [28][200/391]	lr: 1.000e-01, eta: 1:52:50, time: 0.241, data_time: 0.003, memory: 1627, loss: 1.4085
2021-06-22 00:07:55,911 - mmcls - INFO - Epoch [28][300/391]	lr: 1.000e-01, eta: 1:52:50, time: 0.243, data_time: 0.002, memory: 1627, loss: 1.3960
2021-06-22 00:08:17,955 - mmcls - INFO - Saving checkpoint at 28 epochs
2021-06-22 00:08:44,154 - mmcls - INFO - Epoch [29][100/391]	lr: 1.000e-01, eta: 1:51:36, time: 0.241, data_time: 0.026, memory: 1627, loss: 1.3188
2021-06-22 00:09:07,116 - mmcls - INFO - Epoch [29][200/391]	lr: 1.000e-01, eta: 1:51:31, time: 0.230, data_time: 0.003, memory: 1627, loss: 1.3875
2021-06-22 00:09:31,324 - mmcls - INFO - Epoch [29][300/391]	lr: 1.000e-01, eta: 1:51:30, time: 0.242, data_time: 0.002, memory: 1627, loss: 1.3904
2021-06-22 00:09:53,596 - mmcls - INFO - Saving checkpoint at 29 epochs
2021-06-22 00:10:22,372 - mmcls - INFO - Epoch [30][100/391]	lr: 1.000e-01, eta: 1:50:26, time: 0.267, data_time: 0.025, memory: 1627, loss: 1.3268
2021-06-22 00:10:42,725 - mmcls - INFO - Epoch [30][200/391]	lr: 1.000e-01, eta: 1:50:12, time: 0.204, data_time: 0.003, memory: 1627, loss: 1.3677
2021-06-22 00:11:07,291 - mmcls - INFO - Epoch [30][300/391]	lr: 1.000e-01, eta: 1:50:12, time: 0.246, data_time: 0.003, memory: 1627, loss: 1.3923
2021-06-22 00:11:40,974 - mmcls - INFO - Saving checkpoint at 30 epochs
2021-06-22 00:11:43,025 - mmcls - INFO - Epoch(val) [30][79]	accuracy_top-1: 53.7700, accuracy_top-5: 81.8200
2021-06-22 00:12:06,069 - mmcls - INFO - Epoch [31][100/391]	lr: 1.000e-01, eta: 1:48:58, time: 0.230, data_time: 0.025, memory: 1627, loss: 1.3044
2021-06-22 00:12:30,525 - mmcls - INFO - Epoch [31][200/391]	lr: 1.000e-01, eta: 1:48:56, time: 0.245, data_time: 0.003, memory: 1627, loss: 1.3660
2021-06-22 00:12:55,061 - mmcls - INFO - Epoch [31][300/391]	lr: 1.000e-01, eta: 1:48:55, time: 0.245, data_time: 0.002, memory: 1627, loss: 1.3765
2021-06-22 00:13:17,159 - mmcls - INFO - Saving checkpoint at 31 epochs
2021-06-22 00:13:43,633 - mmcls - INFO - Epoch [32][100/391]	lr: 1.000e-01, eta: 1:47:47, time: 0.244, data_time: 0.026, memory: 1627, loss: 1.3014
2021-06-22 00:14:02,060 - mmcls - INFO - Epoch [32][200/391]	lr: 1.000e-01, eta: 1:47:27, time: 0.184, data_time: 0.002, memory: 1627, loss: 1.3383
2021-06-22 00:14:26,250 - mmcls - INFO - Epoch [32][300/391]	lr: 1.000e-01, eta: 1:47:24, time: 0.242, data_time: 0.002, memory: 1627, loss: 1.3893
2021-06-22 00:14:48,581 - mmcls - INFO - Saving checkpoint at 32 epochs
2021-06-22 00:15:17,310 - mmcls - INFO - Epoch [33][100/391]	lr: 1.000e-01, eta: 1:46:24, time: 0.267, data_time: 0.026, memory: 1627, loss: 1.2944
2021-06-22 00:15:37,829 - mmcls - INFO - Epoch [33][200/391]	lr: 1.000e-01, eta: 1:46:10, time: 0.205, data_time: 0.002, memory: 1627, loss: 1.3624
2021-06-22 00:16:02,337 - mmcls - INFO - Epoch [33][300/391]	lr: 1.000e-01, eta: 1:46:07, time: 0.245, data_time: 0.003, memory: 1627, loss: 1.3896
2021-06-22 00:16:24,615 - mmcls - INFO - Saving checkpoint at 33 epochs
2021-06-22 00:16:53,346 - mmcls - INFO - Epoch [34][100/391]	lr: 1.000e-01, eta: 1:45:08, time: 0.267, data_time: 0.026, memory: 1627, loss: 1.2797
2021-06-22 00:17:14,483 - mmcls - INFO - Epoch [34][200/391]	lr: 1.000e-01, eta: 1:44:56, time: 0.211, data_time: 0.002, memory: 1627, loss: 1.3401
2021-06-22 00:17:38,159 - mmcls - INFO - Epoch [34][300/391]	lr: 1.000e-01, eta: 1:44:51, time: 0.237, data_time: 0.003, memory: 1627, loss: 1.3479
2021-06-22 00:18:00,382 - mmcls - INFO - Saving checkpoint at 34 epochs
2021-06-22 00:18:29,495 - mmcls - INFO - Epoch [35][100/391]	lr: 1.000e-01, eta: 1:43:53, time: 0.270, data_time: 0.027, memory: 1627, loss: 1.2854
2021-06-22 00:18:52,746 - mmcls - INFO - Epoch [35][200/391]	lr: 1.000e-01, eta: 1:43:46, time: 0.233, data_time: 0.002, memory: 1627, loss: 1.3546
2021-06-22 00:19:14,998 - mmcls - INFO - Epoch [35][300/391]	lr: 1.000e-01, eta: 1:43:36, time: 0.222, data_time: 0.005, memory: 1627, loss: 1.3401
2021-06-22 00:19:49,919 - mmcls - INFO - Saving checkpoint at 35 epochs
2021-06-22 00:19:51,957 - mmcls - INFO - Epoch(val) [35][79]	accuracy_top-1: 54.3700, accuracy_top-5: 81.9000
2021-06-22 00:20:18,779 - mmcls - INFO - Epoch [36][100/391]	lr: 1.000e-01, eta: 1:42:39, time: 0.268, data_time: 0.027, memory: 1627, loss: 1.2627
2021-06-22 00:20:39,252 - mmcls - INFO - Epoch [36][200/391]	lr: 1.000e-01, eta: 1:42:25, time: 0.205, data_time: 0.002, memory: 1627, loss: 1.3001
2021-06-22 00:21:03,639 - mmcls - INFO - Epoch [36][300/391]	lr: 1.000e-01, eta: 1:42:20, time: 0.244, data_time: 0.002, memory: 1627, loss: 1.3337
2021-06-22 00:21:26,195 - mmcls - INFO - Saving checkpoint at 36 epochs
2021-06-22 00:21:55,310 - mmcls - INFO - Epoch [37][100/391]	lr: 1.000e-01, eta: 1:41:25, time: 0.271, data_time: 0.027, memory: 1627, loss: 1.2527
2021-06-22 00:22:15,854 - mmcls - INFO - Epoch [37][200/391]	lr: 1.000e-01, eta: 1:41:11, time: 0.205, data_time: 0.003, memory: 1627, loss: 1.3218
2021-06-22 00:22:35,578 - mmcls - INFO - Epoch [37][300/391]	lr: 1.000e-01, eta: 1:40:55, time: 0.197, data_time: 0.003, memory: 1627, loss: 1.3741
2021-06-22 00:22:58,101 - mmcls - INFO - Saving checkpoint at 37 epochs
2021-06-22 00:23:27,499 - mmcls - INFO - Epoch [38][100/391]	lr: 1.000e-01, eta: 1:40:01, time: 0.272, data_time: 0.028, memory: 1627, loss: 1.2531
2021-06-22 00:23:52,090 - mmcls - INFO - Epoch [38][200/391]	lr: 1.000e-01, eta: 1:39:56, time: 0.246, data_time: 0.003, memory: 1627, loss: 1.2931
2021-06-22 00:24:12,596 - mmcls - INFO - Epoch [38][300/391]	lr: 1.000e-01, eta: 1:39:41, time: 0.205, data_time: 0.003, memory: 1627, loss: 1.3390
2021-06-22 00:24:35,369 - mmcls - INFO - Saving checkpoint at 38 epochs
2021-06-22 00:25:04,234 - mmcls - INFO - Epoch [39][100/391]	lr: 1.000e-01, eta: 1:38:47, time: 0.268, data_time: 0.026, memory: 1627, loss: 1.2483
2021-06-22 00:25:28,730 - mmcls - INFO - Epoch [39][200/391]	lr: 1.000e-01, eta: 1:38:41, time: 0.245, data_time: 0.003, memory: 1627, loss: 1.3060
2021-06-22 00:25:49,473 - mmcls - INFO - Epoch [39][300/391]	lr: 1.000e-01, eta: 1:38:27, time: 0.207, data_time: 0.003, memory: 1627, loss: 1.3239
2021-06-22 00:26:11,913 - mmcls - INFO - Saving checkpoint at 39 epochs
2021-06-22 00:26:41,282 - mmcls - INFO - Epoch [40][100/391]	lr: 1.000e-01, eta: 1:37:34, time: 0.273, data_time: 0.027, memory: 1627, loss: 1.2561
2021-06-22 00:27:06,108 - mmcls - INFO - Epoch [40][200/391]	lr: 1.000e-01, eta: 1:37:29, time: 0.248, data_time: 0.003, memory: 1627, loss: 1.2827
2021-06-22 00:27:26,702 - mmcls - INFO - Epoch [40][300/391]	lr: 1.000e-01, eta: 1:37:14, time: 0.206, data_time: 0.003, memory: 1627, loss: 1.3030
2021-06-22 00:28:03,069 - mmcls - INFO - Saving checkpoint at 40 epochs
2021-06-22 00:28:05,073 - mmcls - INFO - Epoch(val) [40][79]	accuracy_top-1: 50.6400, accuracy_top-5: 79.3400
2021-06-22 00:28:32,134 - mmcls - INFO - Epoch [41][100/391]	lr: 1.000e-02, eta: 1:36:22, time: 0.270, data_time: 0.027, memory: 1627, loss: 0.9422
2021-06-22 00:28:55,368 - mmcls - INFO - Epoch [41][200/391]	lr: 1.000e-02, eta: 1:36:12, time: 0.232, data_time: 0.003, memory: 1627, loss: 0.7990
2021-06-22 00:29:17,821 - mmcls - INFO - Epoch [41][300/391]	lr: 1.000e-02, eta: 1:36:01, time: 0.224, data_time: 0.005, memory: 1627, loss: 0.7547
2021-06-22 00:29:40,243 - mmcls - INFO - Saving checkpoint at 41 epochs
2021-06-22 00:30:09,244 - mmcls - INFO - Epoch [42][100/391]	lr: 1.000e-02, eta: 1:35:09, time: 0.269, data_time: 0.026, memory: 1627, loss: 0.6478
2021-06-22 00:30:33,650 - mmcls - INFO - Epoch [42][200/391]	lr: 1.000e-02, eta: 1:35:02, time: 0.244, data_time: 0.003, memory: 1627, loss: 0.6419
2021-06-22 00:30:50,611 - mmcls - INFO - Epoch [42][300/391]	lr: 1.000e-02, eta: 1:34:40, time: 0.170, data_time: 0.003, memory: 1627, loss: 0.6290
2021-06-22 00:31:11,948 - mmcls - INFO - Saving checkpoint at 42 epochs
2021-06-22 00:31:40,637 - mmcls - INFO - Epoch [43][100/391]	lr: 1.000e-02, eta: 1:33:49, time: 0.266, data_time: 0.026, memory: 1627, loss: 0.5582
2021-06-22 00:32:05,224 - mmcls - INFO - Epoch [43][200/391]	lr: 1.000e-02, eta: 1:33:41, time: 0.246, data_time: 0.003, memory: 1627, loss: 0.5704
2021-06-22 00:32:29,512 - mmcls - INFO - Epoch [43][300/391]	lr: 1.000e-02, eta: 1:33:33, time: 0.243, data_time: 0.002, memory: 1627, loss: 0.5651
2021-06-22 00:32:48,148 - mmcls - INFO - Saving checkpoint at 43 epochs
2021-06-22 00:33:16,977 - mmcls - INFO - Epoch [44][100/391]	lr: 1.000e-02, eta: 1:32:42, time: 0.268, data_time: 0.027, memory: 1627, loss: 0.4988
2021-06-22 00:33:41,912 - mmcls - INFO - Epoch [44][200/391]	lr: 1.000e-02, eta: 1:32:35, time: 0.249, data_time: 0.003, memory: 1627, loss: 0.4988
2021-06-22 00:34:06,374 - mmcls - INFO - Epoch [44][300/391]	lr: 1.000e-02, eta: 1:32:26, time: 0.245, data_time: 0.003, memory: 1627, loss: 0.5117
2021-06-22 00:34:24,822 - mmcls - INFO - Saving checkpoint at 44 epochs
2021-06-22 00:34:53,598 - mmcls - INFO - Epoch [45][100/391]	lr: 1.000e-02, eta: 1:31:36, time: 0.267, data_time: 0.026, memory: 1627, loss: 0.4503
2021-06-22 00:35:18,132 - mmcls - INFO - Epoch [45][200/391]	lr: 1.000e-02, eta: 1:31:27, time: 0.245, data_time: 0.003, memory: 1627, loss: 0.4680
2021-06-22 00:35:42,440 - mmcls - INFO - Epoch [45][300/391]	lr: 1.000e-02, eta: 1:31:18, time: 0.243, data_time: 0.003, memory: 1627, loss: 0.4570
2021-06-22 00:36:11,755 - mmcls - INFO - Saving checkpoint at 45 epochs
2021-06-22 00:36:13,813 - mmcls - INFO - Epoch(val) [45][79]	accuracy_top-1: 72.4300, accuracy_top-5: 92.7100
2021-06-22 00:36:40,343 - mmcls - INFO - Epoch [46][100/391]	lr: 1.000e-02, eta: 1:30:28, time: 0.265, data_time: 0.024, memory: 1627, loss: 0.3988
2021-06-22 00:37:04,536 - mmcls - INFO - Epoch [46][200/391]	lr: 1.000e-02, eta: 1:30:18, time: 0.242, data_time: 0.002, memory: 1627, loss: 0.4170
2021-06-22 00:37:27,761 - mmcls - INFO - Epoch [46][300/391]	lr: 1.000e-02, eta: 1:30:07, time: 0.232, data_time: 0.003, memory: 1627, loss: 0.4267
2021-06-22 00:37:48,260 - mmcls - INFO - Saving checkpoint at 46 epochs
2021-06-22 00:38:17,058 - mmcls - INFO - Epoch [47][100/391]	lr: 1.000e-02, eta: 1:29:18, time: 0.269, data_time: 0.026, memory: 1627, loss: 0.3615
2021-06-22 00:38:41,562 - mmcls - INFO - Epoch [47][200/391]	lr: 1.000e-02, eta: 1:29:09, time: 0.245, data_time: 0.003, memory: 1627, loss: 0.3737
2021-06-22 00:39:05,973 - mmcls - INFO - Epoch [47][300/391]	lr: 1.000e-02, eta: 1:28:59, time: 0.244, data_time: 0.003, memory: 1627, loss: 0.3904
2021-06-22 00:39:21,282 - mmcls - INFO - Saving checkpoint at 47 epochs
2021-06-22 00:39:50,824 - mmcls - INFO - Epoch [48][100/391]	lr: 1.000e-02, eta: 1:28:10, time: 0.270, data_time: 0.026, memory: 1627, loss: 0.3408
2021-06-22 00:40:15,316 - mmcls - INFO - Epoch [48][200/391]	lr: 1.000e-02, eta: 1:28:01, time: 0.245, data_time: 0.003, memory: 1627, loss: 0.3446
2021-06-22 00:40:39,727 - mmcls - INFO - Epoch [48][300/391]	lr: 1.000e-02, eta: 1:27:51, time: 0.244, data_time: 0.002, memory: 1627, loss: 0.3496
2021-06-22 00:41:01,908 - mmcls - INFO - Saving checkpoint at 48 epochs
2021-06-22 00:41:29,524 - mmcls - INFO - Epoch [49][100/391]	lr: 1.000e-02, eta: 1:27:00, time: 0.255, data_time: 0.026, memory: 1627, loss: 0.3157
2021-06-22 00:41:53,874 - mmcls - INFO - Epoch [49][200/391]	lr: 1.000e-02, eta: 1:26:50, time: 0.243, data_time: 0.002, memory: 1627, loss: 0.3116
2021-06-22 00:42:18,381 - mmcls - INFO - Epoch [49][300/391]	lr: 1.000e-02, eta: 1:26:40, time: 0.245, data_time: 0.002, memory: 1627, loss: 0.3252
2021-06-22 00:42:40,789 - mmcls - INFO - Saving checkpoint at 49 epochs
2021-06-22 00:43:05,482 - mmcls - INFO - Epoch [50][100/391]	lr: 1.000e-02, eta: 1:25:46, time: 0.228, data_time: 0.026, memory: 1627, loss: 0.2771
2021-06-22 00:43:30,005 - mmcls - INFO - Epoch [50][200/391]	lr: 1.000e-02, eta: 1:25:35, time: 0.245, data_time: 0.003, memory: 1627, loss: 0.2858
2021-06-22 00:43:54,604 - mmcls - INFO - Epoch [50][300/391]	lr: 1.000e-02, eta: 1:25:25, time: 0.246, data_time: 0.003, memory: 1627, loss: 0.2995
2021-06-22 00:44:29,872 - mmcls - INFO - Saving checkpoint at 50 epochs
2021-06-22 00:44:31,951 - mmcls - INFO - Epoch(val) [50][79]	accuracy_top-1: 72.2400, accuracy_top-5: 92.0300
2021-06-22 00:44:58,718 - mmcls - INFO - Epoch [51][100/391]	lr: 1.000e-02, eta: 1:24:37, time: 0.268, data_time: 0.025, memory: 1627, loss: 0.2575
2021-06-22 00:45:23,488 - mmcls - INFO - Epoch [51][200/391]	lr: 1.000e-02, eta: 1:24:27, time: 0.248, data_time: 0.002, memory: 1627, loss: 0.2689
2021-06-22 00:45:48,148 - mmcls - INFO - Epoch [51][300/391]	lr: 1.000e-02, eta: 1:24:17, time: 0.247, data_time: 0.003, memory: 1627, loss: 0.2770
2021-06-22 00:46:09,875 - mmcls - INFO - Saving checkpoint at 51 epochs
2021-06-22 00:46:39,490 - mmcls - INFO - Epoch [52][100/391]	lr: 1.000e-02, eta: 1:23:29, time: 0.266, data_time: 0.026, memory: 1627, loss: 0.2310
2021-06-22 00:47:04,049 - mmcls - INFO - Epoch [52][200/391]	lr: 1.000e-02, eta: 1:23:18, time: 0.246, data_time: 0.003, memory: 1627, loss: 0.2509
2021-06-22 00:47:28,640 - mmcls - INFO - Epoch [52][300/391]	lr: 1.000e-02, eta: 1:23:07, time: 0.246, data_time: 0.003, memory: 1627, loss: 0.2695
2021-06-22 00:47:50,958 - mmcls - INFO - Saving checkpoint at 52 epochs
2021-06-22 00:48:12,497 - mmcls - INFO - Epoch [53][100/391]	lr: 1.000e-02, eta: 1:22:10, time: 0.195, data_time: 0.025, memory: 1627, loss: 0.2228
2021-06-22 00:48:37,108 - mmcls - INFO - Epoch [53][200/391]	lr: 1.000e-02, eta: 1:22:00, time: 0.246, data_time: 0.003, memory: 1627, loss: 0.2217
2021-06-22 00:49:01,654 - mmcls - INFO - Epoch [53][300/391]	lr: 1.000e-02, eta: 1:21:48, time: 0.245, data_time: 0.003, memory: 1627, loss: 0.2400
2021-06-22 00:49:24,030 - mmcls - INFO - Saving checkpoint at 53 epochs
2021-06-22 00:49:49,038 - mmcls - INFO - Epoch [54][100/391]	lr: 1.000e-02, eta: 1:20:57, time: 0.229, data_time: 0.026, memory: 1627, loss: 0.2140
2021-06-22 00:50:13,496 - mmcls - INFO - Epoch [54][200/391]	lr: 1.000e-02, eta: 1:20:45, time: 0.245, data_time: 0.003, memory: 1627, loss: 0.2279
2021-06-22 00:50:38,020 - mmcls - INFO - Epoch [54][300/391]	lr: 1.000e-02, eta: 1:20:34, time: 0.245, data_time: 0.002, memory: 1627, loss: 0.2213
2021-06-22 00:51:00,329 - mmcls - INFO - Saving checkpoint at 54 epochs
2021-06-22 00:51:27,063 - mmcls - INFO - Epoch [55][100/391]	lr: 1.000e-02, eta: 1:19:45, time: 0.246, data_time: 0.026, memory: 1627, loss: 0.2021
2021-06-22 00:51:50,198 - mmcls - INFO - Epoch [55][200/391]	lr: 1.000e-02, eta: 1:19:32, time: 0.231, data_time: 0.003, memory: 1627, loss: 0.2027
2021-06-22 00:52:14,865 - mmcls - INFO - Epoch [55][300/391]	lr: 1.000e-02, eta: 1:19:20, time: 0.247, data_time: 0.003, memory: 1627, loss: 0.2048
2021-06-22 00:52:48,238 - mmcls - INFO - Saving checkpoint at 55 epochs
2021-06-22 00:52:50,273 - mmcls - INFO - Epoch(val) [55][79]	accuracy_top-1: 72.2700, accuracy_top-5: 91.8200
2021-06-22 00:53:13,088 - mmcls - INFO - Epoch [56][100/391]	lr: 1.000e-02, eta: 1:18:30, time: 0.228, data_time: 0.027, memory: 1627, loss: 0.1938
2021-06-22 00:53:37,485 - mmcls - INFO - Epoch [56][200/391]	lr: 1.000e-02, eta: 1:18:18, time: 0.244, data_time: 0.002, memory: 1627, loss: 0.1957
2021-06-22 00:54:02,085 - mmcls - INFO - Epoch [56][300/391]	lr: 1.000e-02, eta: 1:18:06, time: 0.246, data_time: 0.003, memory: 1627, loss: 0.2046
2021-06-22 00:54:24,536 - mmcls - INFO - Saving checkpoint at 56 epochs
2021-06-22 00:54:49,559 - mmcls - INFO - Epoch [57][100/391]	lr: 1.000e-02, eta: 1:17:16, time: 0.230, data_time: 0.027, memory: 1627, loss: 0.1822
2021-06-22 00:55:14,125 - mmcls - INFO - Epoch [57][200/391]	lr: 1.000e-02, eta: 1:17:04, time: 0.246, data_time: 0.003, memory: 1627, loss: 0.1913
2021-06-22 00:55:38,802 - mmcls - INFO - Epoch [57][300/391]	lr: 1.000e-02, eta: 1:16:52, time: 0.247, data_time: 0.003, memory: 1627, loss: 0.2065
2021-06-22 00:56:01,370 - mmcls - INFO - Saving checkpoint at 57 epochs
2021-06-22 00:56:28,373 - mmcls - INFO - Epoch [58][100/391]	lr: 1.000e-02, eta: 1:16:05, time: 0.249, data_time: 0.026, memory: 1627, loss: 0.1691
2021-06-22 00:56:45,524 - mmcls - INFO - Epoch [58][200/391]	lr: 1.000e-02, eta: 1:15:45, time: 0.171, data_time: 0.003, memory: 1627, loss: 0.1834
2021-06-22 00:57:10,107 - mmcls - INFO - Epoch [58][300/391]	lr: 1.000e-02, eta: 1:15:32, time: 0.246, data_time: 0.003, memory: 1627, loss: 0.2021
2021-06-22 00:57:32,592 - mmcls - INFO - Saving checkpoint at 58 epochs
2021-06-22 00:58:01,573 - mmcls - INFO - Epoch [59][100/391]	lr: 1.000e-02, eta: 1:14:48, time: 0.269, data_time: 0.026, memory: 1627, loss: 0.1600
2021-06-22 00:58:22,299 - mmcls - INFO - Epoch [59][200/391]	lr: 1.000e-02, eta: 1:14:31, time: 0.207, data_time: 0.003, memory: 1627, loss: 0.1668
2021-06-22 00:58:46,822 - mmcls - INFO - Epoch [59][300/391]	lr: 1.000e-02, eta: 1:14:19, time: 0.245, data_time: 0.003, memory: 1627, loss: 0.1850
2021-06-22 00:59:09,144 - mmcls - INFO - Saving checkpoint at 59 epochs
2021-06-22 00:59:38,192 - mmcls - INFO - Epoch [60][100/391]	lr: 1.000e-02, eta: 1:13:35, time: 0.270, data_time: 0.027, memory: 1627, loss: 0.1684
2021-06-22 01:00:00,547 - mmcls - INFO - Epoch [60][200/391]	lr: 1.000e-02, eta: 1:13:20, time: 0.224, data_time: 0.003, memory: 1627, loss: 0.1769
2021-06-22 01:00:23,549 - mmcls - INFO - Epoch [60][300/391]	lr: 1.000e-02, eta: 1:13:06, time: 0.230, data_time: 0.003, memory: 1627, loss: 0.1855
2021-06-22 01:00:59,003 - mmcls - INFO - Saving checkpoint at 60 epochs
2021-06-22 01:01:01,155 - mmcls - INFO - Epoch(val) [60][79]	accuracy_top-1: 71.5000, accuracy_top-5: 90.9200
2021-06-22 01:01:27,909 - mmcls - INFO - Epoch [61][100/391]	lr: 1.000e-02, eta: 1:12:21, time: 0.267, data_time: 0.025, memory: 1627, loss: 0.1475
2021-06-22 01:01:48,318 - mmcls - INFO - Epoch [61][200/391]	lr: 1.000e-02, eta: 1:12:04, time: 0.204, data_time: 0.002, memory: 1627, loss: 0.1617
2021-06-22 01:02:12,735 - mmcls - INFO - Epoch [61][300/391]	lr: 1.000e-02, eta: 1:11:52, time: 0.244, data_time: 0.003, memory: 1627, loss: 0.1654
2021-06-22 01:02:35,094 - mmcls - INFO - Saving checkpoint at 61 epochs
2021-06-22 01:03:04,334 - mmcls - INFO - Epoch [62][100/391]	lr: 1.000e-02, eta: 1:11:08, time: 0.271, data_time: 0.026, memory: 1627, loss: 0.1498
2021-06-22 01:03:25,050 - mmcls - INFO - Epoch [62][200/391]	lr: 1.000e-02, eta: 1:10:51, time: 0.207, data_time: 0.003, memory: 1627, loss: 0.1531
2021-06-22 01:03:49,471 - mmcls - INFO - Epoch [62][300/391]	lr: 1.000e-02, eta: 1:10:38, time: 0.244, data_time: 0.003, memory: 1627, loss: 0.1748
2021-06-22 01:04:11,775 - mmcls - INFO - Saving checkpoint at 62 epochs
2021-06-22 01:04:40,783 - mmcls - INFO - Epoch [63][100/391]	lr: 1.000e-02, eta: 1:09:55, time: 0.270, data_time: 0.027, memory: 1627, loss: 0.1610
2021-06-22 01:05:01,997 - mmcls - INFO - Epoch [63][200/391]	lr: 1.000e-02, eta: 1:09:38, time: 0.212, data_time: 0.003, memory: 1627, loss: 0.1575
2021-06-22 01:05:20,518 - mmcls - INFO - Epoch [63][300/391]	lr: 1.000e-02, eta: 1:09:20, time: 0.185, data_time: 0.003, memory: 1627, loss: 0.1721
2021-06-22 01:05:43,037 - mmcls - INFO - Saving checkpoint at 63 epochs
2021-06-22 01:06:12,534 - mmcls - INFO - Epoch [64][100/391]	lr: 1.000e-02, eta: 1:08:37, time: 0.274, data_time: 0.028, memory: 1627, loss: 0.1546
2021-06-22 01:06:37,042 - mmcls - INFO - Epoch [64][200/391]	lr: 1.000e-02, eta: 1:08:24, time: 0.245, data_time: 0.003, memory: 1627, loss: 0.1649
2021-06-22 01:06:57,652 - mmcls - INFO - Epoch [64][300/391]	lr: 1.000e-02, eta: 1:08:07, time: 0.206, data_time: 0.003, memory: 1627, loss: 0.1797
2021-06-22 01:07:19,995 - mmcls - INFO - Saving checkpoint at 64 epochs
2021-06-22 01:07:49,157 - mmcls - INFO - Epoch [65][100/391]	lr: 1.000e-02, eta: 1:07:24, time: 0.271, data_time: 0.026, memory: 1627, loss: 0.1465
2021-06-22 01:08:13,633 - mmcls - INFO - Epoch [65][200/391]	lr: 1.000e-02, eta: 1:07:11, time: 0.245, data_time: 0.003, memory: 1627, loss: 0.1572
2021-06-22 01:08:34,203 - mmcls - INFO - Epoch [65][300/391]	lr: 1.000e-02, eta: 1:06:54, time: 0.206, data_time: 0.003, memory: 1627, loss: 0.1644
2021-06-22 01:09:10,797 - mmcls - INFO - Saving checkpoint at 65 epochs
2021-06-22 01:09:12,876 - mmcls - INFO - Epoch(val) [65][79]	accuracy_top-1: 70.1500, accuracy_top-5: 90.1300
2021-06-22 01:09:39,732 - mmcls - INFO - Epoch [66][100/391]	lr: 1.000e-02, eta: 1:06:11, time: 0.268, data_time: 0.027, memory: 1627, loss: 0.1589
2021-06-22 01:10:02,802 - mmcls - INFO - Epoch [66][200/391]	lr: 1.000e-02, eta: 1:05:56, time: 0.231, data_time: 0.002, memory: 1627, loss: 0.1730
2021-06-22 01:10:25,171 - mmcls - INFO - Epoch [66][300/391]	lr: 1.000e-02, eta: 1:05:41, time: 0.224, data_time: 0.005, memory: 1627, loss: 0.1808
2021-06-22 01:10:47,572 - mmcls - INFO - Saving checkpoint at 66 epochs
2021-06-22 01:11:16,665 - mmcls - INFO - Epoch [67][100/391]	lr: 1.000e-02, eta: 1:04:58, time: 0.270, data_time: 0.026, memory: 1627, loss: 0.1501
2021-06-22 01:11:41,270 - mmcls - INFO - Epoch [67][200/391]	lr: 1.000e-02, eta: 1:04:45, time: 0.246, data_time: 0.003, memory: 1627, loss: 0.1692
2021-06-22 01:12:01,925 - mmcls - INFO - Epoch [67][300/391]	lr: 1.000e-02, eta: 1:04:28, time: 0.207, data_time: 0.003, memory: 1627, loss: 0.1733
2021-06-22 01:12:24,576 - mmcls - INFO - Saving checkpoint at 67 epochs
2021-06-22 01:12:53,927 - mmcls - INFO - Epoch [68][100/391]	lr: 1.000e-02, eta: 1:03:46, time: 0.273, data_time: 0.028, memory: 1627, loss: 0.1431
2021-06-22 01:13:18,621 - mmcls - INFO - Epoch [68][200/391]	lr: 1.000e-02, eta: 1:03:32, time: 0.247, data_time: 0.002, memory: 1627, loss: 0.1371
2021-06-22 01:13:37,220 - mmcls - INFO - Epoch [68][300/391]	lr: 1.000e-02, eta: 1:03:14, time: 0.186, data_time: 0.003, memory: 1627, loss: 0.1698
2021-06-22 01:13:55,534 - mmcls - INFO - Saving checkpoint at 68 epochs
2021-06-22 01:14:24,637 - mmcls - INFO - Epoch [69][100/391]	lr: 1.000e-02, eta: 1:02:32, time: 0.271, data_time: 0.026, memory: 1627, loss: 0.1354
2021-06-22 01:14:49,301 - mmcls - INFO - Epoch [69][200/391]	lr: 1.000e-02, eta: 1:02:18, time: 0.247, data_time: 0.003, memory: 1627, loss: 0.1547
2021-06-22 01:15:14,054 - mmcls - INFO - Epoch [69][300/391]	lr: 1.000e-02, eta: 1:02:04, time: 0.248, data_time: 0.003, memory: 1627, loss: 0.1694
2021-06-22 01:15:32,834 - mmcls - INFO - Saving checkpoint at 69 epochs
2021-06-22 01:16:01,826 - mmcls - INFO - Epoch [70][100/391]	lr: 1.000e-02, eta: 1:01:22, time: 0.269, data_time: 0.026, memory: 1627, loss: 0.1586
2021-06-22 01:16:26,654 - mmcls - INFO - Epoch [70][200/391]	lr: 1.000e-02, eta: 1:01:08, time: 0.248, data_time: 0.003, memory: 1627, loss: 0.1710
2021-06-22 01:16:51,346 - mmcls - INFO - Epoch [70][300/391]	lr: 1.000e-02, eta: 1:00:54, time: 0.247, data_time: 0.003, memory: 1627, loss: 0.1775
2021-06-22 01:17:23,174 - mmcls - INFO - Saving checkpoint at 70 epochs
2021-06-22 01:17:25,279 - mmcls - INFO - Epoch(val) [70][79]	accuracy_top-1: 70.6900, accuracy_top-5: 90.3300
2021-06-22 01:17:52,203 - mmcls - INFO - Epoch [71][100/391]	lr: 1.000e-02, eta: 1:00:12, time: 0.269, data_time: 0.026, memory: 1627, loss: 0.1592
2021-06-22 01:18:16,773 - mmcls - INFO - Epoch [71][200/391]	lr: 1.000e-02, eta: 0:59:58, time: 0.246, data_time: 0.003, memory: 1627, loss: 0.1600
2021-06-22 01:18:38,172 - mmcls - INFO - Epoch [71][300/391]	lr: 1.000e-02, eta: 0:59:41, time: 0.214, data_time: 0.003, memory: 1627, loss: 0.1790
2021-06-22 01:18:59,920 - mmcls - INFO - Saving checkpoint at 71 epochs
2021-06-22 01:19:29,183 - mmcls - INFO - Epoch [72][100/391]	lr: 1.000e-02, eta: 0:59:00, time: 0.271, data_time: 0.027, memory: 1627, loss: 0.1480
2021-06-22 01:19:53,825 - mmcls - INFO - Epoch [72][200/391]	lr: 1.000e-02, eta: 0:58:45, time: 0.246, data_time: 0.003, memory: 1627, loss: 0.1641
2021-06-22 01:20:17,291 - mmcls - INFO - Epoch [72][300/391]	lr: 1.000e-02, eta: 0:58:30, time: 0.235, data_time: 0.003, memory: 1627, loss: 0.1818
2021-06-22 01:20:37,671 - mmcls - INFO - Saving checkpoint at 72 epochs
2021-06-22 01:21:06,852 - mmcls - INFO - Epoch [73][100/391]	lr: 1.000e-02, eta: 0:57:49, time: 0.271, data_time: 0.027, memory: 1627, loss: 0.1607
2021-06-22 01:21:31,448 - mmcls - INFO - Epoch [73][200/391]	lr: 1.000e-02, eta: 0:57:34, time: 0.246, data_time: 0.003, memory: 1627, loss: 0.1609
2021-06-22 01:21:56,082 - mmcls - INFO - Epoch [73][300/391]	lr: 1.000e-02, eta: 0:57:20, time: 0.246, data_time: 0.003, memory: 1627, loss: 0.1716
2021-06-22 01:22:11,202 - mmcls - INFO - Saving checkpoint at 73 epochs
2021-06-22 01:22:37,135 - mmcls - INFO - Epoch [74][100/391]	lr: 1.000e-02, eta: 0:56:37, time: 0.239, data_time: 0.027, memory: 1627, loss: 0.1465
2021-06-22 01:23:01,660 - mmcls - INFO - Epoch [74][200/391]	lr: 1.000e-02, eta: 0:56:22, time: 0.245, data_time: 0.003, memory: 1627, loss: 0.1567
2021-06-22 01:23:26,223 - mmcls - INFO - Epoch [74][300/391]	lr: 1.000e-02, eta: 0:56:07, time: 0.246, data_time: 0.003, memory: 1627, loss: 0.1844
2021-06-22 01:23:48,798 - mmcls - INFO - Saving checkpoint at 74 epochs
2021-06-22 01:24:14,030 - mmcls - INFO - Epoch [75][100/391]	lr: 1.000e-02, eta: 0:55:24, time: 0.231, data_time: 0.026, memory: 1627, loss: 0.1565
2021-06-22 01:24:38,762 - mmcls - INFO - Epoch [75][200/391]	lr: 1.000e-02, eta: 0:55:09, time: 0.247, data_time: 0.003, memory: 1627, loss: 0.1580
2021-06-22 01:25:03,564 - mmcls - INFO - Epoch [75][300/391]	lr: 1.000e-02, eta: 0:54:54, time: 0.248, data_time: 0.003, memory: 1627, loss: 0.1737
2021-06-22 01:25:40,585 - mmcls - INFO - Saving checkpoint at 75 epochs
2021-06-22 01:25:42,788 - mmcls - INFO - Epoch(val) [75][79]	accuracy_top-1: 70.2900, accuracy_top-5: 89.9200
2021-06-22 01:26:09,718 - mmcls - INFO - Epoch [76][100/391]	lr: 1.000e-02, eta: 0:54:13, time: 0.269, data_time: 0.027, memory: 1627, loss: 0.1504
2021-06-22 01:26:34,429 - mmcls - INFO - Epoch [76][200/391]	lr: 1.000e-02, eta: 0:53:58, time: 0.247, data_time: 0.003, memory: 1627, loss: 0.1699
2021-06-22 01:26:59,447 - mmcls - INFO - Epoch [76][300/391]	lr: 1.000e-02, eta: 0:53:43, time: 0.250, data_time: 0.003, memory: 1627, loss: 0.1886
2021-06-22 01:27:19,510 - mmcls - INFO - Saving checkpoint at 76 epochs
2021-06-22 01:27:49,197 - mmcls - INFO - Epoch [77][100/391]	lr: 1.000e-02, eta: 0:53:03, time: 0.273, data_time: 0.026, memory: 1627, loss: 0.1570
2021-06-22 01:28:13,916 - mmcls - INFO - Epoch [77][200/391]	lr: 1.000e-02, eta: 0:52:48, time: 0.247, data_time: 0.002, memory: 1627, loss: 0.1658
2021-06-22 01:28:38,197 - mmcls - INFO - Epoch [77][300/391]	lr: 1.000e-02, eta: 0:52:32, time: 0.243, data_time: 0.002, memory: 1627, loss: 0.1774
2021-06-22 01:29:00,021 - mmcls - INFO - Saving checkpoint at 77 epochs
2021-06-22 01:29:29,968 - mmcls - INFO - Epoch [78][100/391]	lr: 1.000e-02, eta: 0:51:52, time: 0.270, data_time: 0.027, memory: 1627, loss: 0.1480
2021-06-22 01:29:54,676 - mmcls - INFO - Epoch [78][200/391]	lr: 1.000e-02, eta: 0:51:37, time: 0.247, data_time: 0.002, memory: 1627, loss: 0.1606
2021-06-22 01:30:19,184 - mmcls - INFO - Epoch [78][300/391]	lr: 1.000e-02, eta: 0:51:21, time: 0.245, data_time: 0.003, memory: 1627, loss: 0.1696
2021-06-22 01:30:41,379 - mmcls - INFO - Saving checkpoint at 78 epochs
2021-06-22 01:31:01,022 - mmcls - INFO - Epoch [79][100/391]	lr: 1.000e-02, eta: 0:50:36, time: 0.175, data_time: 0.027, memory: 1627, loss: 0.1491
2021-06-22 01:31:25,477 - mmcls - INFO - Epoch [79][200/391]	lr: 1.000e-02, eta: 0:50:20, time: 0.245, data_time: 0.003, memory: 1627, loss: 0.1515
2021-06-22 01:31:50,044 - mmcls - INFO - Epoch [79][300/391]	lr: 1.000e-02, eta: 0:50:05, time: 0.246, data_time: 0.002, memory: 1627, loss: 0.1707
2021-06-22 01:32:12,501 - mmcls - INFO - Saving checkpoint at 79 epochs
2021-06-22 01:32:40,069 - mmcls - INFO - Epoch [80][100/391]	lr: 1.000e-02, eta: 0:49:24, time: 0.254, data_time: 0.027, memory: 1627, loss: 0.1537
2021-06-22 01:33:02,384 - mmcls - INFO - Epoch [80][200/391]	lr: 1.000e-02, eta: 0:49:07, time: 0.223, data_time: 0.004, memory: 1627, loss: 0.1620
2021-06-22 01:33:26,832 - mmcls - INFO - Epoch [80][300/391]	lr: 1.000e-02, eta: 0:48:52, time: 0.244, data_time: 0.002, memory: 1627, loss: 0.1811
2021-06-22 01:34:03,834 - mmcls - INFO - Saving checkpoint at 80 epochs
2021-06-22 01:34:05,897 - mmcls - INFO - Epoch(val) [80][79]	accuracy_top-1: 69.3000, accuracy_top-5: 89.5200
2021-06-22 01:34:29,092 - mmcls - INFO - Epoch [81][100/391]	lr: 1.000e-03, eta: 0:48:10, time: 0.232, data_time: 0.026, memory: 1627, loss: 0.1146
2021-06-22 01:34:53,654 - mmcls - INFO - Epoch [81][200/391]	lr: 1.000e-03, eta: 0:47:54, time: 0.246, data_time: 0.003, memory: 1627, loss: 0.0785
2021-06-22 01:35:18,386 - mmcls - INFO - Epoch [81][300/391]	lr: 1.000e-03, eta: 0:47:39, time: 0.247, data_time: 0.003, memory: 1627, loss: 0.0696
2021-06-22 01:35:40,818 - mmcls - INFO - Saving checkpoint at 81 epochs
2021-06-22 01:36:06,172 - mmcls - INFO - Epoch [82][100/391]	lr: 1.000e-03, eta: 0:46:57, time: 0.233, data_time: 0.027, memory: 1627, loss: 0.0531
2021-06-22 01:36:31,327 - mmcls - INFO - Epoch [82][200/391]	lr: 1.000e-03, eta: 0:46:42, time: 0.252, data_time: 0.003, memory: 1627, loss: 0.0528
2021-06-22 01:36:55,923 - mmcls - INFO - Epoch [82][300/391]	lr: 1.000e-03, eta: 0:46:26, time: 0.246, data_time: 0.002, memory: 1627, loss: 0.0468
2021-06-22 01:37:18,400 - mmcls - INFO - Saving checkpoint at 82 epochs
2021-06-22 01:37:43,382 - mmcls - INFO - Epoch [83][100/391]	lr: 1.000e-03, eta: 0:45:44, time: 0.229, data_time: 0.027, memory: 1627, loss: 0.0401
2021-06-22 01:38:07,931 - mmcls - INFO - Epoch [83][200/391]	lr: 1.000e-03, eta: 0:45:28, time: 0.245, data_time: 0.003, memory: 1627, loss: 0.0422
2021-06-22 01:38:32,375 - mmcls - INFO - Epoch [83][300/391]	lr: 1.000e-03, eta: 0:45:12, time: 0.244, data_time: 0.002, memory: 1627, loss: 0.0413
2021-06-22 01:38:54,854 - mmcls - INFO - Saving checkpoint at 83 epochs
2021-06-22 01:39:21,597 - mmcls - INFO - Epoch [84][100/391]	lr: 1.000e-03, eta: 0:44:32, time: 0.247, data_time: 0.026, memory: 1627, loss: 0.0354
2021-06-22 01:39:38,083 - mmcls - INFO - Epoch [84][200/391]	lr: 1.000e-03, eta: 0:44:12, time: 0.165, data_time: 0.002, memory: 1627, loss: 0.0342
2021-06-22 01:40:02,627 - mmcls - INFO - Epoch [84][300/391]	lr: 1.000e-03, eta: 0:43:56, time: 0.245, data_time: 0.002, memory: 1627, loss: 0.0326
2021-06-22 01:40:24,962 - mmcls - INFO - Saving checkpoint at 84 epochs
2021-06-22 01:40:54,065 - mmcls - INFO - Epoch [85][100/391]	lr: 1.000e-03, eta: 0:43:17, time: 0.270, data_time: 0.026, memory: 1627, loss: 0.0312
2021-06-22 01:41:15,940 - mmcls - INFO - Epoch [85][200/391]	lr: 1.000e-03, eta: 0:43:00, time: 0.219, data_time: 0.002, memory: 1627, loss: 0.0309
2021-06-22 01:41:39,116 - mmcls - INFO - Epoch [85][300/391]	lr: 1.000e-03, eta: 0:42:43, time: 0.232, data_time: 0.002, memory: 1627, loss: 0.0295
2021-06-22 01:42:15,730 - mmcls - INFO - Saving checkpoint at 85 epochs
2021-06-22 01:42:17,829 - mmcls - INFO - Epoch(val) [85][79]	accuracy_top-1: 74.6300, accuracy_top-5: 91.9600
2021-06-22 01:42:44,875 - mmcls - INFO - Epoch [86][100/391]	lr: 1.000e-03, eta: 0:42:04, time: 0.270, data_time: 0.027, memory: 1627, loss: 0.0258
2021-06-22 01:43:05,631 - mmcls - INFO - Epoch [86][200/391]	lr: 1.000e-03, eta: 0:41:47, time: 0.208, data_time: 0.002, memory: 1627, loss: 0.0277
2021-06-22 01:43:30,540 - mmcls - INFO - Epoch [86][300/391]	lr: 1.000e-03, eta: 0:41:31, time: 0.249, data_time: 0.002, memory: 1627, loss: 0.0288
2021-06-22 01:43:52,968 - mmcls - INFO - Saving checkpoint at 86 epochs
2021-06-22 01:44:22,382 - mmcls - INFO - Epoch [87][100/391]	lr: 1.000e-03, eta: 0:40:52, time: 0.274, data_time: 0.027, memory: 1627, loss: 0.0268
2021-06-22 01:44:43,295 - mmcls - INFO - Epoch [87][200/391]	lr: 1.000e-03, eta: 0:40:34, time: 0.209, data_time: 0.003, memory: 1627, loss: 0.0234
2021-06-22 01:45:07,709 - mmcls - INFO - Epoch [87][300/391]	lr: 1.000e-03, eta: 0:40:18, time: 0.244, data_time: 0.002, memory: 1627, loss: 0.0247
2021-06-22 01:45:30,189 - mmcls - INFO - Saving checkpoint at 87 epochs
2021-06-22 01:45:58,873 - mmcls - INFO - Epoch [88][100/391]	lr: 1.000e-03, eta: 0:39:39, time: 0.267, data_time: 0.024, memory: 1627, loss: 0.0231
2021-06-22 01:46:19,373 - mmcls - INFO - Epoch [88][200/391]	lr: 1.000e-03, eta: 0:39:21, time: 0.205, data_time: 0.002, memory: 1627, loss: 0.0243
2021-06-22 01:46:43,940 - mmcls - INFO - Epoch [88][300/391]	lr: 1.000e-03, eta: 0:39:05, time: 0.246, data_time: 0.002, memory: 1627, loss: 0.0230
2021-06-22 01:47:06,082 - mmcls - INFO - Saving checkpoint at 88 epochs
2021-06-22 01:47:34,961 - mmcls - INFO - Epoch [89][100/391]	lr: 1.000e-03, eta: 0:38:26, time: 0.269, data_time: 0.026, memory: 1627, loss: 0.0236
2021-06-22 01:47:57,297 - mmcls - INFO - Epoch [89][200/391]	lr: 1.000e-03, eta: 0:38:09, time: 0.223, data_time: 0.002, memory: 1627, loss: 0.0218
2021-06-22 01:48:12,548 - mmcls - INFO - Epoch [89][300/391]	lr: 1.000e-03, eta: 0:37:49, time: 0.152, data_time: 0.003, memory: 1627, loss: 0.0224
2021-06-22 01:48:34,983 - mmcls - INFO - Saving checkpoint at 89 epochs
2021-06-22 01:49:04,061 - mmcls - INFO - Epoch [90][100/391]	lr: 1.000e-03, eta: 0:37:11, time: 0.271, data_time: 0.027, memory: 1627, loss: 0.0220
2021-06-22 01:49:28,553 - mmcls - INFO - Epoch [90][200/391]	lr: 1.000e-03, eta: 0:36:54, time: 0.245, data_time: 0.002, memory: 1627, loss: 0.0201
2021-06-22 01:49:51,988 - mmcls - INFO - Epoch [90][300/391]	lr: 1.000e-03, eta: 0:36:37, time: 0.234, data_time: 0.002, memory: 1627, loss: 0.0208
2021-06-22 01:50:25,020 - mmcls - INFO - Saving checkpoint at 90 epochs
2021-06-22 01:50:27,093 - mmcls - INFO - Epoch(val) [90][79]	accuracy_top-1: 75.0900, accuracy_top-5: 91.7400
2021-06-22 01:50:54,127 - mmcls - INFO - Epoch [91][100/391]	lr: 1.000e-03, eta: 0:35:59, time: 0.270, data_time: 0.027, memory: 1627, loss: 0.0183
2021-06-22 01:51:18,503 - mmcls - INFO - Epoch [91][200/391]	lr: 1.000e-03, eta: 0:35:42, time: 0.244, data_time: 0.002, memory: 1627, loss: 0.0208
2021-06-22 01:51:39,159 - mmcls - INFO - Epoch [91][300/391]	lr: 1.000e-03, eta: 0:35:24, time: 0.207, data_time: 0.003, memory: 1627, loss: 0.0201
2021-06-22 01:52:01,517 - mmcls - INFO - Saving checkpoint at 91 epochs
2021-06-22 01:52:30,574 - mmcls - INFO - Epoch [92][100/391]	lr: 1.000e-03, eta: 0:34:46, time: 0.269, data_time: 0.027, memory: 1627, loss: 0.0186
2021-06-22 01:52:54,944 - mmcls - INFO - Epoch [92][200/391]	lr: 1.000e-03, eta: 0:34:29, time: 0.244, data_time: 0.002, memory: 1627, loss: 0.0180
2021-06-22 01:53:15,602 - mmcls - INFO - Epoch [92][300/391]	lr: 1.000e-03, eta: 0:34:11, time: 0.207, data_time: 0.002, memory: 1627, loss: 0.0207
2021-06-22 01:53:37,963 - mmcls - INFO - Saving checkpoint at 92 epochs
2021-06-22 01:54:06,978 - mmcls - INFO - Epoch [93][100/391]	lr: 1.000e-03, eta: 0:33:33, time: 0.269, data_time: 0.027, memory: 1627, loss: 0.0169
2021-06-22 01:54:31,550 - mmcls - INFO - Epoch [93][200/391]	lr: 1.000e-03, eta: 0:33:16, time: 0.246, data_time: 0.002, memory: 1627, loss: 0.0179
2021-06-22 01:54:53,389 - mmcls - INFO - Epoch [93][300/391]	lr: 1.000e-03, eta: 0:32:59, time: 0.218, data_time: 0.003, memory: 1627, loss: 0.0187
2021-06-22 01:55:14,438 - mmcls - INFO - Saving checkpoint at 93 epochs
2021-06-22 01:55:43,432 - mmcls - INFO - Epoch [94][100/391]	lr: 1.000e-03, eta: 0:32:21, time: 0.269, data_time: 0.026, memory: 1627, loss: 0.0179
2021-06-22 01:56:08,397 - mmcls - INFO - Epoch [94][200/391]	lr: 1.000e-03, eta: 0:32:04, time: 0.250, data_time: 0.003, memory: 1627, loss: 0.0177
2021-06-22 01:56:32,620 - mmcls - INFO - Epoch [94][300/391]	lr: 1.000e-03, eta: 0:31:47, time: 0.242, data_time: 0.002, memory: 1627, loss: 0.0162
2021-06-22 01:56:47,669 - mmcls - INFO - Saving checkpoint at 94 epochs
2021-06-22 01:57:16,591 - mmcls - INFO - Epoch [95][100/391]	lr: 1.000e-03, eta: 0:31:09, time: 0.267, data_time: 0.027, memory: 1627, loss: 0.0174
2021-06-22 01:57:41,157 - mmcls - INFO - Epoch [95][200/391]	lr: 1.000e-03, eta: 0:30:52, time: 0.246, data_time: 0.003, memory: 1627, loss: 0.0172
2021-06-22 01:58:05,576 - mmcls - INFO - Epoch [95][300/391]	lr: 1.000e-03, eta: 0:30:35, time: 0.244, data_time: 0.002, memory: 1627, loss: 0.0170
2021-06-22 01:58:41,130 - mmcls - INFO - Saving checkpoint at 95 epochs
2021-06-22 01:58:43,134 - mmcls - INFO - Epoch(val) [95][79]	accuracy_top-1: 75.5400, accuracy_top-5: 91.7000
2021-06-22 01:59:10,120 - mmcls - INFO - Epoch [96][100/391]	lr: 1.000e-03, eta: 0:29:57, time: 0.270, data_time: 0.027, memory: 1627, loss: 0.0164
2021-06-22 01:59:34,579 - mmcls - INFO - Epoch [96][200/391]	lr: 1.000e-03, eta: 0:29:40, time: 0.245, data_time: 0.003, memory: 1627, loss: 0.0167
2021-06-22 01:59:59,093 - mmcls - INFO - Epoch [96][300/391]	lr: 1.000e-03, eta: 0:29:23, time: 0.245, data_time: 0.002, memory: 1627, loss: 0.0157
2021-06-22 02:00:17,758 - mmcls - INFO - Saving checkpoint at 96 epochs
2021-06-22 02:00:46,722 - mmcls - INFO - Epoch [97][100/391]	lr: 1.000e-03, eta: 0:28:45, time: 0.269, data_time: 0.026, memory: 1627, loss: 0.0160
2021-06-22 02:01:11,342 - mmcls - INFO - Epoch [97][200/391]	lr: 1.000e-03, eta: 0:28:28, time: 0.246, data_time: 0.003, memory: 1627, loss: 0.0168
2021-06-22 02:01:35,995 - mmcls - INFO - Epoch [97][300/391]	lr: 1.000e-03, eta: 0:28:11, time: 0.247, data_time: 0.003, memory: 1627, loss: 0.0158
2021-06-22 02:01:54,447 - mmcls - INFO - Saving checkpoint at 97 epochs
2021-06-22 02:02:23,439 - mmcls - INFO - Epoch [98][100/391]	lr: 1.000e-03, eta: 0:27:34, time: 0.269, data_time: 0.027, memory: 1627, loss: 0.0146
2021-06-22 02:02:48,120 - mmcls - INFO - Epoch [98][200/391]	lr: 1.000e-03, eta: 0:27:16, time: 0.247, data_time: 0.003, memory: 1627, loss: 0.0148
2021-06-22 02:03:12,873 - mmcls - INFO - Epoch [98][300/391]	lr: 1.000e-03, eta: 0:26:59, time: 0.248, data_time: 0.003, memory: 1627, loss: 0.0142
2021-06-22 02:03:33,406 - mmcls - INFO - Saving checkpoint at 98 epochs
2021-06-22 02:04:02,477 - mmcls - INFO - Epoch [99][100/391]	lr: 1.000e-03, eta: 0:26:22, time: 0.269, data_time: 0.026, memory: 1627, loss: 0.0141
2021-06-22 02:04:27,183 - mmcls - INFO - Epoch [99][200/391]	lr: 1.000e-03, eta: 0:26:04, time: 0.247, data_time: 0.003, memory: 1627, loss: 0.0149
2021-06-22 02:04:51,639 - mmcls - INFO - Epoch [99][300/391]	lr: 1.000e-03, eta: 0:25:47, time: 0.245, data_time: 0.002, memory: 1627, loss: 0.0148
2021-06-22 02:05:13,977 - mmcls - INFO - Saving checkpoint at 99 epochs
2021-06-22 02:05:35,024 - mmcls - INFO - Epoch [100][100/391]	lr: 1.000e-03, eta: 0:25:08, time: 0.190, data_time: 0.026, memory: 1627, loss: 0.0142
2021-06-22 02:05:59,536 - mmcls - INFO - Epoch [100][200/391]	lr: 1.000e-03, eta: 0:24:51, time: 0.245, data_time: 0.003, memory: 1627, loss: 0.0150
2021-06-22 02:06:24,166 - mmcls - INFO - Epoch [100][300/391]	lr: 1.000e-03, eta: 0:24:33, time: 0.246, data_time: 0.003, memory: 1627, loss: 0.0145
2021-06-22 02:07:00,120 - mmcls - INFO - Saving checkpoint at 100 epochs
2021-06-22 02:07:02,217 - mmcls - INFO - Epoch(val) [100][79]	accuracy_top-1: 75.4900, accuracy_top-5: 91.5700
2021-06-22 02:07:27,076 - mmcls - INFO - Epoch [101][100/391]	lr: 1.000e-03, eta: 0:23:55, time: 0.248, data_time: 0.029, memory: 1627, loss: 0.0138
2021-06-22 02:07:51,652 - mmcls - INFO - Epoch [101][200/391]	lr: 1.000e-03, eta: 0:23:38, time: 0.246, data_time: 0.003, memory: 1627, loss: 0.0141
2021-06-22 02:08:16,296 - mmcls - INFO - Epoch [101][300/391]	lr: 1.000e-03, eta: 0:23:21, time: 0.246, data_time: 0.002, memory: 1627, loss: 0.0151
2021-06-22 02:08:38,715 - mmcls - INFO - Saving checkpoint at 101 epochs
2021-06-22 02:09:03,671 - mmcls - INFO - Epoch [102][100/391]	lr: 1.000e-03, eta: 0:22:43, time: 0.229, data_time: 0.028, memory: 1627, loss: 0.0133
2021-06-22 02:09:28,455 - mmcls - INFO - Epoch [102][200/391]	lr: 1.000e-03, eta: 0:22:25, time: 0.248, data_time: 0.003, memory: 1627, loss: 0.0137
2021-06-22 02:09:53,016 - mmcls - INFO - Epoch [102][300/391]	lr: 1.000e-03, eta: 0:22:08, time: 0.246, data_time: 0.002, memory: 1627, loss: 0.0136
2021-06-22 02:10:15,281 - mmcls - INFO - Saving checkpoint at 102 epochs
2021-06-22 02:10:39,905 - mmcls - INFO - Epoch [103][100/391]	lr: 1.000e-03, eta: 0:21:30, time: 0.226, data_time: 0.024, memory: 1627, loss: 0.0128
2021-06-22 02:11:04,661 - mmcls - INFO - Epoch [103][200/391]	lr: 1.000e-03, eta: 0:21:12, time: 0.248, data_time: 0.002, memory: 1627, loss: 0.0135
2021-06-22 02:11:29,312 - mmcls - INFO - Epoch [103][300/391]	lr: 1.000e-03, eta: 0:20:55, time: 0.246, data_time: 0.002, memory: 1627, loss: 0.0135
2021-06-22 02:11:51,561 - mmcls - INFO - Saving checkpoint at 103 epochs
2021-06-22 02:12:16,622 - mmcls - INFO - Epoch [104][100/391]	lr: 1.000e-03, eta: 0:20:17, time: 0.230, data_time: 0.026, memory: 1627, loss: 0.0137
2021-06-22 02:12:41,072 - mmcls - INFO - Epoch [104][200/391]	lr: 1.000e-03, eta: 0:19:59, time: 0.244, data_time: 0.002, memory: 1627, loss: 0.0131
2021-06-22 02:13:05,360 - mmcls - INFO - Epoch [104][300/391]	lr: 1.000e-03, eta: 0:19:42, time: 0.243, data_time: 0.003, memory: 1627, loss: 0.0133
2021-06-22 02:13:27,554 - mmcls - INFO - Saving checkpoint at 104 epochs
2021-06-22 02:13:55,139 - mmcls - INFO - Epoch [105][100/391]	lr: 1.000e-03, eta: 0:19:05, time: 0.255, data_time: 0.026, memory: 1627, loss: 0.0123
2021-06-22 02:14:10,479 - mmcls - INFO - Epoch [105][200/391]	lr: 1.000e-03, eta: 0:18:45, time: 0.153, data_time: 0.002, memory: 1627, loss: 0.0119
2021-06-22 02:14:34,382 - mmcls - INFO - Epoch [105][300/391]	lr: 1.000e-03, eta: 0:18:28, time: 0.239, data_time: 0.002, memory: 1627, loss: 0.0139
2021-06-22 02:15:11,409 - mmcls - INFO - Saving checkpoint at 105 epochs
2021-06-22 02:15:13,467 - mmcls - INFO - Epoch(val) [105][79]	accuracy_top-1: 75.5600, accuracy_top-5: 91.5800
2021-06-22 02:15:40,215 - mmcls - INFO - Epoch [106][100/391]	lr: 1.000e-03, eta: 0:17:51, time: 0.267, data_time: 0.026, memory: 1627, loss: 0.0123
2021-06-22 02:16:00,921 - mmcls - INFO - Epoch [106][200/391]	lr: 1.000e-03, eta: 0:17:33, time: 0.207, data_time: 0.002, memory: 1627, loss: 0.0119
2021-06-22 02:16:25,388 - mmcls - INFO - Epoch [106][300/391]	lr: 1.000e-03, eta: 0:17:15, time: 0.245, data_time: 0.003, memory: 1627, loss: 0.0135
2021-06-22 02:16:47,807 - mmcls - INFO - Saving checkpoint at 106 epochs
2021-06-22 02:17:16,715 - mmcls - INFO - Epoch [107][100/391]	lr: 1.000e-03, eta: 0:16:38, time: 0.269, data_time: 0.026, memory: 1627, loss: 0.0126
2021-06-22 02:17:37,164 - mmcls - INFO - Epoch [107][200/391]	lr: 1.000e-03, eta: 0:16:20, time: 0.204, data_time: 0.003, memory: 1627, loss: 0.0118
2021-06-22 02:18:01,925 - mmcls - INFO - Epoch [107][300/391]	lr: 1.000e-03, eta: 0:16:02, time: 0.248, data_time: 0.002, memory: 1627, loss: 0.0127
2021-06-22 02:18:24,114 - mmcls - INFO - Saving checkpoint at 107 epochs
2021-06-22 02:18:53,292 - mmcls - INFO - Epoch [108][100/391]	lr: 1.000e-03, eta: 0:15:25, time: 0.271, data_time: 0.026, memory: 1627, loss: 0.0123
2021-06-22 02:19:13,888 - mmcls - INFO - Epoch [108][200/391]	lr: 1.000e-03, eta: 0:15:07, time: 0.206, data_time: 0.002, memory: 1627, loss: 0.0113
2021-06-22 02:19:38,761 - mmcls - INFO - Epoch [108][300/391]	lr: 1.000e-03, eta: 0:14:49, time: 0.249, data_time: 0.002, memory: 1627, loss: 0.0114
2021-06-22 02:20:01,039 - mmcls - INFO - Saving checkpoint at 108 epochs
2021-06-22 02:20:30,137 - mmcls - INFO - Epoch [109][100/391]	lr: 1.000e-03, eta: 0:14:13, time: 0.270, data_time: 0.027, memory: 1627, loss: 0.0120
2021-06-22 02:20:50,892 - mmcls - INFO - Epoch [109][200/391]	lr: 1.000e-03, eta: 0:13:54, time: 0.208, data_time: 0.002, memory: 1627, loss: 0.0119
2021-06-22 02:21:15,625 - mmcls - INFO - Epoch [109][300/391]	lr: 1.000e-03, eta: 0:13:36, time: 0.247, data_time: 0.002, memory: 1627, loss: 0.0116
2021-06-22 02:21:38,097 - mmcls - INFO - Saving checkpoint at 109 epochs
2021-06-22 02:22:07,048 - mmcls - INFO - Epoch [110][100/391]	lr: 1.000e-03, eta: 0:13:00, time: 0.269, data_time: 0.027, memory: 1627, loss: 0.0110
2021-06-22 02:22:30,740 - mmcls - INFO - Epoch [110][200/391]	lr: 1.000e-03, eta: 0:12:42, time: 0.237, data_time: 0.002, memory: 1627, loss: 0.0103
2021-06-22 02:22:46,238 - mmcls - INFO - Epoch [110][300/391]	lr: 1.000e-03, eta: 0:12:23, time: 0.155, data_time: 0.002, memory: 1627, loss: 0.0118
2021-06-22 02:23:22,210 - mmcls - INFO - Saving checkpoint at 110 epochs
2021-06-22 02:23:24,250 - mmcls - INFO - Epoch(val) [110][79]	accuracy_top-1: 75.6500, accuracy_top-5: 91.7500
2021-06-22 02:23:50,806 - mmcls - INFO - Epoch [111][100/391]	lr: 1.000e-03, eta: 0:11:47, time: 0.265, data_time: 0.025, memory: 1627, loss: 0.0119
2021-06-22 02:24:15,373 - mmcls - INFO - Epoch [111][200/391]	lr: 1.000e-03, eta: 0:11:29, time: 0.246, data_time: 0.002, memory: 1627, loss: 0.0124
2021-06-22 02:24:36,232 - mmcls - INFO - Epoch [111][300/391]	lr: 1.000e-03, eta: 0:11:10, time: 0.209, data_time: 0.002, memory: 1627, loss: 0.0112
2021-06-22 02:24:58,342 - mmcls - INFO - Saving checkpoint at 111 epochs
2021-06-22 02:25:27,248 - mmcls - INFO - Epoch [112][100/391]	lr: 1.000e-03, eta: 0:10:34, time: 0.269, data_time: 0.026, memory: 1627, loss: 0.0111
2021-06-22 02:25:51,616 - mmcls - INFO - Epoch [112][200/391]	lr: 1.000e-03, eta: 0:10:16, time: 0.244, data_time: 0.002, memory: 1627, loss: 0.0113
2021-06-22 02:26:12,054 - mmcls - INFO - Epoch [112][300/391]	lr: 1.000e-03, eta: 0:09:58, time: 0.204, data_time: 0.002, memory: 1627, loss: 0.0113
2021-06-22 02:26:34,346 - mmcls - INFO - Saving checkpoint at 112 epochs
2021-06-22 02:27:03,342 - mmcls - INFO - Epoch [113][100/391]	lr: 1.000e-03, eta: 0:09:22, time: 0.270, data_time: 0.026, memory: 1627, loss: 0.0110
2021-06-22 02:27:27,824 - mmcls - INFO - Epoch [113][200/391]	lr: 1.000e-03, eta: 0:09:03, time: 0.245, data_time: 0.002, memory: 1627, loss: 0.0105
2021-06-22 02:27:48,283 - mmcls - INFO - Epoch [113][300/391]	lr: 1.000e-03, eta: 0:08:45, time: 0.205, data_time: 0.002, memory: 1627, loss: 0.0111
2021-06-22 02:28:10,599 - mmcls - INFO - Saving checkpoint at 113 epochs
2021-06-22 02:28:39,666 - mmcls - INFO - Epoch [114][100/391]	lr: 1.000e-03, eta: 0:08:09, time: 0.270, data_time: 0.026, memory: 1627, loss: 0.0108
2021-06-22 02:29:04,476 - mmcls - INFO - Epoch [114][200/391]	lr: 1.000e-03, eta: 0:07:51, time: 0.248, data_time: 0.003, memory: 1627, loss: 0.0111
2021-06-22 02:29:26,664 - mmcls - INFO - Epoch [114][300/391]	lr: 1.000e-03, eta: 0:07:32, time: 0.222, data_time: 0.002, memory: 1627, loss: 0.0111
2021-06-22 02:29:48,121 - mmcls - INFO - Saving checkpoint at 114 epochs
2021-06-22 02:30:17,139 - mmcls - INFO - Epoch [115][100/391]	lr: 1.000e-03, eta: 0:06:56, time: 0.269, data_time: 0.026, memory: 1627, loss: 0.0109
2021-06-22 02:30:41,584 - mmcls - INFO - Epoch [115][200/391]	lr: 1.000e-03, eta: 0:06:38, time: 0.244, data_time: 0.002, memory: 1627, loss: 0.0112
2021-06-22 02:31:06,003 - mmcls - INFO - Epoch [115][300/391]	lr: 1.000e-03, eta: 0:06:20, time: 0.244, data_time: 0.002, memory: 1627, loss: 0.0107
2021-06-22 02:31:32,661 - mmcls - INFO - Saving checkpoint at 115 epochs
2021-06-22 02:31:34,708 - mmcls - INFO - Epoch(val) [115][79]	accuracy_top-1: 75.7900, accuracy_top-5: 91.7200
2021-06-22 02:32:01,575 - mmcls - INFO - Epoch [116][100/391]	lr: 1.000e-03, eta: 0:05:44, time: 0.269, data_time: 0.026, memory: 1627, loss: 0.0111
2021-06-22 02:32:26,363 - mmcls - INFO - Epoch [116][200/391]	lr: 1.000e-03, eta: 0:05:26, time: 0.248, data_time: 0.003, memory: 1627, loss: 0.0104
2021-06-22 02:32:50,865 - mmcls - INFO - Epoch [116][300/391]	lr: 1.000e-03, eta: 0:05:07, time: 0.245, data_time: 0.002, memory: 1627, loss: 0.0102
2021-06-22 02:33:09,439 - mmcls - INFO - Saving checkpoint at 116 epochs
2021-06-22 02:33:38,317 - mmcls - INFO - Epoch [117][100/391]	lr: 1.000e-03, eta: 0:04:31, time: 0.268, data_time: 0.025, memory: 1627, loss: 0.0102
2021-06-22 02:34:03,030 - mmcls - INFO - Epoch [117][200/391]	lr: 1.000e-03, eta: 0:04:13, time: 0.247, data_time: 0.002, memory: 1627, loss: 0.0100
2021-06-22 02:34:27,550 - mmcls - INFO - Epoch [117][300/391]	lr: 1.000e-03, eta: 0:03:55, time: 0.245, data_time: 0.002, memory: 1627, loss: 0.0102
2021-06-22 02:34:45,670 - mmcls - INFO - Saving checkpoint at 117 epochs
2021-06-22 02:35:14,714 - mmcls - INFO - Epoch [118][100/391]	lr: 1.000e-03, eta: 0:03:19, time: 0.270, data_time: 0.026, memory: 1627, loss: 0.0111
2021-06-22 02:35:39,322 - mmcls - INFO - Epoch [118][200/391]	lr: 1.000e-03, eta: 0:03:00, time: 0.246, data_time: 0.002, memory: 1627, loss: 0.0102
2021-06-22 02:36:03,906 - mmcls - INFO - Epoch [118][300/391]	lr: 1.000e-03, eta: 0:02:42, time: 0.246, data_time: 0.002, memory: 1627, loss: 0.0109
2021-06-22 02:36:23,240 - mmcls - INFO - Saving checkpoint at 118 epochs
2021-06-22 02:36:52,033 - mmcls - INFO - Epoch [119][100/391]	lr: 1.000e-03, eta: 0:02:06, time: 0.267, data_time: 0.027, memory: 1627, loss: 0.0103
2021-06-22 02:37:16,498 - mmcls - INFO - Epoch [119][200/391]	lr: 1.000e-03, eta: 0:01:48, time: 0.245, data_time: 0.002, memory: 1627, loss: 0.0094
2021-06-22 02:37:41,212 - mmcls - INFO - Epoch [119][300/391]	lr: 1.000e-03, eta: 0:01:29, time: 0.247, data_time: 0.002, memory: 1627, loss: 0.0105
2021-06-22 02:38:03,685 - mmcls - INFO - Saving checkpoint at 119 epochs
2021-06-22 02:38:33,440 - mmcls - INFO - Epoch [120][100/391]	lr: 1.000e-03, eta: 0:00:54, time: 0.264, data_time: 0.026, memory: 1627, loss: 0.0102
2021-06-22 02:38:57,794 - mmcls - INFO - Epoch [120][200/391]	lr: 1.000e-03, eta: 0:00:35, time: 0.244, data_time: 0.002, memory: 1627, loss: 0.0092
2021-06-22 02:39:22,415 - mmcls - INFO - Epoch [120][300/391]	lr: 1.000e-03, eta: 0:00:16, time: 0.246, data_time: 0.002, memory: 1627, loss: 0.0098
2021-06-22 02:39:56,894 - mmcls - INFO - Saving checkpoint at 120 epochs
2021-06-22 02:39:58,893 - mmcls - INFO - Epoch(val) [120][79]	accuracy_top-1: 75.8300, accuracy_top-5: 91.6500
