2021-06-19 17:06:16,926 - mmcls - INFO - Environment info:
------------------------------------------------------------
sys.platform: linux
Python: 3.7.10 (default, Feb 26 2021, 18:47:35) [GCC 7.3.0]
CUDA available: True
GPU 0: GeForce GTX 1080 Ti
CUDA_HOME: /usr/local/cuda
NVCC: Cuda compilation tools, release 10.1, V10.1.243
GCC: gcc (Ubuntu 5.4.0-6ubuntu1~16.04.11) 5.4.0 20160609
PyTorch: 1.6.0
PyTorch compiling details: PyTorch built with:
  - GCC 7.3
  - C++ Version: 201402
  - Intel(R) oneAPI Math Kernel Library Version 2021.2-Product Build 20210312 for Intel(R) 64 architecture applications
  - Intel(R) MKL-DNN v1.5.0 (Git Hash e2ac1fac44c5078ca927cb9b90e1b3066a0b2ed0)
  - OpenMP 201511 (a.k.a. OpenMP 4.5)
  - NNPACK is enabled
  - CPU capability usage: AVX2
  - CUDA Runtime 10.1
  - NVCC architecture flags: -gencode;arch=compute_37,code=sm_37;-gencode;arch=compute_50,code=sm_50;-gencode;arch=compute_60,code=sm_60;-gencode;arch=compute_61,code=sm_61;-gencode;arch=compute_70,code=sm_70;-gencode;arch=compute_75,code=sm_75;-gencode;arch=compute_37,code=compute_37
  - CuDNN 7.6.3
  - Magma 2.5.2
  - Build settings: BLAS=MKL, BUILD_TYPE=Release, CXX_FLAGS= -Wno-deprecated -fvisibility-inlines-hidden -DUSE_PTHREADPOOL -fopenmp -DNDEBUG -DUSE_FBGEMM -DUSE_QNNPACK -DUSE_PYTORCH_QNNPACK -DUSE_XNNPACK -DUSE_VULKAN_WRAPPER -O2 -fPIC -Wno-narrowing -Wall -Wextra -Werror=return-type -Wno-missing-field-initializers -Wno-type-limits -Wno-array-bounds -Wno-unknown-pragmas -Wno-sign-compare -Wno-unused-parameter -Wno-unused-variable -Wno-unused-function -Wno-unused-result -Wno-unused-local-typedefs -Wno-strict-overflow -Wno-strict-aliasing -Wno-error=deprecated-declarations -Wno-stringop-overflow -Wno-error=pedantic -Wno-error=redundant-decls -Wno-error=old-style-cast -fdiagnostics-color=always -faligned-new -Wno-unused-but-set-variable -Wno-maybe-uninitialized -fno-math-errno -fno-trapping-math -Werror=format -Wno-stringop-overflow, PERF_WITH_AVX=1, PERF_WITH_AVX2=1, PERF_WITH_AVX512=1, USE_CUDA=ON, USE_EXCEPTION_PTR=1, USE_GFLAGS=OFF, USE_GLOG=OFF, USE_MKL=ON, USE_MKLDNN=ON, USE_MPI=OFF, USE_NCCL=ON, USE_NNPACK=ON, USE_OPENMP=ON, USE_STATIC_DISPATCH=OFF, 

TorchVision: 0.7.0
OpenCV: 4.5.2
MMCV: 1.3.4
MMCV Compiler: GCC 7.3
MMCV CUDA Compiler: 10.1
MMClassification: 0.11.1+b67a11c
------------------------------------------------------------

2021-06-19 17:06:16,930 - mmcls - INFO - Distributed training: False
2021-06-19 17:06:17,161 - mmcls - INFO - Config:
model = dict(
    type='ImageClassifier',
    backbone=dict(
        type='ResNetVisionTransformer',
        num_layers=16,
        embed_dim=128,
        num_heads=8,
        img_size=32,
        patch_size=16,
        in_channels=3,
        feedforward_channels=256,
        drop_rate=0.1,
        resnet_kwargs=dict(depth=34, num_stages=4)),
    neck=None,
    head=dict(
        type='VisionTransformerClsHead',
        num_classes=100,
        in_channels=128,
        loss=dict(type='CrossEntropyLoss', loss_weight=1.0),
        topk=(1, 5)))
dataset_type = 'CIFAR100'
img_norm_cfg = dict(
    mean=[129.304, 124.07, 112.434], std=[68.17, 65.392, 70.418], to_rgb=True)
train_pipeline = [
    dict(type='RandomCrop', size=32, padding=4),
    dict(type='RandomFlip', flip_prob=0.5, direction='horizontal'),
    dict(
        type='Normalize',
        mean=[129.304, 124.07, 112.434],
        std=[68.17, 65.392, 70.418],
        to_rgb=True),
    dict(type='ImageToTensor', keys=['img']),
    dict(type='ToTensor', keys=['gt_label']),
    dict(type='Collect', keys=['img', 'gt_label'])
]
test_pipeline = [
    dict(
        type='Normalize',
        mean=[129.304, 124.07, 112.434],
        std=[68.17, 65.392, 70.418],
        to_rgb=True),
    dict(type='ImageToTensor', keys=['img']),
    dict(type='Collect', keys=['img'])
]
data = dict(
    samples_per_gpu=128,
    workers_per_gpu=4,
    train=dict(
        type='CIFAR100',
        data_prefix='data/cifar100',
        pipeline=[
            dict(type='RandomCrop', size=32, padding=4),
            dict(type='RandomFlip', flip_prob=0.5, direction='horizontal'),
            dict(
                type='Normalize',
                mean=[129.304, 124.07, 112.434],
                std=[68.17, 65.392, 70.418],
                to_rgb=True),
            dict(type='ImageToTensor', keys=['img']),
            dict(type='ToTensor', keys=['gt_label']),
            dict(type='Collect', keys=['img', 'gt_label'])
        ]),
    val=dict(
        type='CIFAR100',
        data_prefix='data/cifar100',
        pipeline=[
            dict(
                type='Normalize',
                mean=[129.304, 124.07, 112.434],
                std=[68.17, 65.392, 70.418],
                to_rgb=True),
            dict(type='ImageToTensor', keys=['img']),
            dict(type='Collect', keys=['img'])
        ]),
    test=dict(
        type='CIFAR100',
        data_prefix='data/cifar100',
        pipeline=[
            dict(
                type='Normalize',
                mean=[129.304, 124.07, 112.434],
                std=[68.17, 65.392, 70.418],
                to_rgb=True),
            dict(type='ImageToTensor', keys=['img']),
            dict(type='Collect', keys=['img'])
        ]))
optimizer = dict(type='SGD', lr=0.1, momentum=0.9, weight_decay=0.0005)
optimizer_config = dict(grad_clip=None)
lr_config = dict(policy='step', step=[40, 80], gamma=0.1)
runner = dict(type='EpochBasedRunner', max_epochs=120)
checkpoint_config = dict(interval=1)
log_config = dict(interval=100, hooks=[dict(type='TextLoggerHook')])
dist_params = dict(backend='nccl')
log_level = 'INFO'
load_from = None
resume_from = None
workflow = [('train', 1)]
evaluation = dict(interval=5)
work_dir = './work_dirs/resnet34_vit_B_cifar100'
gpu_ids = range(0, 1)

2021-06-19 17:06:26,764 - mmcls - INFO - Start running, host: root@efff16289307, work_dir: /remote-home/shenduxuexi15/mmlab/mmclassification/work_dirs/resnet34_vit_B_cifar100
2021-06-19 17:06:26,764 - mmcls - INFO - workflow: [('train', 1)], max: 120 epochs
2021-06-19 17:06:44,867 - mmcls - INFO - Epoch [1][100/391]	lr: 1.000e-01, eta: 2:21:11, time: 0.181, data_time: 0.025, memory: 1575, loss: 4.4857
2021-06-19 17:07:00,192 - mmcls - INFO - Epoch [1][200/391]	lr: 1.000e-01, eta: 2:10:06, time: 0.153, data_time: 0.002, memory: 1575, loss: 4.1301
2021-06-19 17:07:15,681 - mmcls - INFO - Epoch [1][300/391]	lr: 1.000e-01, eta: 2:06:40, time: 0.155, data_time: 0.003, memory: 1575, loss: 4.0148
2021-06-19 17:07:29,830 - mmcls - INFO - Saving checkpoint at 1 epochs
2021-06-19 17:07:49,873 - mmcls - INFO - Epoch [2][100/391]	lr: 1.000e-01, eta: 1:45:21, time: 0.179, data_time: 0.027, memory: 1575, loss: 3.8738
2021-06-19 17:08:05,528 - mmcls - INFO - Epoch [2][200/391]	lr: 1.000e-01, eta: 1:47:47, time: 0.157, data_time: 0.003, memory: 1575, loss: 3.8391
2021-06-19 17:08:21,563 - mmcls - INFO - Epoch [2][300/391]	lr: 1.000e-01, eta: 1:49:52, time: 0.160, data_time: 0.003, memory: 1575, loss: 3.7547
2021-06-19 17:08:35,635 - mmcls - INFO - Saving checkpoint at 2 epochs
2021-06-19 17:08:56,077 - mmcls - INFO - Epoch [3][100/391]	lr: 1.000e-01, eta: 1:41:42, time: 0.184, data_time: 0.028, memory: 1575, loss: 3.6276
2021-06-19 17:09:11,402 - mmcls - INFO - Epoch [3][200/391]	lr: 1.000e-01, eta: 1:43:06, time: 0.153, data_time: 0.002, memory: 1575, loss: 3.5739
2021-06-19 17:09:26,978 - mmcls - INFO - Epoch [3][300/391]	lr: 1.000e-01, eta: 1:44:21, time: 0.156, data_time: 0.003, memory: 1575, loss: 3.5257
2021-06-19 17:09:40,965 - mmcls - INFO - Saving checkpoint at 3 epochs
2021-06-19 17:10:00,861 - mmcls - INFO - Epoch [4][100/391]	lr: 1.000e-01, eta: 1:38:56, time: 0.178, data_time: 0.026, memory: 1575, loss: 3.4044
2021-06-19 17:10:16,378 - mmcls - INFO - Epoch [4][200/391]	lr: 1.000e-01, eta: 1:40:07, time: 0.155, data_time: 0.003, memory: 1575, loss: 3.3588
2021-06-19 17:10:31,759 - mmcls - INFO - Epoch [4][300/391]	lr: 1.000e-01, eta: 1:41:01, time: 0.154, data_time: 0.003, memory: 1575, loss: 3.2896
2021-06-19 17:10:45,778 - mmcls - INFO - Saving checkpoint at 4 epochs
2021-06-19 17:11:05,483 - mmcls - INFO - Epoch [5][100/391]	lr: 1.000e-01, eta: 1:37:02, time: 0.176, data_time: 0.025, memory: 1575, loss: 3.1654
2021-06-19 17:11:20,699 - mmcls - INFO - Epoch [5][200/391]	lr: 1.000e-01, eta: 1:37:49, time: 0.152, data_time: 0.002, memory: 1575, loss: 3.0820
2021-06-19 17:11:36,027 - mmcls - INFO - Epoch [5][300/391]	lr: 1.000e-01, eta: 1:38:33, time: 0.153, data_time: 0.003, memory: 1575, loss: 3.0051
2021-06-19 17:11:55,453 - mmcls - INFO - Saving checkpoint at 5 epochs
2021-06-19 17:11:57,609 - mmcls - INFO - Epoch(val) [5][79]	accuracy_top-1: 24.5100, accuracy_top-5: 56.6900
2021-06-19 17:12:15,296 - mmcls - INFO - Epoch [6][100/391]	lr: 1.000e-01, eta: 1:35:26, time: 0.177, data_time: 0.025, memory: 1575, loss: 2.8535
2021-06-19 17:12:30,526 - mmcls - INFO - Epoch [6][200/391]	lr: 1.000e-01, eta: 1:36:05, time: 0.152, data_time: 0.002, memory: 1575, loss: 2.8255
2021-06-19 17:12:45,769 - mmcls - INFO - Epoch [6][300/391]	lr: 1.000e-01, eta: 1:36:39, time: 0.152, data_time: 0.002, memory: 1575, loss: 2.7382
2021-06-19 17:12:59,673 - mmcls - INFO - Saving checkpoint at 6 epochs
2021-06-19 17:13:19,453 - mmcls - INFO - Epoch [7][100/391]	lr: 1.000e-01, eta: 1:34:04, time: 0.177, data_time: 0.025, memory: 1575, loss: 2.6299
2021-06-19 17:13:34,715 - mmcls - INFO - Epoch [7][200/391]	lr: 1.000e-01, eta: 1:34:36, time: 0.153, data_time: 0.002, memory: 1575, loss: 2.6013
2021-06-19 17:13:50,336 - mmcls - INFO - Epoch [7][300/391]	lr: 1.000e-01, eta: 1:35:11, time: 0.156, data_time: 0.005, memory: 1575, loss: 2.5180
2021-06-19 17:14:04,689 - mmcls - INFO - Saving checkpoint at 7 epochs
2021-06-19 17:14:24,629 - mmcls - INFO - Epoch [8][100/391]	lr: 1.000e-01, eta: 1:33:00, time: 0.178, data_time: 0.026, memory: 1575, loss: 2.4185
2021-06-19 17:14:39,943 - mmcls - INFO - Epoch [8][200/391]	lr: 1.000e-01, eta: 1:33:27, time: 0.153, data_time: 0.002, memory: 1575, loss: 2.3847
2021-06-19 17:14:55,194 - mmcls - INFO - Epoch [8][300/391]	lr: 1.000e-01, eta: 1:33:50, time: 0.153, data_time: 0.003, memory: 1575, loss: 2.3675
2021-06-19 17:15:09,867 - mmcls - INFO - Saving checkpoint at 8 epochs
2021-06-19 17:15:29,533 - mmcls - INFO - Epoch [9][100/391]	lr: 1.000e-01, eta: 1:31:52, time: 0.176, data_time: 0.024, memory: 1575, loss: 2.2962
2021-06-19 17:15:44,829 - mmcls - INFO - Epoch [9][200/391]	lr: 1.000e-01, eta: 1:32:15, time: 0.153, data_time: 0.005, memory: 1575, loss: 2.2493
2021-06-19 17:16:00,041 - mmcls - INFO - Epoch [9][300/391]	lr: 1.000e-01, eta: 1:32:34, time: 0.152, data_time: 0.002, memory: 1575, loss: 2.2024
2021-06-19 17:16:13,986 - mmcls - INFO - Saving checkpoint at 9 epochs
2021-06-19 17:16:33,642 - mmcls - INFO - Epoch [10][100/391]	lr: 1.000e-01, eta: 1:30:48, time: 0.176, data_time: 0.026, memory: 1575, loss: 2.1338
2021-06-19 17:16:48,753 - mmcls - INFO - Epoch [10][200/391]	lr: 1.000e-01, eta: 1:31:05, time: 0.151, data_time: 0.002, memory: 1575, loss: 2.1455
2021-06-19 17:17:03,880 - mmcls - INFO - Epoch [10][300/391]	lr: 1.000e-01, eta: 1:31:20, time: 0.151, data_time: 0.002, memory: 1575, loss: 2.1208
2021-06-19 17:17:22,639 - mmcls - INFO - Saving checkpoint at 10 epochs
2021-06-19 17:17:24,785 - mmcls - INFO - Epoch(val) [10][79]	accuracy_top-1: 38.4700, accuracy_top-5: 71.1300
2021-06-19 17:17:42,279 - mmcls - INFO - Epoch [11][100/391]	lr: 1.000e-01, eta: 1:29:43, time: 0.175, data_time: 0.026, memory: 1575, loss: 2.0365
2021-06-19 17:17:57,401 - mmcls - INFO - Epoch [11][200/391]	lr: 1.000e-01, eta: 1:29:57, time: 0.151, data_time: 0.002, memory: 1575, loss: 2.0539
2021-06-19 17:18:12,573 - mmcls - INFO - Epoch [11][300/391]	lr: 1.000e-01, eta: 1:30:11, time: 0.152, data_time: 0.002, memory: 1575, loss: 2.0334
2021-06-19 17:18:26,188 - mmcls - INFO - Saving checkpoint at 11 epochs
2021-06-19 17:18:45,851 - mmcls - INFO - Epoch [12][100/391]	lr: 1.000e-01, eta: 1:28:41, time: 0.175, data_time: 0.025, memory: 1575, loss: 1.9615
2021-06-19 17:19:00,884 - mmcls - INFO - Epoch [12][200/391]	lr: 1.000e-01, eta: 1:28:53, time: 0.150, data_time: 0.002, memory: 1575, loss: 1.9678
2021-06-19 17:19:15,946 - mmcls - INFO - Epoch [12][300/391]	lr: 1.000e-01, eta: 1:29:03, time: 0.151, data_time: 0.002, memory: 1575, loss: 1.9299
2021-06-19 17:19:29,920 - mmcls - INFO - Saving checkpoint at 12 epochs
2021-06-19 17:19:49,388 - mmcls - INFO - Epoch [13][100/391]	lr: 1.000e-01, eta: 1:27:40, time: 0.174, data_time: 0.027, memory: 1575, loss: 1.9010
2021-06-19 17:20:04,673 - mmcls - INFO - Epoch [13][200/391]	lr: 1.000e-01, eta: 1:27:52, time: 0.153, data_time: 0.002, memory: 1575, loss: 1.8965
2021-06-19 17:20:19,880 - mmcls - INFO - Epoch [13][300/391]	lr: 1.000e-01, eta: 1:28:02, time: 0.152, data_time: 0.002, memory: 1575, loss: 1.8811
2021-06-19 17:20:33,646 - mmcls - INFO - Saving checkpoint at 13 epochs
2021-06-19 17:20:53,285 - mmcls - INFO - Epoch [14][100/391]	lr: 1.000e-01, eta: 1:26:45, time: 0.176, data_time: 0.026, memory: 1575, loss: 1.8232
2021-06-19 17:21:08,472 - mmcls - INFO - Epoch [14][200/391]	lr: 1.000e-01, eta: 1:26:54, time: 0.152, data_time: 0.002, memory: 1575, loss: 1.8309
2021-06-19 17:21:23,631 - mmcls - INFO - Epoch [14][300/391]	lr: 1.000e-01, eta: 1:27:02, time: 0.152, data_time: 0.002, memory: 1575, loss: 1.8333
2021-06-19 17:21:37,403 - mmcls - INFO - Saving checkpoint at 14 epochs
2021-06-19 17:21:57,067 - mmcls - INFO - Epoch [15][100/391]	lr: 1.000e-01, eta: 1:25:50, time: 0.176, data_time: 0.026, memory: 1575, loss: 1.7851
2021-06-19 17:22:12,233 - mmcls - INFO - Epoch [15][200/391]	lr: 1.000e-01, eta: 1:25:57, time: 0.152, data_time: 0.002, memory: 1575, loss: 1.7617
2021-06-19 17:22:27,373 - mmcls - INFO - Epoch [15][300/391]	lr: 1.000e-01, eta: 1:26:04, time: 0.151, data_time: 0.002, memory: 1575, loss: 1.7755
2021-06-19 17:22:46,112 - mmcls - INFO - Saving checkpoint at 15 epochs
2021-06-19 17:22:48,184 - mmcls - INFO - Epoch(val) [15][79]	accuracy_top-1: 45.1100, accuracy_top-5: 75.3600
2021-06-19 17:23:05,797 - mmcls - INFO - Epoch [16][100/391]	lr: 1.000e-01, eta: 1:24:56, time: 0.176, data_time: 0.026, memory: 1575, loss: 1.6990
2021-06-19 17:23:21,102 - mmcls - INFO - Epoch [16][200/391]	lr: 1.000e-01, eta: 1:25:03, time: 0.153, data_time: 0.002, memory: 1575, loss: 1.7434
2021-06-19 17:23:36,195 - mmcls - INFO - Epoch [16][300/391]	lr: 1.000e-01, eta: 1:25:07, time: 0.151, data_time: 0.002, memory: 1575, loss: 1.7328
2021-06-19 17:23:49,907 - mmcls - INFO - Saving checkpoint at 16 epochs
2021-06-19 17:24:09,204 - mmcls - INFO - Epoch [17][100/391]	lr: 1.000e-01, eta: 1:24:02, time: 0.174, data_time: 0.025, memory: 1575, loss: 1.6790
2021-06-19 17:24:24,431 - mmcls - INFO - Epoch [17][200/391]	lr: 1.000e-01, eta: 1:24:07, time: 0.152, data_time: 0.002, memory: 1575, loss: 1.7110
2021-06-19 17:24:39,655 - mmcls - INFO - Epoch [17][300/391]	lr: 1.000e-01, eta: 1:24:12, time: 0.152, data_time: 0.002, memory: 1575, loss: 1.7044
2021-06-19 17:24:53,466 - mmcls - INFO - Saving checkpoint at 17 epochs
2021-06-19 17:25:13,001 - mmcls - INFO - Epoch [18][100/391]	lr: 1.000e-01, eta: 1:23:10, time: 0.175, data_time: 0.026, memory: 1575, loss: 1.6142
2021-06-19 17:25:28,149 - mmcls - INFO - Epoch [18][200/391]	lr: 1.000e-01, eta: 1:23:13, time: 0.151, data_time: 0.002, memory: 1575, loss: 1.6343
2021-06-19 17:25:43,202 - mmcls - INFO - Epoch [18][300/391]	lr: 1.000e-01, eta: 1:23:16, time: 0.151, data_time: 0.002, memory: 1575, loss: 1.7176
2021-06-19 17:25:56,927 - mmcls - INFO - Saving checkpoint at 18 epochs
2021-06-19 17:26:16,499 - mmcls - INFO - Epoch [19][100/391]	lr: 1.000e-01, eta: 1:22:17, time: 0.177, data_time: 0.026, memory: 1575, loss: 1.6103
2021-06-19 17:26:31,787 - mmcls - INFO - Epoch [19][200/391]	lr: 1.000e-01, eta: 1:22:21, time: 0.153, data_time: 0.002, memory: 1575, loss: 1.6267
2021-06-19 17:26:47,011 - mmcls - INFO - Epoch [19][300/391]	lr: 1.000e-01, eta: 1:22:23, time: 0.152, data_time: 0.002, memory: 1575, loss: 1.6576
2021-06-19 17:27:00,833 - mmcls - INFO - Saving checkpoint at 19 epochs
2021-06-19 17:27:20,491 - mmcls - INFO - Epoch [20][100/391]	lr: 1.000e-01, eta: 1:21:26, time: 0.176, data_time: 0.025, memory: 1575, loss: 1.5538
2021-06-19 17:27:35,573 - mmcls - INFO - Epoch [20][200/391]	lr: 1.000e-01, eta: 1:21:28, time: 0.151, data_time: 0.002, memory: 1575, loss: 1.6128
2021-06-19 17:27:50,815 - mmcls - INFO - Epoch [20][300/391]	lr: 1.000e-01, eta: 1:21:29, time: 0.152, data_time: 0.002, memory: 1575, loss: 1.6142
2021-06-19 17:28:09,363 - mmcls - INFO - Saving checkpoint at 20 epochs
2021-06-19 17:28:11,292 - mmcls - INFO - Epoch(val) [20][79]	accuracy_top-1: 44.8000, accuracy_top-5: 75.0500
2021-06-19 17:28:28,861 - mmcls - INFO - Epoch [21][100/391]	lr: 1.000e-01, eta: 1:20:35, time: 0.176, data_time: 0.025, memory: 1575, loss: 1.5281
2021-06-19 17:28:44,292 - mmcls - INFO - Epoch [21][200/391]	lr: 1.000e-01, eta: 1:20:37, time: 0.154, data_time: 0.002, memory: 1575, loss: 1.5862
2021-06-19 17:28:59,746 - mmcls - INFO - Epoch [21][300/391]	lr: 1.000e-01, eta: 1:20:39, time: 0.155, data_time: 0.002, memory: 1575, loss: 1.5652
2021-06-19 17:29:13,597 - mmcls - INFO - Saving checkpoint at 21 epochs
2021-06-19 17:29:33,411 - mmcls - INFO - Epoch [22][100/391]	lr: 1.000e-01, eta: 1:19:47, time: 0.177, data_time: 0.026, memory: 1575, loss: 1.5384
2021-06-19 17:29:48,680 - mmcls - INFO - Epoch [22][200/391]	lr: 1.000e-01, eta: 1:19:48, time: 0.153, data_time: 0.003, memory: 1575, loss: 1.5580
2021-06-19 17:30:03,943 - mmcls - INFO - Epoch [22][300/391]	lr: 1.000e-01, eta: 1:19:48, time: 0.153, data_time: 0.002, memory: 1575, loss: 1.5409
2021-06-19 17:30:17,884 - mmcls - INFO - Saving checkpoint at 22 epochs
2021-06-19 17:30:37,788 - mmcls - INFO - Epoch [23][100/391]	lr: 1.000e-01, eta: 1:18:58, time: 0.179, data_time: 0.027, memory: 1575, loss: 1.4833
2021-06-19 17:30:52,998 - mmcls - INFO - Epoch [23][200/391]	lr: 1.000e-01, eta: 1:18:58, time: 0.152, data_time: 0.002, memory: 1575, loss: 1.5509
2021-06-19 17:31:08,427 - mmcls - INFO - Epoch [23][300/391]	lr: 1.000e-01, eta: 1:18:58, time: 0.154, data_time: 0.002, memory: 1575, loss: 1.5628
2021-06-19 17:31:22,370 - mmcls - INFO - Saving checkpoint at 23 epochs
2021-06-19 17:31:42,182 - mmcls - INFO - Epoch [24][100/391]	lr: 1.000e-01, eta: 1:18:09, time: 0.178, data_time: 0.026, memory: 1575, loss: 1.4779
2021-06-19 17:31:57,528 - mmcls - INFO - Epoch [24][200/391]	lr: 1.000e-01, eta: 1:18:09, time: 0.153, data_time: 0.002, memory: 1575, loss: 1.5265
2021-06-19 17:32:12,823 - mmcls - INFO - Epoch [24][300/391]	lr: 1.000e-01, eta: 1:18:08, time: 0.153, data_time: 0.002, memory: 1575, loss: 1.5082
2021-06-19 17:32:26,800 - mmcls - INFO - Saving checkpoint at 24 epochs
2021-06-19 17:32:46,561 - mmcls - INFO - Epoch [25][100/391]	lr: 1.000e-01, eta: 1:17:20, time: 0.177, data_time: 0.026, memory: 1575, loss: 1.4497
2021-06-19 17:33:01,783 - mmcls - INFO - Epoch [25][200/391]	lr: 1.000e-01, eta: 1:17:19, time: 0.152, data_time: 0.003, memory: 1575, loss: 1.5015
2021-06-19 17:33:17,010 - mmcls - INFO - Epoch [25][300/391]	lr: 1.000e-01, eta: 1:17:17, time: 0.152, data_time: 0.003, memory: 1575, loss: 1.5206
2021-06-19 17:33:36,076 - mmcls - INFO - Saving checkpoint at 25 epochs
2021-06-19 17:33:38,093 - mmcls - INFO - Epoch(val) [25][79]	accuracy_top-1: 50.1400, accuracy_top-5: 79.2500
2021-06-19 17:33:56,035 - mmcls - INFO - Epoch [26][100/391]	lr: 1.000e-01, eta: 1:16:32, time: 0.179, data_time: 0.026, memory: 1575, loss: 1.4473
2021-06-19 17:34:11,298 - mmcls - INFO - Epoch [26][200/391]	lr: 1.000e-01, eta: 1:16:30, time: 0.153, data_time: 0.002, memory: 1575, loss: 1.4499
2021-06-19 17:34:26,598 - mmcls - INFO - Epoch [26][300/391]	lr: 1.000e-01, eta: 1:16:28, time: 0.153, data_time: 0.002, memory: 1575, loss: 1.4872
2021-06-19 17:34:40,431 - mmcls - INFO - Saving checkpoint at 26 epochs
2021-06-19 17:35:00,182 - mmcls - INFO - Epoch [27][100/391]	lr: 1.000e-01, eta: 1:15:42, time: 0.177, data_time: 0.025, memory: 1575, loss: 1.4420
2021-06-19 17:35:15,356 - mmcls - INFO - Epoch [27][200/391]	lr: 1.000e-01, eta: 1:15:40, time: 0.152, data_time: 0.002, memory: 1575, loss: 1.4415
2021-06-19 17:35:30,677 - mmcls - INFO - Epoch [27][300/391]	lr: 1.000e-01, eta: 1:15:38, time: 0.153, data_time: 0.002, memory: 1575, loss: 1.4957
2021-06-19 17:35:44,708 - mmcls - INFO - Saving checkpoint at 27 epochs
2021-06-19 17:36:04,359 - mmcls - INFO - Epoch [28][100/391]	lr: 1.000e-01, eta: 1:14:53, time: 0.176, data_time: 0.025, memory: 1575, loss: 1.3975
2021-06-19 17:36:19,667 - mmcls - INFO - Epoch [28][200/391]	lr: 1.000e-01, eta: 1:14:50, time: 0.153, data_time: 0.002, memory: 1575, loss: 1.4416
2021-06-19 17:36:35,172 - mmcls - INFO - Epoch [28][300/391]	lr: 1.000e-01, eta: 1:14:48, time: 0.155, data_time: 0.003, memory: 1575, loss: 1.4343
2021-06-19 17:36:49,120 - mmcls - INFO - Saving checkpoint at 28 epochs
2021-06-19 17:37:08,842 - mmcls - INFO - Epoch [29][100/391]	lr: 1.000e-01, eta: 1:14:04, time: 0.177, data_time: 0.026, memory: 1575, loss: 1.3863
2021-06-19 17:37:24,171 - mmcls - INFO - Epoch [29][200/391]	lr: 1.000e-01, eta: 1:14:02, time: 0.153, data_time: 0.002, memory: 1575, loss: 1.4292
2021-06-19 17:37:39,468 - mmcls - INFO - Epoch [29][300/391]	lr: 1.000e-01, eta: 1:13:58, time: 0.153, data_time: 0.002, memory: 1575, loss: 1.4600
2021-06-19 17:37:53,400 - mmcls - INFO - Saving checkpoint at 29 epochs
2021-06-19 17:38:13,254 - mmcls - INFO - Epoch [30][100/391]	lr: 1.000e-01, eta: 1:13:16, time: 0.179, data_time: 0.027, memory: 1575, loss: 1.3876
2021-06-19 17:38:28,614 - mmcls - INFO - Epoch [30][200/391]	lr: 1.000e-01, eta: 1:13:13, time: 0.154, data_time: 0.003, memory: 1575, loss: 1.4139
2021-06-19 17:38:43,950 - mmcls - INFO - Epoch [30][300/391]	lr: 1.000e-01, eta: 1:13:09, time: 0.153, data_time: 0.002, memory: 1575, loss: 1.4386
2021-06-19 17:39:03,056 - mmcls - INFO - Saving checkpoint at 30 epochs
2021-06-19 17:39:05,106 - mmcls - INFO - Epoch(val) [30][79]	accuracy_top-1: 52.5300, accuracy_top-5: 80.4200
2021-06-19 17:39:22,823 - mmcls - INFO - Epoch [31][100/391]	lr: 1.000e-01, eta: 1:12:28, time: 0.177, data_time: 0.026, memory: 1575, loss: 1.3563
2021-06-19 17:39:38,166 - mmcls - INFO - Epoch [31][200/391]	lr: 1.000e-01, eta: 1:12:24, time: 0.153, data_time: 0.003, memory: 1575, loss: 1.4449
2021-06-19 17:39:53,454 - mmcls - INFO - Epoch [31][300/391]	lr: 1.000e-01, eta: 1:12:20, time: 0.153, data_time: 0.002, memory: 1575, loss: 1.4097
2021-06-19 17:40:07,335 - mmcls - INFO - Saving checkpoint at 31 epochs
2021-06-19 17:40:27,014 - mmcls - INFO - Epoch [32][100/391]	lr: 1.000e-01, eta: 1:11:39, time: 0.177, data_time: 0.026, memory: 1575, loss: 1.3532
2021-06-19 17:40:42,222 - mmcls - INFO - Epoch [32][200/391]	lr: 1.000e-01, eta: 1:11:34, time: 0.152, data_time: 0.002, memory: 1575, loss: 1.3798
2021-06-19 17:40:57,491 - mmcls - INFO - Epoch [32][300/391]	lr: 1.000e-01, eta: 1:11:30, time: 0.153, data_time: 0.002, memory: 1575, loss: 1.4034
2021-06-19 17:41:11,452 - mmcls - INFO - Saving checkpoint at 32 epochs
2021-06-19 17:41:31,225 - mmcls - INFO - Epoch [33][100/391]	lr: 1.000e-01, eta: 1:10:50, time: 0.178, data_time: 0.027, memory: 1575, loss: 1.3705
2021-06-19 17:41:46,528 - mmcls - INFO - Epoch [33][200/391]	lr: 1.000e-01, eta: 1:10:45, time: 0.153, data_time: 0.002, memory: 1575, loss: 1.3761
2021-06-19 17:42:01,907 - mmcls - INFO - Epoch [33][300/391]	lr: 1.000e-01, eta: 1:10:41, time: 0.154, data_time: 0.003, memory: 1575, loss: 1.4226
2021-06-19 17:42:15,805 - mmcls - INFO - Saving checkpoint at 33 epochs
2021-06-19 17:42:35,696 - mmcls - INFO - Epoch [34][100/391]	lr: 1.000e-01, eta: 1:10:02, time: 0.179, data_time: 0.027, memory: 1575, loss: 1.3670
2021-06-19 17:42:51,106 - mmcls - INFO - Epoch [34][200/391]	lr: 1.000e-01, eta: 1:09:57, time: 0.154, data_time: 0.003, memory: 1575, loss: 1.3722
2021-06-19 17:43:06,495 - mmcls - INFO - Epoch [34][300/391]	lr: 1.000e-01, eta: 1:09:52, time: 0.154, data_time: 0.003, memory: 1575, loss: 1.4074
2021-06-19 17:43:20,453 - mmcls - INFO - Saving checkpoint at 34 epochs
2021-06-19 17:43:40,347 - mmcls - INFO - Epoch [35][100/391]	lr: 1.000e-01, eta: 1:09:14, time: 0.179, data_time: 0.025, memory: 1575, loss: 1.3438
2021-06-19 17:43:55,671 - mmcls - INFO - Epoch [35][200/391]	lr: 1.000e-01, eta: 1:09:08, time: 0.153, data_time: 0.003, memory: 1575, loss: 1.3826
2021-06-19 17:44:10,901 - mmcls - INFO - Epoch [35][300/391]	lr: 1.000e-01, eta: 1:09:03, time: 0.152, data_time: 0.002, memory: 1575, loss: 1.3926
2021-06-19 17:44:29,793 - mmcls - INFO - Saving checkpoint at 35 epochs
2021-06-19 17:44:31,792 - mmcls - INFO - Epoch(val) [35][79]	accuracy_top-1: 52.8500, accuracy_top-5: 79.2500
2021-06-19 17:44:49,584 - mmcls - INFO - Epoch [36][100/391]	lr: 1.000e-01, eta: 1:08:25, time: 0.178, data_time: 0.026, memory: 1575, loss: 1.3181
2021-06-19 17:45:04,865 - mmcls - INFO - Epoch [36][200/391]	lr: 1.000e-01, eta: 1:08:19, time: 0.153, data_time: 0.002, memory: 1575, loss: 1.3690
2021-06-19 17:45:19,914 - mmcls - INFO - Epoch [36][300/391]	lr: 1.000e-01, eta: 1:08:13, time: 0.150, data_time: 0.002, memory: 1575, loss: 1.3743
2021-06-19 17:45:33,782 - mmcls - INFO - Saving checkpoint at 36 epochs
2021-06-19 17:45:53,715 - mmcls - INFO - Epoch [37][100/391]	lr: 1.000e-01, eta: 1:07:36, time: 0.180, data_time: 0.026, memory: 1575, loss: 1.3119
2021-06-19 17:46:09,289 - mmcls - INFO - Epoch [37][200/391]	lr: 1.000e-01, eta: 1:07:31, time: 0.156, data_time: 0.003, memory: 1575, loss: 1.3524
2021-06-19 17:46:24,821 - mmcls - INFO - Epoch [37][300/391]	lr: 1.000e-01, eta: 1:07:26, time: 0.155, data_time: 0.003, memory: 1575, loss: 1.3867
2021-06-19 17:46:38,915 - mmcls - INFO - Saving checkpoint at 37 epochs
2021-06-19 17:46:58,906 - mmcls - INFO - Epoch [38][100/391]	lr: 1.000e-01, eta: 1:06:49, time: 0.179, data_time: 0.026, memory: 1575, loss: 1.3097
2021-06-19 17:47:14,310 - mmcls - INFO - Epoch [38][200/391]	lr: 1.000e-01, eta: 1:06:43, time: 0.154, data_time: 0.002, memory: 1575, loss: 1.3572
2021-06-19 17:47:29,723 - mmcls - INFO - Epoch [38][300/391]	lr: 1.000e-01, eta: 1:06:37, time: 0.154, data_time: 0.003, memory: 1575, loss: 1.3665
2021-06-19 17:47:43,832 - mmcls - INFO - Saving checkpoint at 38 epochs
2021-06-19 17:48:03,909 - mmcls - INFO - Epoch [39][100/391]	lr: 1.000e-01, eta: 1:06:01, time: 0.180, data_time: 0.027, memory: 1575, loss: 1.3173
2021-06-19 17:48:19,380 - mmcls - INFO - Epoch [39][200/391]	lr: 1.000e-01, eta: 1:05:55, time: 0.155, data_time: 0.003, memory: 1575, loss: 1.3450
2021-06-19 17:48:34,841 - mmcls - INFO - Epoch [39][300/391]	lr: 1.000e-01, eta: 1:05:49, time: 0.155, data_time: 0.003, memory: 1575, loss: 1.3619
2021-06-19 17:48:48,913 - mmcls - INFO - Saving checkpoint at 39 epochs
2021-06-19 17:49:08,985 - mmcls - INFO - Epoch [40][100/391]	lr: 1.000e-01, eta: 1:05:14, time: 0.180, data_time: 0.026, memory: 1575, loss: 1.2906
2021-06-19 17:49:24,486 - mmcls - INFO - Epoch [40][200/391]	lr: 1.000e-01, eta: 1:05:08, time: 0.155, data_time: 0.003, memory: 1575, loss: 1.3474
2021-06-19 17:49:39,981 - mmcls - INFO - Epoch [40][300/391]	lr: 1.000e-01, eta: 1:05:02, time: 0.155, data_time: 0.003, memory: 1575, loss: 1.3499
2021-06-19 17:49:59,167 - mmcls - INFO - Saving checkpoint at 40 epochs
2021-06-19 17:50:01,201 - mmcls - INFO - Epoch(val) [40][79]	accuracy_top-1: 52.5700, accuracy_top-5: 80.5900
2021-06-19 17:50:19,161 - mmcls - INFO - Epoch [41][100/391]	lr: 1.000e-02, eta: 1:04:26, time: 0.180, data_time: 0.026, memory: 1575, loss: 1.0058
2021-06-19 17:50:34,693 - mmcls - INFO - Epoch [41][200/391]	lr: 1.000e-02, eta: 1:04:20, time: 0.155, data_time: 0.003, memory: 1575, loss: 0.8159
2021-06-19 17:50:50,236 - mmcls - INFO - Epoch [41][300/391]	lr: 1.000e-02, eta: 1:04:14, time: 0.155, data_time: 0.003, memory: 1575, loss: 0.7776
2021-06-19 17:51:04,521 - mmcls - INFO - Saving checkpoint at 41 epochs
2021-06-19 17:51:24,477 - mmcls - INFO - Epoch [42][100/391]	lr: 1.000e-02, eta: 1:03:39, time: 0.179, data_time: 0.027, memory: 1575, loss: 0.6711
2021-06-19 17:51:39,882 - mmcls - INFO - Epoch [42][200/391]	lr: 1.000e-02, eta: 1:03:32, time: 0.154, data_time: 0.003, memory: 1575, loss: 0.6534
2021-06-19 17:51:55,194 - mmcls - INFO - Epoch [42][300/391]	lr: 1.000e-02, eta: 1:03:25, time: 0.153, data_time: 0.002, memory: 1575, loss: 0.6470
2021-06-19 17:52:09,395 - mmcls - INFO - Saving checkpoint at 42 epochs
2021-06-19 17:52:29,778 - mmcls - INFO - Epoch [43][100/391]	lr: 1.000e-02, eta: 1:02:51, time: 0.183, data_time: 0.027, memory: 1575, loss: 0.5776
2021-06-19 17:52:45,211 - mmcls - INFO - Epoch [43][200/391]	lr: 1.000e-02, eta: 1:02:44, time: 0.154, data_time: 0.002, memory: 1575, loss: 0.5983
2021-06-19 17:53:00,850 - mmcls - INFO - Epoch [43][300/391]	lr: 1.000e-02, eta: 1:02:38, time: 0.156, data_time: 0.003, memory: 1575, loss: 0.5839
2021-06-19 17:53:14,871 - mmcls - INFO - Saving checkpoint at 43 epochs
2021-06-19 17:53:34,768 - mmcls - INFO - Epoch [44][100/391]	lr: 1.000e-02, eta: 1:02:04, time: 0.179, data_time: 0.025, memory: 1575, loss: 0.5346
2021-06-19 17:53:50,293 - mmcls - INFO - Epoch [44][200/391]	lr: 1.000e-02, eta: 1:01:57, time: 0.155, data_time: 0.003, memory: 1575, loss: 0.5276
2021-06-19 17:54:05,839 - mmcls - INFO - Epoch [44][300/391]	lr: 1.000e-02, eta: 1:01:50, time: 0.155, data_time: 0.003, memory: 1575, loss: 0.5366
2021-06-19 17:54:20,119 - mmcls - INFO - Saving checkpoint at 44 epochs
2021-06-19 17:54:40,221 - mmcls - INFO - Epoch [45][100/391]	lr: 1.000e-02, eta: 1:01:16, time: 0.181, data_time: 0.027, memory: 1575, loss: 0.4782
2021-06-19 17:54:55,716 - mmcls - INFO - Epoch [45][200/391]	lr: 1.000e-02, eta: 1:01:09, time: 0.155, data_time: 0.002, memory: 1575, loss: 0.4790
2021-06-19 17:55:11,228 - mmcls - INFO - Epoch [45][300/391]	lr: 1.000e-02, eta: 1:01:02, time: 0.155, data_time: 0.003, memory: 1575, loss: 0.4838
2021-06-19 17:55:30,433 - mmcls - INFO - Saving checkpoint at 45 epochs
2021-06-19 17:55:32,441 - mmcls - INFO - Epoch(val) [45][79]	accuracy_top-1: 72.2900, accuracy_top-5: 92.2200
2021-06-19 17:55:50,360 - mmcls - INFO - Epoch [46][100/391]	lr: 1.000e-02, eta: 1:00:28, time: 0.179, data_time: 0.025, memory: 1575, loss: 0.4276
2021-06-19 17:56:05,752 - mmcls - INFO - Epoch [46][200/391]	lr: 1.000e-02, eta: 1:00:21, time: 0.154, data_time: 0.003, memory: 1575, loss: 0.4386
2021-06-19 17:56:21,287 - mmcls - INFO - Epoch [46][300/391]	lr: 1.000e-02, eta: 1:00:13, time: 0.155, data_time: 0.003, memory: 1575, loss: 0.4365
2021-06-19 17:56:35,389 - mmcls - INFO - Saving checkpoint at 46 epochs
2021-06-19 17:56:55,225 - mmcls - INFO - Epoch [47][100/391]	lr: 1.000e-02, eta: 0:59:40, time: 0.178, data_time: 0.026, memory: 1575, loss: 0.3912
2021-06-19 17:57:10,700 - mmcls - INFO - Epoch [47][200/391]	lr: 1.000e-02, eta: 0:59:32, time: 0.155, data_time: 0.003, memory: 1575, loss: 0.4068
2021-06-19 17:57:26,073 - mmcls - INFO - Epoch [47][300/391]	lr: 1.000e-02, eta: 0:59:24, time: 0.154, data_time: 0.002, memory: 1575, loss: 0.4026
2021-06-19 17:57:40,476 - mmcls - INFO - Saving checkpoint at 47 epochs
2021-06-19 17:58:00,722 - mmcls - INFO - Epoch [48][100/391]	lr: 1.000e-02, eta: 0:58:52, time: 0.182, data_time: 0.027, memory: 1575, loss: 0.3477
2021-06-19 17:58:16,102 - mmcls - INFO - Epoch [48][200/391]	lr: 1.000e-02, eta: 0:58:44, time: 0.154, data_time: 0.002, memory: 1575, loss: 0.3641
2021-06-19 17:58:31,637 - mmcls - INFO - Epoch [48][300/391]	lr: 1.000e-02, eta: 0:58:36, time: 0.155, data_time: 0.003, memory: 1575, loss: 0.3844
2021-06-19 17:58:45,850 - mmcls - INFO - Saving checkpoint at 48 epochs
2021-06-19 17:59:05,756 - mmcls - INFO - Epoch [49][100/391]	lr: 1.000e-02, eta: 0:58:04, time: 0.178, data_time: 0.025, memory: 1575, loss: 0.3211
2021-06-19 17:59:21,210 - mmcls - INFO - Epoch [49][200/391]	lr: 1.000e-02, eta: 0:57:56, time: 0.155, data_time: 0.003, memory: 1575, loss: 0.3468
2021-06-19 17:59:36,644 - mmcls - INFO - Epoch [49][300/391]	lr: 1.000e-02, eta: 0:57:48, time: 0.154, data_time: 0.003, memory: 1575, loss: 0.3395
2021-06-19 17:59:50,845 - mmcls - INFO - Saving checkpoint at 49 epochs
2021-06-19 18:00:10,537 - mmcls - INFO - Epoch [50][100/391]	lr: 1.000e-02, eta: 0:57:15, time: 0.178, data_time: 0.025, memory: 1575, loss: 0.2894
2021-06-19 18:00:25,969 - mmcls - INFO - Epoch [50][200/391]	lr: 1.000e-02, eta: 0:57:07, time: 0.154, data_time: 0.003, memory: 1575, loss: 0.3219
2021-06-19 18:00:41,374 - mmcls - INFO - Epoch [50][300/391]	lr: 1.000e-02, eta: 0:56:59, time: 0.154, data_time: 0.003, memory: 1575, loss: 0.3230
2021-06-19 18:01:00,527 - mmcls - INFO - Saving checkpoint at 50 epochs
2021-06-19 18:01:02,568 - mmcls - INFO - Epoch(val) [50][79]	accuracy_top-1: 72.0800, accuracy_top-5: 91.9200
2021-06-19 18:01:20,386 - mmcls - INFO - Epoch [51][100/391]	lr: 1.000e-02, eta: 0:56:27, time: 0.178, data_time: 0.026, memory: 1575, loss: 0.2782
2021-06-19 18:01:35,828 - mmcls - INFO - Epoch [51][200/391]	lr: 1.000e-02, eta: 0:56:19, time: 0.154, data_time: 0.003, memory: 1575, loss: 0.2921
2021-06-19 18:01:51,302 - mmcls - INFO - Epoch [51][300/391]	lr: 1.000e-02, eta: 0:56:10, time: 0.155, data_time: 0.003, memory: 1575, loss: 0.3014
2021-06-19 18:02:05,276 - mmcls - INFO - Saving checkpoint at 51 epochs
2021-06-19 18:02:25,025 - mmcls - INFO - Epoch [52][100/391]	lr: 1.000e-02, eta: 0:55:38, time: 0.177, data_time: 0.025, memory: 1575, loss: 0.2561
2021-06-19 18:02:40,569 - mmcls - INFO - Epoch [52][200/391]	lr: 1.000e-02, eta: 0:55:30, time: 0.155, data_time: 0.003, memory: 1575, loss: 0.2619
2021-06-19 18:02:56,040 - mmcls - INFO - Epoch [52][300/391]	lr: 1.000e-02, eta: 0:55:22, time: 0.155, data_time: 0.003, memory: 1575, loss: 0.2849
2021-06-19 18:03:10,204 - mmcls - INFO - Saving checkpoint at 52 epochs
2021-06-19 18:03:30,200 - mmcls - INFO - Epoch [53][100/391]	lr: 1.000e-02, eta: 0:54:50, time: 0.180, data_time: 0.027, memory: 1575, loss: 0.2453
2021-06-19 18:03:45,611 - mmcls - INFO - Epoch [53][200/391]	lr: 1.000e-02, eta: 0:54:42, time: 0.154, data_time: 0.003, memory: 1575, loss: 0.2436
2021-06-19 18:04:01,177 - mmcls - INFO - Epoch [53][300/391]	lr: 1.000e-02, eta: 0:54:33, time: 0.156, data_time: 0.003, memory: 1575, loss: 0.2619
2021-06-19 18:04:15,496 - mmcls - INFO - Saving checkpoint at 53 epochs
2021-06-19 18:04:35,482 - mmcls - INFO - Epoch [54][100/391]	lr: 1.000e-02, eta: 0:54:02, time: 0.180, data_time: 0.026, memory: 1575, loss: 0.2277
2021-06-19 18:04:50,895 - mmcls - INFO - Epoch [54][200/391]	lr: 1.000e-02, eta: 0:53:53, time: 0.154, data_time: 0.002, memory: 1575, loss: 0.2453
2021-06-19 18:05:06,397 - mmcls - INFO - Epoch [54][300/391]	lr: 1.000e-02, eta: 0:53:45, time: 0.155, data_time: 0.002, memory: 1575, loss: 0.2572
2021-06-19 18:05:20,512 - mmcls - INFO - Saving checkpoint at 54 epochs
2021-06-19 18:05:40,569 - mmcls - INFO - Epoch [55][100/391]	lr: 1.000e-02, eta: 0:53:14, time: 0.180, data_time: 0.027, memory: 1575, loss: 0.2276
2021-06-19 18:05:55,979 - mmcls - INFO - Epoch [55][200/391]	lr: 1.000e-02, eta: 0:53:05, time: 0.154, data_time: 0.002, memory: 1575, loss: 0.2245
2021-06-19 18:06:11,468 - mmcls - INFO - Epoch [55][300/391]	lr: 1.000e-02, eta: 0:52:56, time: 0.155, data_time: 0.003, memory: 1575, loss: 0.2476
2021-06-19 18:06:30,840 - mmcls - INFO - Saving checkpoint at 55 epochs
2021-06-19 18:06:32,894 - mmcls - INFO - Epoch(val) [55][79]	accuracy_top-1: 71.8600, accuracy_top-5: 91.4000
2021-06-19 18:06:50,837 - mmcls - INFO - Epoch [56][100/391]	lr: 1.000e-02, eta: 0:52:26, time: 0.179, data_time: 0.027, memory: 1575, loss: 0.2186
2021-06-19 18:07:06,409 - mmcls - INFO - Epoch [56][200/391]	lr: 1.000e-02, eta: 0:52:17, time: 0.156, data_time: 0.003, memory: 1575, loss: 0.2161
2021-06-19 18:07:21,944 - mmcls - INFO - Epoch [56][300/391]	lr: 1.000e-02, eta: 0:52:08, time: 0.155, data_time: 0.003, memory: 1575, loss: 0.2361
2021-06-19 18:07:36,357 - mmcls - INFO - Saving checkpoint at 56 epochs
2021-06-19 18:07:56,398 - mmcls - INFO - Epoch [57][100/391]	lr: 1.000e-02, eta: 0:51:38, time: 0.180, data_time: 0.027, memory: 1575, loss: 0.2037
2021-06-19 18:08:11,964 - mmcls - INFO - Epoch [57][200/391]	lr: 1.000e-02, eta: 0:51:29, time: 0.156, data_time: 0.003, memory: 1575, loss: 0.2084
2021-06-19 18:08:27,357 - mmcls - INFO - Epoch [57][300/391]	lr: 1.000e-02, eta: 0:51:20, time: 0.154, data_time: 0.003, memory: 1575, loss: 0.2312
2021-06-19 18:08:41,615 - mmcls - INFO - Saving checkpoint at 57 epochs
2021-06-19 18:09:01,291 - mmcls - INFO - Epoch [58][100/391]	lr: 1.000e-02, eta: 0:50:49, time: 0.176, data_time: 0.026, memory: 1575, loss: 0.1924
2021-06-19 18:09:16,935 - mmcls - INFO - Epoch [58][200/391]	lr: 1.000e-02, eta: 0:50:40, time: 0.156, data_time: 0.002, memory: 1575, loss: 0.2096
2021-06-19 18:09:32,545 - mmcls - INFO - Epoch [58][300/391]	lr: 1.000e-02, eta: 0:50:31, time: 0.156, data_time: 0.002, memory: 1575, loss: 0.2266
2021-06-19 18:09:46,814 - mmcls - INFO - Saving checkpoint at 58 epochs
2021-06-19 18:10:06,462 - mmcls - INFO - Epoch [59][100/391]	lr: 1.000e-02, eta: 0:50:01, time: 0.176, data_time: 0.027, memory: 1575, loss: 0.1820
2021-06-19 18:10:21,634 - mmcls - INFO - Epoch [59][200/391]	lr: 1.000e-02, eta: 0:49:51, time: 0.152, data_time: 0.002, memory: 1575, loss: 0.1980
2021-06-19 18:10:36,873 - mmcls - INFO - Epoch [59][300/391]	lr: 1.000e-02, eta: 0:49:42, time: 0.152, data_time: 0.002, memory: 1575, loss: 0.2075
2021-06-19 18:10:50,731 - mmcls - INFO - Saving checkpoint at 59 epochs
2021-06-19 18:11:10,451 - mmcls - INFO - Epoch [60][100/391]	lr: 1.000e-02, eta: 0:49:12, time: 0.177, data_time: 0.026, memory: 1575, loss: 0.1754
2021-06-19 18:11:25,482 - mmcls - INFO - Epoch [60][200/391]	lr: 1.000e-02, eta: 0:49:02, time: 0.150, data_time: 0.002, memory: 1575, loss: 0.1914
2021-06-19 18:11:40,558 - mmcls - INFO - Epoch [60][300/391]	lr: 1.000e-02, eta: 0:48:52, time: 0.151, data_time: 0.002, memory: 1575, loss: 0.2134
2021-06-19 18:11:59,281 - mmcls - INFO - Saving checkpoint at 60 epochs
2021-06-19 18:12:01,287 - mmcls - INFO - Epoch(val) [60][79]	accuracy_top-1: 71.0300, accuracy_top-5: 90.3200
2021-06-19 18:12:18,984 - mmcls - INFO - Epoch [61][100/391]	lr: 1.000e-02, eta: 0:48:22, time: 0.177, data_time: 0.026, memory: 1575, loss: 0.1848
2021-06-19 18:12:34,045 - mmcls - INFO - Epoch [61][200/391]	lr: 1.000e-02, eta: 0:48:12, time: 0.151, data_time: 0.002, memory: 1575, loss: 0.1862
2021-06-19 18:12:49,434 - mmcls - INFO - Epoch [61][300/391]	lr: 1.000e-02, eta: 0:48:03, time: 0.154, data_time: 0.002, memory: 1575, loss: 0.2003
2021-06-19 18:13:03,259 - mmcls - INFO - Saving checkpoint at 61 epochs
2021-06-19 18:13:22,960 - mmcls - INFO - Epoch [62][100/391]	lr: 1.000e-02, eta: 0:47:33, time: 0.177, data_time: 0.026, memory: 1575, loss: 0.1907
2021-06-19 18:13:37,930 - mmcls - INFO - Epoch [62][200/391]	lr: 1.000e-02, eta: 0:47:23, time: 0.150, data_time: 0.002, memory: 1575, loss: 0.1871
2021-06-19 18:13:52,980 - mmcls - INFO - Epoch [62][300/391]	lr: 1.000e-02, eta: 0:47:13, time: 0.150, data_time: 0.002, memory: 1575, loss: 0.2008
2021-06-19 18:14:06,891 - mmcls - INFO - Saving checkpoint at 62 epochs
2021-06-19 18:14:26,738 - mmcls - INFO - Epoch [63][100/391]	lr: 1.000e-02, eta: 0:46:44, time: 0.178, data_time: 0.027, memory: 1575, loss: 0.1803
2021-06-19 18:14:41,874 - mmcls - INFO - Epoch [63][200/391]	lr: 1.000e-02, eta: 0:46:34, time: 0.151, data_time: 0.002, memory: 1575, loss: 0.1808
2021-06-19 18:14:56,909 - mmcls - INFO - Epoch [63][300/391]	lr: 1.000e-02, eta: 0:46:24, time: 0.150, data_time: 0.002, memory: 1575, loss: 0.2117
2021-06-19 18:15:10,889 - mmcls - INFO - Saving checkpoint at 63 epochs
2021-06-19 18:15:30,418 - mmcls - INFO - Epoch [64][100/391]	lr: 1.000e-02, eta: 0:45:55, time: 0.175, data_time: 0.025, memory: 1575, loss: 0.1813
2021-06-19 18:15:45,440 - mmcls - INFO - Epoch [64][200/391]	lr: 1.000e-02, eta: 0:45:44, time: 0.150, data_time: 0.002, memory: 1575, loss: 0.1672
2021-06-19 18:16:00,696 - mmcls - INFO - Epoch [64][300/391]	lr: 1.000e-02, eta: 0:45:34, time: 0.153, data_time: 0.002, memory: 1575, loss: 0.1915
2021-06-19 18:16:14,448 - mmcls - INFO - Saving checkpoint at 64 epochs
2021-06-19 18:16:33,702 - mmcls - INFO - Epoch [65][100/391]	lr: 1.000e-02, eta: 0:45:05, time: 0.173, data_time: 0.026, memory: 1575, loss: 0.1756
2021-06-19 18:16:48,186 - mmcls - INFO - Epoch [65][200/391]	lr: 1.000e-02, eta: 0:44:54, time: 0.145, data_time: 0.002, memory: 1575, loss: 0.1749
2021-06-19 18:17:03,339 - mmcls - INFO - Epoch [65][300/391]	lr: 1.000e-02, eta: 0:44:44, time: 0.152, data_time: 0.002, memory: 1575, loss: 0.1996
2021-06-19 18:17:22,117 - mmcls - INFO - Saving checkpoint at 65 epochs
2021-06-19 18:17:24,142 - mmcls - INFO - Epoch(val) [65][79]	accuracy_top-1: 70.2300, accuracy_top-5: 90.1500
2021-06-19 18:17:41,281 - mmcls - INFO - Epoch [66][100/391]	lr: 1.000e-02, eta: 0:44:15, time: 0.171, data_time: 0.025, memory: 1575, loss: 0.1707
2021-06-19 18:17:56,228 - mmcls - INFO - Epoch [66][200/391]	lr: 1.000e-02, eta: 0:44:05, time: 0.149, data_time: 0.002, memory: 1575, loss: 0.1774
2021-06-19 18:18:11,126 - mmcls - INFO - Epoch [66][300/391]	lr: 1.000e-02, eta: 0:43:54, time: 0.149, data_time: 0.002, memory: 1575, loss: 0.2040
2021-06-19 18:18:24,842 - mmcls - INFO - Saving checkpoint at 66 epochs
2021-06-19 18:18:44,264 - mmcls - INFO - Epoch [67][100/391]	lr: 1.000e-02, eta: 0:43:26, time: 0.175, data_time: 0.025, memory: 1575, loss: 0.1636
2021-06-19 18:18:59,182 - mmcls - INFO - Epoch [67][200/391]	lr: 1.000e-02, eta: 0:43:15, time: 0.149, data_time: 0.002, memory: 1575, loss: 0.1753
2021-06-19 18:19:14,217 - mmcls - INFO - Epoch [67][300/391]	lr: 1.000e-02, eta: 0:43:05, time: 0.150, data_time: 0.002, memory: 1575, loss: 0.2069
2021-06-19 18:19:28,008 - mmcls - INFO - Saving checkpoint at 67 epochs
2021-06-19 18:19:47,544 - mmcls - INFO - Epoch [68][100/391]	lr: 1.000e-02, eta: 0:42:36, time: 0.175, data_time: 0.026, memory: 1575, loss: 0.1638
2021-06-19 18:20:02,463 - mmcls - INFO - Epoch [68][200/391]	lr: 1.000e-02, eta: 0:42:26, time: 0.149, data_time: 0.002, memory: 1575, loss: 0.1735
2021-06-19 18:20:17,682 - mmcls - INFO - Epoch [68][300/391]	lr: 1.000e-02, eta: 0:42:16, time: 0.152, data_time: 0.002, memory: 1575, loss: 0.1954
2021-06-19 18:20:31,409 - mmcls - INFO - Saving checkpoint at 68 epochs
2021-06-19 18:20:51,178 - mmcls - INFO - Epoch [69][100/391]	lr: 1.000e-02, eta: 0:41:47, time: 0.178, data_time: 0.027, memory: 1575, loss: 0.1669
2021-06-19 18:21:06,254 - mmcls - INFO - Epoch [69][200/391]	lr: 1.000e-02, eta: 0:41:37, time: 0.151, data_time: 0.002, memory: 1575, loss: 0.1773
2021-06-19 18:21:21,265 - mmcls - INFO - Epoch [69][300/391]	lr: 1.000e-02, eta: 0:41:27, time: 0.150, data_time: 0.002, memory: 1575, loss: 0.2026
2021-06-19 18:21:34,973 - mmcls - INFO - Saving checkpoint at 69 epochs
2021-06-19 18:21:54,343 - mmcls - INFO - Epoch [70][100/391]	lr: 1.000e-02, eta: 0:40:58, time: 0.174, data_time: 0.024, memory: 1575, loss: 0.1635
2021-06-19 18:22:09,256 - mmcls - INFO - Epoch [70][200/391]	lr: 1.000e-02, eta: 0:40:48, time: 0.149, data_time: 0.002, memory: 1575, loss: 0.1630
2021-06-19 18:22:24,327 - mmcls - INFO - Epoch [70][300/391]	lr: 1.000e-02, eta: 0:40:37, time: 0.151, data_time: 0.002, memory: 1575, loss: 0.1884
2021-06-19 18:22:42,735 - mmcls - INFO - Saving checkpoint at 70 epochs
2021-06-19 18:22:44,706 - mmcls - INFO - Epoch(val) [70][79]	accuracy_top-1: 70.7000, accuracy_top-5: 90.1200
2021-06-19 18:23:02,655 - mmcls - INFO - Epoch [71][100/391]	lr: 1.000e-02, eta: 0:40:09, time: 0.179, data_time: 0.026, memory: 1575, loss: 0.1651
2021-06-19 18:23:17,708 - mmcls - INFO - Epoch [71][200/391]	lr: 1.000e-02, eta: 0:39:59, time: 0.151, data_time: 0.002, memory: 1575, loss: 0.1912
2021-06-19 18:23:32,967 - mmcls - INFO - Epoch [71][300/391]	lr: 1.000e-02, eta: 0:39:48, time: 0.153, data_time: 0.002, memory: 1575, loss: 0.1806
2021-06-19 18:23:46,547 - mmcls - INFO - Saving checkpoint at 71 epochs
2021-06-19 18:24:05,956 - mmcls - INFO - Epoch [72][100/391]	lr: 1.000e-02, eta: 0:39:20, time: 0.174, data_time: 0.025, memory: 1575, loss: 0.1631
2021-06-19 18:24:20,987 - mmcls - INFO - Epoch [72][200/391]	lr: 1.000e-02, eta: 0:39:10, time: 0.150, data_time: 0.002, memory: 1575, loss: 0.1774
2021-06-19 18:24:35,879 - mmcls - INFO - Epoch [72][300/391]	lr: 1.000e-02, eta: 0:38:59, time: 0.149, data_time: 0.002, memory: 1575, loss: 0.1964
2021-06-19 18:24:49,709 - mmcls - INFO - Saving checkpoint at 72 epochs
2021-06-19 18:25:08,976 - mmcls - INFO - Epoch [73][100/391]	lr: 1.000e-02, eta: 0:38:31, time: 0.173, data_time: 0.025, memory: 1575, loss: 0.1710
2021-06-19 18:25:24,113 - mmcls - INFO - Epoch [73][200/391]	lr: 1.000e-02, eta: 0:38:21, time: 0.151, data_time: 0.002, memory: 1575, loss: 0.1793
2021-06-19 18:25:38,872 - mmcls - INFO - Epoch [73][300/391]	lr: 1.000e-02, eta: 0:38:10, time: 0.148, data_time: 0.002, memory: 1575, loss: 0.1888
2021-06-19 18:25:52,549 - mmcls - INFO - Saving checkpoint at 73 epochs
2021-06-19 18:26:12,209 - mmcls - INFO - Epoch [74][100/391]	lr: 1.000e-02, eta: 0:37:42, time: 0.177, data_time: 0.026, memory: 1575, loss: 0.1517
2021-06-19 18:26:27,077 - mmcls - INFO - Epoch [74][200/391]	lr: 1.000e-02, eta: 0:37:31, time: 0.149, data_time: 0.002, memory: 1575, loss: 0.1633
2021-06-19 18:26:42,130 - mmcls - INFO - Epoch [74][300/391]	lr: 1.000e-02, eta: 0:37:21, time: 0.151, data_time: 0.002, memory: 1575, loss: 0.1753
2021-06-19 18:26:55,903 - mmcls - INFO - Saving checkpoint at 74 epochs
2021-06-19 18:27:15,214 - mmcls - INFO - Epoch [75][100/391]	lr: 1.000e-02, eta: 0:36:53, time: 0.173, data_time: 0.026, memory: 1575, loss: 0.1685
2021-06-19 18:27:30,158 - mmcls - INFO - Epoch [75][200/391]	lr: 1.000e-02, eta: 0:36:42, time: 0.149, data_time: 0.002, memory: 1575, loss: 0.1858
2021-06-19 18:27:45,233 - mmcls - INFO - Epoch [75][300/391]	lr: 1.000e-02, eta: 0:36:31, time: 0.151, data_time: 0.002, memory: 1575, loss: 0.1821
2021-06-19 18:28:03,921 - mmcls - INFO - Saving checkpoint at 75 epochs
2021-06-19 18:28:05,905 - mmcls - INFO - Epoch(val) [75][79]	accuracy_top-1: 71.0600, accuracy_top-5: 90.3900
2021-06-19 18:28:23,337 - mmcls - INFO - Epoch [76][100/391]	lr: 1.000e-02, eta: 0:36:04, time: 0.174, data_time: 0.025, memory: 1575, loss: 0.1555
2021-06-19 18:28:38,579 - mmcls - INFO - Epoch [76][200/391]	lr: 1.000e-02, eta: 0:35:53, time: 0.152, data_time: 0.002, memory: 1575, loss: 0.1804
2021-06-19 18:28:53,793 - mmcls - INFO - Epoch [76][300/391]	lr: 1.000e-02, eta: 0:35:43, time: 0.152, data_time: 0.002, memory: 1575, loss: 0.1982
2021-06-19 18:29:07,521 - mmcls - INFO - Saving checkpoint at 76 epochs
2021-06-19 18:29:26,872 - mmcls - INFO - Epoch [77][100/391]	lr: 1.000e-02, eta: 0:35:15, time: 0.174, data_time: 0.026, memory: 1575, loss: 0.1707
2021-06-19 18:29:41,917 - mmcls - INFO - Epoch [77][200/391]	lr: 1.000e-02, eta: 0:35:05, time: 0.150, data_time: 0.002, memory: 1575, loss: 0.1724
2021-06-19 18:29:57,225 - mmcls - INFO - Epoch [77][300/391]	lr: 1.000e-02, eta: 0:34:54, time: 0.153, data_time: 0.002, memory: 1575, loss: 0.1920
2021-06-19 18:30:10,861 - mmcls - INFO - Saving checkpoint at 77 epochs
2021-06-19 18:30:30,224 - mmcls - INFO - Epoch [78][100/391]	lr: 1.000e-02, eta: 0:34:27, time: 0.174, data_time: 0.025, memory: 1575, loss: 0.1577
2021-06-19 18:30:45,148 - mmcls - INFO - Epoch [78][200/391]	lr: 1.000e-02, eta: 0:34:16, time: 0.149, data_time: 0.002, memory: 1575, loss: 0.1806
2021-06-19 18:31:00,215 - mmcls - INFO - Epoch [78][300/391]	lr: 1.000e-02, eta: 0:34:05, time: 0.151, data_time: 0.002, memory: 1575, loss: 0.1959
2021-06-19 18:31:14,055 - mmcls - INFO - Saving checkpoint at 78 epochs
2021-06-19 18:31:33,434 - mmcls - INFO - Epoch [79][100/391]	lr: 1.000e-02, eta: 0:33:38, time: 0.174, data_time: 0.026, memory: 1575, loss: 0.1802
2021-06-19 18:31:48,568 - mmcls - INFO - Epoch [79][200/391]	lr: 1.000e-02, eta: 0:33:27, time: 0.151, data_time: 0.002, memory: 1575, loss: 0.1661
2021-06-19 18:32:03,508 - mmcls - INFO - Epoch [79][300/391]	lr: 1.000e-02, eta: 0:33:16, time: 0.149, data_time: 0.002, memory: 1575, loss: 0.1927
2021-06-19 18:32:17,185 - mmcls - INFO - Saving checkpoint at 79 epochs
2021-06-19 18:32:37,155 - mmcls - INFO - Epoch [80][100/391]	lr: 1.000e-02, eta: 0:32:49, time: 0.180, data_time: 0.026, memory: 1575, loss: 0.1612
2021-06-19 18:32:52,235 - mmcls - INFO - Epoch [80][200/391]	lr: 1.000e-02, eta: 0:32:38, time: 0.151, data_time: 0.002, memory: 1575, loss: 0.1661
2021-06-19 18:33:07,331 - mmcls - INFO - Epoch [80][300/391]	lr: 1.000e-02, eta: 0:32:27, time: 0.151, data_time: 0.002, memory: 1575, loss: 0.1753
2021-06-19 18:33:25,708 - mmcls - INFO - Saving checkpoint at 80 epochs
2021-06-19 18:33:27,738 - mmcls - INFO - Epoch(val) [80][79]	accuracy_top-1: 69.0500, accuracy_top-5: 89.7800
2021-06-19 18:33:45,205 - mmcls - INFO - Epoch [81][100/391]	lr: 1.000e-03, eta: 0:32:01, time: 0.175, data_time: 0.026, memory: 1575, loss: 0.1284
2021-06-19 18:34:00,186 - mmcls - INFO - Epoch [81][200/391]	lr: 1.000e-03, eta: 0:31:50, time: 0.150, data_time: 0.002, memory: 1575, loss: 0.0898
2021-06-19 18:34:15,255 - mmcls - INFO - Epoch [81][300/391]	lr: 1.000e-03, eta: 0:31:38, time: 0.151, data_time: 0.002, memory: 1575, loss: 0.0774
2021-06-19 18:34:28,918 - mmcls - INFO - Saving checkpoint at 81 epochs
2021-06-19 18:34:48,240 - mmcls - INFO - Epoch [82][100/391]	lr: 1.000e-03, eta: 0:31:12, time: 0.173, data_time: 0.025, memory: 1575, loss: 0.0598
2021-06-19 18:35:03,188 - mmcls - INFO - Epoch [82][200/391]	lr: 1.000e-03, eta: 0:31:01, time: 0.149, data_time: 0.002, memory: 1575, loss: 0.0492
2021-06-19 18:35:18,088 - mmcls - INFO - Epoch [82][300/391]	lr: 1.000e-03, eta: 0:30:49, time: 0.149, data_time: 0.002, memory: 1575, loss: 0.0490
2021-06-19 18:35:31,870 - mmcls - INFO - Saving checkpoint at 82 epochs
2021-06-19 18:35:51,620 - mmcls - INFO - Epoch [83][100/391]	lr: 1.000e-03, eta: 0:30:23, time: 0.177, data_time: 0.026, memory: 1575, loss: 0.0407
2021-06-19 18:36:06,934 - mmcls - INFO - Epoch [83][200/391]	lr: 1.000e-03, eta: 0:30:12, time: 0.153, data_time: 0.002, memory: 1575, loss: 0.0401
2021-06-19 18:36:21,963 - mmcls - INFO - Epoch [83][300/391]	lr: 1.000e-03, eta: 0:30:01, time: 0.150, data_time: 0.002, memory: 1575, loss: 0.0446
2021-06-19 18:36:35,606 - mmcls - INFO - Saving checkpoint at 83 epochs
2021-06-19 18:36:55,154 - mmcls - INFO - Epoch [84][100/391]	lr: 1.000e-03, eta: 0:29:35, time: 0.176, data_time: 0.026, memory: 1575, loss: 0.0371
2021-06-19 18:37:10,299 - mmcls - INFO - Epoch [84][200/391]	lr: 1.000e-03, eta: 0:29:23, time: 0.151, data_time: 0.002, memory: 1575, loss: 0.0347
2021-06-19 18:37:25,239 - mmcls - INFO - Epoch [84][300/391]	lr: 1.000e-03, eta: 0:29:12, time: 0.149, data_time: 0.002, memory: 1575, loss: 0.0360
2021-06-19 18:37:38,825 - mmcls - INFO - Saving checkpoint at 84 epochs
2021-06-19 18:37:58,070 - mmcls - INFO - Epoch [85][100/391]	lr: 1.000e-03, eta: 0:28:46, time: 0.172, data_time: 0.025, memory: 1575, loss: 0.0310
2021-06-19 18:38:13,224 - mmcls - INFO - Epoch [85][200/391]	lr: 1.000e-03, eta: 0:28:35, time: 0.152, data_time: 0.002, memory: 1575, loss: 0.0312
2021-06-19 18:38:28,173 - mmcls - INFO - Epoch [85][300/391]	lr: 1.000e-03, eta: 0:28:23, time: 0.149, data_time: 0.002, memory: 1575, loss: 0.0287
2021-06-19 18:38:46,565 - mmcls - INFO - Saving checkpoint at 85 epochs
2021-06-19 18:38:48,598 - mmcls - INFO - Epoch(val) [85][79]	accuracy_top-1: 74.9300, accuracy_top-5: 91.9800
2021-06-19 18:39:06,134 - mmcls - INFO - Epoch [86][100/391]	lr: 1.000e-03, eta: 0:27:57, time: 0.175, data_time: 0.026, memory: 1575, loss: 0.0271
2021-06-19 18:39:21,077 - mmcls - INFO - Epoch [86][200/391]	lr: 1.000e-03, eta: 0:27:46, time: 0.149, data_time: 0.002, memory: 1575, loss: 0.0251
2021-06-19 18:39:36,033 - mmcls - INFO - Epoch [86][300/391]	lr: 1.000e-03, eta: 0:27:35, time: 0.150, data_time: 0.002, memory: 1575, loss: 0.0270
2021-06-19 18:39:49,735 - mmcls - INFO - Saving checkpoint at 86 epochs
2021-06-19 18:40:09,276 - mmcls - INFO - Epoch [87][100/391]	lr: 1.000e-03, eta: 0:27:09, time: 0.176, data_time: 0.026, memory: 1575, loss: 0.0233
2021-06-19 18:40:24,409 - mmcls - INFO - Epoch [87][200/391]	lr: 1.000e-03, eta: 0:26:57, time: 0.151, data_time: 0.002, memory: 1575, loss: 0.0263
2021-06-19 18:40:39,576 - mmcls - INFO - Epoch [87][300/391]	lr: 1.000e-03, eta: 0:26:46, time: 0.152, data_time: 0.002, memory: 1575, loss: 0.0265
2021-06-19 18:40:53,442 - mmcls - INFO - Saving checkpoint at 87 epochs
2021-06-19 18:41:12,885 - mmcls - INFO - Epoch [88][100/391]	lr: 1.000e-03, eta: 0:26:20, time: 0.175, data_time: 0.025, memory: 1575, loss: 0.0236
2021-06-19 18:41:28,284 - mmcls - INFO - Epoch [88][200/391]	lr: 1.000e-03, eta: 0:26:09, time: 0.154, data_time: 0.002, memory: 1575, loss: 0.0239
2021-06-19 18:41:43,467 - mmcls - INFO - Epoch [88][300/391]	lr: 1.000e-03, eta: 0:25:58, time: 0.152, data_time: 0.002, memory: 1575, loss: 0.0238
2021-06-19 18:41:57,163 - mmcls - INFO - Saving checkpoint at 88 epochs
2021-06-19 18:42:16,554 - mmcls - INFO - Epoch [89][100/391]	lr: 1.000e-03, eta: 0:25:32, time: 0.174, data_time: 0.026, memory: 1575, loss: 0.0236
2021-06-19 18:42:31,690 - mmcls - INFO - Epoch [89][200/391]	lr: 1.000e-03, eta: 0:25:20, time: 0.151, data_time: 0.002, memory: 1575, loss: 0.0221
2021-06-19 18:42:46,590 - mmcls - INFO - Epoch [89][300/391]	lr: 1.000e-03, eta: 0:25:09, time: 0.149, data_time: 0.002, memory: 1575, loss: 0.0218
2021-06-19 18:43:00,375 - mmcls - INFO - Saving checkpoint at 89 epochs
2021-06-19 18:43:19,726 - mmcls - INFO - Epoch [90][100/391]	lr: 1.000e-03, eta: 0:24:43, time: 0.173, data_time: 0.025, memory: 1575, loss: 0.0217
2021-06-19 18:43:34,740 - mmcls - INFO - Epoch [90][200/391]	lr: 1.000e-03, eta: 0:24:32, time: 0.150, data_time: 0.002, memory: 1575, loss: 0.0224
2021-06-19 18:43:49,615 - mmcls - INFO - Epoch [90][300/391]	lr: 1.000e-03, eta: 0:24:20, time: 0.149, data_time: 0.002, memory: 1575, loss: 0.0210
2021-06-19 18:44:08,014 - mmcls - INFO - Saving checkpoint at 90 epochs
2021-06-19 18:44:09,977 - mmcls - INFO - Epoch(val) [90][79]	accuracy_top-1: 75.3400, accuracy_top-5: 91.8900
2021-06-19 18:44:27,462 - mmcls - INFO - Epoch [91][100/391]	lr: 1.000e-03, eta: 0:23:55, time: 0.175, data_time: 0.025, memory: 1575, loss: 0.0200
2021-06-19 18:44:42,531 - mmcls - INFO - Epoch [91][200/391]	lr: 1.000e-03, eta: 0:23:43, time: 0.151, data_time: 0.002, memory: 1575, loss: 0.0186
2021-06-19 18:44:57,643 - mmcls - INFO - Epoch [91][300/391]	lr: 1.000e-03, eta: 0:23:32, time: 0.151, data_time: 0.002, memory: 1575, loss: 0.0199
2021-06-19 18:45:11,418 - mmcls - INFO - Saving checkpoint at 91 epochs
2021-06-19 18:45:30,905 - mmcls - INFO - Epoch [92][100/391]	lr: 1.000e-03, eta: 0:23:06, time: 0.175, data_time: 0.026, memory: 1575, loss: 0.0181
2021-06-19 18:45:46,042 - mmcls - INFO - Epoch [92][200/391]	lr: 1.000e-03, eta: 0:22:55, time: 0.151, data_time: 0.002, memory: 1575, loss: 0.0186
2021-06-19 18:46:01,128 - mmcls - INFO - Epoch [92][300/391]	lr: 1.000e-03, eta: 0:22:43, time: 0.151, data_time: 0.002, memory: 1575, loss: 0.0187
2021-06-19 18:46:14,793 - mmcls - INFO - Saving checkpoint at 92 epochs
2021-06-19 18:46:34,153 - mmcls - INFO - Epoch [93][100/391]	lr: 1.000e-03, eta: 0:22:18, time: 0.174, data_time: 0.025, memory: 1575, loss: 0.0201
2021-06-19 18:46:49,306 - mmcls - INFO - Epoch [93][200/391]	lr: 1.000e-03, eta: 0:22:06, time: 0.152, data_time: 0.002, memory: 1575, loss: 0.0187
2021-06-19 18:47:04,287 - mmcls - INFO - Epoch [93][300/391]	lr: 1.000e-03, eta: 0:21:55, time: 0.150, data_time: 0.002, memory: 1575, loss: 0.0173
2021-06-19 18:47:17,931 - mmcls - INFO - Saving checkpoint at 93 epochs
2021-06-19 18:47:37,711 - mmcls - INFO - Epoch [94][100/391]	lr: 1.000e-03, eta: 0:21:29, time: 0.178, data_time: 0.026, memory: 1575, loss: 0.0169
2021-06-19 18:47:52,656 - mmcls - INFO - Epoch [94][200/391]	lr: 1.000e-03, eta: 0:21:18, time: 0.149, data_time: 0.002, memory: 1575, loss: 0.0182
2021-06-19 18:48:07,637 - mmcls - INFO - Epoch [94][300/391]	lr: 1.000e-03, eta: 0:21:06, time: 0.150, data_time: 0.002, memory: 1575, loss: 0.0195
2021-06-19 18:48:21,587 - mmcls - INFO - Saving checkpoint at 94 epochs
2021-06-19 18:48:41,268 - mmcls - INFO - Epoch [95][100/391]	lr: 1.000e-03, eta: 0:20:41, time: 0.177, data_time: 0.027, memory: 1575, loss: 0.0155
2021-06-19 18:48:56,405 - mmcls - INFO - Epoch [95][200/391]	lr: 1.000e-03, eta: 0:20:29, time: 0.151, data_time: 0.002, memory: 1575, loss: 0.0153
2021-06-19 18:49:11,299 - mmcls - INFO - Epoch [95][300/391]	lr: 1.000e-03, eta: 0:20:18, time: 0.149, data_time: 0.002, memory: 1575, loss: 0.0155
2021-06-19 18:49:29,517 - mmcls - INFO - Saving checkpoint at 95 epochs
2021-06-19 18:49:31,470 - mmcls - INFO - Epoch(val) [95][79]	accuracy_top-1: 75.6100, accuracy_top-5: 91.8300
2021-06-19 18:49:48,920 - mmcls - INFO - Epoch [96][100/391]	lr: 1.000e-03, eta: 0:19:53, time: 0.174, data_time: 0.025, memory: 1575, loss: 0.0157
2021-06-19 18:50:04,117 - mmcls - INFO - Epoch [96][200/391]	lr: 1.000e-03, eta: 0:19:41, time: 0.152, data_time: 0.002, memory: 1575, loss: 0.0157
2021-06-19 18:50:19,286 - mmcls - INFO - Epoch [96][300/391]	lr: 1.000e-03, eta: 0:19:29, time: 0.152, data_time: 0.002, memory: 1575, loss: 0.0160
2021-06-19 18:50:33,081 - mmcls - INFO - Saving checkpoint at 96 epochs
2021-06-19 18:50:52,518 - mmcls - INFO - Epoch [97][100/391]	lr: 1.000e-03, eta: 0:19:04, time: 0.174, data_time: 0.025, memory: 1575, loss: 0.0149
2021-06-19 18:51:07,707 - mmcls - INFO - Epoch [97][200/391]	lr: 1.000e-03, eta: 0:18:53, time: 0.152, data_time: 0.002, memory: 1575, loss: 0.0151
2021-06-19 18:51:22,656 - mmcls - INFO - Epoch [97][300/391]	lr: 1.000e-03, eta: 0:18:41, time: 0.149, data_time: 0.002, memory: 1575, loss: 0.0141
2021-06-19 18:51:36,433 - mmcls - INFO - Saving checkpoint at 97 epochs
2021-06-19 18:51:55,971 - mmcls - INFO - Epoch [98][100/391]	lr: 1.000e-03, eta: 0:18:16, time: 0.175, data_time: 0.026, memory: 1575, loss: 0.0155
2021-06-19 18:52:11,133 - mmcls - INFO - Epoch [98][200/391]	lr: 1.000e-03, eta: 0:18:04, time: 0.152, data_time: 0.002, memory: 1575, loss: 0.0156
2021-06-19 18:52:25,989 - mmcls - INFO - Epoch [98][300/391]	lr: 1.000e-03, eta: 0:17:53, time: 0.149, data_time: 0.002, memory: 1575, loss: 0.0144
2021-06-19 18:52:39,731 - mmcls - INFO - Saving checkpoint at 98 epochs
2021-06-19 18:52:59,059 - mmcls - INFO - Epoch [99][100/391]	lr: 1.000e-03, eta: 0:17:28, time: 0.173, data_time: 0.025, memory: 1575, loss: 0.0150
2021-06-19 18:53:14,158 - mmcls - INFO - Epoch [99][200/391]	lr: 1.000e-03, eta: 0:17:16, time: 0.151, data_time: 0.002, memory: 1575, loss: 0.0136
2021-06-19 18:53:29,178 - mmcls - INFO - Epoch [99][300/391]	lr: 1.000e-03, eta: 0:17:04, time: 0.150, data_time: 0.002, memory: 1575, loss: 0.0158
2021-06-19 18:53:43,120 - mmcls - INFO - Saving checkpoint at 99 epochs
2021-06-19 18:54:02,591 - mmcls - INFO - Epoch [100][100/391]	lr: 1.000e-03, eta: 0:16:39, time: 0.174, data_time: 0.026, memory: 1575, loss: 0.0138
2021-06-19 18:54:17,617 - mmcls - INFO - Epoch [100][200/391]	lr: 1.000e-03, eta: 0:16:27, time: 0.150, data_time: 0.002, memory: 1575, loss: 0.0133
2021-06-19 18:54:32,637 - mmcls - INFO - Epoch [100][300/391]	lr: 1.000e-03, eta: 0:16:16, time: 0.150, data_time: 0.002, memory: 1575, loss: 0.0133
2021-06-19 18:54:50,988 - mmcls - INFO - Saving checkpoint at 100 epochs
2021-06-19 18:54:52,942 - mmcls - INFO - Epoch(val) [100][79]	accuracy_top-1: 75.7000, accuracy_top-5: 91.7400
2021-06-19 18:55:10,925 - mmcls - INFO - Epoch [101][100/391]	lr: 1.000e-03, eta: 0:15:51, time: 0.180, data_time: 0.027, memory: 1575, loss: 0.0136
2021-06-19 18:55:26,108 - mmcls - INFO - Epoch [101][200/391]	lr: 1.000e-03, eta: 0:15:39, time: 0.152, data_time: 0.002, memory: 1575, loss: 0.0131
2021-06-19 18:55:41,273 - mmcls - INFO - Epoch [101][300/391]	lr: 1.000e-03, eta: 0:15:27, time: 0.152, data_time: 0.002, memory: 1575, loss: 0.0127
2021-06-19 18:55:55,164 - mmcls - INFO - Saving checkpoint at 101 epochs
2021-06-19 18:56:14,825 - mmcls - INFO - Epoch [102][100/391]	lr: 1.000e-03, eta: 0:15:03, time: 0.177, data_time: 0.026, memory: 1575, loss: 0.0127
2021-06-19 18:56:29,838 - mmcls - INFO - Epoch [102][200/391]	lr: 1.000e-03, eta: 0:14:51, time: 0.150, data_time: 0.002, memory: 1575, loss: 0.0129
2021-06-19 18:56:44,779 - mmcls - INFO - Epoch [102][300/391]	lr: 1.000e-03, eta: 0:14:39, time: 0.149, data_time: 0.002, memory: 1575, loss: 0.0118
2021-06-19 18:56:58,546 - mmcls - INFO - Saving checkpoint at 102 epochs
2021-06-19 18:57:18,073 - mmcls - INFO - Epoch [103][100/391]	lr: 1.000e-03, eta: 0:14:14, time: 0.176, data_time: 0.026, memory: 1575, loss: 0.0134
2021-06-19 18:57:33,251 - mmcls - INFO - Epoch [103][200/391]	lr: 1.000e-03, eta: 0:14:03, time: 0.152, data_time: 0.002, memory: 1575, loss: 0.0126
2021-06-19 18:57:48,272 - mmcls - INFO - Epoch [103][300/391]	lr: 1.000e-03, eta: 0:13:51, time: 0.150, data_time: 0.002, memory: 1575, loss: 0.0120
2021-06-19 18:58:02,102 - mmcls - INFO - Saving checkpoint at 103 epochs
2021-06-19 18:58:21,615 - mmcls - INFO - Epoch [104][100/391]	lr: 1.000e-03, eta: 0:13:26, time: 0.175, data_time: 0.026, memory: 1575, loss: 0.0126
2021-06-19 18:58:37,222 - mmcls - INFO - Epoch [104][200/391]	lr: 1.000e-03, eta: 0:13:14, time: 0.156, data_time: 0.002, memory: 1575, loss: 0.0124
2021-06-19 18:58:52,307 - mmcls - INFO - Epoch [104][300/391]	lr: 1.000e-03, eta: 0:13:03, time: 0.151, data_time: 0.002, memory: 1575, loss: 0.0117
2021-06-19 18:59:06,255 - mmcls - INFO - Saving checkpoint at 104 epochs
2021-06-19 18:59:25,771 - mmcls - INFO - Epoch [105][100/391]	lr: 1.000e-03, eta: 0:12:38, time: 0.175, data_time: 0.025, memory: 1575, loss: 0.0121
2021-06-19 18:59:40,819 - mmcls - INFO - Epoch [105][200/391]	lr: 1.000e-03, eta: 0:12:26, time: 0.150, data_time: 0.002, memory: 1575, loss: 0.0131
2021-06-19 18:59:55,795 - mmcls - INFO - Epoch [105][300/391]	lr: 1.000e-03, eta: 0:12:14, time: 0.150, data_time: 0.002, memory: 1575, loss: 0.0122
2021-06-19 19:00:14,224 - mmcls - INFO - Saving checkpoint at 105 epochs
2021-06-19 19:00:16,181 - mmcls - INFO - Epoch(val) [105][79]	accuracy_top-1: 75.6900, accuracy_top-5: 91.6200
2021-06-19 19:00:33,880 - mmcls - INFO - Epoch [106][100/391]	lr: 1.000e-03, eta: 0:11:50, time: 0.177, data_time: 0.027, memory: 1575, loss: 0.0118
2021-06-19 19:00:49,018 - mmcls - INFO - Epoch [106][200/391]	lr: 1.000e-03, eta: 0:11:38, time: 0.151, data_time: 0.002, memory: 1575, loss: 0.0122
2021-06-19 19:01:04,107 - mmcls - INFO - Epoch [106][300/391]	lr: 1.000e-03, eta: 0:11:26, time: 0.151, data_time: 0.002, memory: 1575, loss: 0.0130
2021-06-19 19:01:17,774 - mmcls - INFO - Saving checkpoint at 106 epochs
2021-06-19 19:01:37,437 - mmcls - INFO - Epoch [107][100/391]	lr: 1.000e-03, eta: 0:11:02, time: 0.177, data_time: 0.027, memory: 1575, loss: 0.0119
2021-06-19 19:01:52,693 - mmcls - INFO - Epoch [107][200/391]	lr: 1.000e-03, eta: 0:10:50, time: 0.153, data_time: 0.002, memory: 1575, loss: 0.0109
2021-06-19 19:02:07,768 - mmcls - INFO - Epoch [107][300/391]	lr: 1.000e-03, eta: 0:10:38, time: 0.151, data_time: 0.002, memory: 1575, loss: 0.0126
2021-06-19 19:02:21,629 - mmcls - INFO - Saving checkpoint at 107 epochs
2021-06-19 19:02:41,077 - mmcls - INFO - Epoch [108][100/391]	lr: 1.000e-03, eta: 0:10:13, time: 0.175, data_time: 0.026, memory: 1575, loss: 0.0117
2021-06-19 19:02:56,156 - mmcls - INFO - Epoch [108][200/391]	lr: 1.000e-03, eta: 0:10:01, time: 0.151, data_time: 0.002, memory: 1575, loss: 0.0108
2021-06-19 19:03:11,237 - mmcls - INFO - Epoch [108][300/391]	lr: 1.000e-03, eta: 0:09:49, time: 0.151, data_time: 0.002, memory: 1575, loss: 0.0116
2021-06-19 19:03:25,082 - mmcls - INFO - Saving checkpoint at 108 epochs
2021-06-19 19:03:44,428 - mmcls - INFO - Epoch [109][100/391]	lr: 1.000e-03, eta: 0:09:25, time: 0.173, data_time: 0.025, memory: 1575, loss: 0.0110
2021-06-19 19:03:59,422 - mmcls - INFO - Epoch [109][200/391]	lr: 1.000e-03, eta: 0:09:13, time: 0.150, data_time: 0.002, memory: 1575, loss: 0.0115
2021-06-19 19:04:14,527 - mmcls - INFO - Epoch [109][300/391]	lr: 1.000e-03, eta: 0:09:01, time: 0.151, data_time: 0.002, memory: 1575, loss: 0.0114
2021-06-19 19:04:28,184 - mmcls - INFO - Saving checkpoint at 109 epochs
2021-06-19 19:04:47,912 - mmcls - INFO - Epoch [110][100/391]	lr: 1.000e-03, eta: 0:08:37, time: 0.178, data_time: 0.027, memory: 1575, loss: 0.0106
2021-06-19 19:05:02,839 - mmcls - INFO - Epoch [110][200/391]	lr: 1.000e-03, eta: 0:08:25, time: 0.149, data_time: 0.002, memory: 1575, loss: 0.0113
2021-06-19 19:05:18,041 - mmcls - INFO - Epoch [110][300/391]	lr: 1.000e-03, eta: 0:08:13, time: 0.152, data_time: 0.002, memory: 1575, loss: 0.0115
2021-06-19 19:05:36,397 - mmcls - INFO - Saving checkpoint at 110 epochs
2021-06-19 19:05:38,381 - mmcls - INFO - Epoch(val) [110][79]	accuracy_top-1: 75.5500, accuracy_top-5: 91.4900
2021-06-19 19:05:55,815 - mmcls - INFO - Epoch [111][100/391]	lr: 1.000e-03, eta: 0:07:49, time: 0.174, data_time: 0.026, memory: 1575, loss: 0.0108
2021-06-19 19:06:10,870 - mmcls - INFO - Epoch [111][200/391]	lr: 1.000e-03, eta: 0:07:37, time: 0.151, data_time: 0.002, memory: 1575, loss: 0.0117
2021-06-19 19:06:25,865 - mmcls - INFO - Epoch [111][300/391]	lr: 1.000e-03, eta: 0:07:25, time: 0.150, data_time: 0.002, memory: 1575, loss: 0.0111
2021-06-19 19:06:39,440 - mmcls - INFO - Saving checkpoint at 111 epochs
2021-06-19 19:06:59,167 - mmcls - INFO - Epoch [112][100/391]	lr: 1.000e-03, eta: 0:07:01, time: 0.177, data_time: 0.028, memory: 1575, loss: 0.0107
2021-06-19 19:07:14,204 - mmcls - INFO - Epoch [112][200/391]	lr: 1.000e-03, eta: 0:06:48, time: 0.150, data_time: 0.002, memory: 1575, loss: 0.0100
2021-06-19 19:07:29,258 - mmcls - INFO - Epoch [112][300/391]	lr: 1.000e-03, eta: 0:06:36, time: 0.151, data_time: 0.002, memory: 1575, loss: 0.0112
2021-06-19 19:07:42,816 - mmcls - INFO - Saving checkpoint at 112 epochs
2021-06-19 19:08:02,066 - mmcls - INFO - Epoch [113][100/391]	lr: 1.000e-03, eta: 0:06:12, time: 0.173, data_time: 0.026, memory: 1575, loss: 0.0096
2021-06-19 19:08:16,812 - mmcls - INFO - Epoch [113][200/391]	lr: 1.000e-03, eta: 0:06:00, time: 0.147, data_time: 0.002, memory: 1575, loss: 0.0114
2021-06-19 19:08:31,909 - mmcls - INFO - Epoch [113][300/391]	lr: 1.000e-03, eta: 0:05:48, time: 0.151, data_time: 0.002, memory: 1575, loss: 0.0117
2021-06-19 19:08:45,724 - mmcls - INFO - Saving checkpoint at 113 epochs
2021-06-19 19:09:05,230 - mmcls - INFO - Epoch [114][100/391]	lr: 1.000e-03, eta: 0:05:24, time: 0.175, data_time: 0.026, memory: 1575, loss: 0.0106
2021-06-19 19:09:20,263 - mmcls - INFO - Epoch [114][200/391]	lr: 1.000e-03, eta: 0:05:12, time: 0.150, data_time: 0.002, memory: 1575, loss: 0.0099
2021-06-19 19:09:35,392 - mmcls - INFO - Epoch [114][300/391]	lr: 1.000e-03, eta: 0:05:00, time: 0.151, data_time: 0.002, memory: 1575, loss: 0.0113
2021-06-19 19:09:49,126 - mmcls - INFO - Saving checkpoint at 114 epochs
2021-06-19 19:10:08,519 - mmcls - INFO - Epoch [115][100/391]	lr: 1.000e-03, eta: 0:04:36, time: 0.174, data_time: 0.026, memory: 1575, loss: 0.0100
2021-06-19 19:10:23,663 - mmcls - INFO - Epoch [115][200/391]	lr: 1.000e-03, eta: 0:04:24, time: 0.151, data_time: 0.002, memory: 1575, loss: 0.0102
2021-06-19 19:10:38,655 - mmcls - INFO - Epoch [115][300/391]	lr: 1.000e-03, eta: 0:04:12, time: 0.150, data_time: 0.002, memory: 1575, loss: 0.0109
2021-06-19 19:10:56,911 - mmcls - INFO - Saving checkpoint at 115 epochs
2021-06-19 19:10:58,882 - mmcls - INFO - Epoch(val) [115][79]	accuracy_top-1: 75.8700, accuracy_top-5: 91.6500
2021-06-19 19:11:16,549 - mmcls - INFO - Epoch [116][100/391]	lr: 1.000e-03, eta: 0:03:48, time: 0.177, data_time: 0.027, memory: 1575, loss: 0.0100
2021-06-19 19:11:31,463 - mmcls - INFO - Epoch [116][200/391]	lr: 1.000e-03, eta: 0:03:36, time: 0.149, data_time: 0.002, memory: 1575, loss: 0.0109
2021-06-19 19:11:46,375 - mmcls - INFO - Epoch [116][300/391]	lr: 1.000e-03, eta: 0:03:23, time: 0.149, data_time: 0.002, memory: 1575, loss: 0.0109
2021-06-19 19:11:59,989 - mmcls - INFO - Saving checkpoint at 116 epochs
2021-06-19 19:12:19,375 - mmcls - INFO - Epoch [117][100/391]	lr: 1.000e-03, eta: 0:03:00, time: 0.174, data_time: 0.026, memory: 1575, loss: 0.0107
2021-06-19 19:12:34,474 - mmcls - INFO - Epoch [117][200/391]	lr: 1.000e-03, eta: 0:02:47, time: 0.151, data_time: 0.002, memory: 1575, loss: 0.0100
2021-06-19 19:12:49,535 - mmcls - INFO - Epoch [117][300/391]	lr: 1.000e-03, eta: 0:02:35, time: 0.151, data_time: 0.002, memory: 1575, loss: 0.0104
2021-06-19 19:13:03,188 - mmcls - INFO - Saving checkpoint at 117 epochs
2021-06-19 19:13:22,777 - mmcls - INFO - Epoch [118][100/391]	lr: 1.000e-03, eta: 0:02:12, time: 0.176, data_time: 0.026, memory: 1575, loss: 0.0106
2021-06-19 19:13:37,791 - mmcls - INFO - Epoch [118][200/391]	lr: 1.000e-03, eta: 0:01:59, time: 0.150, data_time: 0.002, memory: 1575, loss: 0.0096
2021-06-19 19:13:53,001 - mmcls - INFO - Epoch [118][300/391]	lr: 1.000e-03, eta: 0:01:47, time: 0.152, data_time: 0.002, memory: 1575, loss: 0.0097
2021-06-19 19:14:06,492 - mmcls - INFO - Saving checkpoint at 118 epochs
2021-06-19 19:14:25,998 - mmcls - INFO - Epoch [119][100/391]	lr: 1.000e-03, eta: 0:01:23, time: 0.175, data_time: 0.026, memory: 1575, loss: 0.0105
2021-06-19 19:14:41,071 - mmcls - INFO - Epoch [119][200/391]	lr: 1.000e-03, eta: 0:01:11, time: 0.151, data_time: 0.002, memory: 1575, loss: 0.0095
2021-06-19 19:14:56,070 - mmcls - INFO - Epoch [119][300/391]	lr: 1.000e-03, eta: 0:00:59, time: 0.150, data_time: 0.002, memory: 1575, loss: 0.0102
2021-06-19 19:15:09,826 - mmcls - INFO - Saving checkpoint at 119 epochs
2021-06-19 19:15:29,067 - mmcls - INFO - Epoch [120][100/391]	lr: 1.000e-03, eta: 0:00:35, time: 0.173, data_time: 0.025, memory: 1575, loss: 0.0095
2021-06-19 19:15:43,944 - mmcls - INFO - Epoch [120][200/391]	lr: 1.000e-03, eta: 0:00:23, time: 0.149, data_time: 0.002, memory: 1575, loss: 0.0097
2021-06-19 19:15:58,977 - mmcls - INFO - Epoch [120][300/391]	lr: 1.000e-03, eta: 0:00:11, time: 0.150, data_time: 0.002, memory: 1575, loss: 0.0103
2021-06-19 19:16:17,534 - mmcls - INFO - Saving checkpoint at 120 epochs
2021-06-19 19:16:19,494 - mmcls - INFO - Epoch(val) [120][79]	accuracy_top-1: 75.9800, accuracy_top-5: 91.7100
