2021-06-19 14:06:19,565 - mmcls - INFO - Environment info:
------------------------------------------------------------
sys.platform: linux
Python: 3.7.10 (default, Feb 26 2021, 18:47:35) [GCC 7.3.0]
CUDA available: True
GPU 0: GeForce GTX 1080 Ti
CUDA_HOME: /usr/local/cuda
NVCC: Cuda compilation tools, release 10.1, V10.1.243
GCC: gcc (Ubuntu 5.4.0-6ubuntu1~16.04.11) 5.4.0 20160609
PyTorch: 1.6.0
PyTorch compiling details: PyTorch built with:
  - GCC 7.3
  - C++ Version: 201402
  - Intel(R) oneAPI Math Kernel Library Version 2021.2-Product Build 20210312 for Intel(R) 64 architecture applications
  - Intel(R) MKL-DNN v1.5.0 (Git Hash e2ac1fac44c5078ca927cb9b90e1b3066a0b2ed0)
  - OpenMP 201511 (a.k.a. OpenMP 4.5)
  - NNPACK is enabled
  - CPU capability usage: AVX2
  - CUDA Runtime 10.1
  - NVCC architecture flags: -gencode;arch=compute_37,code=sm_37;-gencode;arch=compute_50,code=sm_50;-gencode;arch=compute_60,code=sm_60;-gencode;arch=compute_61,code=sm_61;-gencode;arch=compute_70,code=sm_70;-gencode;arch=compute_75,code=sm_75;-gencode;arch=compute_37,code=compute_37
  - CuDNN 7.6.3
  - Magma 2.5.2
  - Build settings: BLAS=MKL, BUILD_TYPE=Release, CXX_FLAGS= -Wno-deprecated -fvisibility-inlines-hidden -DUSE_PTHREADPOOL -fopenmp -DNDEBUG -DUSE_FBGEMM -DUSE_QNNPACK -DUSE_PYTORCH_QNNPACK -DUSE_XNNPACK -DUSE_VULKAN_WRAPPER -O2 -fPIC -Wno-narrowing -Wall -Wextra -Werror=return-type -Wno-missing-field-initializers -Wno-type-limits -Wno-array-bounds -Wno-unknown-pragmas -Wno-sign-compare -Wno-unused-parameter -Wno-unused-variable -Wno-unused-function -Wno-unused-result -Wno-unused-local-typedefs -Wno-strict-overflow -Wno-strict-aliasing -Wno-error=deprecated-declarations -Wno-stringop-overflow -Wno-error=pedantic -Wno-error=redundant-decls -Wno-error=old-style-cast -fdiagnostics-color=always -faligned-new -Wno-unused-but-set-variable -Wno-maybe-uninitialized -fno-math-errno -fno-trapping-math -Werror=format -Wno-stringop-overflow, PERF_WITH_AVX=1, PERF_WITH_AVX2=1, PERF_WITH_AVX512=1, USE_CUDA=ON, USE_EXCEPTION_PTR=1, USE_GFLAGS=OFF, USE_GLOG=OFF, USE_MKL=ON, USE_MKLDNN=ON, USE_MPI=OFF, USE_NCCL=ON, USE_NNPACK=ON, USE_OPENMP=ON, USE_STATIC_DISPATCH=OFF, 

TorchVision: 0.7.0
OpenCV: 4.5.2
MMCV: 1.3.4
MMCV Compiler: GCC 7.3
MMCV CUDA Compiler: 10.1
MMClassification: 0.11.1+b67a11c
------------------------------------------------------------

2021-06-19 14:06:19,565 - mmcls - INFO - Distributed training: False
2021-06-19 14:06:19,850 - mmcls - INFO - Config:
model = dict(
    type='ImageClassifier',
    backbone=dict(
        type='ResNetVisionTransformer',
        num_layers=16,
        embed_dim=128,
        num_heads=8,
        img_size=32,
        patch_size=16,
        in_channels=3,
        feedforward_channels=256,
        drop_rate=0.1,
        resnet_kwargs=dict(depth=34, num_stages=4)),
    neck=None,
    head=dict(
        type='VisionTransformerClsHead',
        num_classes=10,
        in_channels=128,
        loss=dict(type='CrossEntropyLoss', loss_weight=1.0),
        topk=(1, 5)))
dataset_type = 'CIFAR10'
img_norm_cfg = dict(
    mean=[125.307, 122.961, 113.8575],
    std=[51.5865, 50.847, 51.255],
    to_rgb=True)
train_pipeline = [
    dict(type='RandomCrop', size=32, padding=4),
    dict(type='RandomFlip', flip_prob=0.5, direction='horizontal'),
    dict(
        type='Normalize',
        mean=[125.307, 122.961, 113.8575],
        std=[51.5865, 50.847, 51.255],
        to_rgb=True),
    dict(type='ImageToTensor', keys=['img']),
    dict(type='ToTensor', keys=['gt_label']),
    dict(type='Collect', keys=['img', 'gt_label'])
]
test_pipeline = [
    dict(
        type='Normalize',
        mean=[125.307, 122.961, 113.8575],
        std=[51.5865, 50.847, 51.255],
        to_rgb=True),
    dict(type='ImageToTensor', keys=['img']),
    dict(type='Collect', keys=['img'])
]
data = dict(
    samples_per_gpu=128,
    workers_per_gpu=4,
    train=dict(
        type='CIFAR10',
        data_prefix='data/cifar10',
        pipeline=[
            dict(type='RandomCrop', size=32, padding=4),
            dict(type='RandomFlip', flip_prob=0.5, direction='horizontal'),
            dict(
                type='Normalize',
                mean=[125.307, 122.961, 113.8575],
                std=[51.5865, 50.847, 51.255],
                to_rgb=True),
            dict(type='ImageToTensor', keys=['img']),
            dict(type='ToTensor', keys=['gt_label']),
            dict(type='Collect', keys=['img', 'gt_label'])
        ]),
    val=dict(
        type='CIFAR10',
        data_prefix='data/cifar10',
        pipeline=[
            dict(
                type='Normalize',
                mean=[125.307, 122.961, 113.8575],
                std=[51.5865, 50.847, 51.255],
                to_rgb=True),
            dict(type='ImageToTensor', keys=['img']),
            dict(type='Collect', keys=['img'])
        ]),
    test=dict(
        type='CIFAR10',
        data_prefix='data/cifar10',
        pipeline=[
            dict(
                type='Normalize',
                mean=[125.307, 122.961, 113.8575],
                std=[51.5865, 50.847, 51.255],
                to_rgb=True),
            dict(type='ImageToTensor', keys=['img']),
            dict(type='Collect', keys=['img'])
        ]))
optimizer = dict(type='SGD', lr=0.1, momentum=0.9, weight_decay=0.0005)
optimizer_config = dict(grad_clip=None)
lr_config = dict(policy='step', step=[40, 80], gamma=0.1)
runner = dict(type='EpochBasedRunner', max_epochs=120)
checkpoint_config = dict(interval=1)
log_config = dict(interval=100, hooks=[dict(type='TextLoggerHook')])
dist_params = dict(backend='nccl')
log_level = 'INFO'
load_from = None
resume_from = None
workflow = [('train', 1)]
evaluation = dict(interval=5)
work_dir = './work_dirs/resnet34_vit_B_cifar10'
gpu_ids = range(0, 1)

2021-06-19 14:06:29,113 - mmcls - INFO - Start running, host: root@efff16289307, work_dir: /remote-home/shenduxuexi15/mmlab/mmclassification/work_dirs/resnet34_vit_B_cifar10
2021-06-19 14:06:29,114 - mmcls - INFO - workflow: [('train', 1)], max: 120 epochs
2021-06-19 14:06:47,386 - mmcls - INFO - Epoch [1][100/391]	lr: 1.000e-01, eta: 2:22:30, time: 0.183, data_time: 0.027, memory: 1575, loss: 2.0929
2021-06-19 14:07:02,638 - mmcls - INFO - Epoch [1][200/391]	lr: 1.000e-01, eta: 2:10:28, time: 0.153, data_time: 0.002, memory: 1575, loss: 1.8092
2021-06-19 14:07:17,869 - mmcls - INFO - Epoch [1][300/391]	lr: 1.000e-01, eta: 2:06:14, time: 0.152, data_time: 0.002, memory: 1575, loss: 1.7371
2021-06-19 14:07:31,812 - mmcls - INFO - Saving checkpoint at 1 epochs
2021-06-19 14:07:51,641 - mmcls - INFO - Epoch [2][100/391]	lr: 1.000e-01, eta: 1:44:55, time: 0.178, data_time: 0.026, memory: 1575, loss: 1.5751
2021-06-19 14:08:06,926 - mmcls - INFO - Epoch [2][200/391]	lr: 1.000e-01, eta: 1:46:57, time: 0.153, data_time: 0.002, memory: 1575, loss: 1.5038
2021-06-19 14:08:22,650 - mmcls - INFO - Epoch [2][300/391]	lr: 1.000e-01, eta: 1:48:48, time: 0.157, data_time: 0.003, memory: 1575, loss: 1.3801
2021-06-19 14:08:36,742 - mmcls - INFO - Saving checkpoint at 2 epochs
2021-06-19 14:08:56,564 - mmcls - INFO - Epoch [3][100/391]	lr: 1.000e-01, eta: 1:40:19, time: 0.177, data_time: 0.025, memory: 1575, loss: 1.2315
2021-06-19 14:09:12,040 - mmcls - INFO - Epoch [3][200/391]	lr: 1.000e-01, eta: 1:41:58, time: 0.155, data_time: 0.003, memory: 1575, loss: 1.1510
2021-06-19 14:09:27,379 - mmcls - INFO - Epoch [3][300/391]	lr: 1.000e-01, eta: 1:43:10, time: 0.153, data_time: 0.002, memory: 1575, loss: 1.0965
2021-06-19 14:09:41,421 - mmcls - INFO - Saving checkpoint at 3 epochs
2021-06-19 14:10:01,256 - mmcls - INFO - Epoch [4][100/391]	lr: 1.000e-01, eta: 1:37:57, time: 0.178, data_time: 0.025, memory: 1575, loss: 0.9959
2021-06-19 14:10:16,508 - mmcls - INFO - Epoch [4][200/391]	lr: 1.000e-01, eta: 1:39:03, time: 0.153, data_time: 0.002, memory: 1575, loss: 0.9636
2021-06-19 14:10:32,236 - mmcls - INFO - Epoch [4][300/391]	lr: 1.000e-01, eta: 1:40:12, time: 0.157, data_time: 0.005, memory: 1575, loss: 0.9029
2021-06-19 14:10:46,539 - mmcls - INFO - Saving checkpoint at 4 epochs
2021-06-19 14:11:06,462 - mmcls - INFO - Epoch [5][100/391]	lr: 1.000e-01, eta: 1:36:24, time: 0.178, data_time: 0.026, memory: 1575, loss: 0.8563
2021-06-19 14:11:21,787 - mmcls - INFO - Epoch [5][200/391]	lr: 1.000e-01, eta: 1:37:16, time: 0.153, data_time: 0.003, memory: 1575, loss: 0.8173
2021-06-19 14:11:37,423 - mmcls - INFO - Epoch [5][300/391]	lr: 1.000e-01, eta: 1:38:09, time: 0.156, data_time: 0.003, memory: 1575, loss: 0.7991
2021-06-19 14:11:56,571 - mmcls - INFO - Saving checkpoint at 5 epochs
2021-06-19 14:11:58,605 - mmcls - INFO - Epoch(val) [5][79]	accuracy_top-1: 66.4900, accuracy_top-5: 97.0300
2021-06-19 14:12:16,702 - mmcls - INFO - Epoch [6][100/391]	lr: 1.000e-01, eta: 1:35:14, time: 0.181, data_time: 0.026, memory: 1575, loss: 0.7543
2021-06-19 14:12:32,228 - mmcls - INFO - Epoch [6][200/391]	lr: 1.000e-01, eta: 1:35:59, time: 0.155, data_time: 0.003, memory: 1575, loss: 0.7294
2021-06-19 14:12:47,696 - mmcls - INFO - Epoch [6][300/391]	lr: 1.000e-01, eta: 1:36:37, time: 0.155, data_time: 0.002, memory: 1575, loss: 0.7104
2021-06-19 14:13:01,757 - mmcls - INFO - Saving checkpoint at 6 epochs
2021-06-19 14:13:21,522 - mmcls - INFO - Epoch [7][100/391]	lr: 1.000e-01, eta: 1:34:04, time: 0.177, data_time: 0.025, memory: 1575, loss: 0.6813
2021-06-19 14:13:36,964 - mmcls - INFO - Epoch [7][200/391]	lr: 1.000e-01, eta: 1:34:39, time: 0.154, data_time: 0.002, memory: 1575, loss: 0.6683
2021-06-19 14:13:52,312 - mmcls - INFO - Epoch [7][300/391]	lr: 1.000e-01, eta: 1:35:09, time: 0.153, data_time: 0.002, memory: 1575, loss: 0.6582
2021-06-19 14:14:06,526 - mmcls - INFO - Saving checkpoint at 7 epochs
2021-06-19 14:14:26,337 - mmcls - INFO - Epoch [8][100/391]	lr: 1.000e-01, eta: 1:32:57, time: 0.178, data_time: 0.026, memory: 1575, loss: 0.6355
2021-06-19 14:14:41,896 - mmcls - INFO - Epoch [8][200/391]	lr: 1.000e-01, eta: 1:33:28, time: 0.156, data_time: 0.003, memory: 1575, loss: 0.6447
2021-06-19 14:14:57,307 - mmcls - INFO - Epoch [8][300/391]	lr: 1.000e-01, eta: 1:33:54, time: 0.154, data_time: 0.003, memory: 1575, loss: 0.6187
2021-06-19 14:15:11,508 - mmcls - INFO - Saving checkpoint at 8 epochs
2021-06-19 14:15:31,497 - mmcls - INFO - Epoch [9][100/391]	lr: 1.000e-01, eta: 1:32:00, time: 0.179, data_time: 0.026, memory: 1575, loss: 0.5931
2021-06-19 14:15:47,003 - mmcls - INFO - Epoch [9][200/391]	lr: 1.000e-01, eta: 1:32:25, time: 0.155, data_time: 0.003, memory: 1575, loss: 0.5984
2021-06-19 14:16:02,365 - mmcls - INFO - Epoch [9][300/391]	lr: 1.000e-01, eta: 1:32:46, time: 0.154, data_time: 0.002, memory: 1575, loss: 0.5996
2021-06-19 14:16:16,539 - mmcls - INFO - Saving checkpoint at 9 epochs
2021-06-19 14:16:36,560 - mmcls - INFO - Epoch [10][100/391]	lr: 1.000e-01, eta: 1:31:02, time: 0.178, data_time: 0.026, memory: 1575, loss: 0.5751
2021-06-19 14:16:51,922 - mmcls - INFO - Epoch [10][200/391]	lr: 1.000e-01, eta: 1:31:21, time: 0.154, data_time: 0.002, memory: 1575, loss: 0.5809
2021-06-19 14:17:07,331 - mmcls - INFO - Epoch [10][300/391]	lr: 1.000e-01, eta: 1:31:39, time: 0.154, data_time: 0.002, memory: 1575, loss: 0.5724
2021-06-19 14:17:26,530 - mmcls - INFO - Saving checkpoint at 10 epochs
2021-06-19 14:17:28,614 - mmcls - INFO - Epoch(val) [10][79]	accuracy_top-1: 69.1200, accuracy_top-5: 95.5500
2021-06-19 14:17:46,391 - mmcls - INFO - Epoch [11][100/391]	lr: 1.000e-01, eta: 1:30:04, time: 0.178, data_time: 0.026, memory: 1575, loss: 0.5467
2021-06-19 14:18:01,837 - mmcls - INFO - Epoch [11][200/391]	lr: 1.000e-01, eta: 1:30:21, time: 0.154, data_time: 0.002, memory: 1575, loss: 0.5546
2021-06-19 14:18:17,267 - mmcls - INFO - Epoch [11][300/391]	lr: 1.000e-01, eta: 1:30:37, time: 0.154, data_time: 0.002, memory: 1575, loss: 0.5419
2021-06-19 14:18:31,504 - mmcls - INFO - Saving checkpoint at 11 epochs
2021-06-19 14:18:51,439 - mmcls - INFO - Epoch [12][100/391]	lr: 1.000e-01, eta: 1:29:10, time: 0.179, data_time: 0.026, memory: 1575, loss: 0.5250
2021-06-19 14:19:06,879 - mmcls - INFO - Epoch [12][200/391]	lr: 1.000e-01, eta: 1:29:25, time: 0.154, data_time: 0.002, memory: 1575, loss: 0.5407
2021-06-19 14:19:22,395 - mmcls - INFO - Epoch [12][300/391]	lr: 1.000e-01, eta: 1:29:38, time: 0.155, data_time: 0.002, memory: 1575, loss: 0.5376
2021-06-19 14:19:36,451 - mmcls - INFO - Saving checkpoint at 12 epochs
2021-06-19 14:19:56,324 - mmcls - INFO - Epoch [13][100/391]	lr: 1.000e-01, eta: 1:28:18, time: 0.179, data_time: 0.026, memory: 1575, loss: 0.5076
2021-06-19 14:20:11,818 - mmcls - INFO - Epoch [13][200/391]	lr: 1.000e-01, eta: 1:28:31, time: 0.155, data_time: 0.002, memory: 1575, loss: 0.5166
2021-06-19 14:20:27,274 - mmcls - INFO - Epoch [13][300/391]	lr: 1.000e-01, eta: 1:28:42, time: 0.155, data_time: 0.002, memory: 1575, loss: 0.5217
2021-06-19 14:20:41,217 - mmcls - INFO - Saving checkpoint at 13 epochs
2021-06-19 14:21:05,183 - mmcls - INFO - Epoch [14][100/391]	lr: 1.000e-01, eta: 1:27:24, time: 0.177, data_time: 0.025, memory: 1575, loss: 0.5028
2021-06-19 14:21:20,565 - mmcls - INFO - Epoch [14][200/391]	lr: 1.000e-01, eta: 1:27:34, time: 0.154, data_time: 0.002, memory: 1575, loss: 0.5047
2021-06-19 14:21:35,903 - mmcls - INFO - Epoch [14][300/391]	lr: 1.000e-01, eta: 1:27:42, time: 0.153, data_time: 0.002, memory: 1575, loss: 0.4996
2021-06-19 14:21:49,936 - mmcls - INFO - Saving checkpoint at 14 epochs
2021-06-19 14:22:10,661 - mmcls - INFO - Epoch [15][100/391]	lr: 1.000e-01, eta: 1:26:30, time: 0.176, data_time: 0.025, memory: 1575, loss: 0.4945
2021-06-19 14:22:26,117 - mmcls - INFO - Epoch [15][200/391]	lr: 1.000e-01, eta: 1:26:38, time: 0.155, data_time: 0.003, memory: 1575, loss: 0.4843
2021-06-19 14:22:41,598 - mmcls - INFO - Epoch [15][300/391]	lr: 1.000e-01, eta: 1:26:46, time: 0.155, data_time: 0.002, memory: 1575, loss: 0.5035
2021-06-19 14:23:00,665 - mmcls - INFO - Saving checkpoint at 15 epochs
2021-06-19 14:23:02,720 - mmcls - INFO - Epoch(val) [15][79]	accuracy_top-1: 80.8000, accuracy_top-5: 98.7100
2021-06-19 14:23:20,455 - mmcls - INFO - Epoch [16][100/391]	lr: 1.000e-01, eta: 1:25:38, time: 0.177, data_time: 0.025, memory: 1575, loss: 0.4628
2021-06-19 14:23:35,908 - mmcls - INFO - Epoch [16][200/391]	lr: 1.000e-01, eta: 1:25:45, time: 0.155, data_time: 0.002, memory: 1575, loss: 0.4749
2021-06-19 14:23:51,376 - mmcls - INFO - Epoch [16][300/391]	lr: 1.000e-01, eta: 1:25:51, time: 0.155, data_time: 0.002, memory: 1575, loss: 0.4829
2021-06-19 14:24:05,399 - mmcls - INFO - Saving checkpoint at 16 epochs
2021-06-19 14:24:25,235 - mmcls - INFO - Epoch [17][100/391]	lr: 1.000e-01, eta: 1:24:46, time: 0.178, data_time: 0.026, memory: 1575, loss: 0.4600
2021-06-19 14:24:40,679 - mmcls - INFO - Epoch [17][200/391]	lr: 1.000e-01, eta: 1:24:52, time: 0.154, data_time: 0.002, memory: 1575, loss: 0.4738
2021-06-19 14:24:56,086 - mmcls - INFO - Epoch [17][300/391]	lr: 1.000e-01, eta: 1:24:57, time: 0.154, data_time: 0.002, memory: 1575, loss: 0.4829
2021-06-19 14:25:10,135 - mmcls - INFO - Saving checkpoint at 17 epochs
2021-06-19 14:25:30,189 - mmcls - INFO - Epoch [18][100/391]	lr: 1.000e-01, eta: 1:23:56, time: 0.180, data_time: 0.027, memory: 1575, loss: 0.4502
2021-06-19 14:25:45,554 - mmcls - INFO - Epoch [18][200/391]	lr: 1.000e-01, eta: 1:24:00, time: 0.154, data_time: 0.002, memory: 1575, loss: 0.4587
2021-06-19 14:26:01,054 - mmcls - INFO - Epoch [18][300/391]	lr: 1.000e-01, eta: 1:24:04, time: 0.155, data_time: 0.003, memory: 1575, loss: 0.4668
2021-06-19 14:26:15,135 - mmcls - INFO - Saving checkpoint at 18 epochs
2021-06-19 14:26:34,887 - mmcls - INFO - Epoch [19][100/391]	lr: 1.000e-01, eta: 1:23:05, time: 0.178, data_time: 0.025, memory: 1575, loss: 0.4188
2021-06-19 14:26:50,294 - mmcls - INFO - Epoch [19][200/391]	lr: 1.000e-01, eta: 1:23:08, time: 0.154, data_time: 0.002, memory: 1575, loss: 0.4477
2021-06-19 14:27:05,680 - mmcls - INFO - Epoch [19][300/391]	lr: 1.000e-01, eta: 1:23:11, time: 0.154, data_time: 0.003, memory: 1575, loss: 0.4494
2021-06-19 14:27:20,019 - mmcls - INFO - Saving checkpoint at 19 epochs
2021-06-19 14:27:41,270 - mmcls - INFO - Epoch [20][100/391]	lr: 1.000e-01, eta: 1:22:13, time: 0.177, data_time: 0.025, memory: 1575, loss: 0.4423
2021-06-19 14:27:56,665 - mmcls - INFO - Epoch [20][200/391]	lr: 1.000e-01, eta: 1:22:15, time: 0.154, data_time: 0.002, memory: 1575, loss: 0.4433
2021-06-19 14:28:12,067 - mmcls - INFO - Epoch [20][300/391]	lr: 1.000e-01, eta: 1:22:17, time: 0.154, data_time: 0.002, memory: 1575, loss: 0.4256
2021-06-19 14:28:31,143 - mmcls - INFO - Saving checkpoint at 20 epochs
2021-06-19 14:28:34,270 - mmcls - INFO - Epoch(val) [20][79]	accuracy_top-1: 82.3400, accuracy_top-5: 98.3900
2021-06-19 14:28:52,146 - mmcls - INFO - Epoch [21][100/391]	lr: 1.000e-01, eta: 1:21:22, time: 0.179, data_time: 0.025, memory: 1575, loss: 0.4332
2021-06-19 14:29:07,521 - mmcls - INFO - Epoch [21][200/391]	lr: 1.000e-01, eta: 1:21:24, time: 0.154, data_time: 0.003, memory: 1575, loss: 0.4184
2021-06-19 14:29:23,287 - mmcls - INFO - Epoch [21][300/391]	lr: 1.000e-01, eta: 1:21:27, time: 0.158, data_time: 0.003, memory: 1575, loss: 0.4533
2021-06-19 14:29:37,501 - mmcls - INFO - Saving checkpoint at 21 epochs
2021-06-19 14:29:57,296 - mmcls - INFO - Epoch [22][100/391]	lr: 1.000e-01, eta: 1:20:33, time: 0.178, data_time: 0.025, memory: 1575, loss: 0.4292
2021-06-19 14:30:12,780 - mmcls - INFO - Epoch [22][200/391]	lr: 1.000e-01, eta: 1:20:34, time: 0.155, data_time: 0.003, memory: 1575, loss: 0.4238
2021-06-19 14:30:28,184 - mmcls - INFO - Epoch [22][300/391]	lr: 1.000e-01, eta: 1:20:35, time: 0.154, data_time: 0.003, memory: 1575, loss: 0.4321
2021-06-19 14:30:42,319 - mmcls - INFO - Saving checkpoint at 22 epochs
2021-06-19 14:31:02,251 - mmcls - INFO - Epoch [23][100/391]	lr: 1.000e-01, eta: 1:19:44, time: 0.179, data_time: 0.025, memory: 1575, loss: 0.4206
2021-06-19 14:31:17,639 - mmcls - INFO - Epoch [23][200/391]	lr: 1.000e-01, eta: 1:19:43, time: 0.154, data_time: 0.003, memory: 1575, loss: 0.4124
2021-06-19 14:31:32,921 - mmcls - INFO - Epoch [23][300/391]	lr: 1.000e-01, eta: 1:19:43, time: 0.153, data_time: 0.002, memory: 1575, loss: 0.4303
2021-06-19 14:31:47,092 - mmcls - INFO - Saving checkpoint at 23 epochs
2021-06-19 14:32:06,961 - mmcls - INFO - Epoch [24][100/391]	lr: 1.000e-01, eta: 1:18:53, time: 0.178, data_time: 0.025, memory: 1575, loss: 0.4166
2021-06-19 14:32:22,321 - mmcls - INFO - Epoch [24][200/391]	lr: 1.000e-01, eta: 1:18:52, time: 0.154, data_time: 0.002, memory: 1575, loss: 0.4246
2021-06-19 14:32:37,798 - mmcls - INFO - Epoch [24][300/391]	lr: 1.000e-01, eta: 1:18:51, time: 0.155, data_time: 0.002, memory: 1575, loss: 0.4050
2021-06-19 14:32:51,896 - mmcls - INFO - Saving checkpoint at 24 epochs
2021-06-19 14:33:11,506 - mmcls - INFO - Epoch [25][100/391]	lr: 1.000e-01, eta: 1:18:02, time: 0.176, data_time: 0.025, memory: 1575, loss: 0.4126
2021-06-19 14:33:26,514 - mmcls - INFO - Epoch [25][200/391]	lr: 1.000e-01, eta: 1:17:59, time: 0.150, data_time: 0.002, memory: 1575, loss: 0.4126
2021-06-19 14:33:42,033 - mmcls - INFO - Epoch [25][300/391]	lr: 1.000e-01, eta: 1:17:58, time: 0.155, data_time: 0.003, memory: 1575, loss: 0.3989
2021-06-19 14:34:00,959 - mmcls - INFO - Saving checkpoint at 25 epochs
2021-06-19 14:34:03,020 - mmcls - INFO - Epoch(val) [25][79]	accuracy_top-1: 81.6200, accuracy_top-5: 98.6600
2021-06-19 14:34:20,896 - mmcls - INFO - Epoch [26][100/391]	lr: 1.000e-01, eta: 1:17:11, time: 0.179, data_time: 0.026, memory: 1575, loss: 0.4171
2021-06-19 14:34:36,317 - mmcls - INFO - Epoch [26][200/391]	lr: 1.000e-01, eta: 1:17:09, time: 0.154, data_time: 0.002, memory: 1575, loss: 0.3901
2021-06-19 14:34:51,907 - mmcls - INFO - Epoch [26][300/391]	lr: 1.000e-01, eta: 1:17:08, time: 0.156, data_time: 0.003, memory: 1575, loss: 0.4203
2021-06-19 14:35:06,127 - mmcls - INFO - Saving checkpoint at 26 epochs
2021-06-19 14:35:30,693 - mmcls - INFO - Epoch [27][100/391]	lr: 1.000e-01, eta: 1:16:21, time: 0.177, data_time: 0.025, memory: 1575, loss: 0.3925
2021-06-19 14:35:46,192 - mmcls - INFO - Epoch [27][200/391]	lr: 1.000e-01, eta: 1:16:19, time: 0.155, data_time: 0.002, memory: 1575, loss: 0.4221
2021-06-19 14:36:01,756 - mmcls - INFO - Epoch [27][300/391]	lr: 1.000e-01, eta: 1:16:17, time: 0.156, data_time: 0.002, memory: 1575, loss: 0.4239
2021-06-19 14:36:15,780 - mmcls - INFO - Saving checkpoint at 27 epochs
2021-06-19 14:36:35,666 - mmcls - INFO - Epoch [28][100/391]	lr: 1.000e-01, eta: 1:15:32, time: 0.178, data_time: 0.026, memory: 1575, loss: 0.3883
2021-06-19 14:36:51,145 - mmcls - INFO - Epoch [28][200/391]	lr: 1.000e-01, eta: 1:15:30, time: 0.155, data_time: 0.003, memory: 1575, loss: 0.4276
2021-06-19 14:37:06,641 - mmcls - INFO - Epoch [28][300/391]	lr: 1.000e-01, eta: 1:15:27, time: 0.155, data_time: 0.003, memory: 1575, loss: 0.4049
2021-06-19 14:37:20,982 - mmcls - INFO - Saving checkpoint at 28 epochs
2021-06-19 14:37:40,940 - mmcls - INFO - Epoch [29][100/391]	lr: 1.000e-01, eta: 1:14:44, time: 0.179, data_time: 0.025, memory: 1575, loss: 0.3916
2021-06-19 14:37:56,405 - mmcls - INFO - Epoch [29][200/391]	lr: 1.000e-01, eta: 1:14:41, time: 0.155, data_time: 0.003, memory: 1575, loss: 0.3951
2021-06-19 14:38:11,880 - mmcls - INFO - Epoch [29][300/391]	lr: 1.000e-01, eta: 1:14:38, time: 0.155, data_time: 0.003, memory: 1575, loss: 0.3845
2021-06-19 14:38:26,029 - mmcls - INFO - Saving checkpoint at 29 epochs
2021-06-19 14:38:45,858 - mmcls - INFO - Epoch [30][100/391]	lr: 1.000e-01, eta: 1:13:54, time: 0.178, data_time: 0.025, memory: 1575, loss: 0.3772
2021-06-19 14:39:01,228 - mmcls - INFO - Epoch [30][200/391]	lr: 1.000e-01, eta: 1:13:51, time: 0.154, data_time: 0.002, memory: 1575, loss: 0.3866
2021-06-19 14:39:16,677 - mmcls - INFO - Epoch [30][300/391]	lr: 1.000e-01, eta: 1:13:47, time: 0.154, data_time: 0.003, memory: 1575, loss: 0.4122
2021-06-19 14:39:35,848 - mmcls - INFO - Saving checkpoint at 30 epochs
2021-06-19 14:39:37,897 - mmcls - INFO - Epoch(val) [30][79]	accuracy_top-1: 82.5200, accuracy_top-5: 98.5700
2021-06-19 14:39:55,772 - mmcls - INFO - Epoch [31][100/391]	lr: 1.000e-01, eta: 1:13:05, time: 0.179, data_time: 0.025, memory: 1575, loss: 0.3983
2021-06-19 14:40:11,219 - mmcls - INFO - Epoch [31][200/391]	lr: 1.000e-01, eta: 1:13:01, time: 0.154, data_time: 0.003, memory: 1575, loss: 0.3974
2021-06-19 14:40:26,645 - mmcls - INFO - Epoch [31][300/391]	lr: 1.000e-01, eta: 1:12:57, time: 0.154, data_time: 0.003, memory: 1575, loss: 0.3847
2021-06-19 14:40:40,914 - mmcls - INFO - Saving checkpoint at 31 epochs
2021-06-19 14:41:00,779 - mmcls - INFO - Epoch [32][100/391]	lr: 1.000e-01, eta: 1:12:16, time: 0.178, data_time: 0.026, memory: 1575, loss: 0.3825
2021-06-19 14:41:16,135 - mmcls - INFO - Epoch [32][200/391]	lr: 1.000e-01, eta: 1:12:11, time: 0.154, data_time: 0.002, memory: 1575, loss: 0.3889
2021-06-19 14:41:31,837 - mmcls - INFO - Epoch [32][300/391]	lr: 1.000e-01, eta: 1:12:07, time: 0.157, data_time: 0.003, memory: 1575, loss: 0.4125
2021-06-19 14:41:46,159 - mmcls - INFO - Saving checkpoint at 32 epochs
2021-06-19 14:42:06,316 - mmcls - INFO - Epoch [33][100/391]	lr: 1.000e-01, eta: 1:11:27, time: 0.181, data_time: 0.025, memory: 1575, loss: 0.3891
2021-06-19 14:42:21,896 - mmcls - INFO - Epoch [33][200/391]	lr: 1.000e-01, eta: 1:11:23, time: 0.156, data_time: 0.003, memory: 1575, loss: 0.3963
2021-06-19 14:42:37,389 - mmcls - INFO - Epoch [33][300/391]	lr: 1.000e-01, eta: 1:11:19, time: 0.155, data_time: 0.003, memory: 1575, loss: 0.3935
2021-06-19 14:42:51,613 - mmcls - INFO - Saving checkpoint at 33 epochs
2021-06-19 14:43:11,558 - mmcls - INFO - Epoch [34][100/391]	lr: 1.000e-01, eta: 1:10:38, time: 0.178, data_time: 0.025, memory: 1575, loss: 0.3746
2021-06-19 14:43:27,098 - mmcls - INFO - Epoch [34][200/391]	lr: 1.000e-01, eta: 1:10:34, time: 0.155, data_time: 0.003, memory: 1575, loss: 0.3870
2021-06-19 14:43:42,835 - mmcls - INFO - Epoch [34][300/391]	lr: 1.000e-01, eta: 1:10:29, time: 0.157, data_time: 0.003, memory: 1575, loss: 0.3852
2021-06-19 14:43:57,013 - mmcls - INFO - Saving checkpoint at 34 epochs
2021-06-19 14:44:17,137 - mmcls - INFO - Epoch [35][100/391]	lr: 1.000e-01, eta: 1:09:51, time: 0.181, data_time: 0.027, memory: 1575, loss: 0.3905
2021-06-19 14:44:32,628 - mmcls - INFO - Epoch [35][200/391]	lr: 1.000e-01, eta: 1:09:46, time: 0.155, data_time: 0.002, memory: 1575, loss: 0.3614
2021-06-19 14:44:48,152 - mmcls - INFO - Epoch [35][300/391]	lr: 1.000e-01, eta: 1:09:41, time: 0.155, data_time: 0.003, memory: 1575, loss: 0.3934
2021-06-19 14:45:07,127 - mmcls - INFO - Saving checkpoint at 35 epochs
2021-06-19 14:45:09,189 - mmcls - INFO - Epoch(val) [35][79]	accuracy_top-1: 85.5200, accuracy_top-5: 99.2300
2021-06-19 14:45:27,145 - mmcls - INFO - Epoch [36][100/391]	lr: 1.000e-01, eta: 1:09:02, time: 0.179, data_time: 0.026, memory: 1575, loss: 0.3751
2021-06-19 14:45:42,760 - mmcls - INFO - Epoch [36][200/391]	lr: 1.000e-01, eta: 1:08:57, time: 0.156, data_time: 0.003, memory: 1575, loss: 0.3879
2021-06-19 14:45:58,327 - mmcls - INFO - Epoch [36][300/391]	lr: 1.000e-01, eta: 1:08:52, time: 0.156, data_time: 0.003, memory: 1575, loss: 0.3937
2021-06-19 14:46:12,648 - mmcls - INFO - Saving checkpoint at 36 epochs
2021-06-19 14:46:32,698 - mmcls - INFO - Epoch [37][100/391]	lr: 1.000e-01, eta: 1:08:14, time: 0.180, data_time: 0.026, memory: 1575, loss: 0.3799
2021-06-19 14:46:48,165 - mmcls - INFO - Epoch [37][200/391]	lr: 1.000e-01, eta: 1:08:08, time: 0.155, data_time: 0.003, memory: 1575, loss: 0.3911
2021-06-19 14:47:03,632 - mmcls - INFO - Epoch [37][300/391]	lr: 1.000e-01, eta: 1:08:02, time: 0.155, data_time: 0.002, memory: 1575, loss: 0.3827
2021-06-19 14:47:17,913 - mmcls - INFO - Saving checkpoint at 37 epochs
2021-06-19 14:47:37,845 - mmcls - INFO - Epoch [38][100/391]	lr: 1.000e-01, eta: 1:07:25, time: 0.179, data_time: 0.026, memory: 1575, loss: 0.3814
2021-06-19 14:47:53,342 - mmcls - INFO - Epoch [38][200/391]	lr: 1.000e-01, eta: 1:07:19, time: 0.155, data_time: 0.002, memory: 1575, loss: 0.4005
2021-06-19 14:48:08,716 - mmcls - INFO - Epoch [38][300/391]	lr: 1.000e-01, eta: 1:07:13, time: 0.154, data_time: 0.002, memory: 1575, loss: 0.3834
2021-06-19 14:48:22,962 - mmcls - INFO - Saving checkpoint at 38 epochs
2021-06-19 14:48:42,708 - mmcls - INFO - Epoch [39][100/391]	lr: 1.000e-01, eta: 1:06:35, time: 0.177, data_time: 0.026, memory: 1575, loss: 0.3553
2021-06-19 14:48:58,260 - mmcls - INFO - Epoch [39][200/391]	lr: 1.000e-01, eta: 1:06:29, time: 0.156, data_time: 0.003, memory: 1575, loss: 0.3657
2021-06-19 14:49:13,833 - mmcls - INFO - Epoch [39][300/391]	lr: 1.000e-01, eta: 1:06:23, time: 0.156, data_time: 0.003, memory: 1575, loss: 0.3905
2021-06-19 14:49:28,409 - mmcls - INFO - Saving checkpoint at 39 epochs
2021-06-19 14:49:48,646 - mmcls - INFO - Epoch [40][100/391]	lr: 1.000e-01, eta: 1:05:47, time: 0.182, data_time: 0.027, memory: 1575, loss: 0.3713
2021-06-19 14:50:04,241 - mmcls - INFO - Epoch [40][200/391]	lr: 1.000e-01, eta: 1:05:41, time: 0.156, data_time: 0.003, memory: 1575, loss: 0.3693
2021-06-19 14:50:19,875 - mmcls - INFO - Epoch [40][300/391]	lr: 1.000e-01, eta: 1:05:35, time: 0.156, data_time: 0.003, memory: 1575, loss: 0.3747
2021-06-19 14:50:39,232 - mmcls - INFO - Saving checkpoint at 40 epochs
2021-06-19 14:50:41,246 - mmcls - INFO - Epoch(val) [40][79]	accuracy_top-1: 85.8300, accuracy_top-5: 99.1600
2021-06-19 14:50:59,075 - mmcls - INFO - Epoch [41][100/391]	lr: 1.000e-02, eta: 1:04:59, time: 0.178, data_time: 0.025, memory: 1575, loss: 0.2413
2021-06-19 14:51:14,579 - mmcls - INFO - Epoch [41][200/391]	lr: 1.000e-02, eta: 1:04:52, time: 0.155, data_time: 0.003, memory: 1575, loss: 0.1983
2021-06-19 14:51:30,239 - mmcls - INFO - Epoch [41][300/391]	lr: 1.000e-02, eta: 1:04:46, time: 0.157, data_time: 0.003, memory: 1575, loss: 0.1852
2021-06-19 14:51:44,450 - mmcls - INFO - Saving checkpoint at 41 epochs
2021-06-19 14:52:04,348 - mmcls - INFO - Epoch [42][100/391]	lr: 1.000e-02, eta: 1:04:10, time: 0.178, data_time: 0.026, memory: 1575, loss: 0.1511
2021-06-19 14:52:19,927 - mmcls - INFO - Epoch [42][200/391]	lr: 1.000e-02, eta: 1:04:03, time: 0.156, data_time: 0.003, memory: 1575, loss: 0.1486
2021-06-19 14:52:35,536 - mmcls - INFO - Epoch [42][300/391]	lr: 1.000e-02, eta: 1:03:56, time: 0.156, data_time: 0.003, memory: 1575, loss: 0.1451
2021-06-19 14:52:49,815 - mmcls - INFO - Saving checkpoint at 42 epochs
2021-06-19 14:53:09,808 - mmcls - INFO - Epoch [43][100/391]	lr: 1.000e-02, eta: 1:03:21, time: 0.179, data_time: 0.025, memory: 1575, loss: 0.1194
2021-06-19 14:53:25,204 - mmcls - INFO - Epoch [43][200/391]	lr: 1.000e-02, eta: 1:03:14, time: 0.154, data_time: 0.002, memory: 1575, loss: 0.1353
2021-06-19 14:53:41,100 - mmcls - INFO - Epoch [43][300/391]	lr: 1.000e-02, eta: 1:03:08, time: 0.159, data_time: 0.005, memory: 1575, loss: 0.1311
2021-06-19 14:53:55,395 - mmcls - INFO - Saving checkpoint at 43 epochs
2021-06-19 14:54:15,579 - mmcls - INFO - Epoch [44][100/391]	lr: 1.000e-02, eta: 1:02:33, time: 0.180, data_time: 0.025, memory: 1575, loss: 0.1107
2021-06-19 14:54:31,209 - mmcls - INFO - Epoch [44][200/391]	lr: 1.000e-02, eta: 1:02:26, time: 0.156, data_time: 0.003, memory: 1575, loss: 0.1214
2021-06-19 14:54:46,736 - mmcls - INFO - Epoch [44][300/391]	lr: 1.000e-02, eta: 1:02:19, time: 0.155, data_time: 0.003, memory: 1575, loss: 0.1061
2021-06-19 14:55:01,188 - mmcls - INFO - Saving checkpoint at 44 epochs
2021-06-19 14:55:21,224 - mmcls - INFO - Epoch [45][100/391]	lr: 1.000e-02, eta: 1:01:44, time: 0.179, data_time: 0.026, memory: 1575, loss: 0.0956
2021-06-19 14:55:37,099 - mmcls - INFO - Epoch [45][200/391]	lr: 1.000e-02, eta: 1:01:38, time: 0.159, data_time: 0.006, memory: 1575, loss: 0.1058
2021-06-19 14:55:52,230 - mmcls - INFO - Epoch [45][300/391]	lr: 1.000e-02, eta: 1:01:29, time: 0.151, data_time: 0.003, memory: 1575, loss: 0.1170
2021-06-19 14:56:10,746 - mmcls - INFO - Saving checkpoint at 45 epochs
2021-06-19 14:56:12,818 - mmcls - INFO - Epoch(val) [45][79]	accuracy_top-1: 92.9500, accuracy_top-5: 99.8000
2021-06-19 14:56:30,530 - mmcls - INFO - Epoch [46][100/391]	lr: 1.000e-02, eta: 1:00:55, time: 0.176, data_time: 0.027, memory: 1575, loss: 0.0866
2021-06-19 14:56:45,768 - mmcls - INFO - Epoch [46][200/391]	lr: 1.000e-02, eta: 1:00:47, time: 0.152, data_time: 0.002, memory: 1575, loss: 0.0890
2021-06-19 14:57:01,519 - mmcls - INFO - Epoch [46][300/391]	lr: 1.000e-02, eta: 1:00:40, time: 0.158, data_time: 0.003, memory: 1575, loss: 0.0966
2021-06-19 14:57:15,985 - mmcls - INFO - Saving checkpoint at 46 epochs
2021-06-19 14:57:35,732 - mmcls - INFO - Epoch [47][100/391]	lr: 1.000e-02, eta: 1:00:05, time: 0.175, data_time: 0.026, memory: 1575, loss: 0.0878
2021-06-19 14:57:51,012 - mmcls - INFO - Epoch [47][200/391]	lr: 1.000e-02, eta: 0:59:57, time: 0.153, data_time: 0.003, memory: 1575, loss: 0.0830
2021-06-19 14:58:06,521 - mmcls - INFO - Epoch [47][300/391]	lr: 1.000e-02, eta: 0:59:49, time: 0.155, data_time: 0.004, memory: 1575, loss: 0.0874
2021-06-19 14:58:20,236 - mmcls - INFO - Saving checkpoint at 47 epochs
2021-06-19 14:58:40,104 - mmcls - INFO - Epoch [48][100/391]	lr: 1.000e-02, eta: 0:59:16, time: 0.177, data_time: 0.026, memory: 1575, loss: 0.0702
2021-06-19 14:58:55,326 - mmcls - INFO - Epoch [48][200/391]	lr: 1.000e-02, eta: 0:59:07, time: 0.152, data_time: 0.002, memory: 1575, loss: 0.0735
2021-06-19 14:59:10,511 - mmcls - INFO - Epoch [48][300/391]	lr: 1.000e-02, eta: 0:58:59, time: 0.152, data_time: 0.002, memory: 1575, loss: 0.0868
2021-06-19 14:59:24,676 - mmcls - INFO - Saving checkpoint at 48 epochs
2021-06-19 14:59:44,536 - mmcls - INFO - Epoch [49][100/391]	lr: 1.000e-02, eta: 0:58:26, time: 0.176, data_time: 0.026, memory: 1575, loss: 0.0807
2021-06-19 14:59:59,878 - mmcls - INFO - Epoch [49][200/391]	lr: 1.000e-02, eta: 0:58:17, time: 0.153, data_time: 0.003, memory: 1575, loss: 0.0689
2021-06-19 15:00:15,053 - mmcls - INFO - Epoch [49][300/391]	lr: 1.000e-02, eta: 0:58:09, time: 0.152, data_time: 0.002, memory: 1575, loss: 0.0780
2021-06-19 15:00:28,942 - mmcls - INFO - Saving checkpoint at 49 epochs
2021-06-19 15:00:48,852 - mmcls - INFO - Epoch [50][100/391]	lr: 1.000e-02, eta: 0:57:36, time: 0.178, data_time: 0.026, memory: 1575, loss: 0.0675
2021-06-19 15:01:04,099 - mmcls - INFO - Epoch [50][200/391]	lr: 1.000e-02, eta: 0:57:27, time: 0.152, data_time: 0.002, memory: 1575, loss: 0.0691
2021-06-19 15:01:19,741 - mmcls - INFO - Epoch [50][300/391]	lr: 1.000e-02, eta: 0:57:19, time: 0.156, data_time: 0.002, memory: 1575, loss: 0.0706
2021-06-19 15:01:38,789 - mmcls - INFO - Saving checkpoint at 50 epochs
2021-06-19 15:01:40,855 - mmcls - INFO - Epoch(val) [50][79]	accuracy_top-1: 93.3700, accuracy_top-5: 99.8200
2021-06-19 15:01:58,770 - mmcls - INFO - Epoch [51][100/391]	lr: 1.000e-02, eta: 0:56:47, time: 0.179, data_time: 0.026, memory: 1575, loss: 0.0601
2021-06-19 15:02:14,853 - mmcls - INFO - Epoch [51][200/391]	lr: 1.000e-02, eta: 0:56:39, time: 0.161, data_time: 0.003, memory: 1575, loss: 0.0618
2021-06-19 15:02:30,508 - mmcls - INFO - Epoch [51][300/391]	lr: 1.000e-02, eta: 0:56:31, time: 0.157, data_time: 0.003, memory: 1575, loss: 0.0620
2021-06-19 15:02:44,777 - mmcls - INFO - Saving checkpoint at 51 epochs
2021-06-19 15:03:04,890 - mmcls - INFO - Epoch [52][100/391]	lr: 1.000e-02, eta: 0:55:59, time: 0.178, data_time: 0.029, memory: 1575, loss: 0.0640
2021-06-19 15:03:20,756 - mmcls - INFO - Epoch [52][200/391]	lr: 1.000e-02, eta: 0:55:51, time: 0.159, data_time: 0.003, memory: 1575, loss: 0.0601
2021-06-19 15:03:36,471 - mmcls - INFO - Epoch [52][300/391]	lr: 1.000e-02, eta: 0:55:43, time: 0.157, data_time: 0.002, memory: 1575, loss: 0.0642
2021-06-19 15:03:50,381 - mmcls - INFO - Saving checkpoint at 52 epochs
2021-06-19 15:04:10,438 - mmcls - INFO - Epoch [53][100/391]	lr: 1.000e-02, eta: 0:55:11, time: 0.177, data_time: 0.027, memory: 1575, loss: 0.0552
2021-06-19 15:04:25,661 - mmcls - INFO - Epoch [53][200/391]	lr: 1.000e-02, eta: 0:55:02, time: 0.152, data_time: 0.002, memory: 1575, loss: 0.0547
2021-06-19 15:04:41,393 - mmcls - INFO - Epoch [53][300/391]	lr: 1.000e-02, eta: 0:54:53, time: 0.157, data_time: 0.006, memory: 1575, loss: 0.0571
2021-06-19 15:04:55,169 - mmcls - INFO - Saving checkpoint at 53 epochs
2021-06-19 15:05:14,743 - mmcls - INFO - Epoch [54][100/391]	lr: 1.000e-02, eta: 0:54:21, time: 0.173, data_time: 0.025, memory: 1575, loss: 0.0579
2021-06-19 15:05:30,029 - mmcls - INFO - Epoch [54][200/391]	lr: 1.000e-02, eta: 0:54:12, time: 0.153, data_time: 0.005, memory: 1575, loss: 0.0616
2021-06-19 15:05:45,311 - mmcls - INFO - Epoch [54][300/391]	lr: 1.000e-02, eta: 0:54:03, time: 0.153, data_time: 0.003, memory: 1575, loss: 0.0552
2021-06-19 15:05:59,103 - mmcls - INFO - Saving checkpoint at 54 epochs
2021-06-19 15:06:19,427 - mmcls - INFO - Epoch [55][100/391]	lr: 1.000e-02, eta: 0:53:32, time: 0.180, data_time: 0.026, memory: 1575, loss: 0.0549
2021-06-19 15:06:34,579 - mmcls - INFO - Epoch [55][200/391]	lr: 1.000e-02, eta: 0:53:22, time: 0.151, data_time: 0.002, memory: 1575, loss: 0.0537
2021-06-19 15:06:49,651 - mmcls - INFO - Epoch [55][300/391]	lr: 1.000e-02, eta: 0:53:13, time: 0.151, data_time: 0.002, memory: 1575, loss: 0.0575
2021-06-19 15:07:08,657 - mmcls - INFO - Saving checkpoint at 55 epochs
2021-06-19 15:07:10,756 - mmcls - INFO - Epoch(val) [55][79]	accuracy_top-1: 93.2500, accuracy_top-5: 99.7900
2021-06-19 15:07:28,447 - mmcls - INFO - Epoch [56][100/391]	lr: 1.000e-02, eta: 0:52:42, time: 0.177, data_time: 0.026, memory: 1575, loss: 0.0502
2021-06-19 15:07:43,531 - mmcls - INFO - Epoch [56][200/391]	lr: 1.000e-02, eta: 0:52:32, time: 0.151, data_time: 0.002, memory: 1575, loss: 0.0492
2021-06-19 15:07:58,736 - mmcls - INFO - Epoch [56][300/391]	lr: 1.000e-02, eta: 0:52:23, time: 0.152, data_time: 0.002, memory: 1575, loss: 0.0533
2021-06-19 15:08:12,563 - mmcls - INFO - Saving checkpoint at 56 epochs
2021-06-19 15:08:32,400 - mmcls - INFO - Epoch [57][100/391]	lr: 1.000e-02, eta: 0:51:52, time: 0.178, data_time: 0.026, memory: 1575, loss: 0.0525
2021-06-19 15:08:47,558 - mmcls - INFO - Epoch [57][200/391]	lr: 1.000e-02, eta: 0:51:43, time: 0.152, data_time: 0.002, memory: 1575, loss: 0.0585
2021-06-19 15:09:02,596 - mmcls - INFO - Epoch [57][300/391]	lr: 1.000e-02, eta: 0:51:33, time: 0.150, data_time: 0.002, memory: 1575, loss: 0.0546
2021-06-19 15:09:17,159 - mmcls - INFO - Saving checkpoint at 57 epochs
2021-06-19 15:09:36,766 - mmcls - INFO - Epoch [58][100/391]	lr: 1.000e-02, eta: 0:51:02, time: 0.176, data_time: 0.026, memory: 1575, loss: 0.0599
2021-06-19 15:09:51,931 - mmcls - INFO - Epoch [58][200/391]	lr: 1.000e-02, eta: 0:50:52, time: 0.152, data_time: 0.002, memory: 1575, loss: 0.0485
2021-06-19 15:10:06,989 - mmcls - INFO - Epoch [58][300/391]	lr: 1.000e-02, eta: 0:50:43, time: 0.151, data_time: 0.002, memory: 1575, loss: 0.0557
2021-06-19 15:10:20,817 - mmcls - INFO - Saving checkpoint at 58 epochs
2021-06-19 15:10:40,993 - mmcls - INFO - Epoch [59][100/391]	lr: 1.000e-02, eta: 0:50:13, time: 0.181, data_time: 0.027, memory: 1575, loss: 0.0499
2021-06-19 15:10:56,220 - mmcls - INFO - Epoch [59][200/391]	lr: 1.000e-02, eta: 0:50:03, time: 0.152, data_time: 0.002, memory: 1575, loss: 0.0445
2021-06-19 15:11:11,419 - mmcls - INFO - Epoch [59][300/391]	lr: 1.000e-02, eta: 0:49:53, time: 0.152, data_time: 0.002, memory: 1575, loss: 0.0543
2021-06-19 15:11:25,324 - mmcls - INFO - Saving checkpoint at 59 epochs
2021-06-19 15:11:45,051 - mmcls - INFO - Epoch [60][100/391]	lr: 1.000e-02, eta: 0:49:23, time: 0.177, data_time: 0.026, memory: 1575, loss: 0.0471
2021-06-19 15:12:00,050 - mmcls - INFO - Epoch [60][200/391]	lr: 1.000e-02, eta: 0:49:13, time: 0.150, data_time: 0.002, memory: 1575, loss: 0.0471
2021-06-19 15:12:15,259 - mmcls - INFO - Epoch [60][300/391]	lr: 1.000e-02, eta: 0:49:04, time: 0.152, data_time: 0.002, memory: 1575, loss: 0.0527
2021-06-19 15:12:33,838 - mmcls - INFO - Saving checkpoint at 60 epochs
2021-06-19 15:12:35,722 - mmcls - INFO - Epoch(val) [60][79]	accuracy_top-1: 92.9700, accuracy_top-5: 99.7100
2021-06-19 15:12:53,431 - mmcls - INFO - Epoch [61][100/391]	lr: 1.000e-02, eta: 0:48:34, time: 0.177, data_time: 0.026, memory: 1575, loss: 0.0420
2021-06-19 15:13:08,483 - mmcls - INFO - Epoch [61][200/391]	lr: 1.000e-02, eta: 0:48:24, time: 0.151, data_time: 0.002, memory: 1575, loss: 0.0541
2021-06-19 15:13:23,874 - mmcls - INFO - Epoch [61][300/391]	lr: 1.000e-02, eta: 0:48:14, time: 0.154, data_time: 0.003, memory: 1575, loss: 0.0533
2021-06-19 15:13:37,688 - mmcls - INFO - Saving checkpoint at 61 epochs
2021-06-19 15:13:57,096 - mmcls - INFO - Epoch [62][100/391]	lr: 1.000e-02, eta: 0:47:44, time: 0.174, data_time: 0.025, memory: 1575, loss: 0.0462
2021-06-19 15:14:12,067 - mmcls - INFO - Epoch [62][200/391]	lr: 1.000e-02, eta: 0:47:34, time: 0.150, data_time: 0.002, memory: 1575, loss: 0.0553
2021-06-19 15:14:27,037 - mmcls - INFO - Epoch [62][300/391]	lr: 1.000e-02, eta: 0:47:24, time: 0.150, data_time: 0.002, memory: 1575, loss: 0.0548
2021-06-19 15:14:41,249 - mmcls - INFO - Saving checkpoint at 62 epochs
2021-06-19 15:15:00,671 - mmcls - INFO - Epoch [63][100/391]	lr: 1.000e-02, eta: 0:46:54, time: 0.174, data_time: 0.025, memory: 1575, loss: 0.0500
2021-06-19 15:15:15,726 - mmcls - INFO - Epoch [63][200/391]	lr: 1.000e-02, eta: 0:46:44, time: 0.151, data_time: 0.002, memory: 1575, loss: 0.0510
2021-06-19 15:15:30,842 - mmcls - INFO - Epoch [63][300/391]	lr: 1.000e-02, eta: 0:46:34, time: 0.151, data_time: 0.002, memory: 1575, loss: 0.0564
2021-06-19 15:15:44,418 - mmcls - INFO - Saving checkpoint at 63 epochs
2021-06-19 15:16:03,863 - mmcls - INFO - Epoch [64][100/391]	lr: 1.000e-02, eta: 0:46:04, time: 0.174, data_time: 0.026, memory: 1575, loss: 0.0493
2021-06-19 15:16:18,751 - mmcls - INFO - Epoch [64][200/391]	lr: 1.000e-02, eta: 0:45:54, time: 0.149, data_time: 0.002, memory: 1575, loss: 0.0542
2021-06-19 15:16:33,631 - mmcls - INFO - Epoch [64][300/391]	lr: 1.000e-02, eta: 0:45:43, time: 0.149, data_time: 0.002, memory: 1575, loss: 0.0504
2021-06-19 15:16:47,324 - mmcls - INFO - Saving checkpoint at 64 epochs
2021-06-19 15:17:06,717 - mmcls - INFO - Epoch [65][100/391]	lr: 1.000e-02, eta: 0:45:14, time: 0.173, data_time: 0.025, memory: 1575, loss: 0.0468
2021-06-19 15:17:21,654 - mmcls - INFO - Epoch [65][200/391]	lr: 1.000e-02, eta: 0:45:04, time: 0.149, data_time: 0.002, memory: 1575, loss: 0.0578
2021-06-19 15:17:36,635 - mmcls - INFO - Epoch [65][300/391]	lr: 1.000e-02, eta: 0:44:53, time: 0.150, data_time: 0.003, memory: 1575, loss: 0.0535
2021-06-19 15:17:58,438 - mmcls - INFO - Saving checkpoint at 65 epochs
2021-06-19 15:18:00,440 - mmcls - INFO - Epoch(val) [65][79]	accuracy_top-1: 93.2100, accuracy_top-5: 99.6800
2021-06-19 15:18:18,031 - mmcls - INFO - Epoch [66][100/391]	lr: 1.000e-02, eta: 0:44:24, time: 0.176, data_time: 0.025, memory: 1575, loss: 0.0531
2021-06-19 15:18:33,153 - mmcls - INFO - Epoch [66][200/391]	lr: 1.000e-02, eta: 0:44:14, time: 0.151, data_time: 0.002, memory: 1575, loss: 0.0464
2021-06-19 15:18:48,571 - mmcls - INFO - Epoch [66][300/391]	lr: 1.000e-02, eta: 0:44:04, time: 0.154, data_time: 0.002, memory: 1575, loss: 0.0614
2021-06-19 15:19:02,267 - mmcls - INFO - Saving checkpoint at 66 epochs
2021-06-19 15:19:21,891 - mmcls - INFO - Epoch [67][100/391]	lr: 1.000e-02, eta: 0:43:35, time: 0.176, data_time: 0.026, memory: 1575, loss: 0.0514
2021-06-19 15:19:36,872 - mmcls - INFO - Epoch [67][200/391]	lr: 1.000e-02, eta: 0:43:25, time: 0.150, data_time: 0.002, memory: 1575, loss: 0.0503
2021-06-19 15:19:52,077 - mmcls - INFO - Epoch [67][300/391]	lr: 1.000e-02, eta: 0:43:14, time: 0.152, data_time: 0.002, memory: 1575, loss: 0.0594
2021-06-19 15:20:05,813 - mmcls - INFO - Saving checkpoint at 67 epochs
2021-06-19 15:20:25,651 - mmcls - INFO - Epoch [68][100/391]	lr: 1.000e-02, eta: 0:42:46, time: 0.178, data_time: 0.027, memory: 1575, loss: 0.0464
2021-06-19 15:20:40,571 - mmcls - INFO - Epoch [68][200/391]	lr: 1.000e-02, eta: 0:42:35, time: 0.149, data_time: 0.002, memory: 1575, loss: 0.0539
2021-06-19 15:20:55,789 - mmcls - INFO - Epoch [68][300/391]	lr: 1.000e-02, eta: 0:42:25, time: 0.152, data_time: 0.002, memory: 1575, loss: 0.0500
2021-06-19 15:21:09,923 - mmcls - INFO - Saving checkpoint at 68 epochs
2021-06-19 15:21:29,545 - mmcls - INFO - Epoch [69][100/391]	lr: 1.000e-02, eta: 0:41:56, time: 0.176, data_time: 0.026, memory: 1575, loss: 0.0506
2021-06-19 15:21:44,685 - mmcls - INFO - Epoch [69][200/391]	lr: 1.000e-02, eta: 0:41:46, time: 0.151, data_time: 0.002, memory: 1575, loss: 0.0526
2021-06-19 15:21:59,628 - mmcls - INFO - Epoch [69][300/391]	lr: 1.000e-02, eta: 0:41:35, time: 0.149, data_time: 0.002, memory: 1575, loss: 0.0583
2021-06-19 15:22:13,497 - mmcls - INFO - Saving checkpoint at 69 epochs
2021-06-19 15:22:33,240 - mmcls - INFO - Epoch [70][100/391]	lr: 1.000e-02, eta: 0:41:07, time: 0.176, data_time: 0.026, memory: 1575, loss: 0.0509
2021-06-19 15:22:48,294 - mmcls - INFO - Epoch [70][200/391]	lr: 1.000e-02, eta: 0:40:57, time: 0.151, data_time: 0.002, memory: 1575, loss: 0.0550
2021-06-19 15:23:03,282 - mmcls - INFO - Epoch [70][300/391]	lr: 1.000e-02, eta: 0:40:46, time: 0.150, data_time: 0.002, memory: 1575, loss: 0.0524
2021-06-19 15:23:25,916 - mmcls - INFO - Saving checkpoint at 70 epochs
2021-06-19 15:23:28,020 - mmcls - INFO - Epoch(val) [70][79]	accuracy_top-1: 91.5400, accuracy_top-5: 99.5800
2021-06-19 15:23:45,665 - mmcls - INFO - Epoch [71][100/391]	lr: 1.000e-02, eta: 0:40:18, time: 0.176, data_time: 0.025, memory: 1575, loss: 0.0579
2021-06-19 15:24:00,933 - mmcls - INFO - Epoch [71][200/391]	lr: 1.000e-02, eta: 0:40:07, time: 0.153, data_time: 0.002, memory: 1575, loss: 0.0588
2021-06-19 15:24:16,000 - mmcls - INFO - Epoch [71][300/391]	lr: 1.000e-02, eta: 0:39:57, time: 0.151, data_time: 0.002, memory: 1575, loss: 0.0565
2021-06-19 15:24:29,949 - mmcls - INFO - Saving checkpoint at 71 epochs
2021-06-19 15:24:49,458 - mmcls - INFO - Epoch [72][100/391]	lr: 1.000e-02, eta: 0:39:29, time: 0.175, data_time: 0.026, memory: 1575, loss: 0.0496
2021-06-19 15:25:04,725 - mmcls - INFO - Epoch [72][200/391]	lr: 1.000e-02, eta: 0:39:18, time: 0.153, data_time: 0.002, memory: 1575, loss: 0.0585
2021-06-19 15:25:19,920 - mmcls - INFO - Epoch [72][300/391]	lr: 1.000e-02, eta: 0:39:07, time: 0.152, data_time: 0.002, memory: 1575, loss: 0.0592
2021-06-19 15:25:34,086 - mmcls - INFO - Saving checkpoint at 72 epochs
2021-06-19 15:25:53,766 - mmcls - INFO - Epoch [73][100/391]	lr: 1.000e-02, eta: 0:38:40, time: 0.176, data_time: 0.025, memory: 1575, loss: 0.0550
2021-06-19 15:26:08,937 - mmcls - INFO - Epoch [73][200/391]	lr: 1.000e-02, eta: 0:38:29, time: 0.152, data_time: 0.002, memory: 1575, loss: 0.0555
2021-06-19 15:26:23,903 - mmcls - INFO - Epoch [73][300/391]	lr: 1.000e-02, eta: 0:38:18, time: 0.150, data_time: 0.002, memory: 1575, loss: 0.0560
2021-06-19 15:26:37,733 - mmcls - INFO - Saving checkpoint at 73 epochs
2021-06-19 15:26:57,810 - mmcls - INFO - Epoch [74][100/391]	lr: 1.000e-02, eta: 0:37:51, time: 0.179, data_time: 0.025, memory: 1575, loss: 0.0535
2021-06-19 15:27:12,827 - mmcls - INFO - Epoch [74][200/391]	lr: 1.000e-02, eta: 0:37:40, time: 0.150, data_time: 0.002, memory: 1575, loss: 0.0561
2021-06-19 15:27:27,846 - mmcls - INFO - Epoch [74][300/391]	lr: 1.000e-02, eta: 0:37:29, time: 0.150, data_time: 0.002, memory: 1575, loss: 0.0643
2021-06-19 15:27:41,503 - mmcls - INFO - Saving checkpoint at 74 epochs
2021-06-19 15:28:01,061 - mmcls - INFO - Epoch [75][100/391]	lr: 1.000e-02, eta: 0:37:01, time: 0.175, data_time: 0.025, memory: 1575, loss: 0.0549
2021-06-19 15:28:16,267 - mmcls - INFO - Epoch [75][200/391]	lr: 1.000e-02, eta: 0:36:51, time: 0.152, data_time: 0.002, memory: 1575, loss: 0.0625
2021-06-19 15:28:31,412 - mmcls - INFO - Epoch [75][300/391]	lr: 1.000e-02, eta: 0:36:40, time: 0.151, data_time: 0.002, memory: 1575, loss: 0.0589
2021-06-19 15:28:54,246 - mmcls - INFO - Saving checkpoint at 75 epochs
2021-06-19 15:28:56,446 - mmcls - INFO - Epoch(val) [75][79]	accuracy_top-1: 92.7400, accuracy_top-5: 99.5400
2021-06-19 15:29:14,368 - mmcls - INFO - Epoch [76][100/391]	lr: 1.000e-02, eta: 0:36:13, time: 0.178, data_time: 0.024, memory: 1575, loss: 0.0502
2021-06-19 15:29:29,451 - mmcls - INFO - Epoch [76][200/391]	lr: 1.000e-02, eta: 0:36:02, time: 0.151, data_time: 0.002, memory: 1575, loss: 0.0557
2021-06-19 15:29:44,703 - mmcls - INFO - Epoch [76][300/391]	lr: 1.000e-02, eta: 0:35:51, time: 0.153, data_time: 0.002, memory: 1575, loss: 0.0572
2021-06-19 15:29:58,447 - mmcls - INFO - Saving checkpoint at 76 epochs
2021-06-19 15:30:18,299 - mmcls - INFO - Epoch [77][100/391]	lr: 1.000e-02, eta: 0:35:24, time: 0.177, data_time: 0.025, memory: 1575, loss: 0.0513
2021-06-19 15:30:33,409 - mmcls - INFO - Epoch [77][200/391]	lr: 1.000e-02, eta: 0:35:13, time: 0.151, data_time: 0.003, memory: 1575, loss: 0.0674
2021-06-19 15:30:48,404 - mmcls - INFO - Epoch [77][300/391]	lr: 1.000e-02, eta: 0:35:02, time: 0.150, data_time: 0.002, memory: 1575, loss: 0.0659
2021-06-19 15:31:02,458 - mmcls - INFO - Saving checkpoint at 77 epochs
2021-06-19 15:31:22,046 - mmcls - INFO - Epoch [78][100/391]	lr: 1.000e-02, eta: 0:34:35, time: 0.174, data_time: 0.025, memory: 1575, loss: 0.0633
2021-06-19 15:31:37,344 - mmcls - INFO - Epoch [78][200/391]	lr: 1.000e-02, eta: 0:34:24, time: 0.153, data_time: 0.002, memory: 1575, loss: 0.0603
2021-06-19 15:31:52,234 - mmcls - INFO - Epoch [78][300/391]	lr: 1.000e-02, eta: 0:34:13, time: 0.149, data_time: 0.002, memory: 1575, loss: 0.0578
2021-06-19 15:32:05,933 - mmcls - INFO - Saving checkpoint at 78 epochs
2021-06-19 15:32:25,805 - mmcls - INFO - Epoch [79][100/391]	lr: 1.000e-02, eta: 0:33:46, time: 0.176, data_time: 0.027, memory: 1575, loss: 0.0614
2021-06-19 15:32:40,956 - mmcls - INFO - Epoch [79][200/391]	lr: 1.000e-02, eta: 0:33:35, time: 0.152, data_time: 0.002, memory: 1575, loss: 0.0523
2021-06-19 15:32:55,970 - mmcls - INFO - Epoch [79][300/391]	lr: 1.000e-02, eta: 0:33:24, time: 0.150, data_time: 0.002, memory: 1575, loss: 0.0592
2021-06-19 15:33:09,499 - mmcls - INFO - Saving checkpoint at 79 epochs
2021-06-19 15:33:29,295 - mmcls - INFO - Epoch [80][100/391]	lr: 1.000e-02, eta: 0:32:57, time: 0.175, data_time: 0.026, memory: 1575, loss: 0.0614
2021-06-19 15:33:44,305 - mmcls - INFO - Epoch [80][200/391]	lr: 1.000e-02, eta: 0:32:46, time: 0.150, data_time: 0.002, memory: 1575, loss: 0.0641
2021-06-19 15:33:59,401 - mmcls - INFO - Epoch [80][300/391]	lr: 1.000e-02, eta: 0:32:34, time: 0.151, data_time: 0.003, memory: 1575, loss: 0.0608
2021-06-19 15:34:28,166 - mmcls - INFO - Saving checkpoint at 80 epochs
2021-06-19 15:34:30,241 - mmcls - INFO - Epoch(val) [80][79]	accuracy_top-1: 91.8000, accuracy_top-5: 99.6000
2021-06-19 15:34:47,783 - mmcls - INFO - Epoch [81][100/391]	lr: 1.000e-03, eta: 0:32:08, time: 0.175, data_time: 0.026, memory: 1575, loss: 0.0403
2021-06-19 15:35:03,019 - mmcls - INFO - Epoch [81][200/391]	lr: 1.000e-03, eta: 0:31:57, time: 0.152, data_time: 0.002, memory: 1575, loss: 0.0265
2021-06-19 15:35:18,431 - mmcls - INFO - Epoch [81][300/391]	lr: 1.000e-03, eta: 0:31:46, time: 0.154, data_time: 0.002, memory: 1575, loss: 0.0242
2021-06-19 15:35:32,056 - mmcls - INFO - Saving checkpoint at 81 epochs
2021-06-19 15:35:51,821 - mmcls - INFO - Epoch [82][100/391]	lr: 1.000e-03, eta: 0:31:19, time: 0.177, data_time: 0.024, memory: 1575, loss: 0.0165
2021-06-19 15:36:06,998 - mmcls - INFO - Epoch [82][200/391]	lr: 1.000e-03, eta: 0:31:08, time: 0.152, data_time: 0.002, memory: 1575, loss: 0.0139
2021-06-19 15:36:22,011 - mmcls - INFO - Epoch [82][300/391]	lr: 1.000e-03, eta: 0:30:57, time: 0.150, data_time: 0.002, memory: 1575, loss: 0.0147
2021-06-19 15:36:35,633 - mmcls - INFO - Saving checkpoint at 82 epochs
2021-06-19 15:36:55,352 - mmcls - INFO - Epoch [83][100/391]	lr: 1.000e-03, eta: 0:30:30, time: 0.175, data_time: 0.026, memory: 1575, loss: 0.0115
2021-06-19 15:37:10,351 - mmcls - INFO - Epoch [83][200/391]	lr: 1.000e-03, eta: 0:30:19, time: 0.150, data_time: 0.003, memory: 1575, loss: 0.0115
2021-06-19 15:37:25,323 - mmcls - INFO - Epoch [83][300/391]	lr: 1.000e-03, eta: 0:30:08, time: 0.150, data_time: 0.002, memory: 1575, loss: 0.0112
2021-06-19 15:37:38,969 - mmcls - INFO - Saving checkpoint at 83 epochs
2021-06-19 15:37:58,984 - mmcls - INFO - Epoch [84][100/391]	lr: 1.000e-03, eta: 0:29:41, time: 0.177, data_time: 0.024, memory: 1575, loss: 0.0119
2021-06-19 15:38:13,921 - mmcls - INFO - Epoch [84][200/391]	lr: 1.000e-03, eta: 0:29:30, time: 0.149, data_time: 0.002, memory: 1575, loss: 0.0090
2021-06-19 15:38:28,957 - mmcls - INFO - Epoch [84][300/391]	lr: 1.000e-03, eta: 0:29:19, time: 0.150, data_time: 0.002, memory: 1575, loss: 0.0086
2021-06-19 15:38:42,612 - mmcls - INFO - Saving checkpoint at 84 epochs
2021-06-19 15:39:01,830 - mmcls - INFO - Epoch [85][100/391]	lr: 1.000e-03, eta: 0:28:52, time: 0.171, data_time: 0.024, memory: 1575, loss: 0.0095
2021-06-19 15:39:16,965 - mmcls - INFO - Epoch [85][200/391]	lr: 1.000e-03, eta: 0:28:41, time: 0.151, data_time: 0.003, memory: 1575, loss: 0.0085
2021-06-19 15:39:32,020 - mmcls - INFO - Epoch [85][300/391]	lr: 1.000e-03, eta: 0:28:30, time: 0.151, data_time: 0.002, memory: 1575, loss: 0.0079
2021-06-19 15:39:55,855 - mmcls - INFO - Saving checkpoint at 85 epochs
2021-06-19 15:39:58,121 - mmcls - INFO - Epoch(val) [85][79]	accuracy_top-1: 94.4500, accuracy_top-5: 99.7900
2021-06-19 15:40:15,695 - mmcls - INFO - Epoch [86][100/391]	lr: 1.000e-03, eta: 0:28:03, time: 0.175, data_time: 0.026, memory: 1575, loss: 0.0071
2021-06-19 15:40:31,099 - mmcls - INFO - Epoch [86][200/391]	lr: 1.000e-03, eta: 0:27:52, time: 0.154, data_time: 0.004, memory: 1575, loss: 0.0083
2021-06-19 15:40:46,073 - mmcls - INFO - Epoch [86][300/391]	lr: 1.000e-03, eta: 0:27:41, time: 0.150, data_time: 0.002, memory: 1575, loss: 0.0079
2021-06-19 15:40:59,629 - mmcls - INFO - Saving checkpoint at 86 epochs
2021-06-19 15:41:18,955 - mmcls - INFO - Epoch [87][100/391]	lr: 1.000e-03, eta: 0:27:15, time: 0.172, data_time: 0.027, memory: 1575, loss: 0.0073
2021-06-19 15:41:33,980 - mmcls - INFO - Epoch [87][200/391]	lr: 1.000e-03, eta: 0:27:03, time: 0.150, data_time: 0.002, memory: 1575, loss: 0.0076
2021-06-19 15:41:49,245 - mmcls - INFO - Epoch [87][300/391]	lr: 1.000e-03, eta: 0:26:52, time: 0.153, data_time: 0.002, memory: 1575, loss: 0.0065
2021-06-19 15:42:02,884 - mmcls - INFO - Saving checkpoint at 87 epochs
2021-06-19 15:42:22,427 - mmcls - INFO - Epoch [88][100/391]	lr: 1.000e-03, eta: 0:26:26, time: 0.174, data_time: 0.025, memory: 1575, loss: 0.0066
2021-06-19 15:42:37,602 - mmcls - INFO - Epoch [88][200/391]	lr: 1.000e-03, eta: 0:26:15, time: 0.152, data_time: 0.002, memory: 1575, loss: 0.0083
2021-06-19 15:42:52,599 - mmcls - INFO - Epoch [88][300/391]	lr: 1.000e-03, eta: 0:26:03, time: 0.150, data_time: 0.002, memory: 1575, loss: 0.0066
2021-06-19 15:43:06,384 - mmcls - INFO - Saving checkpoint at 88 epochs
2021-06-19 15:43:25,794 - mmcls - INFO - Epoch [89][100/391]	lr: 1.000e-03, eta: 0:25:37, time: 0.174, data_time: 0.025, memory: 1575, loss: 0.0064
2021-06-19 15:43:40,779 - mmcls - INFO - Epoch [89][200/391]	lr: 1.000e-03, eta: 0:25:26, time: 0.150, data_time: 0.002, memory: 1575, loss: 0.0058
2021-06-19 15:43:55,568 - mmcls - INFO - Epoch [89][300/391]	lr: 1.000e-03, eta: 0:25:14, time: 0.148, data_time: 0.002, memory: 1575, loss: 0.0054
2021-06-19 15:44:09,219 - mmcls - INFO - Saving checkpoint at 89 epochs
2021-06-19 15:44:28,936 - mmcls - INFO - Epoch [90][100/391]	lr: 1.000e-03, eta: 0:24:48, time: 0.176, data_time: 0.026, memory: 1575, loss: 0.0055
2021-06-19 15:44:43,857 - mmcls - INFO - Epoch [90][200/391]	lr: 1.000e-03, eta: 0:24:37, time: 0.149, data_time: 0.002, memory: 1575, loss: 0.0058
2021-06-19 15:44:59,993 - mmcls - INFO - Epoch [90][300/391]	lr: 1.000e-03, eta: 0:24:26, time: 0.161, data_time: 0.009, memory: 1575, loss: 0.0053
2021-06-19 15:45:37,231 - mmcls - INFO - Saving checkpoint at 90 epochs
2021-06-19 15:45:39,270 - mmcls - INFO - Epoch(val) [90][79]	accuracy_top-1: 94.5500, accuracy_top-5: 99.7200
2021-06-19 15:45:57,425 - mmcls - INFO - Epoch [91][100/391]	lr: 1.000e-03, eta: 0:24:00, time: 0.181, data_time: 0.026, memory: 1575, loss: 0.0045
2021-06-19 15:46:12,803 - mmcls - INFO - Epoch [91][200/391]	lr: 1.000e-03, eta: 0:23:49, time: 0.154, data_time: 0.006, memory: 1575, loss: 0.0037
2021-06-19 15:46:28,112 - mmcls - INFO - Epoch [91][300/391]	lr: 1.000e-03, eta: 0:23:37, time: 0.153, data_time: 0.002, memory: 1575, loss: 0.0047
2021-06-19 15:46:41,827 - mmcls - INFO - Saving checkpoint at 91 epochs
2021-06-19 15:47:06,073 - mmcls - INFO - Epoch [92][100/391]	lr: 1.000e-03, eta: 0:23:12, time: 0.177, data_time: 0.027, memory: 1575, loss: 0.0043
2021-06-19 15:47:21,705 - mmcls - INFO - Epoch [92][200/391]	lr: 1.000e-03, eta: 0:23:00, time: 0.156, data_time: 0.003, memory: 1575, loss: 0.0050
2021-06-19 15:47:36,917 - mmcls - INFO - Epoch [92][300/391]	lr: 1.000e-03, eta: 0:22:49, time: 0.152, data_time: 0.003, memory: 1575, loss: 0.0050
2021-06-19 15:47:51,072 - mmcls - INFO - Saving checkpoint at 92 epochs
2021-06-19 15:48:15,239 - mmcls - INFO - Epoch [93][100/391]	lr: 1.000e-03, eta: 0:22:23, time: 0.178, data_time: 0.025, memory: 1575, loss: 0.0041
2021-06-19 15:48:30,573 - mmcls - INFO - Epoch [93][200/391]	lr: 1.000e-03, eta: 0:22:12, time: 0.153, data_time: 0.002, memory: 1575, loss: 0.0042
2021-06-19 15:48:46,136 - mmcls - INFO - Epoch [93][300/391]	lr: 1.000e-03, eta: 0:22:00, time: 0.156, data_time: 0.008, memory: 1575, loss: 0.0038
2021-06-19 15:49:01,043 - mmcls - INFO - Saving checkpoint at 93 epochs
2021-06-19 15:49:20,774 - mmcls - INFO - Epoch [94][100/391]	lr: 1.000e-03, eta: 0:21:35, time: 0.177, data_time: 0.025, memory: 1575, loss: 0.0047
2021-06-19 15:49:36,366 - mmcls - INFO - Epoch [94][200/391]	lr: 1.000e-03, eta: 0:21:23, time: 0.156, data_time: 0.002, memory: 1575, loss: 0.0038
2021-06-19 15:49:51,786 - mmcls - INFO - Epoch [94][300/391]	lr: 1.000e-03, eta: 0:21:12, time: 0.154, data_time: 0.007, memory: 1575, loss: 0.0041
2021-06-19 15:50:05,964 - mmcls - INFO - Saving checkpoint at 94 epochs
2021-06-19 15:50:25,758 - mmcls - INFO - Epoch [95][100/391]	lr: 1.000e-03, eta: 0:20:47, time: 0.177, data_time: 0.026, memory: 1575, loss: 0.0047
2021-06-19 15:50:40,985 - mmcls - INFO - Epoch [95][200/391]	lr: 1.000e-03, eta: 0:20:35, time: 0.152, data_time: 0.002, memory: 1575, loss: 0.0036
2021-06-19 15:50:56,179 - mmcls - INFO - Epoch [95][300/391]	lr: 1.000e-03, eta: 0:20:23, time: 0.152, data_time: 0.003, memory: 1575, loss: 0.0036
2021-06-19 15:51:17,420 - mmcls - INFO - Saving checkpoint at 95 epochs
2021-06-19 15:51:19,487 - mmcls - INFO - Epoch(val) [95][79]	accuracy_top-1: 94.7000, accuracy_top-5: 99.7200
2021-06-19 15:51:37,264 - mmcls - INFO - Epoch [96][100/391]	lr: 1.000e-03, eta: 0:19:58, time: 0.178, data_time: 0.025, memory: 1575, loss: 0.0038
2021-06-19 15:51:52,508 - mmcls - INFO - Epoch [96][200/391]	lr: 1.000e-03, eta: 0:19:46, time: 0.152, data_time: 0.002, memory: 1575, loss: 0.0037
2021-06-19 15:52:07,684 - mmcls - INFO - Epoch [96][300/391]	lr: 1.000e-03, eta: 0:19:35, time: 0.152, data_time: 0.002, memory: 1575, loss: 0.0037
2021-06-19 15:52:21,513 - mmcls - INFO - Saving checkpoint at 96 epochs
2021-06-19 15:52:41,655 - mmcls - INFO - Epoch [97][100/391]	lr: 1.000e-03, eta: 0:19:10, time: 0.180, data_time: 0.026, memory: 1575, loss: 0.0031
2021-06-19 15:52:57,629 - mmcls - INFO - Epoch [97][200/391]	lr: 1.000e-03, eta: 0:18:58, time: 0.160, data_time: 0.002, memory: 1575, loss: 0.0041
2021-06-19 15:53:12,840 - mmcls - INFO - Epoch [97][300/391]	lr: 1.000e-03, eta: 0:18:46, time: 0.152, data_time: 0.002, memory: 1575, loss: 0.0040
2021-06-19 15:53:26,905 - mmcls - INFO - Saving checkpoint at 97 epochs
2021-06-19 15:53:46,445 - mmcls - INFO - Epoch [98][100/391]	lr: 1.000e-03, eta: 0:18:21, time: 0.176, data_time: 0.025, memory: 1575, loss: 0.0037
2021-06-19 15:54:01,631 - mmcls - INFO - Epoch [98][200/391]	lr: 1.000e-03, eta: 0:18:10, time: 0.152, data_time: 0.002, memory: 1575, loss: 0.0031
2021-06-19 15:54:16,896 - mmcls - INFO - Epoch [98][300/391]	lr: 1.000e-03, eta: 0:17:58, time: 0.153, data_time: 0.002, memory: 1575, loss: 0.0031
2021-06-19 15:54:31,083 - mmcls - INFO - Saving checkpoint at 98 epochs
2021-06-19 15:54:50,789 - mmcls - INFO - Epoch [99][100/391]	lr: 1.000e-03, eta: 0:17:33, time: 0.177, data_time: 0.025, memory: 1575, loss: 0.0037
2021-06-19 15:55:06,210 - mmcls - INFO - Epoch [99][200/391]	lr: 1.000e-03, eta: 0:17:21, time: 0.154, data_time: 0.002, memory: 1575, loss: 0.0031
2021-06-19 15:55:21,627 - mmcls - INFO - Epoch [99][300/391]	lr: 1.000e-03, eta: 0:17:09, time: 0.154, data_time: 0.002, memory: 1575, loss: 0.0045
2021-06-19 15:55:35,731 - mmcls - INFO - Saving checkpoint at 99 epochs
2021-06-19 15:55:55,443 - mmcls - INFO - Epoch [100][100/391]	lr: 1.000e-03, eta: 0:16:44, time: 0.177, data_time: 0.025, memory: 1575, loss: 0.0030
2021-06-19 15:56:10,674 - mmcls - INFO - Epoch [100][200/391]	lr: 1.000e-03, eta: 0:16:33, time: 0.152, data_time: 0.002, memory: 1575, loss: 0.0031
2021-06-19 15:56:25,722 - mmcls - INFO - Epoch [100][300/391]	lr: 1.000e-03, eta: 0:16:21, time: 0.150, data_time: 0.002, memory: 1575, loss: 0.0026
2021-06-19 15:56:47,095 - mmcls - INFO - Saving checkpoint at 100 epochs
2021-06-19 15:56:49,196 - mmcls - INFO - Epoch(val) [100][79]	accuracy_top-1: 94.6700, accuracy_top-5: 99.7000
2021-06-19 15:57:06,724 - mmcls - INFO - Epoch [101][100/391]	lr: 1.000e-03, eta: 0:15:56, time: 0.175, data_time: 0.025, memory: 1575, loss: 0.0033
2021-06-19 15:57:22,139 - mmcls - INFO - Epoch [101][200/391]	lr: 1.000e-03, eta: 0:15:44, time: 0.154, data_time: 0.002, memory: 1575, loss: 0.0030
2021-06-19 15:57:37,381 - mmcls - INFO - Epoch [101][300/391]	lr: 1.000e-03, eta: 0:15:32, time: 0.152, data_time: 0.002, memory: 1575, loss: 0.0030
2021-06-19 15:57:51,243 - mmcls - INFO - Saving checkpoint at 101 epochs
2021-06-19 15:58:10,898 - mmcls - INFO - Epoch [102][100/391]	lr: 1.000e-03, eta: 0:15:07, time: 0.176, data_time: 0.024, memory: 1575, loss: 0.0030
2021-06-19 15:58:26,325 - mmcls - INFO - Epoch [102][200/391]	lr: 1.000e-03, eta: 0:14:55, time: 0.154, data_time: 0.002, memory: 1575, loss: 0.0032
2021-06-19 15:58:41,762 - mmcls - INFO - Epoch [102][300/391]	lr: 1.000e-03, eta: 0:14:44, time: 0.154, data_time: 0.002, memory: 1575, loss: 0.0030
2021-06-19 15:58:55,985 - mmcls - INFO - Saving checkpoint at 102 epochs
2021-06-19 15:59:15,937 - mmcls - INFO - Epoch [103][100/391]	lr: 1.000e-03, eta: 0:14:19, time: 0.179, data_time: 0.027, memory: 1575, loss: 0.0029
2021-06-19 15:59:30,975 - mmcls - INFO - Epoch [103][200/391]	lr: 1.000e-03, eta: 0:14:07, time: 0.150, data_time: 0.002, memory: 1575, loss: 0.0028
2021-06-19 15:59:46,050 - mmcls - INFO - Epoch [103][300/391]	lr: 1.000e-03, eta: 0:13:55, time: 0.151, data_time: 0.002, memory: 1575, loss: 0.0029
2021-06-19 16:00:00,108 - mmcls - INFO - Saving checkpoint at 103 epochs
2021-06-19 16:00:19,846 - mmcls - INFO - Epoch [104][100/391]	lr: 1.000e-03, eta: 0:13:30, time: 0.177, data_time: 0.026, memory: 1575, loss: 0.0024
2021-06-19 16:00:35,463 - mmcls - INFO - Epoch [104][200/391]	lr: 1.000e-03, eta: 0:13:19, time: 0.156, data_time: 0.002, memory: 1575, loss: 0.0033
2021-06-19 16:00:50,920 - mmcls - INFO - Epoch [104][300/391]	lr: 1.000e-03, eta: 0:13:07, time: 0.155, data_time: 0.002, memory: 1575, loss: 0.0028
2021-06-19 16:01:04,759 - mmcls - INFO - Saving checkpoint at 104 epochs
2021-06-19 16:01:24,394 - mmcls - INFO - Epoch [105][100/391]	lr: 1.000e-03, eta: 0:12:42, time: 0.176, data_time: 0.026, memory: 1575, loss: 0.0025
2021-06-19 16:01:39,527 - mmcls - INFO - Epoch [105][200/391]	lr: 1.000e-03, eta: 0:12:30, time: 0.151, data_time: 0.002, memory: 1575, loss: 0.0027
2021-06-19 16:01:54,640 - mmcls - INFO - Epoch [105][300/391]	lr: 1.000e-03, eta: 0:12:18, time: 0.151, data_time: 0.002, memory: 1575, loss: 0.0027
2021-06-19 16:02:16,146 - mmcls - INFO - Saving checkpoint at 105 epochs
2021-06-19 16:02:18,121 - mmcls - INFO - Epoch(val) [105][79]	accuracy_top-1: 94.6700, accuracy_top-5: 99.7200
2021-06-19 16:02:35,600 - mmcls - INFO - Epoch [106][100/391]	lr: 1.000e-03, eta: 0:11:53, time: 0.175, data_time: 0.025, memory: 1575, loss: 0.0028
2021-06-19 16:02:50,688 - mmcls - INFO - Epoch [106][200/391]	lr: 1.000e-03, eta: 0:11:41, time: 0.151, data_time: 0.002, memory: 1575, loss: 0.0022
2021-06-19 16:03:05,684 - mmcls - INFO - Epoch [106][300/391]	lr: 1.000e-03, eta: 0:11:29, time: 0.150, data_time: 0.002, memory: 1575, loss: 0.0033
2021-06-19 16:03:19,807 - mmcls - INFO - Saving checkpoint at 106 epochs
2021-06-19 16:03:39,402 - mmcls - INFO - Epoch [107][100/391]	lr: 1.000e-03, eta: 0:11:05, time: 0.176, data_time: 0.026, memory: 1575, loss: 0.0026
2021-06-19 16:03:54,862 - mmcls - INFO - Epoch [107][200/391]	lr: 1.000e-03, eta: 0:10:53, time: 0.155, data_time: 0.002, memory: 1575, loss: 0.0028
2021-06-19 16:04:09,863 - mmcls - INFO - Epoch [107][300/391]	lr: 1.000e-03, eta: 0:10:41, time: 0.150, data_time: 0.002, memory: 1575, loss: 0.0024
2021-06-19 16:04:23,774 - mmcls - INFO - Saving checkpoint at 107 epochs
2021-06-19 16:04:43,826 - mmcls - INFO - Epoch [108][100/391]	lr: 1.000e-03, eta: 0:10:17, time: 0.180, data_time: 0.026, memory: 1575, loss: 0.0026
2021-06-19 16:04:59,757 - mmcls - INFO - Epoch [108][200/391]	lr: 1.000e-03, eta: 0:10:05, time: 0.159, data_time: 0.002, memory: 1575, loss: 0.0028
2021-06-19 16:05:15,134 - mmcls - INFO - Epoch [108][300/391]	lr: 1.000e-03, eta: 0:09:53, time: 0.154, data_time: 0.002, memory: 1575, loss: 0.0023
2021-06-19 16:05:28,985 - mmcls - INFO - Saving checkpoint at 108 epochs
2021-06-19 16:05:48,759 - mmcls - INFO - Epoch [109][100/391]	lr: 1.000e-03, eta: 0:09:28, time: 0.177, data_time: 0.026, memory: 1575, loss: 0.0023
2021-06-19 16:06:03,982 - mmcls - INFO - Epoch [109][200/391]	lr: 1.000e-03, eta: 0:09:16, time: 0.152, data_time: 0.002, memory: 1575, loss: 0.0026
2021-06-19 16:06:19,707 - mmcls - INFO - Epoch [109][300/391]	lr: 1.000e-03, eta: 0:09:04, time: 0.157, data_time: 0.002, memory: 1575, loss: 0.0027
2021-06-19 16:06:33,545 - mmcls - INFO - Saving checkpoint at 109 epochs
2021-06-19 16:06:53,537 - mmcls - INFO - Epoch [110][100/391]	lr: 1.000e-03, eta: 0:08:40, time: 0.180, data_time: 0.027, memory: 1575, loss: 0.0024
2021-06-19 16:07:08,866 - mmcls - INFO - Epoch [110][200/391]	lr: 1.000e-03, eta: 0:08:28, time: 0.153, data_time: 0.002, memory: 1575, loss: 0.0022
2021-06-19 16:07:24,071 - mmcls - INFO - Epoch [110][300/391]	lr: 1.000e-03, eta: 0:08:16, time: 0.152, data_time: 0.002, memory: 1575, loss: 0.0018
2021-06-19 16:07:45,933 - mmcls - INFO - Saving checkpoint at 110 epochs
2021-06-19 16:07:47,968 - mmcls - INFO - Epoch(val) [110][79]	accuracy_top-1: 94.7700, accuracy_top-5: 99.7300
2021-06-19 16:08:05,741 - mmcls - INFO - Epoch [111][100/391]	lr: 1.000e-03, eta: 0:07:51, time: 0.178, data_time: 0.026, memory: 1575, loss: 0.0024
2021-06-19 16:08:21,086 - mmcls - INFO - Epoch [111][200/391]	lr: 1.000e-03, eta: 0:07:39, time: 0.153, data_time: 0.003, memory: 1575, loss: 0.0022
2021-06-19 16:08:36,161 - mmcls - INFO - Epoch [111][300/391]	lr: 1.000e-03, eta: 0:07:27, time: 0.151, data_time: 0.002, memory: 1575, loss: 0.0022
2021-06-19 16:08:50,161 - mmcls - INFO - Saving checkpoint at 111 epochs
2021-06-19 16:09:10,140 - mmcls - INFO - Epoch [112][100/391]	lr: 1.000e-03, eta: 0:07:03, time: 0.179, data_time: 0.026, memory: 1575, loss: 0.0030
2021-06-19 16:09:25,722 - mmcls - INFO - Epoch [112][200/391]	lr: 1.000e-03, eta: 0:06:51, time: 0.156, data_time: 0.002, memory: 1575, loss: 0.0030
2021-06-19 16:09:40,899 - mmcls - INFO - Epoch [112][300/391]	lr: 1.000e-03, eta: 0:06:39, time: 0.152, data_time: 0.002, memory: 1575, loss: 0.0036
2021-06-19 16:09:54,738 - mmcls - INFO - Saving checkpoint at 112 epochs
2021-06-19 16:10:14,272 - mmcls - INFO - Epoch [113][100/391]	lr: 1.000e-03, eta: 0:06:15, time: 0.175, data_time: 0.025, memory: 1575, loss: 0.0025
2021-06-19 16:10:29,526 - mmcls - INFO - Epoch [113][200/391]	lr: 1.000e-03, eta: 0:06:02, time: 0.153, data_time: 0.002, memory: 1575, loss: 0.0023
2021-06-19 16:10:44,928 - mmcls - INFO - Epoch [113][300/391]	lr: 1.000e-03, eta: 0:05:50, time: 0.154, data_time: 0.002, memory: 1575, loss: 0.0021
2021-06-19 16:10:59,239 - mmcls - INFO - Saving checkpoint at 113 epochs
2021-06-19 16:11:18,939 - mmcls - INFO - Epoch [114][100/391]	lr: 1.000e-03, eta: 0:05:26, time: 0.176, data_time: 0.027, memory: 1575, loss: 0.0022
2021-06-19 16:11:34,283 - mmcls - INFO - Epoch [114][200/391]	lr: 1.000e-03, eta: 0:05:14, time: 0.153, data_time: 0.002, memory: 1575, loss: 0.0020
2021-06-19 16:11:49,865 - mmcls - INFO - Epoch [114][300/391]	lr: 1.000e-03, eta: 0:05:02, time: 0.156, data_time: 0.002, memory: 1575, loss: 0.0022
2021-06-19 16:12:03,571 - mmcls - INFO - Saving checkpoint at 114 epochs
2021-06-19 16:12:24,000 - mmcls - INFO - Epoch [115][100/391]	lr: 1.000e-03, eta: 0:04:38, time: 0.184, data_time: 0.025, memory: 1575, loss: 0.0025
2021-06-19 16:12:39,328 - mmcls - INFO - Epoch [115][200/391]	lr: 1.000e-03, eta: 0:04:25, time: 0.153, data_time: 0.002, memory: 1575, loss: 0.0027
2021-06-19 16:12:55,154 - mmcls - INFO - Epoch [115][300/391]	lr: 1.000e-03, eta: 0:04:13, time: 0.158, data_time: 0.002, memory: 1575, loss: 0.0023
2021-06-19 16:13:16,626 - mmcls - INFO - Saving checkpoint at 115 epochs
2021-06-19 16:13:18,699 - mmcls - INFO - Epoch(val) [115][79]	accuracy_top-1: 94.8400, accuracy_top-5: 99.7100
2021-06-19 16:13:36,607 - mmcls - INFO - Epoch [116][100/391]	lr: 1.000e-03, eta: 0:03:49, time: 0.179, data_time: 0.026, memory: 1575, loss: 0.0025
2021-06-19 16:13:51,418 - mmcls - INFO - Epoch [116][200/391]	lr: 1.000e-03, eta: 0:03:37, time: 0.148, data_time: 0.002, memory: 1575, loss: 0.0023
2021-06-19 16:14:07,197 - mmcls - INFO - Epoch [116][300/391]	lr: 1.000e-03, eta: 0:03:25, time: 0.158, data_time: 0.009, memory: 1575, loss: 0.0024
2021-06-19 16:14:21,367 - mmcls - INFO - Saving checkpoint at 116 epochs
2021-06-19 16:14:41,501 - mmcls - INFO - Epoch [117][100/391]	lr: 1.000e-03, eta: 0:03:01, time: 0.181, data_time: 0.026, memory: 1575, loss: 0.0020
2021-06-19 16:14:56,975 - mmcls - INFO - Epoch [117][200/391]	lr: 1.000e-03, eta: 0:02:49, time: 0.155, data_time: 0.002, memory: 1575, loss: 0.0019
2021-06-19 16:15:12,451 - mmcls - INFO - Epoch [117][300/391]	lr: 1.000e-03, eta: 0:02:36, time: 0.155, data_time: 0.002, memory: 1575, loss: 0.0016
2021-06-19 16:15:26,618 - mmcls - INFO - Saving checkpoint at 117 epochs
2021-06-19 16:15:46,809 - mmcls - INFO - Epoch [118][100/391]	lr: 1.000e-03, eta: 0:02:12, time: 0.182, data_time: 0.027, memory: 1575, loss: 0.0018
2021-06-19 16:16:02,439 - mmcls - INFO - Epoch [118][200/391]	lr: 1.000e-03, eta: 0:02:00, time: 0.156, data_time: 0.002, memory: 1575, loss: 0.0025
2021-06-19 16:16:17,707 - mmcls - INFO - Epoch [118][300/391]	lr: 1.000e-03, eta: 0:01:48, time: 0.153, data_time: 0.002, memory: 1575, loss: 0.0022
2021-06-19 16:16:31,859 - mmcls - INFO - Saving checkpoint at 118 epochs
2021-06-19 16:16:51,592 - mmcls - INFO - Epoch [119][100/391]	lr: 1.000e-03, eta: 0:01:24, time: 0.177, data_time: 0.026, memory: 1575, loss: 0.0026
2021-06-19 16:17:07,677 - mmcls - INFO - Epoch [119][200/391]	lr: 1.000e-03, eta: 0:01:12, time: 0.161, data_time: 0.007, memory: 1575, loss: 0.0018
2021-06-19 16:17:23,044 - mmcls - INFO - Epoch [119][300/391]	lr: 1.000e-03, eta: 0:00:59, time: 0.154, data_time: 0.002, memory: 1575, loss: 0.0024
2021-06-19 16:17:38,541 - mmcls - INFO - Saving checkpoint at 119 epochs
2021-06-19 16:17:58,370 - mmcls - INFO - Epoch [120][100/391]	lr: 1.000e-03, eta: 0:00:36, time: 0.178, data_time: 0.025, memory: 1575, loss: 0.0018
2021-06-19 16:18:13,902 - mmcls - INFO - Epoch [120][200/391]	lr: 1.000e-03, eta: 0:00:23, time: 0.155, data_time: 0.002, memory: 1575, loss: 0.0020
2021-06-19 16:18:30,048 - mmcls - INFO - Epoch [120][300/391]	lr: 1.000e-03, eta: 0:00:11, time: 0.161, data_time: 0.002, memory: 1575, loss: 0.0024
2021-06-19 16:18:51,632 - mmcls - INFO - Saving checkpoint at 120 epochs
2021-06-19 16:18:53,672 - mmcls - INFO - Epoch(val) [120][79]	accuracy_top-1: 94.6900, accuracy_top-5: 99.6900
