2021-06-21 17:54:30,662 - mmcls - INFO - Environment info:
------------------------------------------------------------
sys.platform: linux
Python: 3.7.10 (default, Feb 26 2021, 18:47:35) [GCC 7.3.0]
CUDA available: True
GPU 0: GeForce GTX 1080 Ti
CUDA_HOME: /usr/local/cuda
NVCC: Cuda compilation tools, release 10.1, V10.1.243
GCC: gcc (Ubuntu 5.4.0-6ubuntu1~16.04.11) 5.4.0 20160609
PyTorch: 1.6.0
PyTorch compiling details: PyTorch built with:
  - GCC 7.3
  - C++ Version: 201402
  - Intel(R) oneAPI Math Kernel Library Version 2021.2-Product Build 20210312 for Intel(R) 64 architecture applications
  - Intel(R) MKL-DNN v1.5.0 (Git Hash e2ac1fac44c5078ca927cb9b90e1b3066a0b2ed0)
  - OpenMP 201511 (a.k.a. OpenMP 4.5)
  - NNPACK is enabled
  - CPU capability usage: AVX2
  - CUDA Runtime 10.1
  - NVCC architecture flags: -gencode;arch=compute_37,code=sm_37;-gencode;arch=compute_50,code=sm_50;-gencode;arch=compute_60,code=sm_60;-gencode;arch=compute_61,code=sm_61;-gencode;arch=compute_70,code=sm_70;-gencode;arch=compute_75,code=sm_75;-gencode;arch=compute_37,code=compute_37
  - CuDNN 7.6.3
  - Magma 2.5.2
  - Build settings: BLAS=MKL, BUILD_TYPE=Release, CXX_FLAGS= -Wno-deprecated -fvisibility-inlines-hidden -DUSE_PTHREADPOOL -fopenmp -DNDEBUG -DUSE_FBGEMM -DUSE_QNNPACK -DUSE_PYTORCH_QNNPACK -DUSE_XNNPACK -DUSE_VULKAN_WRAPPER -O2 -fPIC -Wno-narrowing -Wall -Wextra -Werror=return-type -Wno-missing-field-initializers -Wno-type-limits -Wno-array-bounds -Wno-unknown-pragmas -Wno-sign-compare -Wno-unused-parameter -Wno-unused-variable -Wno-unused-function -Wno-unused-result -Wno-unused-local-typedefs -Wno-strict-overflow -Wno-strict-aliasing -Wno-error=deprecated-declarations -Wno-stringop-overflow -Wno-error=pedantic -Wno-error=redundant-decls -Wno-error=old-style-cast -fdiagnostics-color=always -faligned-new -Wno-unused-but-set-variable -Wno-maybe-uninitialized -fno-math-errno -fno-trapping-math -Werror=format -Wno-stringop-overflow, PERF_WITH_AVX=1, PERF_WITH_AVX2=1, PERF_WITH_AVX512=1, USE_CUDA=ON, USE_EXCEPTION_PTR=1, USE_GFLAGS=OFF, USE_GLOG=OFF, USE_MKL=ON, USE_MKLDNN=ON, USE_MPI=OFF, USE_NCCL=ON, USE_NNPACK=ON, USE_OPENMP=ON, USE_STATIC_DISPATCH=OFF, 

TorchVision: 0.7.0
OpenCV: 4.5.2
MMCV: 1.3.4
MMCV Compiler: GCC 7.3
MMCV CUDA Compiler: 10.1
MMClassification: 0.11.1+b67a11c
------------------------------------------------------------

2021-06-21 17:54:30,662 - mmcls - INFO - Distributed training: False
2021-06-21 17:54:30,970 - mmcls - INFO - Config:
model = dict(
    type='ImageClassifier',
    backbone=dict(
        type='ResNetVisionTransformer',
        num_layers=16,
        embed_dim=320,
        num_heads=8,
        img_size=32,
        patch_size=16,
        in_channels=3,
        feedforward_channels=512,
        drop_rate=0.1,
        resnet_kwargs=dict(depth=18, num_stages=4)),
    neck=None,
    head=dict(
        type='VisionTransformerClsHead',
        num_classes=10,
        in_channels=320,
        loss=dict(type='CrossEntropyLoss', loss_weight=1.0),
        topk=(1, 5)))
dataset_type = 'CIFAR10'
img_norm_cfg = dict(
    mean=[125.307, 122.961, 113.8575],
    std=[51.5865, 50.847, 51.255],
    to_rgb=True)
train_pipeline = [
    dict(type='RandomCrop', size=32, padding=4),
    dict(type='RandomFlip', flip_prob=0.5, direction='horizontal'),
    dict(
        type='Normalize',
        mean=[125.307, 122.961, 113.8575],
        std=[51.5865, 50.847, 51.255],
        to_rgb=True),
    dict(type='ImageToTensor', keys=['img']),
    dict(type='ToTensor', keys=['gt_label']),
    dict(type='Collect', keys=['img', 'gt_label'])
]
test_pipeline = [
    dict(
        type='Normalize',
        mean=[125.307, 122.961, 113.8575],
        std=[51.5865, 50.847, 51.255],
        to_rgb=True),
    dict(type='ImageToTensor', keys=['img']),
    dict(type='Collect', keys=['img'])
]
data = dict(
    samples_per_gpu=128,
    workers_per_gpu=4,
    train=dict(
        type='CIFAR10',
        data_prefix='data/cifar10',
        pipeline=[
            dict(type='RandomCrop', size=32, padding=4),
            dict(type='RandomFlip', flip_prob=0.5, direction='horizontal'),
            dict(
                type='Normalize',
                mean=[125.307, 122.961, 113.8575],
                std=[51.5865, 50.847, 51.255],
                to_rgb=True),
            dict(type='ImageToTensor', keys=['img']),
            dict(type='ToTensor', keys=['gt_label']),
            dict(type='Collect', keys=['img', 'gt_label'])
        ]),
    val=dict(
        type='CIFAR10',
        data_prefix='data/cifar10',
        pipeline=[
            dict(
                type='Normalize',
                mean=[125.307, 122.961, 113.8575],
                std=[51.5865, 50.847, 51.255],
                to_rgb=True),
            dict(type='ImageToTensor', keys=['img']),
            dict(type='Collect', keys=['img'])
        ]),
    test=dict(
        type='CIFAR10',
        data_prefix='data/cifar10',
        pipeline=[
            dict(
                type='Normalize',
                mean=[125.307, 122.961, 113.8575],
                std=[51.5865, 50.847, 51.255],
                to_rgb=True),
            dict(type='ImageToTensor', keys=['img']),
            dict(type='Collect', keys=['img'])
        ]))
optimizer = dict(type='SGD', lr=0.1, momentum=0.9, weight_decay=0.0005)
optimizer_config = dict(grad_clip=None)
lr_config = dict(policy='step', step=[40, 80], gamma=0.1)
runner = dict(type='EpochBasedRunner', max_epochs=120)
checkpoint_config = dict(interval=1)
log_config = dict(interval=100, hooks=[dict(type='TextLoggerHook')])
dist_params = dict(backend='nccl')
log_level = 'INFO'
load_from = None
resume_from = None
workflow = [('train', 1)]
evaluation = dict(interval=5)
work_dir = './work_dirs/resnet18_vit_cifar10'
gpu_ids = range(0, 1)

2021-06-21 17:54:43,636 - mmcls - INFO - Start running, host: root@efff16289307, work_dir: /remote-home/shenduxuexi15/mmlab/mmclassification/work_dirs/resnet18_vit_cifar10
2021-06-21 17:54:43,658 - mmcls - INFO - workflow: [('train', 1)], max: 120 epochs
2021-06-21 17:55:12,829 - mmcls - INFO - Epoch [1][100/391]	lr: 1.000e-01, eta: 3:47:31, time: 0.292, data_time: 0.027, memory: 1558, loss: 4.1579
2021-06-21 17:55:38,661 - mmcls - INFO - Epoch [1][200/391]	lr: 1.000e-01, eta: 3:34:05, time: 0.258, data_time: 0.002, memory: 1558, loss: 2.3353
2021-06-21 17:56:04,831 - mmcls - INFO - Epoch [1][300/391]	lr: 1.000e-01, eta: 3:30:11, time: 0.262, data_time: 0.003, memory: 1558, loss: 2.1323
2021-06-21 17:56:23,966 - mmcls - INFO - Saving checkpoint at 1 epochs
2021-06-21 17:56:54,234 - mmcls - INFO - Epoch [2][100/391]	lr: 1.000e-01, eta: 2:52:25, time: 0.283, data_time: 0.028, memory: 1558, loss: 1.9757
2021-06-21 17:57:20,478 - mmcls - INFO - Epoch [2][200/391]	lr: 1.000e-01, eta: 2:57:13, time: 0.262, data_time: 0.003, memory: 1558, loss: 1.9297
2021-06-21 17:57:47,065 - mmcls - INFO - Epoch [2][300/391]	lr: 1.000e-01, eta: 3:00:53, time: 0.266, data_time: 0.002, memory: 1558, loss: 1.8999
2021-06-21 17:58:03,640 - mmcls - INFO - Saving checkpoint at 2 epochs
2021-06-21 17:58:34,751 - mmcls - INFO - Epoch [3][100/391]	lr: 1.000e-01, eta: 2:45:57, time: 0.285, data_time: 0.028, memory: 1558, loss: 1.8458
2021-06-21 17:59:00,736 - mmcls - INFO - Epoch [3][200/391]	lr: 1.000e-01, eta: 2:48:59, time: 0.260, data_time: 0.002, memory: 1558, loss: 1.8185
2021-06-21 17:59:26,843 - mmcls - INFO - Epoch [3][300/391]	lr: 1.000e-01, eta: 2:51:28, time: 0.261, data_time: 0.003, memory: 1558, loss: 1.7331
2021-06-21 17:59:46,170 - mmcls - INFO - Saving checkpoint at 3 epochs
2021-06-21 18:00:16,618 - mmcls - INFO - Epoch [4][100/391]	lr: 1.000e-01, eta: 2:42:06, time: 0.284, data_time: 0.026, memory: 1558, loss: 1.6111
2021-06-21 18:00:42,686 - mmcls - INFO - Epoch [4][200/391]	lr: 1.000e-01, eta: 2:44:23, time: 0.261, data_time: 0.003, memory: 1558, loss: 1.5694
2021-06-21 18:01:09,006 - mmcls - INFO - Epoch [4][300/391]	lr: 1.000e-01, eta: 2:46:25, time: 0.263, data_time: 0.003, memory: 1558, loss: 1.4982
2021-06-21 18:01:28,493 - mmcls - INFO - Saving checkpoint at 4 epochs
2021-06-21 18:01:59,658 - mmcls - INFO - Epoch [5][100/391]	lr: 1.000e-01, eta: 2:39:54, time: 0.291, data_time: 0.027, memory: 1558, loss: 1.3627
2021-06-21 18:02:25,977 - mmcls - INFO - Epoch [5][200/391]	lr: 1.000e-01, eta: 2:41:44, time: 0.263, data_time: 0.003, memory: 1558, loss: 1.3276
2021-06-21 18:02:52,136 - mmcls - INFO - Epoch [5][300/391]	lr: 1.000e-01, eta: 2:43:15, time: 0.262, data_time: 0.003, memory: 1558, loss: 1.2632
2021-06-21 18:03:24,556 - mmcls - INFO - Saving checkpoint at 5 epochs
2021-06-21 18:03:26,544 - mmcls - INFO - Epoch(val) [5][79]	accuracy_top-1: 55.5700, accuracy_top-5: 94.9100
2021-06-21 18:03:55,355 - mmcls - INFO - Epoch [6][100/391]	lr: 1.000e-01, eta: 2:37:55, time: 0.288, data_time: 0.026, memory: 1558, loss: 1.1383
2021-06-21 18:04:21,659 - mmcls - INFO - Epoch [6][200/391]	lr: 1.000e-01, eta: 2:39:22, time: 0.263, data_time: 0.002, memory: 1558, loss: 1.0943
2021-06-21 18:04:43,235 - mmcls - INFO - Epoch [6][300/391]	lr: 1.000e-01, eta: 2:39:05, time: 0.216, data_time: 0.003, memory: 1558, loss: 1.0925
2021-06-21 18:05:07,317 - mmcls - INFO - Saving checkpoint at 6 epochs
2021-06-21 18:05:38,081 - mmcls - INFO - Epoch [7][100/391]	lr: 1.000e-01, eta: 2:34:44, time: 0.287, data_time: 0.027, memory: 1558, loss: 0.9783
2021-06-21 18:06:02,053 - mmcls - INFO - Epoch [7][200/391]	lr: 1.000e-01, eta: 2:35:17, time: 0.240, data_time: 0.003, memory: 1558, loss: 0.9641
2021-06-21 18:06:19,240 - mmcls - INFO - Epoch [7][300/391]	lr: 1.000e-01, eta: 2:33:52, time: 0.172, data_time: 0.003, memory: 1558, loss: 0.9355
2021-06-21 18:06:43,517 - mmcls - INFO - Saving checkpoint at 7 epochs
2021-06-21 18:07:14,227 - mmcls - INFO - Epoch [8][100/391]	lr: 1.000e-01, eta: 2:30:19, time: 0.287, data_time: 0.027, memory: 1558, loss: 0.8669
2021-06-21 18:07:40,743 - mmcls - INFO - Epoch [8][200/391]	lr: 1.000e-01, eta: 2:31:29, time: 0.265, data_time: 0.003, memory: 1558, loss: 0.8599
2021-06-21 18:08:02,159 - mmcls - INFO - Epoch [8][300/391]	lr: 1.000e-01, eta: 2:31:19, time: 0.214, data_time: 0.003, memory: 1558, loss: 0.8189
2021-06-21 18:08:26,128 - mmcls - INFO - Saving checkpoint at 8 epochs
2021-06-21 18:08:56,999 - mmcls - INFO - Epoch [9][100/391]	lr: 1.000e-01, eta: 2:28:15, time: 0.289, data_time: 0.028, memory: 1558, loss: 0.7821
2021-06-21 18:09:22,143 - mmcls - INFO - Epoch [9][200/391]	lr: 1.000e-01, eta: 2:28:58, time: 0.251, data_time: 0.003, memory: 1558, loss: 0.7699
2021-06-21 18:09:46,433 - mmcls - INFO - Epoch [9][300/391]	lr: 1.000e-01, eta: 2:29:25, time: 0.243, data_time: 0.006, memory: 1558, loss: 0.7610
2021-06-21 18:10:10,362 - mmcls - INFO - Saving checkpoint at 9 epochs
2021-06-21 18:10:41,129 - mmcls - INFO - Epoch [10][100/391]	lr: 1.000e-01, eta: 2:26:38, time: 0.287, data_time: 0.027, memory: 1558, loss: 0.7011
2021-06-21 18:11:02,857 - mmcls - INFO - Epoch [10][200/391]	lr: 1.000e-01, eta: 2:26:34, time: 0.217, data_time: 0.002, memory: 1558, loss: 0.7185
2021-06-21 18:11:29,708 - mmcls - INFO - Epoch [10][300/391]	lr: 1.000e-01, eta: 2:27:27, time: 0.269, data_time: 0.003, memory: 1558, loss: 0.6813
2021-06-21 18:12:07,995 - mmcls - INFO - Saving checkpoint at 10 epochs
2021-06-21 18:12:10,039 - mmcls - INFO - Epoch(val) [10][79]	accuracy_top-1: 69.3500, accuracy_top-5: 97.4600
2021-06-21 18:12:34,314 - mmcls - INFO - Epoch [11][100/391]	lr: 1.000e-01, eta: 2:24:08, time: 0.242, data_time: 0.028, memory: 1558, loss: 0.6732
2021-06-21 18:13:00,821 - mmcls - INFO - Epoch [11][200/391]	lr: 1.000e-01, eta: 2:24:54, time: 0.265, data_time: 0.003, memory: 1558, loss: 0.6553
2021-06-21 18:13:27,055 - mmcls - INFO - Epoch [11][300/391]	lr: 1.000e-01, eta: 2:25:34, time: 0.262, data_time: 0.003, memory: 1558, loss: 0.6509
2021-06-21 18:13:50,918 - mmcls - INFO - Saving checkpoint at 11 epochs
2021-06-21 18:14:13,145 - mmcls - INFO - Epoch [12][100/391]	lr: 1.000e-01, eta: 2:21:52, time: 0.202, data_time: 0.026, memory: 1558, loss: 0.6269
2021-06-21 18:14:36,505 - mmcls - INFO - Epoch [12][200/391]	lr: 1.000e-01, eta: 2:22:04, time: 0.234, data_time: 0.006, memory: 1558, loss: 0.6397
2021-06-21 18:15:02,772 - mmcls - INFO - Epoch [12][300/391]	lr: 1.000e-01, eta: 2:22:40, time: 0.263, data_time: 0.003, memory: 1558, loss: 0.6016
2021-06-21 18:15:26,775 - mmcls - INFO - Saving checkpoint at 12 epochs
2021-06-21 18:15:52,847 - mmcls - INFO - Epoch [13][100/391]	lr: 1.000e-01, eta: 2:19:54, time: 0.241, data_time: 0.027, memory: 1558, loss: 0.5770
2021-06-21 18:16:19,344 - mmcls - INFO - Epoch [13][200/391]	lr: 1.000e-01, eta: 2:20:30, time: 0.265, data_time: 0.003, memory: 1558, loss: 0.5642
2021-06-21 18:16:45,508 - mmcls - INFO - Epoch [13][300/391]	lr: 1.000e-01, eta: 2:21:02, time: 0.262, data_time: 0.002, memory: 1558, loss: 0.5836
2021-06-21 18:17:09,352 - mmcls - INFO - Saving checkpoint at 13 epochs
2021-06-21 18:17:35,862 - mmcls - INFO - Epoch [14][100/391]	lr: 1.000e-01, eta: 2:18:30, time: 0.245, data_time: 0.027, memory: 1558, loss: 0.5530
2021-06-21 18:18:01,990 - mmcls - INFO - Epoch [14][200/391]	lr: 1.000e-01, eta: 2:18:59, time: 0.261, data_time: 0.002, memory: 1558, loss: 0.5519
2021-06-21 18:18:28,350 - mmcls - INFO - Epoch [14][300/391]	lr: 1.000e-01, eta: 2:19:28, time: 0.264, data_time: 0.003, memory: 1558, loss: 0.5531
2021-06-21 18:18:52,169 - mmcls - INFO - Saving checkpoint at 14 epochs
2021-06-21 18:19:18,288 - mmcls - INFO - Epoch [15][100/391]	lr: 1.000e-01, eta: 2:17:04, time: 0.243, data_time: 0.027, memory: 1558, loss: 0.5275
2021-06-21 18:19:44,678 - mmcls - INFO - Epoch [15][200/391]	lr: 1.000e-01, eta: 2:17:31, time: 0.264, data_time: 0.002, memory: 1558, loss: 0.5290
2021-06-21 18:20:11,241 - mmcls - INFO - Epoch [15][300/391]	lr: 1.000e-01, eta: 2:17:58, time: 0.266, data_time: 0.002, memory: 1558, loss: 0.5380
2021-06-21 18:20:47,783 - mmcls - INFO - Saving checkpoint at 15 epochs
2021-06-21 18:20:49,824 - mmcls - INFO - Epoch(val) [15][79]	accuracy_top-1: 81.5400, accuracy_top-5: 98.6600
2021-06-21 18:21:18,248 - mmcls - INFO - Epoch [16][100/391]	lr: 1.000e-01, eta: 2:16:11, time: 0.284, data_time: 0.027, memory: 1558, loss: 0.5085
2021-06-21 18:21:44,385 - mmcls - INFO - Epoch [16][200/391]	lr: 1.000e-01, eta: 2:16:32, time: 0.261, data_time: 0.002, memory: 1558, loss: 0.5215
2021-06-21 18:22:10,606 - mmcls - INFO - Epoch [16][300/391]	lr: 1.000e-01, eta: 2:16:53, time: 0.262, data_time: 0.002, memory: 1558, loss: 0.5288
2021-06-21 18:22:25,522 - mmcls - INFO - Saving checkpoint at 16 epochs
2021-06-21 18:22:55,908 - mmcls - INFO - Epoch [17][100/391]	lr: 1.000e-01, eta: 2:15:10, time: 0.283, data_time: 0.027, memory: 1558, loss: 0.4927
2021-06-21 18:23:22,263 - mmcls - INFO - Epoch [17][200/391]	lr: 1.000e-01, eta: 2:15:30, time: 0.264, data_time: 0.003, memory: 1558, loss: 0.4801
2021-06-21 18:23:48,452 - mmcls - INFO - Epoch [17][300/391]	lr: 1.000e-01, eta: 2:15:47, time: 0.262, data_time: 0.003, memory: 1558, loss: 0.5178
2021-06-21 18:24:07,448 - mmcls - INFO - Saving checkpoint at 17 epochs
2021-06-21 18:24:38,066 - mmcls - INFO - Epoch [18][100/391]	lr: 1.000e-01, eta: 2:14:09, time: 0.286, data_time: 0.027, memory: 1558, loss: 0.4734
2021-06-21 18:25:04,452 - mmcls - INFO - Epoch [18][200/391]	lr: 1.000e-01, eta: 2:14:26, time: 0.264, data_time: 0.007, memory: 1558, loss: 0.5029
2021-06-21 18:25:30,757 - mmcls - INFO - Epoch [18][300/391]	lr: 1.000e-01, eta: 2:14:42, time: 0.263, data_time: 0.003, memory: 1558, loss: 0.4854
2021-06-21 18:25:49,834 - mmcls - INFO - Saving checkpoint at 18 epochs
2021-06-21 18:26:20,965 - mmcls - INFO - Epoch [19][100/391]	lr: 1.000e-01, eta: 2:13:08, time: 0.288, data_time: 0.027, memory: 1558, loss: 0.4643
2021-06-21 18:26:46,927 - mmcls - INFO - Epoch [19][200/391]	lr: 1.000e-01, eta: 2:13:20, time: 0.260, data_time: 0.003, memory: 1558, loss: 0.4839
2021-06-21 18:27:11,965 - mmcls - INFO - Epoch [19][300/391]	lr: 1.000e-01, eta: 2:13:26, time: 0.250, data_time: 0.004, memory: 1558, loss: 0.4849
2021-06-21 18:27:31,973 - mmcls - INFO - Saving checkpoint at 19 epochs
2021-06-21 18:28:03,018 - mmcls - INFO - Epoch [20][100/391]	lr: 1.000e-01, eta: 2:11:55, time: 0.285, data_time: 0.027, memory: 1558, loss: 0.4466
2021-06-21 18:28:29,682 - mmcls - INFO - Epoch [20][200/391]	lr: 1.000e-01, eta: 2:12:09, time: 0.267, data_time: 0.005, memory: 1558, loss: 0.4750
2021-06-21 18:28:51,301 - mmcls - INFO - Epoch [20][300/391]	lr: 1.000e-01, eta: 2:11:56, time: 0.216, data_time: 0.003, memory: 1558, loss: 0.4698
2021-06-21 18:29:39,673 - mmcls - INFO - Saving checkpoint at 20 epochs
2021-06-21 18:29:41,976 - mmcls - INFO - Epoch(val) [20][79]	accuracy_top-1: 79.5300, accuracy_top-5: 98.2900
2021-06-21 18:30:08,592 - mmcls - INFO - Epoch [21][100/391]	lr: 1.000e-01, eta: 2:10:18, time: 0.265, data_time: 0.028, memory: 1558, loss: 0.4644
2021-06-21 18:30:24,015 - mmcls - INFO - Epoch [21][200/391]	lr: 1.000e-01, eta: 2:09:35, time: 0.154, data_time: 0.003, memory: 1558, loss: 0.4527
2021-06-21 18:30:47,537 - mmcls - INFO - Epoch [21][300/391]	lr: 1.000e-01, eta: 2:09:32, time: 0.235, data_time: 0.002, memory: 1558, loss: 0.4732
2021-06-21 18:31:11,262 - mmcls - INFO - Saving checkpoint at 21 epochs
2021-06-21 18:31:42,286 - mmcls - INFO - Epoch [22][100/391]	lr: 1.000e-01, eta: 2:08:09, time: 0.287, data_time: 0.027, memory: 1558, loss: 0.4437
2021-06-21 18:32:03,360 - mmcls - INFO - Epoch [22][200/391]	lr: 1.000e-01, eta: 2:07:55, time: 0.211, data_time: 0.003, memory: 1558, loss: 0.4527
2021-06-21 18:32:30,172 - mmcls - INFO - Epoch [22][300/391]	lr: 1.000e-01, eta: 2:08:06, time: 0.268, data_time: 0.004, memory: 1558, loss: 0.4380
2021-06-21 18:32:53,726 - mmcls - INFO - Saving checkpoint at 22 epochs
2021-06-21 18:33:24,438 - mmcls - INFO - Epoch [23][100/391]	lr: 1.000e-01, eta: 2:06:45, time: 0.285, data_time: 0.026, memory: 1558, loss: 0.4461
2021-06-21 18:33:45,951 - mmcls - INFO - Epoch [23][200/391]	lr: 1.000e-01, eta: 2:06:32, time: 0.215, data_time: 0.004, memory: 1558, loss: 0.4283
2021-06-21 18:34:11,661 - mmcls - INFO - Epoch [23][300/391]	lr: 1.000e-01, eta: 2:06:37, time: 0.257, data_time: 0.002, memory: 1558, loss: 0.4494
2021-06-21 18:34:35,634 - mmcls - INFO - Saving checkpoint at 23 epochs
2021-06-21 18:35:06,478 - mmcls - INFO - Epoch [24][100/391]	lr: 1.000e-01, eta: 2:05:20, time: 0.288, data_time: 0.027, memory: 1558, loss: 0.4241
2021-06-21 18:35:27,742 - mmcls - INFO - Epoch [24][200/391]	lr: 1.000e-01, eta: 2:05:05, time: 0.213, data_time: 0.003, memory: 1558, loss: 0.4313
2021-06-21 18:35:53,951 - mmcls - INFO - Epoch [24][300/391]	lr: 1.000e-01, eta: 2:05:11, time: 0.262, data_time: 0.003, memory: 1558, loss: 0.4616
2021-06-21 18:36:17,506 - mmcls - INFO - Saving checkpoint at 24 epochs
2021-06-21 18:36:47,051 - mmcls - INFO - Epoch [25][100/391]	lr: 1.000e-01, eta: 2:03:51, time: 0.275, data_time: 0.027, memory: 1558, loss: 0.4223
2021-06-21 18:37:09,811 - mmcls - INFO - Epoch [25][200/391]	lr: 1.000e-01, eta: 2:03:42, time: 0.228, data_time: 0.005, memory: 1558, loss: 0.4357
2021-06-21 18:37:35,665 - mmcls - INFO - Epoch [25][300/391]	lr: 1.000e-01, eta: 2:03:46, time: 0.259, data_time: 0.003, memory: 1558, loss: 0.4254
2021-06-21 18:38:12,677 - mmcls - INFO - Saving checkpoint at 25 epochs
2021-06-21 18:38:14,747 - mmcls - INFO - Epoch(val) [25][79]	accuracy_top-1: 83.0600, accuracy_top-5: 98.3900
2021-06-21 18:38:33,285 - mmcls - INFO - Epoch [26][100/391]	lr: 1.000e-01, eta: 2:01:54, time: 0.185, data_time: 0.028, memory: 1558, loss: 0.4187
2021-06-21 18:38:57,868 - mmcls - INFO - Epoch [26][200/391]	lr: 1.000e-01, eta: 2:01:52, time: 0.246, data_time: 0.002, memory: 1558, loss: 0.4204
2021-06-21 18:39:24,017 - mmcls - INFO - Epoch [26][300/391]	lr: 1.000e-01, eta: 2:01:56, time: 0.261, data_time: 0.002, memory: 1558, loss: 0.4514
2021-06-21 18:39:47,811 - mmcls - INFO - Saving checkpoint at 26 epochs
2021-06-21 18:40:14,318 - mmcls - INFO - Epoch [27][100/391]	lr: 1.000e-01, eta: 2:00:29, time: 0.244, data_time: 0.027, memory: 1558, loss: 0.4320
2021-06-21 18:40:40,239 - mmcls - INFO - Epoch [27][200/391]	lr: 1.000e-01, eta: 2:00:31, time: 0.259, data_time: 0.003, memory: 1558, loss: 0.4269
2021-06-21 18:41:06,036 - mmcls - INFO - Epoch [27][300/391]	lr: 1.000e-01, eta: 2:00:33, time: 0.258, data_time: 0.002, memory: 1558, loss: 0.4285
2021-06-21 18:41:29,497 - mmcls - INFO - Saving checkpoint at 27 epochs
2021-06-21 18:41:55,374 - mmcls - INFO - Epoch [28][100/391]	lr: 1.000e-01, eta: 1:59:07, time: 0.240, data_time: 0.028, memory: 1558, loss: 0.4090
2021-06-21 18:42:21,443 - mmcls - INFO - Epoch [28][200/391]	lr: 1.000e-01, eta: 1:59:09, time: 0.261, data_time: 0.003, memory: 1558, loss: 0.4264
2021-06-21 18:42:47,187 - mmcls - INFO - Epoch [28][300/391]	lr: 1.000e-01, eta: 1:59:09, time: 0.257, data_time: 0.002, memory: 1558, loss: 0.4341
2021-06-21 18:43:10,567 - mmcls - INFO - Saving checkpoint at 28 epochs
2021-06-21 18:43:37,004 - mmcls - INFO - Epoch [29][100/391]	lr: 1.000e-01, eta: 1:57:47, time: 0.243, data_time: 0.028, memory: 1558, loss: 0.4005
2021-06-21 18:44:02,905 - mmcls - INFO - Epoch [29][200/391]	lr: 1.000e-01, eta: 1:57:47, time: 0.259, data_time: 0.003, memory: 1558, loss: 0.4132
2021-06-21 18:44:28,741 - mmcls - INFO - Epoch [29][300/391]	lr: 1.000e-01, eta: 1:57:47, time: 0.258, data_time: 0.002, memory: 1558, loss: 0.4174
2021-06-21 18:44:52,425 - mmcls - INFO - Saving checkpoint at 29 epochs
2021-06-21 18:45:18,653 - mmcls - INFO - Epoch [30][100/391]	lr: 1.000e-01, eta: 1:56:27, time: 0.242, data_time: 0.027, memory: 1558, loss: 0.4008
2021-06-21 18:45:44,255 - mmcls - INFO - Epoch [30][200/391]	lr: 1.000e-01, eta: 1:56:25, time: 0.256, data_time: 0.003, memory: 1558, loss: 0.4255
2021-06-21 18:46:10,309 - mmcls - INFO - Epoch [30][300/391]	lr: 1.000e-01, eta: 1:56:25, time: 0.261, data_time: 0.003, memory: 1558, loss: 0.4184
2021-06-21 18:46:46,323 - mmcls - INFO - Saving checkpoint at 30 epochs
2021-06-21 18:46:48,368 - mmcls - INFO - Epoch(val) [30][79]	accuracy_top-1: 80.6200, accuracy_top-5: 98.5100
2021-06-21 18:47:14,201 - mmcls - INFO - Epoch [31][100/391]	lr: 1.000e-01, eta: 1:55:11, time: 0.258, data_time: 0.026, memory: 1558, loss: 0.4064
2021-06-21 18:47:39,995 - mmcls - INFO - Epoch [31][200/391]	lr: 1.000e-01, eta: 1:55:09, time: 0.258, data_time: 0.003, memory: 1558, loss: 0.4153
2021-06-21 18:48:06,079 - mmcls - INFO - Epoch [31][300/391]	lr: 1.000e-01, eta: 1:55:08, time: 0.261, data_time: 0.003, memory: 1558, loss: 0.4202
2021-06-21 18:48:29,299 - mmcls - INFO - Saving checkpoint at 31 epochs
2021-06-21 18:49:00,723 - mmcls - INFO - Epoch [32][100/391]	lr: 1.000e-01, eta: 1:54:02, time: 0.278, data_time: 0.027, memory: 1558, loss: 0.4009
2021-06-21 18:49:26,583 - mmcls - INFO - Epoch [32][200/391]	lr: 1.000e-01, eta: 1:53:59, time: 0.259, data_time: 0.003, memory: 1558, loss: 0.4257
2021-06-21 18:49:52,508 - mmcls - INFO - Epoch [32][300/391]	lr: 1.000e-01, eta: 1:53:57, time: 0.259, data_time: 0.002, memory: 1558, loss: 0.4079
2021-06-21 18:50:13,634 - mmcls - INFO - Saving checkpoint at 32 epochs
2021-06-21 18:50:43,787 - mmcls - INFO - Epoch [33][100/391]	lr: 1.000e-01, eta: 1:52:52, time: 0.280, data_time: 0.028, memory: 1558, loss: 0.4020
2021-06-21 18:51:09,837 - mmcls - INFO - Epoch [33][200/391]	lr: 1.000e-01, eta: 1:52:49, time: 0.260, data_time: 0.002, memory: 1558, loss: 0.3996
2021-06-21 18:51:35,825 - mmcls - INFO - Epoch [33][300/391]	lr: 1.000e-01, eta: 1:52:46, time: 0.260, data_time: 0.002, memory: 1558, loss: 0.4219
2021-06-21 18:51:54,715 - mmcls - INFO - Saving checkpoint at 33 epochs
2021-06-21 18:52:25,328 - mmcls - INFO - Epoch [34][100/391]	lr: 1.000e-01, eta: 1:51:44, time: 0.286, data_time: 0.028, memory: 1558, loss: 0.4011
2021-06-21 18:52:51,578 - mmcls - INFO - Epoch [34][200/391]	lr: 1.000e-01, eta: 1:51:41, time: 0.262, data_time: 0.002, memory: 1558, loss: 0.3879
2021-06-21 18:53:17,207 - mmcls - INFO - Epoch [34][300/391]	lr: 1.000e-01, eta: 1:51:36, time: 0.256, data_time: 0.002, memory: 1558, loss: 0.4103
2021-06-21 18:53:36,063 - mmcls - INFO - Saving checkpoint at 34 epochs
2021-06-21 18:54:06,069 - mmcls - INFO - Epoch [35][100/391]	lr: 1.000e-01, eta: 1:50:33, time: 0.279, data_time: 0.027, memory: 1558, loss: 0.3904
2021-06-21 18:54:31,864 - mmcls - INFO - Epoch [35][200/391]	lr: 1.000e-01, eta: 1:50:28, time: 0.258, data_time: 0.003, memory: 1558, loss: 0.3956
2021-06-21 18:54:58,022 - mmcls - INFO - Epoch [35][300/391]	lr: 1.000e-01, eta: 1:50:23, time: 0.262, data_time: 0.002, memory: 1558, loss: 0.4181
2021-06-21 18:55:29,551 - mmcls - INFO - Saving checkpoint at 35 epochs
2021-06-21 18:55:31,659 - mmcls - INFO - Epoch(val) [35][79]	accuracy_top-1: 80.2200, accuracy_top-5: 98.3800
2021-06-21 18:56:00,248 - mmcls - INFO - Epoch [36][100/391]	lr: 1.000e-01, eta: 1:49:23, time: 0.284, data_time: 0.027, memory: 1558, loss: 0.3765
2021-06-21 18:56:26,633 - mmcls - INFO - Epoch [36][200/391]	lr: 1.000e-01, eta: 1:49:18, time: 0.264, data_time: 0.003, memory: 1558, loss: 0.3935
2021-06-21 18:56:49,148 - mmcls - INFO - Epoch [36][300/391]	lr: 1.000e-01, eta: 1:49:05, time: 0.225, data_time: 0.002, memory: 1558, loss: 0.4007
2021-06-21 18:57:11,680 - mmcls - INFO - Saving checkpoint at 36 epochs
2021-06-21 18:57:41,942 - mmcls - INFO - Epoch [37][100/391]	lr: 1.000e-01, eta: 1:48:04, time: 0.282, data_time: 0.026, memory: 1558, loss: 0.3791
2021-06-21 18:58:08,027 - mmcls - INFO - Epoch [37][200/391]	lr: 1.000e-01, eta: 1:47:59, time: 0.261, data_time: 0.003, memory: 1558, loss: 0.4073
2021-06-21 18:58:30,097 - mmcls - INFO - Epoch [37][300/391]	lr: 1.000e-01, eta: 1:47:44, time: 0.221, data_time: 0.002, memory: 1558, loss: 0.3810
2021-06-21 18:58:53,735 - mmcls - INFO - Saving checkpoint at 37 epochs
2021-06-21 18:59:24,296 - mmcls - INFO - Epoch [38][100/391]	lr: 1.000e-01, eta: 1:46:45, time: 0.285, data_time: 0.027, memory: 1558, loss: 0.3774
2021-06-21 18:59:50,552 - mmcls - INFO - Epoch [38][200/391]	lr: 1.000e-01, eta: 1:46:40, time: 0.263, data_time: 0.002, memory: 1558, loss: 0.3962
2021-06-21 19:00:12,209 - mmcls - INFO - Epoch [38][300/391]	lr: 1.000e-01, eta: 1:46:24, time: 0.217, data_time: 0.002, memory: 1558, loss: 0.4283
2021-06-21 19:00:35,863 - mmcls - INFO - Saving checkpoint at 38 epochs
2021-06-21 19:01:06,799 - mmcls - INFO - Epoch [39][100/391]	lr: 1.000e-01, eta: 1:45:27, time: 0.289, data_time: 0.029, memory: 1558, loss: 0.3679
2021-06-21 19:01:32,575 - mmcls - INFO - Epoch [39][200/391]	lr: 1.000e-01, eta: 1:45:19, time: 0.258, data_time: 0.002, memory: 1558, loss: 0.3831
2021-06-21 19:01:54,120 - mmcls - INFO - Epoch [39][300/391]	lr: 1.000e-01, eta: 1:45:03, time: 0.215, data_time: 0.002, memory: 1558, loss: 0.4028
2021-06-21 19:02:17,848 - mmcls - INFO - Saving checkpoint at 39 epochs
2021-06-21 19:02:47,711 - mmcls - INFO - Epoch [40][100/391]	lr: 1.000e-01, eta: 1:44:05, time: 0.278, data_time: 0.026, memory: 1558, loss: 0.3857
2021-06-21 19:03:13,118 - mmcls - INFO - Epoch [40][200/391]	lr: 1.000e-01, eta: 1:43:56, time: 0.254, data_time: 0.003, memory: 1558, loss: 0.3849
2021-06-21 19:03:28,745 - mmcls - INFO - Epoch [40][300/391]	lr: 1.000e-01, eta: 1:43:28, time: 0.156, data_time: 0.002, memory: 1558, loss: 0.4033
2021-06-21 19:04:07,060 - mmcls - INFO - Saving checkpoint at 40 epochs
2021-06-21 19:04:09,077 - mmcls - INFO - Epoch(val) [40][79]	accuracy_top-1: 81.5900, accuracy_top-5: 98.7600
2021-06-21 19:04:37,868 - mmcls - INFO - Epoch [41][100/391]	lr: 1.000e-02, eta: 1:42:32, time: 0.288, data_time: 0.027, memory: 1558, loss: 0.2665
2021-06-21 19:04:59,440 - mmcls - INFO - Epoch [41][200/391]	lr: 1.000e-02, eta: 1:42:16, time: 0.216, data_time: 0.002, memory: 1558, loss: 0.2157
2021-06-21 19:05:25,113 - mmcls - INFO - Epoch [41][300/391]	lr: 1.000e-02, eta: 1:42:08, time: 0.257, data_time: 0.003, memory: 1558, loss: 0.1917
2021-06-21 19:05:48,754 - mmcls - INFO - Saving checkpoint at 41 epochs
2021-06-21 19:06:19,231 - mmcls - INFO - Epoch [42][100/391]	lr: 1.000e-02, eta: 1:41:12, time: 0.284, data_time: 0.027, memory: 1558, loss: 0.1704
2021-06-21 19:06:40,448 - mmcls - INFO - Epoch [42][200/391]	lr: 1.000e-02, eta: 1:40:55, time: 0.212, data_time: 0.002, memory: 1558, loss: 0.1555
2021-06-21 19:07:06,561 - mmcls - INFO - Epoch [42][300/391]	lr: 1.000e-02, eta: 1:40:48, time: 0.261, data_time: 0.003, memory: 1558, loss: 0.1573
2021-06-21 19:07:30,075 - mmcls - INFO - Saving checkpoint at 42 epochs
2021-06-21 19:08:00,507 - mmcls - INFO - Epoch [43][100/391]	lr: 1.000e-02, eta: 1:39:53, time: 0.284, data_time: 0.028, memory: 1558, loss: 0.1389
2021-06-21 19:08:22,018 - mmcls - INFO - Epoch [43][200/391]	lr: 1.000e-02, eta: 1:39:36, time: 0.215, data_time: 0.003, memory: 1558, loss: 0.1437
2021-06-21 19:08:48,177 - mmcls - INFO - Epoch [43][300/391]	lr: 1.000e-02, eta: 1:39:28, time: 0.262, data_time: 0.003, memory: 1558, loss: 0.1336
2021-06-21 19:09:11,961 - mmcls - INFO - Saving checkpoint at 43 epochs
2021-06-21 19:09:42,157 - mmcls - INFO - Epoch [44][100/391]	lr: 1.000e-02, eta: 1:38:33, time: 0.282, data_time: 0.027, memory: 1558, loss: 0.1245
2021-06-21 19:10:03,413 - mmcls - INFO - Epoch [44][200/391]	lr: 1.000e-02, eta: 1:38:16, time: 0.213, data_time: 0.003, memory: 1558, loss: 0.1251
2021-06-21 19:10:29,634 - mmcls - INFO - Epoch [44][300/391]	lr: 1.000e-02, eta: 1:38:08, time: 0.262, data_time: 0.003, memory: 1558, loss: 0.1211
2021-06-21 19:10:53,463 - mmcls - INFO - Saving checkpoint at 44 epochs
2021-06-21 19:11:22,524 - mmcls - INFO - Epoch [45][100/391]	lr: 1.000e-02, eta: 1:37:12, time: 0.270, data_time: 0.028, memory: 1558, loss: 0.1108
2021-06-21 19:11:39,110 - mmcls - INFO - Epoch [45][200/391]	lr: 1.000e-02, eta: 1:36:47, time: 0.166, data_time: 0.003, memory: 1558, loss: 0.1081
2021-06-21 19:12:05,162 - mmcls - INFO - Epoch [45][300/391]	lr: 1.000e-02, eta: 1:36:38, time: 0.261, data_time: 0.003, memory: 1558, loss: 0.1128
2021-06-21 19:12:43,030 - mmcls - INFO - Saving checkpoint at 45 epochs
2021-06-21 19:12:45,048 - mmcls - INFO - Epoch(val) [45][79]	accuracy_top-1: 92.9600, accuracy_top-5: 99.7400
2021-06-21 19:13:08,073 - mmcls - INFO - Epoch [46][100/391]	lr: 1.000e-02, eta: 1:35:36, time: 0.230, data_time: 0.027, memory: 1558, loss: 0.0991
2021-06-21 19:13:34,067 - mmcls - INFO - Epoch [46][200/391]	lr: 1.000e-02, eta: 1:35:27, time: 0.260, data_time: 0.003, memory: 1558, loss: 0.0943
2021-06-21 19:14:00,348 - mmcls - INFO - Epoch [46][300/391]	lr: 1.000e-02, eta: 1:35:18, time: 0.263, data_time: 0.003, memory: 1558, loss: 0.1058
2021-06-21 19:14:24,128 - mmcls - INFO - Saving checkpoint at 46 epochs
2021-06-21 19:14:50,046 - mmcls - INFO - Epoch [47][100/391]	lr: 1.000e-02, eta: 1:34:18, time: 0.239, data_time: 0.026, memory: 1558, loss: 0.0840
2021-06-21 19:15:16,100 - mmcls - INFO - Epoch [47][200/391]	lr: 1.000e-02, eta: 1:34:09, time: 0.261, data_time: 0.003, memory: 1558, loss: 0.0934
2021-06-21 19:15:42,245 - mmcls - INFO - Epoch [47][300/391]	lr: 1.000e-02, eta: 1:33:59, time: 0.261, data_time: 0.003, memory: 1558, loss: 0.1012
2021-06-21 19:16:05,880 - mmcls - INFO - Saving checkpoint at 47 epochs
2021-06-21 19:16:32,548 - mmcls - INFO - Epoch [48][100/391]	lr: 1.000e-02, eta: 1:33:02, time: 0.246, data_time: 0.028, memory: 1558, loss: 0.0811
2021-06-21 19:16:58,344 - mmcls - INFO - Epoch [48][200/391]	lr: 1.000e-02, eta: 1:32:52, time: 0.258, data_time: 0.003, memory: 1558, loss: 0.0845
2021-06-21 19:17:24,824 - mmcls - INFO - Epoch [48][300/391]	lr: 1.000e-02, eta: 1:32:42, time: 0.265, data_time: 0.003, memory: 1558, loss: 0.0882
2021-06-21 19:17:48,669 - mmcls - INFO - Saving checkpoint at 48 epochs
2021-06-21 19:18:16,455 - mmcls - INFO - Epoch [49][100/391]	lr: 1.000e-02, eta: 1:31:47, time: 0.258, data_time: 0.027, memory: 1558, loss: 0.0714
2021-06-21 19:18:42,141 - mmcls - INFO - Epoch [49][200/391]	lr: 1.000e-02, eta: 1:31:36, time: 0.257, data_time: 0.003, memory: 1558, loss: 0.0790
2021-06-21 19:19:08,061 - mmcls - INFO - Epoch [49][300/391]	lr: 1.000e-02, eta: 1:31:26, time: 0.259, data_time: 0.003, memory: 1558, loss: 0.0817
2021-06-21 19:19:31,554 - mmcls - INFO - Saving checkpoint at 49 epochs
2021-06-21 19:19:52,849 - mmcls - INFO - Epoch [50][100/391]	lr: 1.000e-02, eta: 1:30:22, time: 0.193, data_time: 0.027, memory: 1558, loss: 0.0745
2021-06-21 19:20:18,425 - mmcls - INFO - Epoch [50][200/391]	lr: 1.000e-02, eta: 1:30:11, time: 0.256, data_time: 0.003, memory: 1558, loss: 0.0700
2021-06-21 19:20:44,550 - mmcls - INFO - Epoch [50][300/391]	lr: 1.000e-02, eta: 1:30:00, time: 0.261, data_time: 0.003, memory: 1558, loss: 0.0796
2021-06-21 19:21:22,565 - mmcls - INFO - Saving checkpoint at 50 epochs
2021-06-21 19:21:24,540 - mmcls - INFO - Epoch(val) [50][79]	accuracy_top-1: 93.1400, accuracy_top-5: 99.7500
2021-06-21 19:21:52,862 - mmcls - INFO - Epoch [51][100/391]	lr: 1.000e-02, eta: 1:29:10, time: 0.283, data_time: 0.029, memory: 1558, loss: 0.0658
2021-06-21 19:22:18,803 - mmcls - INFO - Epoch [51][200/391]	lr: 1.000e-02, eta: 1:28:59, time: 0.259, data_time: 0.002, memory: 1558, loss: 0.0756
2021-06-21 19:22:44,965 - mmcls - INFO - Epoch [51][300/391]	lr: 1.000e-02, eta: 1:28:48, time: 0.262, data_time: 0.002, memory: 1558, loss: 0.0799
2021-06-21 19:23:04,157 - mmcls - INFO - Saving checkpoint at 51 epochs
2021-06-21 19:23:34,616 - mmcls - INFO - Epoch [52][100/391]	lr: 1.000e-02, eta: 1:27:58, time: 0.284, data_time: 0.027, memory: 1558, loss: 0.0623
2021-06-21 19:24:00,827 - mmcls - INFO - Epoch [52][200/391]	lr: 1.000e-02, eta: 1:27:47, time: 0.262, data_time: 0.003, memory: 1558, loss: 0.0678
2021-06-21 19:24:27,104 - mmcls - INFO - Epoch [52][300/391]	lr: 1.000e-02, eta: 1:27:36, time: 0.263, data_time: 0.003, memory: 1558, loss: 0.0672
2021-06-21 19:24:46,069 - mmcls - INFO - Saving checkpoint at 52 epochs
2021-06-21 19:25:16,539 - mmcls - INFO - Epoch [53][100/391]	lr: 1.000e-02, eta: 1:26:47, time: 0.284, data_time: 0.028, memory: 1558, loss: 0.0625
2021-06-21 19:25:42,460 - mmcls - INFO - Epoch [53][200/391]	lr: 1.000e-02, eta: 1:26:35, time: 0.259, data_time: 0.003, memory: 1558, loss: 0.0623
2021-06-21 19:26:08,449 - mmcls - INFO - Epoch [53][300/391]	lr: 1.000e-02, eta: 1:26:23, time: 0.260, data_time: 0.002, memory: 1558, loss: 0.0675
2021-06-21 19:26:27,504 - mmcls - INFO - Saving checkpoint at 53 epochs
2021-06-21 19:26:57,978 - mmcls - INFO - Epoch [54][100/391]	lr: 1.000e-02, eta: 1:25:34, time: 0.285, data_time: 0.026, memory: 1558, loss: 0.0581
2021-06-21 19:27:24,109 - mmcls - INFO - Epoch [54][200/391]	lr: 1.000e-02, eta: 1:25:22, time: 0.261, data_time: 0.003, memory: 1558, loss: 0.0626
2021-06-21 19:27:48,542 - mmcls - INFO - Epoch [54][300/391]	lr: 1.000e-02, eta: 1:25:09, time: 0.244, data_time: 0.002, memory: 1558, loss: 0.0635
2021-06-21 19:28:02,722 - mmcls - INFO - Saving checkpoint at 54 epochs
2021-06-21 19:28:33,369 - mmcls - INFO - Epoch [55][100/391]	lr: 1.000e-02, eta: 1:24:20, time: 0.286, data_time: 0.028, memory: 1558, loss: 0.0568
2021-06-21 19:28:59,667 - mmcls - INFO - Epoch [55][200/391]	lr: 1.000e-02, eta: 1:24:08, time: 0.263, data_time: 0.003, memory: 1558, loss: 0.0609
2021-06-21 19:29:25,875 - mmcls - INFO - Epoch [55][300/391]	lr: 1.000e-02, eta: 1:23:56, time: 0.262, data_time: 0.004, memory: 1558, loss: 0.0669
2021-06-21 19:29:58,826 - mmcls - INFO - Saving checkpoint at 55 epochs
2021-06-21 19:30:00,810 - mmcls - INFO - Epoch(val) [55][79]	accuracy_top-1: 92.5900, accuracy_top-5: 99.6600
2021-06-21 19:30:29,247 - mmcls - INFO - Epoch [56][100/391]	lr: 1.000e-02, eta: 1:23:07, time: 0.284, data_time: 0.027, memory: 1558, loss: 0.0589
2021-06-21 19:30:55,200 - mmcls - INFO - Epoch [56][200/391]	lr: 1.000e-02, eta: 1:22:55, time: 0.260, data_time: 0.002, memory: 1558, loss: 0.0515
2021-06-21 19:31:16,651 - mmcls - INFO - Epoch [56][300/391]	lr: 1.000e-02, eta: 1:22:37, time: 0.214, data_time: 0.002, memory: 1558, loss: 0.0695
2021-06-21 19:31:40,141 - mmcls - INFO - Saving checkpoint at 56 epochs
2021-06-21 19:32:10,917 - mmcls - INFO - Epoch [57][100/391]	lr: 1.000e-02, eta: 1:21:49, time: 0.287, data_time: 0.028, memory: 1558, loss: 0.0529
2021-06-21 19:32:37,341 - mmcls - INFO - Epoch [57][200/391]	lr: 1.000e-02, eta: 1:21:37, time: 0.264, data_time: 0.003, memory: 1558, loss: 0.0555
2021-06-21 19:32:59,190 - mmcls - INFO - Epoch [57][300/391]	lr: 1.000e-02, eta: 1:21:20, time: 0.218, data_time: 0.002, memory: 1558, loss: 0.0611
2021-06-21 19:33:23,144 - mmcls - INFO - Saving checkpoint at 57 epochs
2021-06-21 19:33:53,396 - mmcls - INFO - Epoch [58][100/391]	lr: 1.000e-02, eta: 1:20:32, time: 0.282, data_time: 0.026, memory: 1558, loss: 0.0599
2021-06-21 19:34:17,502 - mmcls - INFO - Epoch [58][200/391]	lr: 1.000e-02, eta: 1:20:17, time: 0.241, data_time: 0.003, memory: 1558, loss: 0.0531
2021-06-21 19:34:41,242 - mmcls - INFO - Epoch [58][300/391]	lr: 1.000e-02, eta: 1:20:01, time: 0.237, data_time: 0.004, memory: 1558, loss: 0.0590
2021-06-21 19:35:04,902 - mmcls - INFO - Saving checkpoint at 58 epochs
2021-06-21 19:35:35,042 - mmcls - INFO - Epoch [59][100/391]	lr: 1.000e-02, eta: 1:19:14, time: 0.281, data_time: 0.025, memory: 1558, loss: 0.0545
2021-06-21 19:35:58,012 - mmcls - INFO - Epoch [59][200/391]	lr: 1.000e-02, eta: 1:18:57, time: 0.230, data_time: 0.003, memory: 1558, loss: 0.0471
2021-06-21 19:36:15,081 - mmcls - INFO - Epoch [59][300/391]	lr: 1.000e-02, eta: 1:18:35, time: 0.171, data_time: 0.003, memory: 1558, loss: 0.0559
2021-06-21 19:36:39,026 - mmcls - INFO - Saving checkpoint at 59 epochs
2021-06-21 19:37:09,529 - mmcls - INFO - Epoch [60][100/391]	lr: 1.000e-02, eta: 1:17:48, time: 0.285, data_time: 0.027, memory: 1558, loss: 0.0494
2021-06-21 19:37:35,534 - mmcls - INFO - Epoch [60][200/391]	lr: 1.000e-02, eta: 1:17:35, time: 0.260, data_time: 0.003, memory: 1558, loss: 0.0576
2021-06-21 19:37:57,097 - mmcls - INFO - Epoch [60][300/391]	lr: 1.000e-02, eta: 1:17:17, time: 0.216, data_time: 0.002, memory: 1558, loss: 0.0556
2021-06-21 19:38:34,149 - mmcls - INFO - Saving checkpoint at 60 epochs
2021-06-21 19:38:36,279 - mmcls - INFO - Epoch(val) [60][79]	accuracy_top-1: 92.4300, accuracy_top-5: 99.7300
2021-06-21 19:39:04,735 - mmcls - INFO - Epoch [61][100/391]	lr: 1.000e-02, eta: 1:16:30, time: 0.284, data_time: 0.026, memory: 1558, loss: 0.0486
2021-06-21 19:39:26,796 - mmcls - INFO - Epoch [61][200/391]	lr: 1.000e-02, eta: 1:16:13, time: 0.221, data_time: 0.003, memory: 1558, loss: 0.0540
2021-06-21 19:39:52,887 - mmcls - INFO - Epoch [61][300/391]	lr: 1.000e-02, eta: 1:15:59, time: 0.261, data_time: 0.003, memory: 1558, loss: 0.0576
2021-06-21 19:40:16,480 - mmcls - INFO - Saving checkpoint at 61 epochs
2021-06-21 19:40:46,626 - mmcls - INFO - Epoch [62][100/391]	lr: 1.000e-02, eta: 1:15:13, time: 0.281, data_time: 0.026, memory: 1558, loss: 0.0511
2021-06-21 19:41:08,431 - mmcls - INFO - Epoch [62][200/391]	lr: 1.000e-02, eta: 1:14:55, time: 0.218, data_time: 0.003, memory: 1558, loss: 0.0538
2021-06-21 19:41:34,549 - mmcls - INFO - Epoch [62][300/391]	lr: 1.000e-02, eta: 1:14:42, time: 0.261, data_time: 0.003, memory: 1558, loss: 0.0624
2021-06-21 19:41:58,118 - mmcls - INFO - Saving checkpoint at 62 epochs
2021-06-21 19:42:26,261 - mmcls - INFO - Epoch [63][100/391]	lr: 1.000e-02, eta: 1:13:53, time: 0.261, data_time: 0.026, memory: 1558, loss: 0.0603
2021-06-21 19:42:50,104 - mmcls - INFO - Epoch [63][200/391]	lr: 1.000e-02, eta: 1:13:38, time: 0.238, data_time: 0.003, memory: 1558, loss: 0.0571
2021-06-21 19:43:16,210 - mmcls - INFO - Epoch [63][300/391]	lr: 1.000e-02, eta: 1:13:24, time: 0.261, data_time: 0.003, memory: 1558, loss: 0.0609
2021-06-21 19:43:39,951 - mmcls - INFO - Saving checkpoint at 63 epochs
2021-06-21 19:44:06,541 - mmcls - INFO - Epoch [64][100/391]	lr: 1.000e-02, eta: 1:12:35, time: 0.245, data_time: 0.027, memory: 1558, loss: 0.0492
2021-06-21 19:44:23,797 - mmcls - INFO - Epoch [64][200/391]	lr: 1.000e-02, eta: 1:12:13, time: 0.173, data_time: 0.003, memory: 1558, loss: 0.0592
2021-06-21 19:44:49,768 - mmcls - INFO - Epoch [64][300/391]	lr: 1.000e-02, eta: 1:11:59, time: 0.260, data_time: 0.003, memory: 1558, loss: 0.0600
2021-06-21 19:45:13,415 - mmcls - INFO - Saving checkpoint at 64 epochs
2021-06-21 19:45:44,008 - mmcls - INFO - Epoch [65][100/391]	lr: 1.000e-02, eta: 1:11:14, time: 0.286, data_time: 0.028, memory: 1558, loss: 0.0506
2021-06-21 19:46:05,629 - mmcls - INFO - Epoch [65][200/391]	lr: 1.000e-02, eta: 1:10:56, time: 0.216, data_time: 0.003, memory: 1558, loss: 0.0568
2021-06-21 19:46:31,885 - mmcls - INFO - Epoch [65][300/391]	lr: 1.000e-02, eta: 1:10:42, time: 0.263, data_time: 0.003, memory: 1558, loss: 0.0702
2021-06-21 19:47:10,543 - mmcls - INFO - Saving checkpoint at 65 epochs
2021-06-21 19:47:12,501 - mmcls - INFO - Epoch(val) [65][79]	accuracy_top-1: 91.8600, accuracy_top-5: 99.6700
2021-06-21 19:47:36,467 - mmcls - INFO - Epoch [66][100/391]	lr: 1.000e-02, eta: 1:09:53, time: 0.239, data_time: 0.028, memory: 1558, loss: 0.0530
2021-06-21 19:48:02,916 - mmcls - INFO - Epoch [66][200/391]	lr: 1.000e-02, eta: 1:09:39, time: 0.264, data_time: 0.003, memory: 1558, loss: 0.0590
2021-06-21 19:48:28,904 - mmcls - INFO - Epoch [66][300/391]	lr: 1.000e-02, eta: 1:09:25, time: 0.260, data_time: 0.002, memory: 1558, loss: 0.0614
2021-06-21 19:48:52,684 - mmcls - INFO - Saving checkpoint at 66 epochs
2021-06-21 19:49:20,001 - mmcls - INFO - Epoch [67][100/391]	lr: 1.000e-02, eta: 1:08:37, time: 0.253, data_time: 0.027, memory: 1558, loss: 0.0503
2021-06-21 19:49:45,902 - mmcls - INFO - Epoch [67][200/391]	lr: 1.000e-02, eta: 1:08:23, time: 0.259, data_time: 0.003, memory: 1558, loss: 0.0547
2021-06-21 19:50:11,956 - mmcls - INFO - Epoch [67][300/391]	lr: 1.000e-02, eta: 1:08:08, time: 0.261, data_time: 0.003, memory: 1558, loss: 0.0563
2021-06-21 19:50:35,701 - mmcls - INFO - Saving checkpoint at 67 epochs
2021-06-21 19:51:07,407 - mmcls - INFO - Epoch [68][100/391]	lr: 1.000e-02, eta: 1:07:23, time: 0.282, data_time: 0.026, memory: 1558, loss: 0.0494
2021-06-21 19:51:33,142 - mmcls - INFO - Epoch [68][200/391]	lr: 1.000e-02, eta: 1:07:08, time: 0.257, data_time: 0.003, memory: 1558, loss: 0.0560
2021-06-21 19:51:59,055 - mmcls - INFO - Epoch [68][300/391]	lr: 1.000e-02, eta: 1:06:54, time: 0.259, data_time: 0.003, memory: 1558, loss: 0.0629
2021-06-21 19:52:20,847 - mmcls - INFO - Saving checkpoint at 68 epochs
2021-06-21 19:52:44,672 - mmcls - INFO - Epoch [69][100/391]	lr: 1.000e-02, eta: 1:06:04, time: 0.218, data_time: 0.027, memory: 1558, loss: 0.0528
2021-06-21 19:53:10,437 - mmcls - INFO - Epoch [69][200/391]	lr: 1.000e-02, eta: 1:05:49, time: 0.258, data_time: 0.003, memory: 1558, loss: 0.0530
2021-06-21 19:53:36,530 - mmcls - INFO - Epoch [69][300/391]	lr: 1.000e-02, eta: 1:05:34, time: 0.261, data_time: 0.002, memory: 1558, loss: 0.0589
2021-06-21 19:54:00,188 - mmcls - INFO - Saving checkpoint at 69 epochs
2021-06-21 19:54:26,355 - mmcls - INFO - Epoch [70][100/391]	lr: 1.000e-02, eta: 1:04:47, time: 0.241, data_time: 0.027, memory: 1558, loss: 0.0551
2021-06-21 19:54:52,168 - mmcls - INFO - Epoch [70][200/391]	lr: 1.000e-02, eta: 1:04:32, time: 0.258, data_time: 0.003, memory: 1558, loss: 0.0527
2021-06-21 19:55:18,213 - mmcls - INFO - Epoch [70][300/391]	lr: 1.000e-02, eta: 1:04:17, time: 0.260, data_time: 0.002, memory: 1558, loss: 0.0660
2021-06-21 19:55:54,552 - mmcls - INFO - Saving checkpoint at 70 epochs
2021-06-21 19:55:56,490 - mmcls - INFO - Epoch(val) [70][79]	accuracy_top-1: 91.2200, accuracy_top-5: 99.6300
2021-06-21 19:56:25,041 - mmcls - INFO - Epoch [71][100/391]	lr: 1.000e-02, eta: 1:03:33, time: 0.285, data_time: 0.027, memory: 1558, loss: 0.0607
2021-06-21 19:56:51,156 - mmcls - INFO - Epoch [71][200/391]	lr: 1.000e-02, eta: 1:03:18, time: 0.261, data_time: 0.002, memory: 1558, loss: 0.0568
2021-06-21 19:57:17,170 - mmcls - INFO - Epoch [71][300/391]	lr: 1.000e-02, eta: 1:03:03, time: 0.260, data_time: 0.002, memory: 1558, loss: 0.0586
2021-06-21 19:57:36,393 - mmcls - INFO - Saving checkpoint at 71 epochs
2021-06-21 19:58:06,876 - mmcls - INFO - Epoch [72][100/391]	lr: 1.000e-02, eta: 1:02:19, time: 0.283, data_time: 0.027, memory: 1558, loss: 0.0594
2021-06-21 19:58:32,706 - mmcls - INFO - Epoch [72][200/391]	lr: 1.000e-02, eta: 1:02:04, time: 0.258, data_time: 0.003, memory: 1558, loss: 0.0477
2021-06-21 19:58:56,177 - mmcls - INFO - Epoch [72][300/391]	lr: 1.000e-02, eta: 1:01:46, time: 0.235, data_time: 0.003, memory: 1558, loss: 0.0654
2021-06-21 19:59:18,668 - mmcls - INFO - Saving checkpoint at 72 epochs
2021-06-21 19:59:48,835 - mmcls - INFO - Epoch [73][100/391]	lr: 1.000e-02, eta: 1:01:03, time: 0.281, data_time: 0.025, memory: 1558, loss: 0.0538
2021-06-21 20:00:14,559 - mmcls - INFO - Epoch [73][200/391]	lr: 1.000e-02, eta: 1:00:47, time: 0.257, data_time: 0.002, memory: 1558, loss: 0.0657
2021-06-21 20:00:37,070 - mmcls - INFO - Epoch [73][300/391]	lr: 1.000e-02, eta: 1:00:29, time: 0.225, data_time: 0.002, memory: 1558, loss: 0.0603
2021-06-21 20:00:53,456 - mmcls - INFO - Saving checkpoint at 73 epochs
2021-06-21 20:01:24,006 - mmcls - INFO - Epoch [74][100/391]	lr: 1.000e-02, eta: 0:59:46, time: 0.285, data_time: 0.027, memory: 1558, loss: 0.0521
2021-06-21 20:01:49,776 - mmcls - INFO - Epoch [74][200/391]	lr: 1.000e-02, eta: 0:59:30, time: 0.258, data_time: 0.002, memory: 1558, loss: 0.0623
2021-06-21 20:02:15,783 - mmcls - INFO - Epoch [74][300/391]	lr: 1.000e-02, eta: 0:59:15, time: 0.260, data_time: 0.002, memory: 1558, loss: 0.0572
2021-06-21 20:02:34,898 - mmcls - INFO - Saving checkpoint at 74 epochs
2021-06-21 20:03:05,452 - mmcls - INFO - Epoch [75][100/391]	lr: 1.000e-02, eta: 0:58:31, time: 0.285, data_time: 0.028, memory: 1558, loss: 0.0637
2021-06-21 20:03:31,584 - mmcls - INFO - Epoch [75][200/391]	lr: 1.000e-02, eta: 0:58:16, time: 0.261, data_time: 0.002, memory: 1558, loss: 0.0640
2021-06-21 20:03:56,592 - mmcls - INFO - Epoch [75][300/391]	lr: 1.000e-02, eta: 0:57:59, time: 0.250, data_time: 0.003, memory: 1558, loss: 0.0670
2021-06-21 20:04:30,560 - mmcls - INFO - Saving checkpoint at 75 epochs
2021-06-21 20:04:32,588 - mmcls - INFO - Epoch(val) [75][79]	accuracy_top-1: 91.7800, accuracy_top-5: 99.6500
2021-06-21 20:05:00,957 - mmcls - INFO - Epoch [76][100/391]	lr: 1.000e-02, eta: 0:57:16, time: 0.284, data_time: 0.027, memory: 1558, loss: 0.0595
2021-06-21 20:05:26,420 - mmcls - INFO - Epoch [76][200/391]	lr: 1.000e-02, eta: 0:57:00, time: 0.255, data_time: 0.003, memory: 1558, loss: 0.0670
2021-06-21 20:05:47,834 - mmcls - INFO - Epoch [76][300/391]	lr: 1.000e-02, eta: 0:56:41, time: 0.214, data_time: 0.003, memory: 1558, loss: 0.0745
2021-06-21 20:06:11,449 - mmcls - INFO - Saving checkpoint at 76 epochs
2021-06-21 20:06:41,635 - mmcls - INFO - Epoch [77][100/391]	lr: 1.000e-02, eta: 0:55:58, time: 0.282, data_time: 0.026, memory: 1558, loss: 0.0499
2021-06-21 20:07:05,161 - mmcls - INFO - Epoch [77][200/391]	lr: 1.000e-02, eta: 0:55:41, time: 0.235, data_time: 0.003, memory: 1558, loss: 0.0561
2021-06-21 20:07:29,327 - mmcls - INFO - Epoch [77][300/391]	lr: 1.000e-02, eta: 0:55:24, time: 0.242, data_time: 0.003, memory: 1558, loss: 0.0669
2021-06-21 20:07:52,690 - mmcls - INFO - Saving checkpoint at 77 epochs
2021-06-21 20:08:23,002 - mmcls - INFO - Epoch [78][100/391]	lr: 1.000e-02, eta: 0:54:41, time: 0.283, data_time: 0.027, memory: 1558, loss: 0.0596
2021-06-21 20:08:45,537 - mmcls - INFO - Epoch [78][200/391]	lr: 1.000e-02, eta: 0:54:23, time: 0.225, data_time: 0.003, memory: 1558, loss: 0.0707
2021-06-21 20:09:04,118 - mmcls - INFO - Epoch [78][300/391]	lr: 1.000e-02, eta: 0:54:03, time: 0.186, data_time: 0.003, memory: 1558, loss: 0.0666
2021-06-21 20:09:27,743 - mmcls - INFO - Saving checkpoint at 78 epochs
2021-06-21 20:09:58,107 - mmcls - INFO - Epoch [79][100/391]	lr: 1.000e-02, eta: 0:53:21, time: 0.284, data_time: 0.027, memory: 1558, loss: 0.0618
2021-06-21 20:10:24,248 - mmcls - INFO - Epoch [79][200/391]	lr: 1.000e-02, eta: 0:53:04, time: 0.261, data_time: 0.003, memory: 1558, loss: 0.0613
2021-06-21 20:10:45,547 - mmcls - INFO - Epoch [79][300/391]	lr: 1.000e-02, eta: 0:52:46, time: 0.213, data_time: 0.002, memory: 1558, loss: 0.0658
2021-06-21 20:11:09,165 - mmcls - INFO - Saving checkpoint at 79 epochs
2021-06-21 20:11:39,802 - mmcls - INFO - Epoch [80][100/391]	lr: 1.000e-02, eta: 0:52:03, time: 0.285, data_time: 0.026, memory: 1558, loss: 0.0567
2021-06-21 20:12:04,892 - mmcls - INFO - Epoch [80][200/391]	lr: 1.000e-02, eta: 0:51:47, time: 0.251, data_time: 0.002, memory: 1558, loss: 0.0545
2021-06-21 20:12:27,710 - mmcls - INFO - Epoch [80][300/391]	lr: 1.000e-02, eta: 0:51:29, time: 0.228, data_time: 0.005, memory: 1558, loss: 0.0618
2021-06-21 20:13:05,727 - mmcls - INFO - Saving checkpoint at 80 epochs
2021-06-21 20:13:07,754 - mmcls - INFO - Epoch(val) [80][79]	accuracy_top-1: 92.4600, accuracy_top-5: 99.7800
2021-06-21 20:13:34,849 - mmcls - INFO - Epoch [81][100/391]	lr: 1.000e-03, eta: 0:50:46, time: 0.271, data_time: 0.027, memory: 1558, loss: 0.0440
2021-06-21 20:13:58,037 - mmcls - INFO - Epoch [81][200/391]	lr: 1.000e-03, eta: 0:50:28, time: 0.232, data_time: 0.005, memory: 1558, loss: 0.0332
2021-06-21 20:14:24,287 - mmcls - INFO - Epoch [81][300/391]	lr: 1.000e-03, eta: 0:50:12, time: 0.262, data_time: 0.003, memory: 1558, loss: 0.0250
2021-06-21 20:14:48,286 - mmcls - INFO - Saving checkpoint at 81 epochs
2021-06-21 20:15:14,286 - mmcls - INFO - Epoch [82][100/391]	lr: 1.000e-03, eta: 0:49:28, time: 0.240, data_time: 0.026, memory: 1558, loss: 0.0195
2021-06-21 20:15:40,196 - mmcls - INFO - Epoch [82][200/391]	lr: 1.000e-03, eta: 0:49:11, time: 0.259, data_time: 0.003, memory: 1558, loss: 0.0181
2021-06-21 20:16:06,311 - mmcls - INFO - Epoch [82][300/391]	lr: 1.000e-03, eta: 0:48:55, time: 0.261, data_time: 0.003, memory: 1558, loss: 0.0168
2021-06-21 20:16:29,996 - mmcls - INFO - Saving checkpoint at 82 epochs
2021-06-21 20:16:55,617 - mmcls - INFO - Epoch [83][100/391]	lr: 1.000e-03, eta: 0:48:11, time: 0.236, data_time: 0.027, memory: 1558, loss: 0.0169
2021-06-21 20:17:15,104 - mmcls - INFO - Epoch [83][200/391]	lr: 1.000e-03, eta: 0:47:51, time: 0.195, data_time: 0.003, memory: 1558, loss: 0.0161
2021-06-21 20:17:40,696 - mmcls - INFO - Epoch [83][300/391]	lr: 1.000e-03, eta: 0:47:34, time: 0.256, data_time: 0.003, memory: 1558, loss: 0.0133
2021-06-21 20:18:04,520 - mmcls - INFO - Saving checkpoint at 83 epochs
2021-06-21 20:18:35,395 - mmcls - INFO - Epoch [84][100/391]	lr: 1.000e-03, eta: 0:46:53, time: 0.288, data_time: 0.027, memory: 1558, loss: 0.0138
2021-06-21 20:18:56,644 - mmcls - INFO - Epoch [84][200/391]	lr: 1.000e-03, eta: 0:46:34, time: 0.212, data_time: 0.003, memory: 1558, loss: 0.0109
2021-06-21 20:19:22,925 - mmcls - INFO - Epoch [84][300/391]	lr: 1.000e-03, eta: 0:46:17, time: 0.263, data_time: 0.003, memory: 1558, loss: 0.0132
2021-06-21 20:19:46,859 - mmcls - INFO - Saving checkpoint at 84 epochs
2021-06-21 20:20:14,495 - mmcls - INFO - Epoch [85][100/391]	lr: 1.000e-03, eta: 0:45:35, time: 0.256, data_time: 0.027, memory: 1558, loss: 0.0129
2021-06-21 20:20:39,273 - mmcls - INFO - Epoch [85][200/391]	lr: 1.000e-03, eta: 0:45:18, time: 0.248, data_time: 0.003, memory: 1558, loss: 0.0115
2021-06-21 20:21:04,696 - mmcls - INFO - Epoch [85][300/391]	lr: 1.000e-03, eta: 0:45:00, time: 0.254, data_time: 0.002, memory: 1558, loss: 0.0111
2021-06-21 20:21:40,679 - mmcls - INFO - Saving checkpoint at 85 epochs
2021-06-21 20:21:42,676 - mmcls - INFO - Epoch(val) [85][79]	accuracy_top-1: 94.2700, accuracy_top-5: 99.7500
2021-06-21 20:22:07,265 - mmcls - INFO - Epoch [86][100/391]	lr: 1.000e-03, eta: 0:44:18, time: 0.245, data_time: 0.027, memory: 1558, loss: 0.0085
2021-06-21 20:22:33,076 - mmcls - INFO - Epoch [86][200/391]	lr: 1.000e-03, eta: 0:44:01, time: 0.258, data_time: 0.003, memory: 1558, loss: 0.0102
2021-06-21 20:22:59,201 - mmcls - INFO - Epoch [86][300/391]	lr: 1.000e-03, eta: 0:43:44, time: 0.261, data_time: 0.002, memory: 1558, loss: 0.0090
2021-06-21 20:23:22,976 - mmcls - INFO - Saving checkpoint at 86 epochs
2021-06-21 20:23:53,156 - mmcls - INFO - Epoch [87][100/391]	lr: 1.000e-03, eta: 0:43:02, time: 0.276, data_time: 0.028, memory: 1558, loss: 0.0095
2021-06-21 20:24:18,882 - mmcls - INFO - Epoch [87][200/391]	lr: 1.000e-03, eta: 0:42:45, time: 0.257, data_time: 0.002, memory: 1558, loss: 0.0079
2021-06-21 20:24:44,884 - mmcls - INFO - Epoch [87][300/391]	lr: 1.000e-03, eta: 0:42:28, time: 0.260, data_time: 0.002, memory: 1558, loss: 0.0092
2021-06-21 20:25:07,222 - mmcls - INFO - Saving checkpoint at 87 epochs
2021-06-21 20:25:30,680 - mmcls - INFO - Epoch [88][100/391]	lr: 1.000e-03, eta: 0:41:45, time: 0.214, data_time: 0.027, memory: 1558, loss: 0.0093
2021-06-21 20:25:56,700 - mmcls - INFO - Epoch [88][200/391]	lr: 1.000e-03, eta: 0:41:27, time: 0.260, data_time: 0.003, memory: 1558, loss: 0.0078
2021-06-21 20:26:22,767 - mmcls - INFO - Epoch [88][300/391]	lr: 1.000e-03, eta: 0:41:10, time: 0.261, data_time: 0.002, memory: 1558, loss: 0.0083
2021-06-21 20:26:46,451 - mmcls - INFO - Saving checkpoint at 88 epochs
2021-06-21 20:27:12,877 - mmcls - INFO - Epoch [89][100/391]	lr: 1.000e-03, eta: 0:40:28, time: 0.244, data_time: 0.029, memory: 1558, loss: 0.0089
2021-06-21 20:27:38,816 - mmcls - INFO - Epoch [89][200/391]	lr: 1.000e-03, eta: 0:40:11, time: 0.259, data_time: 0.003, memory: 1558, loss: 0.0068
2021-06-21 20:28:04,035 - mmcls - INFO - Epoch [89][300/391]	lr: 1.000e-03, eta: 0:39:53, time: 0.252, data_time: 0.002, memory: 1558, loss: 0.0083
2021-06-21 20:28:27,755 - mmcls - INFO - Saving checkpoint at 89 epochs
2021-06-21 20:28:55,020 - mmcls - INFO - Epoch [90][100/391]	lr: 1.000e-03, eta: 0:39:11, time: 0.253, data_time: 0.027, memory: 1558, loss: 0.0080
2021-06-21 20:29:20,864 - mmcls - INFO - Epoch [90][200/391]	lr: 1.000e-03, eta: 0:38:54, time: 0.258, data_time: 0.002, memory: 1558, loss: 0.0068
2021-06-21 20:29:46,700 - mmcls - INFO - Epoch [90][300/391]	lr: 1.000e-03, eta: 0:38:37, time: 0.258, data_time: 0.002, memory: 1558, loss: 0.0058
2021-06-21 20:30:22,676 - mmcls - INFO - Saving checkpoint at 90 epochs
2021-06-21 20:30:24,627 - mmcls - INFO - Epoch(val) [90][79]	accuracy_top-1: 94.2900, accuracy_top-5: 99.7500
2021-06-21 20:30:53,545 - mmcls - INFO - Epoch [91][100/391]	lr: 1.000e-03, eta: 0:37:56, time: 0.289, data_time: 0.028, memory: 1558, loss: 0.0074
2021-06-21 20:31:19,303 - mmcls - INFO - Epoch [91][200/391]	lr: 1.000e-03, eta: 0:37:39, time: 0.258, data_time: 0.003, memory: 1558, loss: 0.0072
2021-06-21 20:31:44,631 - mmcls - INFO - Epoch [91][300/391]	lr: 1.000e-03, eta: 0:37:21, time: 0.253, data_time: 0.003, memory: 1558, loss: 0.0049
2021-06-21 20:32:05,047 - mmcls - INFO - Saving checkpoint at 91 epochs
2021-06-21 20:32:35,602 - mmcls - INFO - Epoch [92][100/391]	lr: 1.000e-03, eta: 0:36:41, time: 0.286, data_time: 0.028, memory: 1558, loss: 0.0062
2021-06-21 20:33:01,269 - mmcls - INFO - Epoch [92][200/391]	lr: 1.000e-03, eta: 0:36:23, time: 0.257, data_time: 0.003, memory: 1558, loss: 0.0057
2021-06-21 20:33:25,190 - mmcls - INFO - Epoch [92][300/391]	lr: 1.000e-03, eta: 0:36:05, time: 0.239, data_time: 0.003, memory: 1558, loss: 0.0057
2021-06-21 20:33:41,041 - mmcls - INFO - Saving checkpoint at 92 epochs
2021-06-21 20:34:11,276 - mmcls - INFO - Epoch [93][100/391]	lr: 1.000e-03, eta: 0:35:25, time: 0.282, data_time: 0.027, memory: 1558, loss: 0.0053
2021-06-21 20:34:37,350 - mmcls - INFO - Epoch [93][200/391]	lr: 1.000e-03, eta: 0:35:07, time: 0.261, data_time: 0.003, memory: 1558, loss: 0.0051
2021-06-21 20:35:03,193 - mmcls - INFO - Epoch [93][300/391]	lr: 1.000e-03, eta: 0:34:49, time: 0.258, data_time: 0.003, memory: 1558, loss: 0.0055
2021-06-21 20:35:22,575 - mmcls - INFO - Saving checkpoint at 93 epochs
2021-06-21 20:35:52,895 - mmcls - INFO - Epoch [94][100/391]	lr: 1.000e-03, eta: 0:34:09, time: 0.283, data_time: 0.028, memory: 1558, loss: 0.0062
2021-06-21 20:36:18,693 - mmcls - INFO - Epoch [94][200/391]	lr: 1.000e-03, eta: 0:33:51, time: 0.258, data_time: 0.003, memory: 1558, loss: 0.0047
2021-06-21 20:36:44,318 - mmcls - INFO - Epoch [94][300/391]	lr: 1.000e-03, eta: 0:33:33, time: 0.256, data_time: 0.003, memory: 1558, loss: 0.0053
2021-06-21 20:37:03,134 - mmcls - INFO - Saving checkpoint at 94 epochs
2021-06-21 20:37:33,697 - mmcls - INFO - Epoch [95][100/391]	lr: 1.000e-03, eta: 0:32:53, time: 0.285, data_time: 0.027, memory: 1558, loss: 0.0049
2021-06-21 20:37:59,895 - mmcls - INFO - Epoch [95][200/391]	lr: 1.000e-03, eta: 0:32:35, time: 0.262, data_time: 0.003, memory: 1558, loss: 0.0068
2021-06-21 20:38:24,745 - mmcls - INFO - Epoch [95][300/391]	lr: 1.000e-03, eta: 0:32:17, time: 0.248, data_time: 0.003, memory: 1558, loss: 0.0052
2021-06-21 20:38:58,328 - mmcls - INFO - Saving checkpoint at 95 epochs
2021-06-21 20:39:00,348 - mmcls - INFO - Epoch(val) [95][79]	accuracy_top-1: 94.3800, accuracy_top-5: 99.7500
2021-06-21 20:39:28,809 - mmcls - INFO - Epoch [96][100/391]	lr: 1.000e-03, eta: 0:31:37, time: 0.284, data_time: 0.028, memory: 1558, loss: 0.0053
2021-06-21 20:39:54,898 - mmcls - INFO - Epoch [96][200/391]	lr: 1.000e-03, eta: 0:31:19, time: 0.261, data_time: 0.003, memory: 1558, loss: 0.0049
2021-06-21 20:40:16,344 - mmcls - INFO - Epoch [96][300/391]	lr: 1.000e-03, eta: 0:31:00, time: 0.214, data_time: 0.002, memory: 1558, loss: 0.0052
2021-06-21 20:40:39,804 - mmcls - INFO - Saving checkpoint at 96 epochs
2021-06-21 20:41:10,197 - mmcls - INFO - Epoch [97][100/391]	lr: 1.000e-03, eta: 0:30:20, time: 0.283, data_time: 0.026, memory: 1558, loss: 0.0053
2021-06-21 20:41:34,730 - mmcls - INFO - Epoch [97][200/391]	lr: 1.000e-03, eta: 0:30:02, time: 0.245, data_time: 0.003, memory: 1558, loss: 0.0041
2021-06-21 20:41:52,108 - mmcls - INFO - Epoch [97][300/391]	lr: 1.000e-03, eta: 0:29:42, time: 0.174, data_time: 0.002, memory: 1558, loss: 0.0055
2021-06-21 20:42:15,515 - mmcls - INFO - Saving checkpoint at 97 epochs
2021-06-21 20:42:45,912 - mmcls - INFO - Epoch [98][100/391]	lr: 1.000e-03, eta: 0:29:02, time: 0.284, data_time: 0.027, memory: 1558, loss: 0.0041
2021-06-21 20:43:11,927 - mmcls - INFO - Epoch [98][200/391]	lr: 1.000e-03, eta: 0:28:44, time: 0.260, data_time: 0.003, memory: 1558, loss: 0.0046
2021-06-21 20:43:33,408 - mmcls - INFO - Epoch [98][300/391]	lr: 1.000e-03, eta: 0:28:25, time: 0.215, data_time: 0.002, memory: 1558, loss: 0.0049
2021-06-21 20:43:57,134 - mmcls - INFO - Saving checkpoint at 98 epochs
2021-06-21 20:44:27,844 - mmcls - INFO - Epoch [99][100/391]	lr: 1.000e-03, eta: 0:27:46, time: 0.287, data_time: 0.028, memory: 1558, loss: 0.0041
2021-06-21 20:44:54,038 - mmcls - INFO - Epoch [99][200/391]	lr: 1.000e-03, eta: 0:27:27, time: 0.262, data_time: 0.003, memory: 1558, loss: 0.0041
2021-06-21 20:45:15,315 - mmcls - INFO - Epoch [99][300/391]	lr: 1.000e-03, eta: 0:27:08, time: 0.213, data_time: 0.002, memory: 1558, loss: 0.0039
2021-06-21 20:45:38,797 - mmcls - INFO - Saving checkpoint at 99 epochs
2021-06-21 20:46:09,294 - mmcls - INFO - Epoch [100][100/391]	lr: 1.000e-03, eta: 0:26:29, time: 0.285, data_time: 0.028, memory: 1558, loss: 0.0060
2021-06-21 20:46:34,580 - mmcls - INFO - Epoch [100][200/391]	lr: 1.000e-03, eta: 0:26:10, time: 0.253, data_time: 0.003, memory: 1558, loss: 0.0050
2021-06-21 20:46:57,198 - mmcls - INFO - Epoch [100][300/391]	lr: 1.000e-03, eta: 0:25:51, time: 0.226, data_time: 0.005, memory: 1558, loss: 0.0045
2021-06-21 20:47:32,966 - mmcls - INFO - Saving checkpoint at 100 epochs
2021-06-21 20:47:34,969 - mmcls - INFO - Epoch(val) [100][79]	accuracy_top-1: 94.4800, accuracy_top-5: 99.7300
2021-06-21 20:48:03,094 - mmcls - INFO - Epoch [101][100/391]	lr: 1.000e-03, eta: 0:25:12, time: 0.281, data_time: 0.025, memory: 1558, loss: 0.0038
2021-06-21 20:48:24,119 - mmcls - INFO - Epoch [101][200/391]	lr: 1.000e-03, eta: 0:24:53, time: 0.210, data_time: 0.003, memory: 1558, loss: 0.0036
2021-06-21 20:48:50,224 - mmcls - INFO - Epoch [101][300/391]	lr: 1.000e-03, eta: 0:24:34, time: 0.261, data_time: 0.003, memory: 1558, loss: 0.0046
2021-06-21 20:49:13,515 - mmcls - INFO - Saving checkpoint at 101 epochs
2021-06-21 20:49:43,385 - mmcls - INFO - Epoch [102][100/391]	lr: 1.000e-03, eta: 0:23:55, time: 0.279, data_time: 0.027, memory: 1558, loss: 0.0033
2021-06-21 20:49:59,236 - mmcls - INFO - Epoch [102][200/391]	lr: 1.000e-03, eta: 0:23:35, time: 0.159, data_time: 0.003, memory: 1558, loss: 0.0038
2021-06-21 20:50:24,890 - mmcls - INFO - Epoch [102][300/391]	lr: 1.000e-03, eta: 0:23:16, time: 0.256, data_time: 0.003, memory: 1558, loss: 0.0043
2021-06-21 20:50:48,510 - mmcls - INFO - Saving checkpoint at 102 epochs
2021-06-21 20:51:19,157 - mmcls - INFO - Epoch [103][100/391]	lr: 1.000e-03, eta: 0:22:37, time: 0.286, data_time: 0.027, memory: 1558, loss: 0.0028
2021-06-21 20:51:40,398 - mmcls - INFO - Epoch [103][200/391]	lr: 1.000e-03, eta: 0:22:18, time: 0.212, data_time: 0.003, memory: 1558, loss: 0.0031
2021-06-21 20:52:06,241 - mmcls - INFO - Epoch [103][300/391]	lr: 1.000e-03, eta: 0:22:00, time: 0.258, data_time: 0.003, memory: 1558, loss: 0.0033
2021-06-21 20:52:30,056 - mmcls - INFO - Saving checkpoint at 103 epochs
2021-06-21 20:53:00,617 - mmcls - INFO - Epoch [104][100/391]	lr: 1.000e-03, eta: 0:21:21, time: 0.288, data_time: 0.027, memory: 1558, loss: 0.0041
2021-06-21 20:53:22,444 - mmcls - INFO - Epoch [104][200/391]	lr: 1.000e-03, eta: 0:21:02, time: 0.218, data_time: 0.003, memory: 1558, loss: 0.0037
2021-06-21 20:53:48,453 - mmcls - INFO - Epoch [104][300/391]	lr: 1.000e-03, eta: 0:20:43, time: 0.260, data_time: 0.003, memory: 1558, loss: 0.0032
2021-06-21 20:54:12,161 - mmcls - INFO - Saving checkpoint at 104 epochs
2021-06-21 20:54:42,260 - mmcls - INFO - Epoch [105][100/391]	lr: 1.000e-03, eta: 0:20:04, time: 0.283, data_time: 0.027, memory: 1558, loss: 0.0036
2021-06-21 20:55:04,092 - mmcls - INFO - Epoch [105][200/391]	lr: 1.000e-03, eta: 0:19:45, time: 0.218, data_time: 0.003, memory: 1558, loss: 0.0029
2021-06-21 20:55:30,410 - mmcls - INFO - Epoch [105][300/391]	lr: 1.000e-03, eta: 0:19:26, time: 0.263, data_time: 0.003, memory: 1558, loss: 0.0033
2021-06-21 20:56:08,702 - mmcls - INFO - Saving checkpoint at 105 epochs
2021-06-21 20:56:10,696 - mmcls - INFO - Epoch(val) [105][79]	accuracy_top-1: 94.4100, accuracy_top-5: 99.7400
2021-06-21 20:56:34,681 - mmcls - INFO - Epoch [106][100/391]	lr: 1.000e-03, eta: 0:18:47, time: 0.240, data_time: 0.027, memory: 1558, loss: 0.0032
2021-06-21 20:57:00,871 - mmcls - INFO - Epoch [106][200/391]	lr: 1.000e-03, eta: 0:18:28, time: 0.262, data_time: 0.003, memory: 1558, loss: 0.0033
2021-06-21 20:57:26,793 - mmcls - INFO - Epoch [106][300/391]	lr: 1.000e-03, eta: 0:18:10, time: 0.259, data_time: 0.003, memory: 1558, loss: 0.0031
2021-06-21 20:57:50,032 - mmcls - INFO - Saving checkpoint at 106 epochs
2021-06-21 20:58:10,079 - mmcls - INFO - Epoch [107][100/391]	lr: 1.000e-03, eta: 0:17:30, time: 0.181, data_time: 0.028, memory: 1558, loss: 0.0044
2021-06-21 20:58:36,410 - mmcls - INFO - Epoch [107][200/391]	lr: 1.000e-03, eta: 0:17:11, time: 0.263, data_time: 0.003, memory: 1558, loss: 0.0029
2021-06-21 20:59:02,519 - mmcls - INFO - Epoch [107][300/391]	lr: 1.000e-03, eta: 0:16:52, time: 0.261, data_time: 0.003, memory: 1558, loss: 0.0033
2021-06-21 20:59:26,435 - mmcls - INFO - Saving checkpoint at 107 epochs
2021-06-21 20:59:52,262 - mmcls - INFO - Epoch [108][100/391]	lr: 1.000e-03, eta: 0:16:13, time: 0.238, data_time: 0.027, memory: 1558, loss: 0.0027
2021-06-21 21:00:18,317 - mmcls - INFO - Epoch [108][200/391]	lr: 1.000e-03, eta: 0:15:55, time: 0.261, data_time: 0.003, memory: 1558, loss: 0.0030
2021-06-21 21:00:44,348 - mmcls - INFO - Epoch [108][300/391]	lr: 1.000e-03, eta: 0:15:36, time: 0.260, data_time: 0.003, memory: 1558, loss: 0.0031
2021-06-21 21:01:08,143 - mmcls - INFO - Saving checkpoint at 108 epochs
2021-06-21 21:01:34,175 - mmcls - INFO - Epoch [109][100/391]	lr: 1.000e-03, eta: 0:14:57, time: 0.240, data_time: 0.026, memory: 1558, loss: 0.0034
2021-06-21 21:02:00,189 - mmcls - INFO - Epoch [109][200/391]	lr: 1.000e-03, eta: 0:14:38, time: 0.260, data_time: 0.003, memory: 1558, loss: 0.0030
2021-06-21 21:02:26,406 - mmcls - INFO - Epoch [109][300/391]	lr: 1.000e-03, eta: 0:14:19, time: 0.262, data_time: 0.003, memory: 1558, loss: 0.0032
2021-06-21 21:02:50,378 - mmcls - INFO - Saving checkpoint at 109 epochs
2021-06-21 21:03:17,458 - mmcls - INFO - Epoch [110][100/391]	lr: 1.000e-03, eta: 0:13:41, time: 0.251, data_time: 0.026, memory: 1558, loss: 0.0027
2021-06-21 21:03:43,776 - mmcls - INFO - Epoch [110][200/391]	lr: 1.000e-03, eta: 0:13:22, time: 0.263, data_time: 0.003, memory: 1558, loss: 0.0029
2021-06-21 21:04:09,822 - mmcls - INFO - Epoch [110][300/391]	lr: 1.000e-03, eta: 0:13:03, time: 0.260, data_time: 0.003, memory: 1558, loss: 0.0036
2021-06-21 21:04:46,383 - mmcls - INFO - Saving checkpoint at 110 epochs
2021-06-21 21:04:48,416 - mmcls - INFO - Epoch(val) [110][79]	accuracy_top-1: 94.5500, accuracy_top-5: 99.7100
2021-06-21 21:05:16,961 - mmcls - INFO - Epoch [111][100/391]	lr: 1.000e-03, eta: 0:12:25, time: 0.285, data_time: 0.027, memory: 1558, loss: 0.0028
2021-06-21 21:05:43,400 - mmcls - INFO - Epoch [111][200/391]	lr: 1.000e-03, eta: 0:12:06, time: 0.264, data_time: 0.003, memory: 1558, loss: 0.0030
2021-06-21 21:06:08,224 - mmcls - INFO - Epoch [111][300/391]	lr: 1.000e-03, eta: 0:11:46, time: 0.248, data_time: 0.003, memory: 1558, loss: 0.0028
2021-06-21 21:06:22,263 - mmcls - INFO - Saving checkpoint at 111 epochs
2021-06-21 21:06:39,352 - mmcls - INFO - Epoch [112][100/391]	lr: 1.000e-03, eta: 0:11:07, time: 0.150, data_time: 0.027, memory: 1558, loss: 0.0024
2021-06-21 21:06:52,437 - mmcls - INFO - Epoch [112][200/391]	lr: 1.000e-03, eta: 0:10:47, time: 0.131, data_time: 0.003, memory: 1558, loss: 0.0033
2021-06-21 21:07:05,079 - mmcls - INFO - Epoch [112][300/391]	lr: 1.000e-03, eta: 0:10:27, time: 0.126, data_time: 0.002, memory: 1558, loss: 0.0035
2021-06-21 21:07:16,460 - mmcls - INFO - Saving checkpoint at 112 epochs
2021-06-21 21:07:33,880 - mmcls - INFO - Epoch [113][100/391]	lr: 1.000e-03, eta: 0:09:48, time: 0.154, data_time: 0.026, memory: 1558, loss: 0.0036
2021-06-21 21:07:46,759 - mmcls - INFO - Epoch [113][200/391]	lr: 1.000e-03, eta: 0:09:29, time: 0.129, data_time: 0.003, memory: 1558, loss: 0.0031
2021-06-21 21:07:59,404 - mmcls - INFO - Epoch [113][300/391]	lr: 1.000e-03, eta: 0:09:09, time: 0.126, data_time: 0.003, memory: 1558, loss: 0.0032
2021-06-21 21:08:11,391 - mmcls - INFO - Saving checkpoint at 113 epochs
2021-06-21 21:08:28,384 - mmcls - INFO - Epoch [114][100/391]	lr: 1.000e-03, eta: 0:08:30, time: 0.150, data_time: 0.027, memory: 1558, loss: 0.0028
2021-06-21 21:08:40,958 - mmcls - INFO - Epoch [114][200/391]	lr: 1.000e-03, eta: 0:08:11, time: 0.126, data_time: 0.003, memory: 1558, loss: 0.0027
2021-06-21 21:08:53,626 - mmcls - INFO - Epoch [114][300/391]	lr: 1.000e-03, eta: 0:07:51, time: 0.127, data_time: 0.002, memory: 1558, loss: 0.0030
2021-06-21 21:09:05,372 - mmcls - INFO - Saving checkpoint at 114 epochs
2021-06-21 21:09:22,897 - mmcls - INFO - Epoch [115][100/391]	lr: 1.000e-03, eta: 0:07:13, time: 0.155, data_time: 0.027, memory: 1558, loss: 0.0028
2021-06-21 21:09:35,611 - mmcls - INFO - Epoch [115][200/391]	lr: 1.000e-03, eta: 0:06:53, time: 0.127, data_time: 0.003, memory: 1558, loss: 0.0034
2021-06-21 21:09:48,401 - mmcls - INFO - Epoch [115][300/391]	lr: 1.000e-03, eta: 0:06:34, time: 0.128, data_time: 0.002, memory: 1558, loss: 0.0025
2021-06-21 21:10:09,487 - mmcls - INFO - Saving checkpoint at 115 epochs
2021-06-21 21:10:11,471 - mmcls - INFO - Epoch(val) [115][79]	accuracy_top-1: 94.5500, accuracy_top-5: 99.7100
2021-06-21 21:10:26,641 - mmcls - INFO - Epoch [116][100/391]	lr: 1.000e-03, eta: 0:05:56, time: 0.151, data_time: 0.028, memory: 1558, loss: 0.0027
2021-06-21 21:10:39,473 - mmcls - INFO - Epoch [116][200/391]	lr: 1.000e-03, eta: 0:05:36, time: 0.128, data_time: 0.003, memory: 1558, loss: 0.0024
2021-06-21 21:10:52,074 - mmcls - INFO - Epoch [116][300/391]	lr: 1.000e-03, eta: 0:05:17, time: 0.126, data_time: 0.003, memory: 1558, loss: 0.0025
2021-06-21 21:11:03,600 - mmcls - INFO - Saving checkpoint at 116 epochs
2021-06-21 21:11:20,803 - mmcls - INFO - Epoch [117][100/391]	lr: 1.000e-03, eta: 0:04:40, time: 0.152, data_time: 0.027, memory: 1558, loss: 0.0023
2021-06-21 21:11:33,597 - mmcls - INFO - Epoch [117][200/391]	lr: 1.000e-03, eta: 0:04:20, time: 0.128, data_time: 0.003, memory: 1558, loss: 0.0032
2021-06-21 21:11:46,395 - mmcls - INFO - Epoch [117][300/391]	lr: 1.000e-03, eta: 0:04:01, time: 0.128, data_time: 0.003, memory: 1558, loss: 0.0027
2021-06-21 21:11:57,999 - mmcls - INFO - Saving checkpoint at 117 epochs
2021-06-21 21:12:15,767 - mmcls - INFO - Epoch [118][100/391]	lr: 1.000e-03, eta: 0:03:24, time: 0.157, data_time: 0.029, memory: 1558, loss: 0.0025
2021-06-21 21:12:28,701 - mmcls - INFO - Epoch [118][200/391]	lr: 1.000e-03, eta: 0:03:05, time: 0.129, data_time: 0.003, memory: 1558, loss: 0.0029
2021-06-21 21:12:41,266 - mmcls - INFO - Epoch [118][300/391]	lr: 1.000e-03, eta: 0:02:46, time: 0.126, data_time: 0.003, memory: 1558, loss: 0.0022
2021-06-21 21:12:52,727 - mmcls - INFO - Saving checkpoint at 118 epochs
2021-06-21 21:13:09,981 - mmcls - INFO - Epoch [119][100/391]	lr: 1.000e-03, eta: 0:02:09, time: 0.152, data_time: 0.027, memory: 1558, loss: 0.0031
2021-06-21 21:13:22,674 - mmcls - INFO - Epoch [119][200/391]	lr: 1.000e-03, eta: 0:01:50, time: 0.127, data_time: 0.003, memory: 1558, loss: 0.0027
2021-06-21 21:13:35,275 - mmcls - INFO - Epoch [119][300/391]	lr: 1.000e-03, eta: 0:01:31, time: 0.126, data_time: 0.002, memory: 1558, loss: 0.0022
2021-06-21 21:13:46,787 - mmcls - INFO - Saving checkpoint at 119 epochs
2021-06-21 21:14:03,842 - mmcls - INFO - Epoch [120][100/391]	lr: 1.000e-03, eta: 0:00:55, time: 0.151, data_time: 0.027, memory: 1558, loss: 0.0031
2021-06-21 21:14:16,470 - mmcls - INFO - Epoch [120][200/391]	lr: 1.000e-03, eta: 0:00:36, time: 0.126, data_time: 0.002, memory: 1558, loss: 0.0022
2021-06-21 21:14:28,949 - mmcls - INFO - Epoch [120][300/391]	lr: 1.000e-03, eta: 0:00:17, time: 0.125, data_time: 0.002, memory: 1558, loss: 0.0019
2021-06-21 21:14:47,885 - mmcls - INFO - Saving checkpoint at 120 epochs
2021-06-21 21:14:49,884 - mmcls - INFO - Epoch(val) [120][79]	accuracy_top-1: 94.5400, accuracy_top-5: 99.7000
