2021-06-21 17:51:44,202 - mmcls - INFO - Environment info:
------------------------------------------------------------
sys.platform: linux
Python: 3.7.10 (default, Feb 26 2021, 18:47:35) [GCC 7.3.0]
CUDA available: True
GPU 0: GeForce GTX 1080 Ti
CUDA_HOME: /usr/local/cuda
NVCC: Cuda compilation tools, release 10.1, V10.1.243
GCC: gcc (Ubuntu 5.4.0-6ubuntu1~16.04.11) 5.4.0 20160609
PyTorch: 1.6.0
PyTorch compiling details: PyTorch built with:
  - GCC 7.3
  - C++ Version: 201402
  - Intel(R) oneAPI Math Kernel Library Version 2021.2-Product Build 20210312 for Intel(R) 64 architecture applications
  - Intel(R) MKL-DNN v1.5.0 (Git Hash e2ac1fac44c5078ca927cb9b90e1b3066a0b2ed0)
  - OpenMP 201511 (a.k.a. OpenMP 4.5)
  - NNPACK is enabled
  - CPU capability usage: AVX2
  - CUDA Runtime 10.1
  - NVCC architecture flags: -gencode;arch=compute_37,code=sm_37;-gencode;arch=compute_50,code=sm_50;-gencode;arch=compute_60,code=sm_60;-gencode;arch=compute_61,code=sm_61;-gencode;arch=compute_70,code=sm_70;-gencode;arch=compute_75,code=sm_75;-gencode;arch=compute_37,code=compute_37
  - CuDNN 7.6.3
  - Magma 2.5.2
  - Build settings: BLAS=MKL, BUILD_TYPE=Release, CXX_FLAGS= -Wno-deprecated -fvisibility-inlines-hidden -DUSE_PTHREADPOOL -fopenmp -DNDEBUG -DUSE_FBGEMM -DUSE_QNNPACK -DUSE_PYTORCH_QNNPACK -DUSE_XNNPACK -DUSE_VULKAN_WRAPPER -O2 -fPIC -Wno-narrowing -Wall -Wextra -Werror=return-type -Wno-missing-field-initializers -Wno-type-limits -Wno-array-bounds -Wno-unknown-pragmas -Wno-sign-compare -Wno-unused-parameter -Wno-unused-variable -Wno-unused-function -Wno-unused-result -Wno-unused-local-typedefs -Wno-strict-overflow -Wno-strict-aliasing -Wno-error=deprecated-declarations -Wno-stringop-overflow -Wno-error=pedantic -Wno-error=redundant-decls -Wno-error=old-style-cast -fdiagnostics-color=always -faligned-new -Wno-unused-but-set-variable -Wno-maybe-uninitialized -fno-math-errno -fno-trapping-math -Werror=format -Wno-stringop-overflow, PERF_WITH_AVX=1, PERF_WITH_AVX2=1, PERF_WITH_AVX512=1, USE_CUDA=ON, USE_EXCEPTION_PTR=1, USE_GFLAGS=OFF, USE_GLOG=OFF, USE_MKL=ON, USE_MKLDNN=ON, USE_MPI=OFF, USE_NCCL=ON, USE_NNPACK=ON, USE_OPENMP=ON, USE_STATIC_DISPATCH=OFF, 

TorchVision: 0.7.0
OpenCV: 4.5.2
MMCV: 1.3.4
MMCV Compiler: GCC 7.3
MMCV CUDA Compiler: 10.1
MMClassification: 0.11.1+b67a11c
------------------------------------------------------------

2021-06-21 17:51:44,202 - mmcls - INFO - Distributed training: False
2021-06-21 17:51:44,498 - mmcls - INFO - Config:
model = dict(
    type='ImageClassifier',
    backbone=dict(
        type='ResNetVisionTransformer',
        num_layers=16,
        embed_dim=256,
        num_heads=8,
        img_size=32,
        patch_size=16,
        in_channels=3,
        feedforward_channels=1024,
        drop_rate=0.1,
        resnet_kwargs=dict(depth=18, num_stages=4)),
    neck=None,
    head=dict(
        type='VisionTransformerClsHead',
        num_classes=10,
        in_channels=256,
        loss=dict(type='CrossEntropyLoss', loss_weight=1.0),
        topk=(1, 5)))
dataset_type = 'CIFAR10'
img_norm_cfg = dict(
    mean=[125.307, 122.961, 113.8575],
    std=[51.5865, 50.847, 51.255],
    to_rgb=True)
train_pipeline = [
    dict(type='RandomCrop', size=32, padding=4),
    dict(type='RandomFlip', flip_prob=0.5, direction='horizontal'),
    dict(
        type='Normalize',
        mean=[125.307, 122.961, 113.8575],
        std=[51.5865, 50.847, 51.255],
        to_rgb=True),
    dict(type='ImageToTensor', keys=['img']),
    dict(type='ToTensor', keys=['gt_label']),
    dict(type='Collect', keys=['img', 'gt_label'])
]
test_pipeline = [
    dict(
        type='Normalize',
        mean=[125.307, 122.961, 113.8575],
        std=[51.5865, 50.847, 51.255],
        to_rgb=True),
    dict(type='ImageToTensor', keys=['img']),
    dict(type='Collect', keys=['img'])
]
data = dict(
    samples_per_gpu=128,
    workers_per_gpu=4,
    train=dict(
        type='CIFAR10',
        data_prefix='data/cifar10',
        pipeline=[
            dict(type='RandomCrop', size=32, padding=4),
            dict(type='RandomFlip', flip_prob=0.5, direction='horizontal'),
            dict(
                type='Normalize',
                mean=[125.307, 122.961, 113.8575],
                std=[51.5865, 50.847, 51.255],
                to_rgb=True),
            dict(type='ImageToTensor', keys=['img']),
            dict(type='ToTensor', keys=['gt_label']),
            dict(type='Collect', keys=['img', 'gt_label'])
        ]),
    val=dict(
        type='CIFAR10',
        data_prefix='data/cifar10',
        pipeline=[
            dict(
                type='Normalize',
                mean=[125.307, 122.961, 113.8575],
                std=[51.5865, 50.847, 51.255],
                to_rgb=True),
            dict(type='ImageToTensor', keys=['img']),
            dict(type='Collect', keys=['img'])
        ]),
    test=dict(
        type='CIFAR10',
        data_prefix='data/cifar10',
        pipeline=[
            dict(
                type='Normalize',
                mean=[125.307, 122.961, 113.8575],
                std=[51.5865, 50.847, 51.255],
                to_rgb=True),
            dict(type='ImageToTensor', keys=['img']),
            dict(type='Collect', keys=['img'])
        ]))
optimizer = dict(type='SGD', lr=0.1, momentum=0.9, weight_decay=0.0005)
optimizer_config = dict(grad_clip=None)
lr_config = dict(policy='step', step=[40, 80], gamma=0.1)
runner = dict(type='EpochBasedRunner', max_epochs=120)
checkpoint_config = dict(interval=1)
log_config = dict(interval=100, hooks=[dict(type='TextLoggerHook')])
dist_params = dict(backend='nccl')
log_level = 'INFO'
load_from = None
resume_from = None
workflow = [('train', 1)]
evaluation = dict(interval=5)
work_dir = './work_dirs/resnet18_vit_cifar10_B'
gpu_ids = range(0, 1)

2021-06-21 17:51:57,531 - mmcls - INFO - Start running, host: root@efff16289307, work_dir: /remote-home/shenduxuexi15/mmlab/mmclassification/work_dirs/resnet18_vit_cifar10_B
2021-06-21 17:51:57,532 - mmcls - INFO - workflow: [('train', 1)], max: 120 epochs
2021-06-21 17:52:12,759 - mmcls - INFO - Epoch [1][100/391]	lr: 1.000e-01, eta: 1:58:42, time: 0.152, data_time: 0.025, memory: 1627, loss: 3.3257
2021-06-21 17:52:25,361 - mmcls - INFO - Epoch [1][200/391]	lr: 1.000e-01, eta: 1:48:17, time: 0.126, data_time: 0.002, memory: 1627, loss: 2.1390
2021-06-21 17:52:38,009 - mmcls - INFO - Epoch [1][300/391]	lr: 1.000e-01, eta: 1:44:47, time: 0.126, data_time: 0.002, memory: 1627, loss: 1.9827
2021-06-21 17:52:49,685 - mmcls - INFO - Saving checkpoint at 1 epochs
2021-06-21 17:53:06,816 - mmcls - INFO - Epoch [2][100/391]	lr: 1.000e-01, eta: 1:27:47, time: 0.152, data_time: 0.025, memory: 1627, loss: 1.8706
2021-06-21 17:53:19,811 - mmcls - INFO - Epoch [2][200/391]	lr: 1.000e-01, eta: 1:29:45, time: 0.130, data_time: 0.003, memory: 1627, loss: 1.7701
2021-06-21 17:53:32,752 - mmcls - INFO - Epoch [2][300/391]	lr: 1.000e-01, eta: 1:31:02, time: 0.129, data_time: 0.002, memory: 1627, loss: 1.6866
2021-06-21 17:53:44,378 - mmcls - INFO - Saving checkpoint at 2 epochs
2021-06-21 17:54:01,569 - mmcls - INFO - Epoch [3][100/391]	lr: 1.000e-01, eta: 1:24:09, time: 0.151, data_time: 0.025, memory: 1627, loss: 1.5440
2021-06-21 17:54:14,212 - mmcls - INFO - Epoch [3][200/391]	lr: 1.000e-01, eta: 1:25:16, time: 0.126, data_time: 0.003, memory: 1627, loss: 1.4962
2021-06-21 17:54:26,962 - mmcls - INFO - Epoch [3][300/391]	lr: 1.000e-01, eta: 1:26:13, time: 0.127, data_time: 0.002, memory: 1627, loss: 1.4382
2021-06-21 17:54:38,739 - mmcls - INFO - Saving checkpoint at 3 epochs
2021-06-21 17:55:03,987 - mmcls - INFO - Epoch [4][100/391]	lr: 1.000e-01, eta: 1:26:51, time: 0.232, data_time: 0.025, memory: 1627, loss: 1.3437
2021-06-21 17:55:28,286 - mmcls - INFO - Epoch [4][200/391]	lr: 1.000e-01, eta: 1:33:47, time: 0.243, data_time: 0.003, memory: 1627, loss: 1.3010
2021-06-21 17:55:52,492 - mmcls - INFO - Epoch [4][300/391]	lr: 1.000e-01, eta: 1:39:40, time: 0.242, data_time: 0.002, memory: 1627, loss: 1.2176
2021-06-21 17:56:14,706 - mmcls - INFO - Saving checkpoint at 4 epochs
2021-06-21 17:56:39,466 - mmcls - INFO - Epoch [5][100/391]	lr: 1.000e-01, eta: 1:38:10, time: 0.227, data_time: 0.026, memory: 1627, loss: 1.1084
2021-06-21 17:57:04,026 - mmcls - INFO - Epoch [5][200/391]	lr: 1.000e-01, eta: 1:42:52, time: 0.246, data_time: 0.002, memory: 1627, loss: 1.0688
2021-06-21 17:57:28,203 - mmcls - INFO - Epoch [5][300/391]	lr: 1.000e-01, eta: 1:46:52, time: 0.242, data_time: 0.002, memory: 1627, loss: 1.0431
2021-06-21 17:58:02,624 - mmcls - INFO - Saving checkpoint at 5 epochs
2021-06-21 17:58:04,972 - mmcls - INFO - Epoch(val) [5][79]	accuracy_top-1: 64.0500, accuracy_top-5: 96.7500
2021-06-21 17:58:30,539 - mmcls - INFO - Epoch [6][100/391]	lr: 1.000e-01, eta: 1:45:46, time: 0.254, data_time: 0.025, memory: 1627, loss: 0.9626
2021-06-21 17:58:54,809 - mmcls - INFO - Epoch [6][200/391]	lr: 1.000e-01, eta: 1:49:02, time: 0.243, data_time: 0.002, memory: 1627, loss: 0.9538
2021-06-21 17:59:19,441 - mmcls - INFO - Epoch [6][300/391]	lr: 1.000e-01, eta: 1:52:06, time: 0.246, data_time: 0.003, memory: 1627, loss: 0.9128
2021-06-21 17:59:41,758 - mmcls - INFO - Saving checkpoint at 6 epochs
2021-06-21 18:00:06,646 - mmcls - INFO - Epoch [7][100/391]	lr: 1.000e-01, eta: 1:49:49, time: 0.228, data_time: 0.026, memory: 1627, loss: 0.8685
2021-06-21 18:00:31,189 - mmcls - INFO - Epoch [7][200/391]	lr: 1.000e-01, eta: 1:52:23, time: 0.245, data_time: 0.003, memory: 1627, loss: 0.8371
2021-06-21 18:00:55,720 - mmcls - INFO - Epoch [7][300/391]	lr: 1.000e-01, eta: 1:54:44, time: 0.245, data_time: 0.003, memory: 1627, loss: 0.8175
2021-06-21 18:01:18,091 - mmcls - INFO - Saving checkpoint at 7 epochs
2021-06-21 18:01:42,405 - mmcls - INFO - Epoch [8][100/391]	lr: 1.000e-01, eta: 1:52:20, time: 0.223, data_time: 0.026, memory: 1627, loss: 0.7716
2021-06-21 18:02:06,434 - mmcls - INFO - Epoch [8][200/391]	lr: 1.000e-01, eta: 1:54:15, time: 0.240, data_time: 0.003, memory: 1627, loss: 0.7311
2021-06-21 18:02:30,776 - mmcls - INFO - Epoch [8][300/391]	lr: 1.000e-01, eta: 1:56:06, time: 0.243, data_time: 0.003, memory: 1627, loss: 0.7178
2021-06-21 18:02:53,169 - mmcls - INFO - Saving checkpoint at 8 epochs
2021-06-21 18:03:18,479 - mmcls - INFO - Epoch [9][100/391]	lr: 1.000e-01, eta: 1:54:00, time: 0.233, data_time: 0.026, memory: 1627, loss: 0.6844
2021-06-21 18:03:36,029 - mmcls - INFO - Epoch [9][200/391]	lr: 1.000e-01, eta: 1:54:09, time: 0.176, data_time: 0.002, memory: 1627, loss: 0.6782
2021-06-21 18:04:00,314 - mmcls - INFO - Epoch [9][300/391]	lr: 1.000e-01, eta: 1:55:42, time: 0.243, data_time: 0.003, memory: 1627, loss: 0.6741
2021-06-21 18:04:22,418 - mmcls - INFO - Saving checkpoint at 9 epochs
2021-06-21 18:04:51,255 - mmcls - INFO - Epoch [10][100/391]	lr: 1.000e-01, eta: 1:54:27, time: 0.268, data_time: 0.027, memory: 1627, loss: 0.6470
2021-06-21 18:05:11,513 - mmcls - INFO - Epoch [10][200/391]	lr: 1.000e-01, eta: 1:55:03, time: 0.203, data_time: 0.002, memory: 1627, loss: 0.6392
2021-06-21 18:05:35,799 - mmcls - INFO - Epoch [10][300/391]	lr: 1.000e-01, eta: 1:56:20, time: 0.243, data_time: 0.003, memory: 1627, loss: 0.6391
2021-06-21 18:06:10,832 - mmcls - INFO - Saving checkpoint at 10 epochs
2021-06-21 18:06:12,846 - mmcls - INFO - Epoch(val) [10][79]	accuracy_top-1: 76.1600, accuracy_top-5: 97.8000
2021-06-21 18:06:39,136 - mmcls - INFO - Epoch [11][100/391]	lr: 1.000e-01, eta: 1:54:59, time: 0.263, data_time: 0.026, memory: 1627, loss: 0.5991
2021-06-21 18:06:59,259 - mmcls - INFO - Epoch [11][200/391]	lr: 1.000e-01, eta: 1:55:25, time: 0.201, data_time: 0.002, memory: 1627, loss: 0.6221
2021-06-21 18:07:23,484 - mmcls - INFO - Epoch [11][300/391]	lr: 1.000e-01, eta: 1:56:31, time: 0.242, data_time: 0.003, memory: 1627, loss: 0.6246
2021-06-21 18:07:45,557 - mmcls - INFO - Saving checkpoint at 11 epochs
2021-06-21 18:08:14,310 - mmcls - INFO - Epoch [12][100/391]	lr: 1.000e-01, eta: 1:55:15, time: 0.267, data_time: 0.027, memory: 1627, loss: 0.5909
2021-06-21 18:08:34,449 - mmcls - INFO - Epoch [12][200/391]	lr: 1.000e-01, eta: 1:55:36, time: 0.201, data_time: 0.003, memory: 1627, loss: 0.6054
2021-06-21 18:08:58,749 - mmcls - INFO - Epoch [12][300/391]	lr: 1.000e-01, eta: 1:56:32, time: 0.243, data_time: 0.003, memory: 1627, loss: 0.5796
2021-06-21 18:09:20,606 - mmcls - INFO - Saving checkpoint at 12 epochs
2021-06-21 18:09:49,079 - mmcls - INFO - Epoch [13][100/391]	lr: 1.000e-01, eta: 1:55:15, time: 0.263, data_time: 0.025, memory: 1627, loss: 0.5693
2021-06-21 18:10:11,866 - mmcls - INFO - Epoch [13][200/391]	lr: 1.000e-01, eta: 1:55:53, time: 0.228, data_time: 0.002, memory: 1627, loss: 0.5587
2021-06-21 18:10:34,072 - mmcls - INFO - Epoch [13][300/391]	lr: 1.000e-01, eta: 1:56:24, time: 0.222, data_time: 0.005, memory: 1627, loss: 0.5791
2021-06-21 18:10:55,932 - mmcls - INFO - Saving checkpoint at 13 epochs
2021-06-21 18:11:24,269 - mmcls - INFO - Epoch [14][100/391]	lr: 1.000e-01, eta: 1:55:07, time: 0.262, data_time: 0.026, memory: 1627, loss: 0.5264
2021-06-21 18:11:48,504 - mmcls - INFO - Epoch [14][200/391]	lr: 1.000e-01, eta: 1:55:51, time: 0.242, data_time: 0.003, memory: 1627, loss: 0.5481
2021-06-21 18:12:06,476 - mmcls - INFO - Epoch [14][300/391]	lr: 1.000e-01, eta: 1:55:45, time: 0.180, data_time: 0.003, memory: 1627, loss: 0.5403
2021-06-21 18:12:23,810 - mmcls - INFO - Saving checkpoint at 14 epochs
2021-06-21 18:12:52,135 - mmcls - INFO - Epoch [15][100/391]	lr: 1.000e-01, eta: 1:54:31, time: 0.263, data_time: 0.027, memory: 1627, loss: 0.5247
2021-06-21 18:13:16,353 - mmcls - INFO - Epoch [15][200/391]	lr: 1.000e-01, eta: 1:55:09, time: 0.242, data_time: 0.003, memory: 1627, loss: 0.5263
2021-06-21 18:13:40,818 - mmcls - INFO - Epoch [15][300/391]	lr: 1.000e-01, eta: 1:55:48, time: 0.245, data_time: 0.003, memory: 1627, loss: 0.5211
2021-06-21 18:14:12,026 - mmcls - INFO - Saving checkpoint at 15 epochs
2021-06-21 18:14:14,070 - mmcls - INFO - Epoch(val) [15][79]	accuracy_top-1: 79.2800, accuracy_top-5: 97.9900
2021-06-21 18:14:40,706 - mmcls - INFO - Epoch [16][100/391]	lr: 1.000e-01, eta: 1:54:37, time: 0.266, data_time: 0.026, memory: 1627, loss: 0.4863
2021-06-21 18:15:04,997 - mmcls - INFO - Epoch [16][200/391]	lr: 1.000e-01, eta: 1:55:10, time: 0.243, data_time: 0.003, memory: 1627, loss: 0.5152
2021-06-21 18:15:28,056 - mmcls - INFO - Epoch [16][300/391]	lr: 1.000e-01, eta: 1:55:34, time: 0.231, data_time: 0.003, memory: 1627, loss: 0.5181
2021-06-21 18:15:48,002 - mmcls - INFO - Saving checkpoint at 16 epochs
2021-06-21 18:16:16,556 - mmcls - INFO - Epoch [17][100/391]	lr: 1.000e-01, eta: 1:54:23, time: 0.265, data_time: 0.027, memory: 1627, loss: 0.4932
2021-06-21 18:16:40,985 - mmcls - INFO - Epoch [17][200/391]	lr: 1.000e-01, eta: 1:54:54, time: 0.244, data_time: 0.003, memory: 1627, loss: 0.5219
2021-06-21 18:17:05,409 - mmcls - INFO - Epoch [17][300/391]	lr: 1.000e-01, eta: 1:55:22, time: 0.244, data_time: 0.003, memory: 1627, loss: 0.5066
2021-06-21 18:17:23,394 - mmcls - INFO - Saving checkpoint at 17 epochs
2021-06-21 18:17:52,312 - mmcls - INFO - Epoch [18][100/391]	lr: 1.000e-01, eta: 1:54:14, time: 0.269, data_time: 0.027, memory: 1627, loss: 0.4908
2021-06-21 18:18:16,742 - mmcls - INFO - Epoch [18][200/391]	lr: 1.000e-01, eta: 1:54:40, time: 0.244, data_time: 0.003, memory: 1627, loss: 0.4843
2021-06-21 18:18:41,047 - mmcls - INFO - Epoch [18][300/391]	lr: 1.000e-01, eta: 1:55:04, time: 0.243, data_time: 0.003, memory: 1627, loss: 0.4811
2021-06-21 18:18:59,483 - mmcls - INFO - Saving checkpoint at 18 epochs
2021-06-21 18:19:28,119 - mmcls - INFO - Epoch [19][100/391]	lr: 1.000e-01, eta: 1:53:55, time: 0.266, data_time: 0.025, memory: 1627, loss: 0.4770
2021-06-21 18:19:52,104 - mmcls - INFO - Epoch [19][200/391]	lr: 1.000e-01, eta: 1:54:15, time: 0.240, data_time: 0.003, memory: 1627, loss: 0.4738
2021-06-21 18:20:16,448 - mmcls - INFO - Epoch [19][300/391]	lr: 1.000e-01, eta: 1:54:36, time: 0.243, data_time: 0.003, memory: 1627, loss: 0.4847
2021-06-21 18:20:37,595 - mmcls - INFO - Saving checkpoint at 19 epochs
2021-06-21 18:20:59,874 - mmcls - INFO - Epoch [20][100/391]	lr: 1.000e-01, eta: 1:52:55, time: 0.201, data_time: 0.026, memory: 1627, loss: 0.4860
2021-06-21 18:21:24,142 - mmcls - INFO - Epoch [20][200/391]	lr: 1.000e-01, eta: 1:53:14, time: 0.243, data_time: 0.003, memory: 1627, loss: 0.4758
2021-06-21 18:21:48,625 - mmcls - INFO - Epoch [20][300/391]	lr: 1.000e-01, eta: 1:53:33, time: 0.245, data_time: 0.003, memory: 1627, loss: 0.4778
2021-06-21 18:22:22,705 - mmcls - INFO - Saving checkpoint at 20 epochs
2021-06-21 18:22:24,719 - mmcls - INFO - Epoch(val) [20][79]	accuracy_top-1: 81.3200, accuracy_top-5: 98.3300
2021-06-21 18:22:49,093 - mmcls - INFO - Epoch [21][100/391]	lr: 1.000e-01, eta: 1:52:16, time: 0.244, data_time: 0.026, memory: 1627, loss: 0.4411
2021-06-21 18:23:13,334 - mmcls - INFO - Epoch [21][200/391]	lr: 1.000e-01, eta: 1:52:33, time: 0.242, data_time: 0.003, memory: 1627, loss: 0.4526
2021-06-21 18:23:37,695 - mmcls - INFO - Epoch [21][300/391]	lr: 1.000e-01, eta: 1:52:49, time: 0.244, data_time: 0.003, memory: 1627, loss: 0.4659
2021-06-21 18:24:00,090 - mmcls - INFO - Saving checkpoint at 21 epochs
2021-06-21 18:24:24,801 - mmcls - INFO - Epoch [22][100/391]	lr: 1.000e-01, eta: 1:51:26, time: 0.226, data_time: 0.025, memory: 1627, loss: 0.4486
2021-06-21 18:24:49,091 - mmcls - INFO - Epoch [22][200/391]	lr: 1.000e-01, eta: 1:51:41, time: 0.243, data_time: 0.004, memory: 1627, loss: 0.4726
2021-06-21 18:25:13,505 - mmcls - INFO - Epoch [22][300/391]	lr: 1.000e-01, eta: 1:51:55, time: 0.244, data_time: 0.004, memory: 1627, loss: 0.4504
2021-06-21 18:25:35,504 - mmcls - INFO - Saving checkpoint at 22 epochs
2021-06-21 18:25:59,885 - mmcls - INFO - Epoch [23][100/391]	lr: 1.000e-01, eta: 1:50:32, time: 0.221, data_time: 0.025, memory: 1627, loss: 0.4383
2021-06-21 18:26:24,224 - mmcls - INFO - Epoch [23][200/391]	lr: 1.000e-01, eta: 1:50:45, time: 0.243, data_time: 0.004, memory: 1627, loss: 0.4438
2021-06-21 18:26:48,689 - mmcls - INFO - Epoch [23][300/391]	lr: 1.000e-01, eta: 1:50:57, time: 0.245, data_time: 0.003, memory: 1627, loss: 0.4575
2021-06-21 18:27:11,218 - mmcls - INFO - Saving checkpoint at 23 epochs
2021-06-21 18:27:36,377 - mmcls - INFO - Epoch [24][100/391]	lr: 1.000e-01, eta: 1:49:37, time: 0.223, data_time: 0.025, memory: 1627, loss: 0.4404
2021-06-21 18:28:00,708 - mmcls - INFO - Epoch [24][200/391]	lr: 1.000e-01, eta: 1:49:49, time: 0.243, data_time: 0.004, memory: 1627, loss: 0.4420
2021-06-21 18:28:24,746 - mmcls - INFO - Epoch [24][300/391]	lr: 1.000e-01, eta: 1:49:58, time: 0.240, data_time: 0.004, memory: 1627, loss: 0.4458
2021-06-21 18:28:46,761 - mmcls - INFO - Saving checkpoint at 24 epochs
2021-06-21 18:29:15,267 - mmcls - INFO - Epoch [25][100/391]	lr: 1.000e-01, eta: 1:48:56, time: 0.263, data_time: 0.025, memory: 1627, loss: 0.4269
2021-06-21 18:29:29,839 - mmcls - INFO - Epoch [25][200/391]	lr: 1.000e-01, eta: 1:48:27, time: 0.146, data_time: 0.003, memory: 1627, loss: 0.4336
2021-06-21 18:29:43,800 - mmcls - INFO - Epoch [25][300/391]	lr: 1.000e-01, eta: 1:47:56, time: 0.140, data_time: 0.003, memory: 1627, loss: 0.4286
2021-06-21 18:30:21,510 - mmcls - INFO - Saving checkpoint at 25 epochs
2021-06-21 18:30:23,658 - mmcls - INFO - Epoch(val) [25][79]	accuracy_top-1: 79.3700, accuracy_top-5: 98.5100
2021-06-21 18:30:51,191 - mmcls - INFO - Epoch [26][100/391]	lr: 1.000e-01, eta: 1:47:02, time: 0.275, data_time: 0.028, memory: 1627, loss: 0.4330
2021-06-21 18:31:13,523 - mmcls - INFO - Epoch [26][200/391]	lr: 1.000e-01, eta: 1:47:03, time: 0.223, data_time: 0.003, memory: 1627, loss: 0.4330
2021-06-21 18:31:35,811 - mmcls - INFO - Epoch [26][300/391]	lr: 1.000e-01, eta: 1:47:03, time: 0.223, data_time: 0.004, memory: 1627, loss: 0.4393
2021-06-21 18:31:57,896 - mmcls - INFO - Saving checkpoint at 26 epochs
2021-06-21 18:32:26,703 - mmcls - INFO - Epoch [27][100/391]	lr: 1.000e-01, eta: 1:46:05, time: 0.262, data_time: 0.026, memory: 1627, loss: 0.4162
2021-06-21 18:32:51,264 - mmcls - INFO - Epoch [27][200/391]	lr: 1.000e-01, eta: 1:46:13, time: 0.246, data_time: 0.003, memory: 1627, loss: 0.4279
2021-06-21 18:33:11,530 - mmcls - INFO - Epoch [27][300/391]	lr: 1.000e-01, eta: 1:46:05, time: 0.203, data_time: 0.003, memory: 1627, loss: 0.4211
2021-06-21 18:33:33,551 - mmcls - INFO - Saving checkpoint at 27 epochs
2021-06-21 18:34:02,596 - mmcls - INFO - Epoch [28][100/391]	lr: 1.000e-01, eta: 1:45:10, time: 0.269, data_time: 0.025, memory: 1627, loss: 0.4156
2021-06-21 18:34:27,256 - mmcls - INFO - Epoch [28][200/391]	lr: 1.000e-01, eta: 1:45:17, time: 0.247, data_time: 0.004, memory: 1627, loss: 0.4117
2021-06-21 18:34:47,686 - mmcls - INFO - Epoch [28][300/391]	lr: 1.000e-01, eta: 1:45:09, time: 0.204, data_time: 0.003, memory: 1627, loss: 0.4133
2021-06-21 18:35:09,818 - mmcls - INFO - Saving checkpoint at 28 epochs
2021-06-21 18:35:38,689 - mmcls - INFO - Epoch [29][100/391]	lr: 1.000e-01, eta: 1:44:14, time: 0.268, data_time: 0.026, memory: 1627, loss: 0.4220
2021-06-21 18:36:03,202 - mmcls - INFO - Epoch [29][200/391]	lr: 1.000e-01, eta: 1:44:19, time: 0.245, data_time: 0.003, memory: 1627, loss: 0.4082
2021-06-21 18:36:23,840 - mmcls - INFO - Epoch [29][300/391]	lr: 1.000e-01, eta: 1:44:12, time: 0.206, data_time: 0.003, memory: 1627, loss: 0.4340
2021-06-21 18:36:46,248 - mmcls - INFO - Saving checkpoint at 29 epochs
2021-06-21 18:37:15,309 - mmcls - INFO - Epoch [30][100/391]	lr: 1.000e-01, eta: 1:43:18, time: 0.270, data_time: 0.026, memory: 1627, loss: 0.4220
2021-06-21 18:37:40,181 - mmcls - INFO - Epoch [30][200/391]	lr: 1.000e-01, eta: 1:43:23, time: 0.249, data_time: 0.003, memory: 1627, loss: 0.4168
2021-06-21 18:38:02,896 - mmcls - INFO - Epoch [30][300/391]	lr: 1.000e-01, eta: 1:43:22, time: 0.227, data_time: 0.003, memory: 1627, loss: 0.4034
2021-06-21 18:38:30,122 - mmcls - INFO - Saving checkpoint at 30 epochs
2021-06-21 18:38:32,259 - mmcls - INFO - Epoch(val) [30][79]	accuracy_top-1: 80.5100, accuracy_top-5: 98.6700
2021-06-21 18:38:59,146 - mmcls - INFO - Epoch [31][100/391]	lr: 1.000e-01, eta: 1:42:28, time: 0.268, data_time: 0.027, memory: 1627, loss: 0.3884
2021-06-21 18:39:23,635 - mmcls - INFO - Epoch [31][200/391]	lr: 1.000e-01, eta: 1:42:31, time: 0.245, data_time: 0.003, memory: 1627, loss: 0.3974
2021-06-21 18:39:47,927 - mmcls - INFO - Epoch [31][300/391]	lr: 1.000e-01, eta: 1:42:33, time: 0.243, data_time: 0.003, memory: 1627, loss: 0.4187
2021-06-21 18:40:06,481 - mmcls - INFO - Saving checkpoint at 31 epochs
2021-06-21 18:40:35,453 - mmcls - INFO - Epoch [32][100/391]	lr: 1.000e-01, eta: 1:41:40, time: 0.269, data_time: 0.026, memory: 1627, loss: 0.3993
2021-06-21 18:41:00,033 - mmcls - INFO - Epoch [32][200/391]	lr: 1.000e-01, eta: 1:41:42, time: 0.246, data_time: 0.003, memory: 1627, loss: 0.4044
2021-06-21 18:41:24,775 - mmcls - INFO - Epoch [32][300/391]	lr: 1.000e-01, eta: 1:41:44, time: 0.247, data_time: 0.003, memory: 1627, loss: 0.4153
2021-06-21 18:41:43,028 - mmcls - INFO - Saving checkpoint at 32 epochs
2021-06-21 18:42:11,891 - mmcls - INFO - Epoch [33][100/391]	lr: 1.000e-01, eta: 1:40:51, time: 0.268, data_time: 0.026, memory: 1627, loss: 0.3989
2021-06-21 18:42:36,708 - mmcls - INFO - Epoch [33][200/391]	lr: 1.000e-01, eta: 1:40:53, time: 0.248, data_time: 0.003, memory: 1627, loss: 0.3934
2021-06-21 18:43:01,450 - mmcls - INFO - Epoch [33][300/391]	lr: 1.000e-01, eta: 1:40:54, time: 0.247, data_time: 0.003, memory: 1627, loss: 0.4210
2021-06-21 18:43:19,598 - mmcls - INFO - Saving checkpoint at 33 epochs
2021-06-21 18:43:48,538 - mmcls - INFO - Epoch [34][100/391]	lr: 1.000e-01, eta: 1:40:01, time: 0.268, data_time: 0.026, memory: 1627, loss: 0.3829
2021-06-21 18:44:13,263 - mmcls - INFO - Epoch [34][200/391]	lr: 1.000e-01, eta: 1:40:02, time: 0.247, data_time: 0.003, memory: 1627, loss: 0.3885
2021-06-21 18:44:37,732 - mmcls - INFO - Epoch [34][300/391]	lr: 1.000e-01, eta: 1:40:01, time: 0.245, data_time: 0.003, memory: 1627, loss: 0.4257
2021-06-21 18:44:56,410 - mmcls - INFO - Saving checkpoint at 34 epochs
2021-06-21 18:45:25,621 - mmcls - INFO - Epoch [35][100/391]	lr: 1.000e-01, eta: 1:39:10, time: 0.270, data_time: 0.026, memory: 1627, loss: 0.3878
2021-06-21 18:45:50,422 - mmcls - INFO - Epoch [35][200/391]	lr: 1.000e-01, eta: 1:39:10, time: 0.248, data_time: 0.003, memory: 1627, loss: 0.3970
2021-06-21 18:46:14,893 - mmcls - INFO - Epoch [35][300/391]	lr: 1.000e-01, eta: 1:39:08, time: 0.245, data_time: 0.003, memory: 1627, loss: 0.4061
2021-06-21 18:46:48,929 - mmcls - INFO - Saving checkpoint at 35 epochs
2021-06-21 18:46:51,113 - mmcls - INFO - Epoch(val) [35][79]	accuracy_top-1: 75.5200, accuracy_top-5: 97.5200
2021-06-21 18:47:17,399 - mmcls - INFO - Epoch [36][100/391]	lr: 1.000e-01, eta: 1:38:15, time: 0.262, data_time: 0.027, memory: 1627, loss: 0.3981
2021-06-21 18:47:41,972 - mmcls - INFO - Epoch [36][200/391]	lr: 1.000e-01, eta: 1:38:13, time: 0.246, data_time: 0.002, memory: 1627, loss: 0.4201
2021-06-21 18:48:06,482 - mmcls - INFO - Epoch [36][300/391]	lr: 1.000e-01, eta: 1:38:11, time: 0.245, data_time: 0.002, memory: 1627, loss: 0.4054
2021-06-21 18:48:29,082 - mmcls - INFO - Saving checkpoint at 36 epochs
2021-06-21 18:48:59,155 - mmcls - INFO - Epoch [37][100/391]	lr: 1.000e-01, eta: 1:37:19, time: 0.265, data_time: 0.024, memory: 1627, loss: 0.3926
2021-06-21 18:49:23,521 - mmcls - INFO - Epoch [37][200/391]	lr: 1.000e-01, eta: 1:37:16, time: 0.244, data_time: 0.003, memory: 1627, loss: 0.3986
2021-06-21 18:49:48,208 - mmcls - INFO - Epoch [37][300/391]	lr: 1.000e-01, eta: 1:37:14, time: 0.247, data_time: 0.002, memory: 1627, loss: 0.4138
2021-06-21 18:50:10,142 - mmcls - INFO - Saving checkpoint at 37 epochs
2021-06-21 18:50:36,246 - mmcls - INFO - Epoch [38][100/391]	lr: 1.000e-01, eta: 1:36:17, time: 0.240, data_time: 0.026, memory: 1627, loss: 0.3666
2021-06-21 18:51:00,869 - mmcls - INFO - Epoch [38][200/391]	lr: 1.000e-01, eta: 1:36:14, time: 0.246, data_time: 0.003, memory: 1627, loss: 0.4184
2021-06-21 18:51:25,496 - mmcls - INFO - Epoch [38][300/391]	lr: 1.000e-01, eta: 1:36:11, time: 0.246, data_time: 0.003, memory: 1627, loss: 0.4054
2021-06-21 18:51:48,007 - mmcls - INFO - Saving checkpoint at 38 epochs
2021-06-21 18:52:13,413 - mmcls - INFO - Epoch [39][100/391]	lr: 1.000e-01, eta: 1:35:13, time: 0.233, data_time: 0.028, memory: 1627, loss: 0.3830
2021-06-21 18:52:37,666 - mmcls - INFO - Epoch [39][200/391]	lr: 1.000e-01, eta: 1:35:08, time: 0.243, data_time: 0.003, memory: 1627, loss: 0.3963
2021-06-21 18:53:02,314 - mmcls - INFO - Epoch [39][300/391]	lr: 1.000e-01, eta: 1:35:05, time: 0.246, data_time: 0.003, memory: 1627, loss: 0.3861
2021-06-21 18:53:25,219 - mmcls - INFO - Saving checkpoint at 39 epochs
2021-06-21 18:53:50,273 - mmcls - INFO - Epoch [40][100/391]	lr: 1.000e-01, eta: 1:34:07, time: 0.230, data_time: 0.026, memory: 1627, loss: 0.3964
2021-06-21 18:54:15,426 - mmcls - INFO - Epoch [40][200/391]	lr: 1.000e-01, eta: 1:34:04, time: 0.252, data_time: 0.003, memory: 1627, loss: 0.4091
2021-06-21 18:54:39,971 - mmcls - INFO - Epoch [40][300/391]	lr: 1.000e-01, eta: 1:33:59, time: 0.245, data_time: 0.002, memory: 1627, loss: 0.4051
2021-06-21 18:55:15,011 - mmcls - INFO - Saving checkpoint at 40 epochs
2021-06-21 18:55:17,267 - mmcls - INFO - Epoch(val) [40][79]	accuracy_top-1: 81.8800, accuracy_top-5: 98.5400
2021-06-21 18:55:34,995 - mmcls - INFO - Epoch [41][100/391]	lr: 1.000e-02, eta: 1:32:52, time: 0.176, data_time: 0.025, memory: 1627, loss: 0.2724
2021-06-21 18:55:59,362 - mmcls - INFO - Epoch [41][200/391]	lr: 1.000e-02, eta: 1:32:47, time: 0.244, data_time: 0.002, memory: 1627, loss: 0.2003
2021-06-21 18:56:23,593 - mmcls - INFO - Epoch [41][300/391]	lr: 1.000e-02, eta: 1:32:41, time: 0.242, data_time: 0.002, memory: 1627, loss: 0.1965
2021-06-21 18:56:46,001 - mmcls - INFO - Saving checkpoint at 41 epochs
2021-06-21 18:57:13,341 - mmcls - INFO - Epoch [42][100/391]	lr: 1.000e-02, eta: 1:31:50, time: 0.253, data_time: 0.025, memory: 1627, loss: 0.1681
2021-06-21 18:57:35,950 - mmcls - INFO - Epoch [42][200/391]	lr: 1.000e-02, eta: 1:31:41, time: 0.226, data_time: 0.005, memory: 1627, loss: 0.1599
2021-06-21 18:58:00,594 - mmcls - INFO - Epoch [42][300/391]	lr: 1.000e-02, eta: 1:31:35, time: 0.246, data_time: 0.002, memory: 1627, loss: 0.1614
2021-06-21 18:58:22,590 - mmcls - INFO - Saving checkpoint at 42 epochs
2021-06-21 18:58:51,567 - mmcls - INFO - Epoch [43][100/391]	lr: 1.000e-02, eta: 1:30:47, time: 0.268, data_time: 0.026, memory: 1627, loss: 0.1375
2021-06-21 18:59:11,990 - mmcls - INFO - Epoch [43][200/391]	lr: 1.000e-02, eta: 1:30:34, time: 0.204, data_time: 0.003, memory: 1627, loss: 0.1270
2021-06-21 18:59:36,512 - mmcls - INFO - Epoch [43][300/391]	lr: 1.000e-02, eta: 1:30:28, time: 0.245, data_time: 0.003, memory: 1627, loss: 0.1446
2021-06-21 18:59:58,696 - mmcls - INFO - Saving checkpoint at 43 epochs
2021-06-21 19:00:27,683 - mmcls - INFO - Epoch [44][100/391]	lr: 1.000e-02, eta: 1:29:40, time: 0.268, data_time: 0.026, memory: 1627, loss: 0.1214
2021-06-21 19:00:48,090 - mmcls - INFO - Epoch [44][200/391]	lr: 1.000e-02, eta: 1:29:26, time: 0.204, data_time: 0.002, memory: 1627, loss: 0.1259
2021-06-21 19:01:12,372 - mmcls - INFO - Epoch [44][300/391]	lr: 1.000e-02, eta: 1:29:20, time: 0.243, data_time: 0.003, memory: 1627, loss: 0.1232
2021-06-21 19:01:34,868 - mmcls - INFO - Saving checkpoint at 44 epochs
2021-06-21 19:02:03,690 - mmcls - INFO - Epoch [45][100/391]	lr: 1.000e-02, eta: 1:28:33, time: 0.270, data_time: 0.025, memory: 1627, loss: 0.1160
2021-06-21 19:02:24,322 - mmcls - INFO - Epoch [45][200/391]	lr: 1.000e-02, eta: 1:28:19, time: 0.206, data_time: 0.002, memory: 1627, loss: 0.1181
2021-06-21 19:02:49,574 - mmcls - INFO - Epoch [45][300/391]	lr: 1.000e-02, eta: 1:28:13, time: 0.253, data_time: 0.003, memory: 1627, loss: 0.1145
2021-06-21 19:03:24,548 - mmcls - INFO - Saving checkpoint at 45 epochs
2021-06-21 19:03:26,648 - mmcls - INFO - Epoch(val) [45][79]	accuracy_top-1: 92.9900, accuracy_top-5: 99.7700
2021-06-21 19:03:53,185 - mmcls - INFO - Epoch [46][100/391]	lr: 1.000e-02, eta: 1:27:26, time: 0.264, data_time: 0.025, memory: 1627, loss: 0.1021
2021-06-21 19:04:08,944 - mmcls - INFO - Epoch [46][200/391]	lr: 1.000e-02, eta: 1:27:04, time: 0.158, data_time: 0.002, memory: 1627, loss: 0.1118
2021-06-21 19:04:31,304 - mmcls - INFO - Epoch [46][300/391]	lr: 1.000e-02, eta: 1:26:54, time: 0.224, data_time: 0.004, memory: 1627, loss: 0.1051
2021-06-21 19:04:53,580 - mmcls - INFO - Saving checkpoint at 46 epochs
2021-06-21 19:05:22,706 - mmcls - INFO - Epoch [47][100/391]	lr: 1.000e-02, eta: 1:26:08, time: 0.270, data_time: 0.026, memory: 1627, loss: 0.0859
2021-06-21 19:05:47,358 - mmcls - INFO - Epoch [47][200/391]	lr: 1.000e-02, eta: 1:26:00, time: 0.247, data_time: 0.003, memory: 1627, loss: 0.1002
2021-06-21 19:06:07,696 - mmcls - INFO - Epoch [47][300/391]	lr: 1.000e-02, eta: 1:25:46, time: 0.203, data_time: 0.002, memory: 1627, loss: 0.0914
2021-06-21 19:06:30,190 - mmcls - INFO - Saving checkpoint at 47 epochs
2021-06-21 19:06:59,117 - mmcls - INFO - Epoch [48][100/391]	lr: 1.000e-02, eta: 1:25:00, time: 0.268, data_time: 0.026, memory: 1627, loss: 0.0906
2021-06-21 19:07:23,595 - mmcls - INFO - Epoch [48][200/391]	lr: 1.000e-02, eta: 1:24:52, time: 0.245, data_time: 0.003, memory: 1627, loss: 0.0839
2021-06-21 19:07:44,025 - mmcls - INFO - Epoch [48][300/391]	lr: 1.000e-02, eta: 1:24:38, time: 0.204, data_time: 0.002, memory: 1627, loss: 0.0944
2021-06-21 19:08:06,420 - mmcls - INFO - Saving checkpoint at 48 epochs
2021-06-21 19:08:35,329 - mmcls - INFO - Epoch [49][100/391]	lr: 1.000e-02, eta: 1:23:53, time: 0.267, data_time: 0.026, memory: 1627, loss: 0.0813
2021-06-21 19:08:59,859 - mmcls - INFO - Epoch [49][200/391]	lr: 1.000e-02, eta: 1:23:44, time: 0.245, data_time: 0.003, memory: 1627, loss: 0.0813
2021-06-21 19:09:20,599 - mmcls - INFO - Epoch [49][300/391]	lr: 1.000e-02, eta: 1:23:30, time: 0.207, data_time: 0.002, memory: 1627, loss: 0.0822
2021-06-21 19:09:43,031 - mmcls - INFO - Saving checkpoint at 49 epochs
2021-06-21 19:10:12,291 - mmcls - INFO - Epoch [50][100/391]	lr: 1.000e-02, eta: 1:22:46, time: 0.272, data_time: 0.026, memory: 1627, loss: 0.0747
2021-06-21 19:10:36,581 - mmcls - INFO - Epoch [50][200/391]	lr: 1.000e-02, eta: 1:22:37, time: 0.243, data_time: 0.002, memory: 1627, loss: 0.0692
2021-06-21 19:10:57,500 - mmcls - INFO - Epoch [50][300/391]	lr: 1.000e-02, eta: 1:22:23, time: 0.209, data_time: 0.002, memory: 1627, loss: 0.0833
2021-06-21 19:11:32,485 - mmcls - INFO - Saving checkpoint at 50 epochs
2021-06-21 19:11:34,554 - mmcls - INFO - Epoch(val) [50][79]	accuracy_top-1: 92.6800, accuracy_top-5: 99.8000
2021-06-21 19:12:01,361 - mmcls - INFO - Epoch [51][100/391]	lr: 1.000e-02, eta: 1:21:38, time: 0.268, data_time: 0.025, memory: 1627, loss: 0.0748
2021-06-21 19:12:25,773 - mmcls - INFO - Epoch [51][200/391]	lr: 1.000e-02, eta: 1:21:29, time: 0.244, data_time: 0.002, memory: 1627, loss: 0.0712
2021-06-21 19:12:43,283 - mmcls - INFO - Epoch [51][300/391]	lr: 1.000e-02, eta: 1:21:10, time: 0.175, data_time: 0.003, memory: 1627, loss: 0.0750
2021-06-21 19:13:02,078 - mmcls - INFO - Saving checkpoint at 51 epochs
2021-06-21 19:13:31,325 - mmcls - INFO - Epoch [52][100/391]	lr: 1.000e-02, eta: 1:20:26, time: 0.269, data_time: 0.026, memory: 1627, loss: 0.0644
2021-06-21 19:13:55,689 - mmcls - INFO - Epoch [52][200/391]	lr: 1.000e-02, eta: 1:20:16, time: 0.244, data_time: 0.003, memory: 1627, loss: 0.0652
2021-06-21 19:14:20,097 - mmcls - INFO - Epoch [52][300/391]	lr: 1.000e-02, eta: 1:20:07, time: 0.244, data_time: 0.002, memory: 1627, loss: 0.0713
2021-06-21 19:14:38,214 - mmcls - INFO - Saving checkpoint at 52 epochs
2021-06-21 19:15:07,310 - mmcls - INFO - Epoch [53][100/391]	lr: 1.000e-02, eta: 1:19:23, time: 0.270, data_time: 0.026, memory: 1627, loss: 0.0696
2021-06-21 19:15:31,811 - mmcls - INFO - Epoch [53][200/391]	lr: 1.000e-02, eta: 1:19:13, time: 0.245, data_time: 0.003, memory: 1627, loss: 0.0700
2021-06-21 19:15:56,347 - mmcls - INFO - Epoch [53][300/391]	lr: 1.000e-02, eta: 1:19:03, time: 0.245, data_time: 0.003, memory: 1627, loss: 0.0717
2021-06-21 19:16:14,857 - mmcls - INFO - Saving checkpoint at 53 epochs
2021-06-21 19:16:43,749 - mmcls - INFO - Epoch [54][100/391]	lr: 1.000e-02, eta: 1:18:19, time: 0.268, data_time: 0.026, memory: 1627, loss: 0.0573
2021-06-21 19:17:08,172 - mmcls - INFO - Epoch [54][200/391]	lr: 1.000e-02, eta: 1:18:09, time: 0.244, data_time: 0.004, memory: 1627, loss: 0.0699
2021-06-21 19:17:32,633 - mmcls - INFO - Epoch [54][300/391]	lr: 1.000e-02, eta: 1:17:59, time: 0.245, data_time: 0.003, memory: 1627, loss: 0.0734
2021-06-21 19:17:51,864 - mmcls - INFO - Saving checkpoint at 54 epochs
2021-06-21 19:18:20,576 - mmcls - INFO - Epoch [55][100/391]	lr: 1.000e-02, eta: 1:17:15, time: 0.266, data_time: 0.026, memory: 1627, loss: 0.0565
2021-06-21 19:18:45,546 - mmcls - INFO - Epoch [55][200/391]	lr: 1.000e-02, eta: 1:17:05, time: 0.250, data_time: 0.003, memory: 1627, loss: 0.0614
2021-06-21 19:19:10,143 - mmcls - INFO - Epoch [55][300/391]	lr: 1.000e-02, eta: 1:16:55, time: 0.246, data_time: 0.003, memory: 1627, loss: 0.0639
2021-06-21 19:19:44,168 - mmcls - INFO - Saving checkpoint at 55 epochs
2021-06-21 19:19:46,320 - mmcls - INFO - Epoch(val) [55][79]	accuracy_top-1: 92.8900, accuracy_top-5: 99.7400
2021-06-21 19:20:13,238 - mmcls - INFO - Epoch [56][100/391]	lr: 1.000e-02, eta: 1:16:11, time: 0.269, data_time: 0.026, memory: 1627, loss: 0.0527
2021-06-21 19:20:37,745 - mmcls - INFO - Epoch [56][200/391]	lr: 1.000e-02, eta: 1:16:01, time: 0.245, data_time: 0.003, memory: 1627, loss: 0.0581
2021-06-21 19:21:02,359 - mmcls - INFO - Epoch [56][300/391]	lr: 1.000e-02, eta: 1:15:50, time: 0.246, data_time: 0.003, memory: 1627, loss: 0.0648
2021-06-21 19:21:19,446 - mmcls - INFO - Saving checkpoint at 56 epochs
2021-06-21 19:21:45,681 - mmcls - INFO - Epoch [57][100/391]	lr: 1.000e-02, eta: 1:15:04, time: 0.242, data_time: 0.026, memory: 1627, loss: 0.0589
2021-06-21 19:22:10,139 - mmcls - INFO - Epoch [57][200/391]	lr: 1.000e-02, eta: 1:14:53, time: 0.245, data_time: 0.003, memory: 1627, loss: 0.0549
2021-06-21 19:22:34,463 - mmcls - INFO - Epoch [57][300/391]	lr: 1.000e-02, eta: 1:14:42, time: 0.243, data_time: 0.003, memory: 1627, loss: 0.0630
2021-06-21 19:22:56,777 - mmcls - INFO - Saving checkpoint at 57 epochs
2021-06-21 19:23:21,988 - mmcls - INFO - Epoch [58][100/391]	lr: 1.000e-02, eta: 1:13:54, time: 0.230, data_time: 0.026, memory: 1627, loss: 0.0580
2021-06-21 19:23:46,334 - mmcls - INFO - Epoch [58][200/391]	lr: 1.000e-02, eta: 1:13:43, time: 0.243, data_time: 0.002, memory: 1627, loss: 0.0566
2021-06-21 19:24:10,613 - mmcls - INFO - Epoch [58][300/391]	lr: 1.000e-02, eta: 1:13:32, time: 0.243, data_time: 0.003, memory: 1627, loss: 0.0585
2021-06-21 19:24:32,815 - mmcls - INFO - Saving checkpoint at 58 epochs
2021-06-21 19:24:57,614 - mmcls - INFO - Epoch [59][100/391]	lr: 1.000e-02, eta: 1:12:44, time: 0.227, data_time: 0.027, memory: 1627, loss: 0.0540
2021-06-21 19:25:22,329 - mmcls - INFO - Epoch [59][200/391]	lr: 1.000e-02, eta: 1:12:33, time: 0.247, data_time: 0.003, memory: 1627, loss: 0.0528
2021-06-21 19:25:47,025 - mmcls - INFO - Epoch [59][300/391]	lr: 1.000e-02, eta: 1:12:22, time: 0.247, data_time: 0.002, memory: 1627, loss: 0.0582
2021-06-21 19:26:09,380 - mmcls - INFO - Saving checkpoint at 59 epochs
2021-06-21 19:26:34,365 - mmcls - INFO - Epoch [60][100/391]	lr: 1.000e-02, eta: 1:11:35, time: 0.230, data_time: 0.025, memory: 1627, loss: 0.0540
2021-06-21 19:26:58,771 - mmcls - INFO - Epoch [60][200/391]	lr: 1.000e-02, eta: 1:11:24, time: 0.244, data_time: 0.003, memory: 1627, loss: 0.0584
2021-06-21 19:27:23,289 - mmcls - INFO - Epoch [60][300/391]	lr: 1.000e-02, eta: 1:11:12, time: 0.245, data_time: 0.002, memory: 1627, loss: 0.0577
2021-06-21 19:27:58,407 - mmcls - INFO - Saving checkpoint at 60 epochs
2021-06-21 19:28:00,509 - mmcls - INFO - Epoch(val) [60][79]	accuracy_top-1: 92.6100, accuracy_top-5: 99.8000
2021-06-21 19:28:23,642 - mmcls - INFO - Epoch [61][100/391]	lr: 1.000e-02, eta: 1:10:26, time: 0.230, data_time: 0.024, memory: 1627, loss: 0.0548
2021-06-21 19:28:47,983 - mmcls - INFO - Epoch [61][200/391]	lr: 1.000e-02, eta: 1:10:14, time: 0.243, data_time: 0.003, memory: 1627, loss: 0.0575
2021-06-21 19:29:12,201 - mmcls - INFO - Epoch [61][300/391]	lr: 1.000e-02, eta: 1:10:02, time: 0.242, data_time: 0.002, memory: 1627, loss: 0.0617
2021-06-21 19:29:34,409 - mmcls - INFO - Saving checkpoint at 61 epochs
2021-06-21 19:29:57,581 - mmcls - INFO - Epoch [62][100/391]	lr: 1.000e-02, eta: 1:09:14, time: 0.211, data_time: 0.026, memory: 1627, loss: 0.0488
2021-06-21 19:30:17,368 - mmcls - INFO - Epoch [62][200/391]	lr: 1.000e-02, eta: 1:08:58, time: 0.198, data_time: 0.003, memory: 1627, loss: 0.0660
2021-06-21 19:30:42,063 - mmcls - INFO - Epoch [62][300/391]	lr: 1.000e-02, eta: 1:08:46, time: 0.247, data_time: 0.003, memory: 1627, loss: 0.0610
2021-06-21 19:31:04,280 - mmcls - INFO - Saving checkpoint at 62 epochs
2021-06-21 19:31:33,505 - mmcls - INFO - Epoch [63][100/391]	lr: 1.000e-02, eta: 1:08:04, time: 0.272, data_time: 0.026, memory: 1627, loss: 0.0509
2021-06-21 19:31:53,772 - mmcls - INFO - Epoch [63][200/391]	lr: 1.000e-02, eta: 1:07:48, time: 0.203, data_time: 0.002, memory: 1627, loss: 0.0593
2021-06-21 19:32:18,001 - mmcls - INFO - Epoch [63][300/391]	lr: 1.000e-02, eta: 1:07:36, time: 0.242, data_time: 0.003, memory: 1627, loss: 0.0548
2021-06-21 19:32:40,125 - mmcls - INFO - Saving checkpoint at 63 epochs
2021-06-21 19:33:08,594 - mmcls - INFO - Epoch [64][100/391]	lr: 1.000e-02, eta: 1:06:54, time: 0.264, data_time: 0.025, memory: 1627, loss: 0.0492
2021-06-21 19:33:28,939 - mmcls - INFO - Epoch [64][200/391]	lr: 1.000e-02, eta: 1:06:38, time: 0.203, data_time: 0.002, memory: 1627, loss: 0.0535
2021-06-21 19:33:53,486 - mmcls - INFO - Epoch [64][300/391]	lr: 1.000e-02, eta: 1:06:25, time: 0.245, data_time: 0.003, memory: 1627, loss: 0.0584
2021-06-21 19:34:15,683 - mmcls - INFO - Saving checkpoint at 64 epochs
2021-06-21 19:34:44,509 - mmcls - INFO - Epoch [65][100/391]	lr: 1.000e-02, eta: 1:05:44, time: 0.268, data_time: 0.025, memory: 1627, loss: 0.0578
2021-06-21 19:35:07,050 - mmcls - INFO - Epoch [65][200/391]	lr: 1.000e-02, eta: 1:05:29, time: 0.225, data_time: 0.003, memory: 1627, loss: 0.0638
2021-06-21 19:35:29,789 - mmcls - INFO - Epoch [65][300/391]	lr: 1.000e-02, eta: 1:05:15, time: 0.227, data_time: 0.003, memory: 1627, loss: 0.0543
2021-06-21 19:36:05,789 - mmcls - INFO - Saving checkpoint at 65 epochs
2021-06-21 19:36:07,889 - mmcls - INFO - Epoch(val) [65][79]	accuracy_top-1: 92.3100, accuracy_top-5: 99.7500
2021-06-21 19:36:34,435 - mmcls - INFO - Epoch [66][100/391]	lr: 1.000e-02, eta: 1:04:34, time: 0.265, data_time: 0.025, memory: 1627, loss: 0.0532
2021-06-21 19:36:54,925 - mmcls - INFO - Epoch [66][200/391]	lr: 1.000e-02, eta: 1:04:18, time: 0.205, data_time: 0.002, memory: 1627, loss: 0.0546
2021-06-21 19:37:19,429 - mmcls - INFO - Epoch [66][300/391]	lr: 1.000e-02, eta: 1:04:05, time: 0.245, data_time: 0.003, memory: 1627, loss: 0.0652
2021-06-21 19:37:41,735 - mmcls - INFO - Saving checkpoint at 66 epochs
2021-06-21 19:38:10,532 - mmcls - INFO - Epoch [67][100/391]	lr: 1.000e-02, eta: 1:03:24, time: 0.268, data_time: 0.026, memory: 1627, loss: 0.0502
2021-06-21 19:38:30,556 - mmcls - INFO - Epoch [67][200/391]	lr: 1.000e-02, eta: 1:03:07, time: 0.200, data_time: 0.002, memory: 1627, loss: 0.0555
2021-06-21 19:38:49,299 - mmcls - INFO - Epoch [67][300/391]	lr: 1.000e-02, eta: 1:02:50, time: 0.187, data_time: 0.003, memory: 1627, loss: 0.0562
2021-06-21 19:39:11,557 - mmcls - INFO - Saving checkpoint at 67 epochs
2021-06-21 19:39:40,246 - mmcls - INFO - Epoch [68][100/391]	lr: 1.000e-02, eta: 1:02:09, time: 0.266, data_time: 0.025, memory: 1627, loss: 0.0473
2021-06-21 19:40:04,769 - mmcls - INFO - Epoch [68][200/391]	lr: 1.000e-02, eta: 1:01:56, time: 0.245, data_time: 0.003, memory: 1627, loss: 0.0615
2021-06-21 19:40:25,704 - mmcls - INFO - Epoch [68][300/391]	lr: 1.000e-02, eta: 1:01:40, time: 0.209, data_time: 0.003, memory: 1627, loss: 0.0634
2021-06-21 19:40:48,178 - mmcls - INFO - Saving checkpoint at 68 epochs
2021-06-21 19:41:16,813 - mmcls - INFO - Epoch [69][100/391]	lr: 1.000e-02, eta: 1:00:59, time: 0.266, data_time: 0.026, memory: 1627, loss: 0.0516
2021-06-21 19:41:41,431 - mmcls - INFO - Epoch [69][200/391]	lr: 1.000e-02, eta: 1:00:46, time: 0.246, data_time: 0.002, memory: 1627, loss: 0.0576
2021-06-21 19:42:02,105 - mmcls - INFO - Epoch [69][300/391]	lr: 1.000e-02, eta: 1:00:30, time: 0.207, data_time: 0.003, memory: 1627, loss: 0.0629
2021-06-21 19:42:23,974 - mmcls - INFO - Saving checkpoint at 69 epochs
2021-06-21 19:42:52,854 - mmcls - INFO - Epoch [70][100/391]	lr: 1.000e-02, eta: 0:59:49, time: 0.269, data_time: 0.026, memory: 1627, loss: 0.0612
2021-06-21 19:43:17,347 - mmcls - INFO - Epoch [70][200/391]	lr: 1.000e-02, eta: 0:59:36, time: 0.245, data_time: 0.003, memory: 1627, loss: 0.0563
2021-06-21 19:43:40,874 - mmcls - INFO - Epoch [70][300/391]	lr: 1.000e-02, eta: 0:59:22, time: 0.235, data_time: 0.002, memory: 1627, loss: 0.0696
2021-06-21 19:44:14,744 - mmcls - INFO - Saving checkpoint at 70 epochs
2021-06-21 19:44:16,822 - mmcls - INFO - Epoch(val) [70][79]	accuracy_top-1: 92.1600, accuracy_top-5: 99.6100
2021-06-21 19:44:43,532 - mmcls - INFO - Epoch [71][100/391]	lr: 1.000e-02, eta: 0:58:41, time: 0.267, data_time: 0.024, memory: 1627, loss: 0.0522
2021-06-21 19:45:07,882 - mmcls - INFO - Epoch [71][200/391]	lr: 1.000e-02, eta: 0:58:28, time: 0.243, data_time: 0.002, memory: 1627, loss: 0.0647
2021-06-21 19:45:28,400 - mmcls - INFO - Epoch [71][300/391]	lr: 1.000e-02, eta: 0:58:11, time: 0.205, data_time: 0.003, memory: 1627, loss: 0.0634
2021-06-21 19:45:50,633 - mmcls - INFO - Saving checkpoint at 71 epochs
2021-06-21 19:46:19,406 - mmcls - INFO - Epoch [72][100/391]	lr: 1.000e-02, eta: 0:57:31, time: 0.266, data_time: 0.026, memory: 1627, loss: 0.0652
2021-06-21 19:46:43,604 - mmcls - INFO - Epoch [72][200/391]	lr: 1.000e-02, eta: 0:57:17, time: 0.242, data_time: 0.003, memory: 1627, loss: 0.0636
2021-06-21 19:47:03,794 - mmcls - INFO - Epoch [72][300/391]	lr: 1.000e-02, eta: 0:57:00, time: 0.202, data_time: 0.002, memory: 1627, loss: 0.0601
2021-06-21 19:47:18,756 - mmcls - INFO - Saving checkpoint at 72 epochs
2021-06-21 19:47:47,584 - mmcls - INFO - Epoch [73][100/391]	lr: 1.000e-02, eta: 0:56:21, time: 0.267, data_time: 0.026, memory: 1627, loss: 0.0564
2021-06-21 19:48:12,104 - mmcls - INFO - Epoch [73][200/391]	lr: 1.000e-02, eta: 0:56:07, time: 0.245, data_time: 0.003, memory: 1627, loss: 0.0637
2021-06-21 19:48:36,568 - mmcls - INFO - Epoch [73][300/391]	lr: 1.000e-02, eta: 0:55:53, time: 0.245, data_time: 0.002, memory: 1627, loss: 0.0647
2021-06-21 19:48:55,842 - mmcls - INFO - Saving checkpoint at 73 epochs
2021-06-21 19:49:24,701 - mmcls - INFO - Epoch [74][100/391]	lr: 1.000e-02, eta: 0:55:13, time: 0.268, data_time: 0.025, memory: 1627, loss: 0.0595
2021-06-21 19:49:49,305 - mmcls - INFO - Epoch [74][200/391]	lr: 1.000e-02, eta: 0:54:59, time: 0.246, data_time: 0.003, memory: 1627, loss: 0.0576
2021-06-21 19:50:13,758 - mmcls - INFO - Epoch [74][300/391]	lr: 1.000e-02, eta: 0:54:45, time: 0.245, data_time: 0.002, memory: 1627, loss: 0.0631
2021-06-21 19:50:35,804 - mmcls - INFO - Saving checkpoint at 74 epochs
2021-06-21 19:51:06,061 - mmcls - INFO - Epoch [75][100/391]	lr: 1.000e-02, eta: 0:54:05, time: 0.266, data_time: 0.027, memory: 1627, loss: 0.0671
2021-06-21 19:51:30,497 - mmcls - INFO - Epoch [75][200/391]	lr: 1.000e-02, eta: 0:53:51, time: 0.244, data_time: 0.002, memory: 1627, loss: 0.0606
2021-06-21 19:51:55,139 - mmcls - INFO - Epoch [75][300/391]	lr: 1.000e-02, eta: 0:53:36, time: 0.246, data_time: 0.002, memory: 1627, loss: 0.0606
2021-06-21 19:52:29,550 - mmcls - INFO - Saving checkpoint at 75 epochs
2021-06-21 19:52:31,564 - mmcls - INFO - Epoch(val) [75][79]	accuracy_top-1: 92.6700, accuracy_top-5: 99.6700
2021-06-21 19:52:58,234 - mmcls - INFO - Epoch [76][100/391]	lr: 1.000e-02, eta: 0:52:57, time: 0.267, data_time: 0.026, memory: 1627, loss: 0.0540
2021-06-21 19:53:22,776 - mmcls - INFO - Epoch [76][200/391]	lr: 1.000e-02, eta: 0:52:42, time: 0.245, data_time: 0.002, memory: 1627, loss: 0.0561
2021-06-21 19:53:47,253 - mmcls - INFO - Epoch [76][300/391]	lr: 1.000e-02, eta: 0:52:28, time: 0.245, data_time: 0.002, memory: 1627, loss: 0.0772
2021-06-21 19:54:05,321 - mmcls - INFO - Saving checkpoint at 76 epochs
2021-06-21 19:54:34,303 - mmcls - INFO - Epoch [77][100/391]	lr: 1.000e-02, eta: 0:51:49, time: 0.269, data_time: 0.026, memory: 1627, loss: 0.0553
2021-06-21 19:54:58,889 - mmcls - INFO - Epoch [77][200/391]	lr: 1.000e-02, eta: 0:51:34, time: 0.246, data_time: 0.003, memory: 1627, loss: 0.0624
2021-06-21 19:55:23,334 - mmcls - INFO - Epoch [77][300/391]	lr: 1.000e-02, eta: 0:51:19, time: 0.244, data_time: 0.002, memory: 1627, loss: 0.0598
2021-06-21 19:55:44,390 - mmcls - INFO - Saving checkpoint at 77 epochs
2021-06-21 19:56:06,552 - mmcls - INFO - Epoch [78][100/391]	lr: 1.000e-02, eta: 0:50:36, time: 0.201, data_time: 0.026, memory: 1627, loss: 0.0528
2021-06-21 19:56:30,837 - mmcls - INFO - Epoch [78][200/391]	lr: 1.000e-02, eta: 0:50:22, time: 0.243, data_time: 0.003, memory: 1627, loss: 0.0543
2021-06-21 19:56:55,210 - mmcls - INFO - Epoch [78][300/391]	lr: 1.000e-02, eta: 0:50:07, time: 0.244, data_time: 0.003, memory: 1627, loss: 0.0687
2021-06-21 19:57:17,533 - mmcls - INFO - Saving checkpoint at 78 epochs
2021-06-21 19:57:42,057 - mmcls - INFO - Epoch [79][100/391]	lr: 1.000e-02, eta: 0:49:25, time: 0.224, data_time: 0.026, memory: 1627, loss: 0.0570
2021-06-21 19:58:06,723 - mmcls - INFO - Epoch [79][200/391]	lr: 1.000e-02, eta: 0:49:11, time: 0.247, data_time: 0.003, memory: 1627, loss: 0.0653
2021-06-21 19:58:31,470 - mmcls - INFO - Epoch [79][300/391]	lr: 1.000e-02, eta: 0:48:56, time: 0.247, data_time: 0.002, memory: 1627, loss: 0.0714
2021-06-21 19:58:53,579 - mmcls - INFO - Saving checkpoint at 79 epochs
2021-06-21 19:59:20,447 - mmcls - INFO - Epoch [80][100/391]	lr: 1.000e-02, eta: 0:48:16, time: 0.248, data_time: 0.025, memory: 1627, loss: 0.0527
2021-06-21 19:59:43,393 - mmcls - INFO - Epoch [80][200/391]	lr: 1.000e-02, eta: 0:48:00, time: 0.229, data_time: 0.005, memory: 1627, loss: 0.0651
2021-06-21 20:00:08,259 - mmcls - INFO - Epoch [80][300/391]	lr: 1.000e-02, eta: 0:47:45, time: 0.249, data_time: 0.002, memory: 1627, loss: 0.0671
2021-06-21 20:00:43,288 - mmcls - INFO - Saving checkpoint at 80 epochs
2021-06-21 20:00:45,385 - mmcls - INFO - Epoch(val) [80][79]	accuracy_top-1: 92.0900, accuracy_top-5: 99.7200
2021-06-21 20:01:08,089 - mmcls - INFO - Epoch [81][100/391]	lr: 1.000e-03, eta: 0:47:05, time: 0.227, data_time: 0.026, memory: 1627, loss: 0.0438
2021-06-21 20:01:32,699 - mmcls - INFO - Epoch [81][200/391]	lr: 1.000e-03, eta: 0:46:50, time: 0.246, data_time: 0.003, memory: 1627, loss: 0.0294
2021-06-21 20:01:57,458 - mmcls - INFO - Epoch [81][300/391]	lr: 1.000e-03, eta: 0:46:35, time: 0.248, data_time: 0.002, memory: 1627, loss: 0.0273
2021-06-21 20:02:19,769 - mmcls - INFO - Saving checkpoint at 81 epochs
2021-06-21 20:02:44,453 - mmcls - INFO - Epoch [82][100/391]	lr: 1.000e-03, eta: 0:45:54, time: 0.225, data_time: 0.026, memory: 1627, loss: 0.0207
2021-06-21 20:03:08,934 - mmcls - INFO - Epoch [82][200/391]	lr: 1.000e-03, eta: 0:45:39, time: 0.245, data_time: 0.003, memory: 1627, loss: 0.0179
2021-06-21 20:03:33,253 - mmcls - INFO - Epoch [82][300/391]	lr: 1.000e-03, eta: 0:45:23, time: 0.243, data_time: 0.002, memory: 1627, loss: 0.0200
2021-06-21 20:03:55,531 - mmcls - INFO - Saving checkpoint at 82 epochs
2021-06-21 20:04:22,216 - mmcls - INFO - Epoch [83][100/391]	lr: 1.000e-03, eta: 0:44:44, time: 0.245, data_time: 0.025, memory: 1627, loss: 0.0162
2021-06-21 20:04:39,041 - mmcls - INFO - Epoch [83][200/391]	lr: 1.000e-03, eta: 0:44:25, time: 0.168, data_time: 0.003, memory: 1627, loss: 0.0142
2021-06-21 20:05:03,623 - mmcls - INFO - Epoch [83][300/391]	lr: 1.000e-03, eta: 0:44:10, time: 0.246, data_time: 0.003, memory: 1627, loss: 0.0142
2021-06-21 20:05:26,087 - mmcls - INFO - Saving checkpoint at 83 epochs
2021-06-21 20:05:55,356 - mmcls - INFO - Epoch [84][100/391]	lr: 1.000e-03, eta: 0:43:32, time: 0.272, data_time: 0.027, memory: 1627, loss: 0.0134
2021-06-21 20:06:15,809 - mmcls - INFO - Epoch [84][200/391]	lr: 1.000e-03, eta: 0:43:14, time: 0.205, data_time: 0.002, memory: 1627, loss: 0.0115
2021-06-21 20:06:40,543 - mmcls - INFO - Epoch [84][300/391]	lr: 1.000e-03, eta: 0:42:59, time: 0.247, data_time: 0.003, memory: 1627, loss: 0.0142
2021-06-21 20:07:02,911 - mmcls - INFO - Saving checkpoint at 84 epochs
2021-06-21 20:07:31,697 - mmcls - INFO - Epoch [85][100/391]	lr: 1.000e-03, eta: 0:42:21, time: 0.267, data_time: 0.026, memory: 1627, loss: 0.0108
2021-06-21 20:07:54,573 - mmcls - INFO - Epoch [85][200/391]	lr: 1.000e-03, eta: 0:42:05, time: 0.229, data_time: 0.002, memory: 1627, loss: 0.0123
2021-06-21 20:08:17,039 - mmcls - INFO - Epoch [85][300/391]	lr: 1.000e-03, eta: 0:41:48, time: 0.225, data_time: 0.004, memory: 1627, loss: 0.0120
2021-06-21 20:08:51,920 - mmcls - INFO - Saving checkpoint at 85 epochs
2021-06-21 20:08:54,011 - mmcls - INFO - Epoch(val) [85][79]	accuracy_top-1: 94.2600, accuracy_top-5: 99.8000
2021-06-21 20:09:21,000 - mmcls - INFO - Epoch [86][100/391]	lr: 1.000e-03, eta: 0:41:10, time: 0.269, data_time: 0.025, memory: 1627, loss: 0.0107
2021-06-21 20:09:41,385 - mmcls - INFO - Epoch [86][200/391]	lr: 1.000e-03, eta: 0:40:53, time: 0.204, data_time: 0.002, memory: 1627, loss: 0.0094
2021-06-21 20:10:05,709 - mmcls - INFO - Epoch [86][300/391]	lr: 1.000e-03, eta: 0:40:37, time: 0.243, data_time: 0.003, memory: 1627, loss: 0.0115
2021-06-21 20:10:28,033 - mmcls - INFO - Saving checkpoint at 86 epochs
2021-06-21 20:10:57,001 - mmcls - INFO - Epoch [87][100/391]	lr: 1.000e-03, eta: 0:39:59, time: 0.269, data_time: 0.026, memory: 1627, loss: 0.0083
2021-06-21 20:11:17,260 - mmcls - INFO - Epoch [87][200/391]	lr: 1.000e-03, eta: 0:39:42, time: 0.203, data_time: 0.003, memory: 1627, loss: 0.0102
2021-06-21 20:11:41,818 - mmcls - INFO - Epoch [87][300/391]	lr: 1.000e-03, eta: 0:39:26, time: 0.246, data_time: 0.003, memory: 1627, loss: 0.0084
2021-06-21 20:12:04,105 - mmcls - INFO - Saving checkpoint at 87 epochs
2021-06-21 20:12:33,142 - mmcls - INFO - Epoch [88][100/391]	lr: 1.000e-03, eta: 0:38:48, time: 0.269, data_time: 0.025, memory: 1627, loss: 0.0075
2021-06-21 20:12:55,691 - mmcls - INFO - Epoch [88][200/391]	lr: 1.000e-03, eta: 0:38:32, time: 0.225, data_time: 0.003, memory: 1627, loss: 0.0064
2021-06-21 20:13:11,331 - mmcls - INFO - Epoch [88][300/391]	lr: 1.000e-03, eta: 0:38:13, time: 0.156, data_time: 0.003, memory: 1627, loss: 0.0085
2021-06-21 20:13:33,945 - mmcls - INFO - Saving checkpoint at 88 epochs
2021-06-21 20:14:02,812 - mmcls - INFO - Epoch [89][100/391]	lr: 1.000e-03, eta: 0:37:35, time: 0.268, data_time: 0.027, memory: 1627, loss: 0.0079
2021-06-21 20:14:27,160 - mmcls - INFO - Epoch [89][200/391]	lr: 1.000e-03, eta: 0:37:19, time: 0.243, data_time: 0.003, memory: 1627, loss: 0.0068
2021-06-21 20:14:49,892 - mmcls - INFO - Epoch [89][300/391]	lr: 1.000e-03, eta: 0:37:03, time: 0.227, data_time: 0.002, memory: 1627, loss: 0.0076
2021-06-21 20:15:10,197 - mmcls - INFO - Saving checkpoint at 89 epochs
2021-06-21 20:15:39,081 - mmcls - INFO - Epoch [90][100/391]	lr: 1.000e-03, eta: 0:36:25, time: 0.268, data_time: 0.027, memory: 1627, loss: 0.0066
2021-06-21 20:16:03,593 - mmcls - INFO - Epoch [90][200/391]	lr: 1.000e-03, eta: 0:36:09, time: 0.245, data_time: 0.003, memory: 1627, loss: 0.0077
2021-06-21 20:16:28,177 - mmcls - INFO - Epoch [90][300/391]	lr: 1.000e-03, eta: 0:35:53, time: 0.246, data_time: 0.002, memory: 1627, loss: 0.0092
2021-06-21 20:16:59,162 - mmcls - INFO - Saving checkpoint at 90 epochs
2021-06-21 20:17:01,271 - mmcls - INFO - Epoch(val) [90][79]	accuracy_top-1: 94.5400, accuracy_top-5: 99.7900
2021-06-21 20:17:28,742 - mmcls - INFO - Epoch [91][100/391]	lr: 1.000e-03, eta: 0:35:16, time: 0.274, data_time: 0.025, memory: 1627, loss: 0.0068
2021-06-21 20:17:53,299 - mmcls - INFO - Epoch [91][200/391]	lr: 1.000e-03, eta: 0:35:00, time: 0.246, data_time: 0.003, memory: 1627, loss: 0.0076
2021-06-21 20:18:13,591 - mmcls - INFO - Epoch [91][300/391]	lr: 1.000e-03, eta: 0:34:42, time: 0.203, data_time: 0.002, memory: 1627, loss: 0.0071
2021-06-21 20:18:35,748 - mmcls - INFO - Saving checkpoint at 91 epochs
2021-06-21 20:19:04,564 - mmcls - INFO - Epoch [92][100/391]	lr: 1.000e-03, eta: 0:34:05, time: 0.267, data_time: 0.026, memory: 1627, loss: 0.0070
2021-06-21 20:19:28,851 - mmcls - INFO - Epoch [92][200/391]	lr: 1.000e-03, eta: 0:33:48, time: 0.243, data_time: 0.003, memory: 1627, loss: 0.0063
2021-06-21 20:19:50,150 - mmcls - INFO - Epoch [92][300/391]	lr: 1.000e-03, eta: 0:33:31, time: 0.213, data_time: 0.002, memory: 1627, loss: 0.0070
2021-06-21 20:20:11,539 - mmcls - INFO - Saving checkpoint at 92 epochs
2021-06-21 20:20:40,430 - mmcls - INFO - Epoch [93][100/391]	lr: 1.000e-03, eta: 0:32:54, time: 0.268, data_time: 0.027, memory: 1627, loss: 0.0052
2021-06-21 20:21:05,544 - mmcls - INFO - Epoch [93][200/391]	lr: 1.000e-03, eta: 0:32:38, time: 0.251, data_time: 0.003, memory: 1627, loss: 0.0051
2021-06-21 20:21:29,609 - mmcls - INFO - Epoch [93][300/391]	lr: 1.000e-03, eta: 0:32:21, time: 0.241, data_time: 0.002, memory: 1627, loss: 0.0061
2021-06-21 20:21:44,472 - mmcls - INFO - Saving checkpoint at 93 epochs
2021-06-21 20:22:13,238 - mmcls - INFO - Epoch [94][100/391]	lr: 1.000e-03, eta: 0:31:44, time: 0.267, data_time: 0.025, memory: 1627, loss: 0.0055
2021-06-21 20:22:37,893 - mmcls - INFO - Epoch [94][200/391]	lr: 1.000e-03, eta: 0:31:28, time: 0.247, data_time: 0.003, memory: 1627, loss: 0.0049
2021-06-21 20:23:02,251 - mmcls - INFO - Epoch [94][300/391]	lr: 1.000e-03, eta: 0:31:11, time: 0.244, data_time: 0.002, memory: 1627, loss: 0.0053
2021-06-21 20:23:23,754 - mmcls - INFO - Saving checkpoint at 94 epochs
2021-06-21 20:23:53,266 - mmcls - INFO - Epoch [95][100/391]	lr: 1.000e-03, eta: 0:30:34, time: 0.267, data_time: 0.026, memory: 1627, loss: 0.0055
2021-06-21 20:24:17,767 - mmcls - INFO - Epoch [95][200/391]	lr: 1.000e-03, eta: 0:30:18, time: 0.245, data_time: 0.002, memory: 1627, loss: 0.0060
2021-06-21 20:24:42,374 - mmcls - INFO - Epoch [95][300/391]	lr: 1.000e-03, eta: 0:30:01, time: 0.246, data_time: 0.003, memory: 1627, loss: 0.0066
2021-06-21 20:25:16,839 - mmcls - INFO - Saving checkpoint at 95 epochs
2021-06-21 20:25:18,891 - mmcls - INFO - Epoch(val) [95][79]	accuracy_top-1: 94.4600, accuracy_top-5: 99.7900
2021-06-21 20:25:45,514 - mmcls - INFO - Epoch [96][100/391]	lr: 1.000e-03, eta: 0:29:24, time: 0.266, data_time: 0.026, memory: 1627, loss: 0.0051
2021-06-21 20:26:09,959 - mmcls - INFO - Epoch [96][200/391]	lr: 1.000e-03, eta: 0:29:07, time: 0.244, data_time: 0.003, memory: 1627, loss: 0.0055
2021-06-21 20:26:34,405 - mmcls - INFO - Epoch [96][300/391]	lr: 1.000e-03, eta: 0:28:51, time: 0.244, data_time: 0.003, memory: 1627, loss: 0.0051
2021-06-21 20:26:52,616 - mmcls - INFO - Saving checkpoint at 96 epochs
2021-06-21 20:27:21,314 - mmcls - INFO - Epoch [97][100/391]	lr: 1.000e-03, eta: 0:28:14, time: 0.266, data_time: 0.027, memory: 1627, loss: 0.0055
2021-06-21 20:27:46,026 - mmcls - INFO - Epoch [97][200/391]	lr: 1.000e-03, eta: 0:27:57, time: 0.247, data_time: 0.003, memory: 1627, loss: 0.0052
2021-06-21 20:28:11,136 - mmcls - INFO - Epoch [97][300/391]	lr: 1.000e-03, eta: 0:27:40, time: 0.251, data_time: 0.003, memory: 1627, loss: 0.0045
2021-06-21 20:28:30,726 - mmcls - INFO - Saving checkpoint at 97 epochs
2021-06-21 20:28:59,542 - mmcls - INFO - Epoch [98][100/391]	lr: 1.000e-03, eta: 0:27:04, time: 0.266, data_time: 0.025, memory: 1627, loss: 0.0048
2021-06-21 20:29:24,159 - mmcls - INFO - Epoch [98][200/391]	lr: 1.000e-03, eta: 0:26:47, time: 0.246, data_time: 0.003, memory: 1627, loss: 0.0047
2021-06-21 20:29:48,762 - mmcls - INFO - Epoch [98][300/391]	lr: 1.000e-03, eta: 0:26:30, time: 0.246, data_time: 0.002, memory: 1627, loss: 0.0049
2021-06-21 20:30:10,936 - mmcls - INFO - Saving checkpoint at 98 epochs
2021-06-21 20:30:32,801 - mmcls - INFO - Epoch [99][100/391]	lr: 1.000e-03, eta: 0:25:52, time: 0.198, data_time: 0.026, memory: 1627, loss: 0.0041
2021-06-21 20:30:56,870 - mmcls - INFO - Epoch [99][200/391]	lr: 1.000e-03, eta: 0:25:35, time: 0.241, data_time: 0.003, memory: 1627, loss: 0.0047
2021-06-21 20:31:21,694 - mmcls - INFO - Epoch [99][300/391]	lr: 1.000e-03, eta: 0:25:18, time: 0.248, data_time: 0.003, memory: 1627, loss: 0.0045
2021-06-21 20:31:44,180 - mmcls - INFO - Saving checkpoint at 99 epochs
2021-06-21 20:32:09,185 - mmcls - INFO - Epoch [100][100/391]	lr: 1.000e-03, eta: 0:24:40, time: 0.229, data_time: 0.027, memory: 1627, loss: 0.0037
2021-06-21 20:32:33,601 - mmcls - INFO - Epoch [100][200/391]	lr: 1.000e-03, eta: 0:24:23, time: 0.244, data_time: 0.003, memory: 1627, loss: 0.0046
2021-06-21 20:32:58,392 - mmcls - INFO - Epoch [100][300/391]	lr: 1.000e-03, eta: 0:24:06, time: 0.248, data_time: 0.003, memory: 1627, loss: 0.0053
2021-06-21 20:33:32,798 - mmcls - INFO - Saving checkpoint at 100 epochs
2021-06-21 20:33:34,870 - mmcls - INFO - Epoch(val) [100][79]	accuracy_top-1: 94.4500, accuracy_top-5: 99.7600
2021-06-21 20:33:58,234 - mmcls - INFO - Epoch [101][100/391]	lr: 1.000e-03, eta: 0:23:29, time: 0.234, data_time: 0.027, memory: 1627, loss: 0.0051
2021-06-21 20:34:22,841 - mmcls - INFO - Epoch [101][200/391]	lr: 1.000e-03, eta: 0:23:12, time: 0.246, data_time: 0.003, memory: 1627, loss: 0.0057
2021-06-21 20:34:47,565 - mmcls - INFO - Epoch [101][300/391]	lr: 1.000e-03, eta: 0:22:55, time: 0.247, data_time: 0.003, memory: 1627, loss: 0.0051
2021-06-21 20:35:10,026 - mmcls - INFO - Saving checkpoint at 101 epochs
2021-06-21 20:35:34,977 - mmcls - INFO - Epoch [102][100/391]	lr: 1.000e-03, eta: 0:22:18, time: 0.229, data_time: 0.026, memory: 1627, loss: 0.0038
2021-06-21 20:35:59,600 - mmcls - INFO - Epoch [102][200/391]	lr: 1.000e-03, eta: 0:22:01, time: 0.246, data_time: 0.003, memory: 1627, loss: 0.0040
2021-06-21 20:36:24,614 - mmcls - INFO - Epoch [102][300/391]	lr: 1.000e-03, eta: 0:21:44, time: 0.250, data_time: 0.003, memory: 1627, loss: 0.0043
2021-06-21 20:36:47,133 - mmcls - INFO - Saving checkpoint at 102 epochs
2021-06-21 20:37:12,406 - mmcls - INFO - Epoch [103][100/391]	lr: 1.000e-03, eta: 0:21:07, time: 0.232, data_time: 0.027, memory: 1627, loss: 0.0036
2021-06-21 20:37:36,688 - mmcls - INFO - Epoch [103][200/391]	lr: 1.000e-03, eta: 0:20:50, time: 0.243, data_time: 0.003, memory: 1627, loss: 0.0036
2021-06-21 20:38:01,151 - mmcls - INFO - Epoch [103][300/391]	lr: 1.000e-03, eta: 0:20:32, time: 0.245, data_time: 0.003, memory: 1627, loss: 0.0039
2021-06-21 20:38:23,489 - mmcls - INFO - Saving checkpoint at 103 epochs
2021-06-21 20:38:50,581 - mmcls - INFO - Epoch [104][100/391]	lr: 1.000e-03, eta: 0:19:56, time: 0.250, data_time: 0.025, memory: 1627, loss: 0.0037
2021-06-21 20:39:08,007 - mmcls - INFO - Epoch [104][200/391]	lr: 1.000e-03, eta: 0:19:37, time: 0.174, data_time: 0.003, memory: 1627, loss: 0.0041
2021-06-21 20:39:32,582 - mmcls - INFO - Epoch [104][300/391]	lr: 1.000e-03, eta: 0:19:20, time: 0.246, data_time: 0.003, memory: 1627, loss: 0.0034
2021-06-21 20:39:54,847 - mmcls - INFO - Saving checkpoint at 104 epochs
2021-06-21 20:40:23,945 - mmcls - INFO - Epoch [105][100/391]	lr: 1.000e-03, eta: 0:18:44, time: 0.271, data_time: 0.027, memory: 1627, loss: 0.0034
2021-06-21 20:40:44,720 - mmcls - INFO - Epoch [105][200/391]	lr: 1.000e-03, eta: 0:18:26, time: 0.208, data_time: 0.003, memory: 1627, loss: 0.0039
2021-06-21 20:41:09,422 - mmcls - INFO - Epoch [105][300/391]	lr: 1.000e-03, eta: 0:18:09, time: 0.247, data_time: 0.003, memory: 1627, loss: 0.0031
2021-06-21 20:41:43,928 - mmcls - INFO - Saving checkpoint at 105 epochs
2021-06-21 20:41:46,029 - mmcls - INFO - Epoch(val) [105][79]	accuracy_top-1: 94.5600, accuracy_top-5: 99.7600
2021-06-21 20:42:13,053 - mmcls - INFO - Epoch [106][100/391]	lr: 1.000e-03, eta: 0:17:33, time: 0.270, data_time: 0.026, memory: 1627, loss: 0.0036
2021-06-21 20:42:33,728 - mmcls - INFO - Epoch [106][200/391]	lr: 1.000e-03, eta: 0:17:15, time: 0.207, data_time: 0.003, memory: 1627, loss: 0.0036
2021-06-21 20:42:58,266 - mmcls - INFO - Epoch [106][300/391]	lr: 1.000e-03, eta: 0:16:57, time: 0.245, data_time: 0.003, memory: 1627, loss: 0.0036
2021-06-21 20:43:20,702 - mmcls - INFO - Saving checkpoint at 106 epochs
2021-06-21 20:43:49,618 - mmcls - INFO - Epoch [107][100/391]	lr: 1.000e-03, eta: 0:16:21, time: 0.268, data_time: 0.026, memory: 1627, loss: 0.0039
2021-06-21 20:44:10,133 - mmcls - INFO - Epoch [107][200/391]	lr: 1.000e-03, eta: 0:16:03, time: 0.205, data_time: 0.003, memory: 1627, loss: 0.0035
2021-06-21 20:44:34,816 - mmcls - INFO - Epoch [107][300/391]	lr: 1.000e-03, eta: 0:15:46, time: 0.247, data_time: 0.003, memory: 1627, loss: 0.0031
2021-06-21 20:44:57,076 - mmcls - INFO - Saving checkpoint at 107 epochs
2021-06-21 20:45:26,307 - mmcls - INFO - Epoch [108][100/391]	lr: 1.000e-03, eta: 0:15:10, time: 0.272, data_time: 0.027, memory: 1627, loss: 0.0029
2021-06-21 20:45:47,070 - mmcls - INFO - Epoch [108][200/391]	lr: 1.000e-03, eta: 0:14:52, time: 0.208, data_time: 0.003, memory: 1627, loss: 0.0030
2021-06-21 20:46:11,569 - mmcls - INFO - Epoch [108][300/391]	lr: 1.000e-03, eta: 0:14:34, time: 0.245, data_time: 0.003, memory: 1627, loss: 0.0043
2021-06-21 20:46:33,978 - mmcls - INFO - Saving checkpoint at 108 epochs
2021-06-21 20:47:02,830 - mmcls - INFO - Epoch [109][100/391]	lr: 1.000e-03, eta: 0:13:59, time: 0.267, data_time: 0.026, memory: 1627, loss: 0.0033
2021-06-21 20:47:25,389 - mmcls - INFO - Epoch [109][200/391]	lr: 1.000e-03, eta: 0:13:41, time: 0.226, data_time: 0.003, memory: 1627, loss: 0.0030
2021-06-21 20:47:43,473 - mmcls - INFO - Epoch [109][300/391]	lr: 1.000e-03, eta: 0:13:22, time: 0.181, data_time: 0.003, memory: 1627, loss: 0.0025
2021-06-21 20:48:05,834 - mmcls - INFO - Saving checkpoint at 109 epochs
2021-06-21 20:48:34,907 - mmcls - INFO - Epoch [110][100/391]	lr: 1.000e-03, eta: 0:12:47, time: 0.270, data_time: 0.027, memory: 1627, loss: 0.0032
2021-06-21 20:48:59,570 - mmcls - INFO - Epoch [110][200/391]	lr: 1.000e-03, eta: 0:12:29, time: 0.247, data_time: 0.003, memory: 1627, loss: 0.0035
2021-06-21 20:49:20,419 - mmcls - INFO - Epoch [110][300/391]	lr: 1.000e-03, eta: 0:12:11, time: 0.208, data_time: 0.003, memory: 1627, loss: 0.0041
2021-06-21 20:49:55,166 - mmcls - INFO - Saving checkpoint at 110 epochs
2021-06-21 20:49:57,213 - mmcls - INFO - Epoch(val) [110][79]	accuracy_top-1: 94.6000, accuracy_top-5: 99.7900
2021-06-21 20:50:24,256 - mmcls - INFO - Epoch [111][100/391]	lr: 1.000e-03, eta: 0:11:35, time: 0.270, data_time: 0.026, memory: 1627, loss: 0.0033
2021-06-21 20:50:48,673 - mmcls - INFO - Epoch [111][200/391]	lr: 1.000e-03, eta: 0:11:18, time: 0.244, data_time: 0.003, memory: 1627, loss: 0.0034
2021-06-21 20:51:09,209 - mmcls - INFO - Epoch [111][300/391]	lr: 1.000e-03, eta: 0:11:00, time: 0.205, data_time: 0.003, memory: 1627, loss: 0.0024
2021-06-21 20:51:31,677 - mmcls - INFO - Saving checkpoint at 111 epochs
2021-06-21 20:52:00,698 - mmcls - INFO - Epoch [112][100/391]	lr: 1.000e-03, eta: 0:10:24, time: 0.270, data_time: 0.026, memory: 1627, loss: 0.0022
2021-06-21 20:52:25,226 - mmcls - INFO - Epoch [112][200/391]	lr: 1.000e-03, eta: 0:10:06, time: 0.245, data_time: 0.003, memory: 1627, loss: 0.0026
2021-06-21 20:52:45,813 - mmcls - INFO - Epoch [112][300/391]	lr: 1.000e-03, eta: 0:09:48, time: 0.206, data_time: 0.003, memory: 1627, loss: 0.0027
2021-06-21 20:53:07,792 - mmcls - INFO - Saving checkpoint at 112 epochs
2021-06-21 20:53:36,481 - mmcls - INFO - Epoch [113][100/391]	lr: 1.000e-03, eta: 0:09:13, time: 0.266, data_time: 0.027, memory: 1627, loss: 0.0026
2021-06-21 20:54:01,218 - mmcls - INFO - Epoch [113][200/391]	lr: 1.000e-03, eta: 0:08:55, time: 0.247, data_time: 0.003, memory: 1627, loss: 0.0039
2021-06-21 20:54:22,145 - mmcls - INFO - Epoch [113][300/391]	lr: 1.000e-03, eta: 0:08:37, time: 0.209, data_time: 0.003, memory: 1627, loss: 0.0030
2021-06-21 20:54:44,528 - mmcls - INFO - Saving checkpoint at 113 epochs
2021-06-21 20:55:13,312 - mmcls - INFO - Epoch [114][100/391]	lr: 1.000e-03, eta: 0:08:01, time: 0.267, data_time: 0.026, memory: 1627, loss: 0.0027
2021-06-21 20:55:37,581 - mmcls - INFO - Epoch [114][200/391]	lr: 1.000e-03, eta: 0:07:43, time: 0.243, data_time: 0.003, memory: 1627, loss: 0.0033
2021-06-21 20:55:59,580 - mmcls - INFO - Epoch [114][300/391]	lr: 1.000e-03, eta: 0:07:25, time: 0.220, data_time: 0.003, memory: 1627, loss: 0.0028
2021-06-21 20:56:13,463 - mmcls - INFO - Saving checkpoint at 114 epochs
2021-06-21 20:56:42,476 - mmcls - INFO - Epoch [115][100/391]	lr: 1.000e-03, eta: 0:06:50, time: 0.269, data_time: 0.027, memory: 1627, loss: 0.0024
2021-06-21 20:57:06,954 - mmcls - INFO - Epoch [115][200/391]	lr: 1.000e-03, eta: 0:06:32, time: 0.245, data_time: 0.003, memory: 1627, loss: 0.0028
2021-06-21 20:57:31,670 - mmcls - INFO - Epoch [115][300/391]	lr: 1.000e-03, eta: 0:06:14, time: 0.247, data_time: 0.003, memory: 1627, loss: 0.0029
2021-06-21 20:58:04,901 - mmcls - INFO - Saving checkpoint at 115 epochs
2021-06-21 20:58:06,963 - mmcls - INFO - Epoch(val) [115][79]	accuracy_top-1: 94.6600, accuracy_top-5: 99.7900
2021-06-21 20:58:33,268 - mmcls - INFO - Epoch [116][100/391]	lr: 1.000e-03, eta: 0:05:39, time: 0.263, data_time: 0.025, memory: 1627, loss: 0.0029
2021-06-21 20:58:57,800 - mmcls - INFO - Epoch [116][200/391]	lr: 1.000e-03, eta: 0:05:21, time: 0.245, data_time: 0.003, memory: 1627, loss: 0.0029
2021-06-21 20:59:22,010 - mmcls - INFO - Epoch [116][300/391]	lr: 1.000e-03, eta: 0:05:03, time: 0.242, data_time: 0.003, memory: 1627, loss: 0.0024
2021-06-21 20:59:40,322 - mmcls - INFO - Saving checkpoint at 116 epochs
2021-06-21 21:00:09,153 - mmcls - INFO - Epoch [117][100/391]	lr: 1.000e-03, eta: 0:04:27, time: 0.268, data_time: 0.026, memory: 1627, loss: 0.0023
2021-06-21 21:00:33,706 - mmcls - INFO - Epoch [117][200/391]	lr: 1.000e-03, eta: 0:04:09, time: 0.246, data_time: 0.002, memory: 1627, loss: 0.0028
2021-06-21 21:00:58,165 - mmcls - INFO - Epoch [117][300/391]	lr: 1.000e-03, eta: 0:03:51, time: 0.245, data_time: 0.002, memory: 1627, loss: 0.0026
2021-06-21 21:01:16,595 - mmcls - INFO - Saving checkpoint at 117 epochs
2021-06-21 21:01:45,539 - mmcls - INFO - Epoch [118][100/391]	lr: 1.000e-03, eta: 0:03:16, time: 0.269, data_time: 0.027, memory: 1627, loss: 0.0023
2021-06-21 21:02:10,028 - mmcls - INFO - Epoch [118][200/391]	lr: 1.000e-03, eta: 0:02:58, time: 0.245, data_time: 0.003, memory: 1627, loss: 0.0028
2021-06-21 21:02:34,403 - mmcls - INFO - Epoch [118][300/391]	lr: 1.000e-03, eta: 0:02:40, time: 0.244, data_time: 0.002, memory: 1627, loss: 0.0029
2021-06-21 21:02:53,654 - mmcls - INFO - Saving checkpoint at 118 epochs
2021-06-21 21:03:22,353 - mmcls - INFO - Epoch [119][100/391]	lr: 1.000e-03, eta: 0:02:04, time: 0.266, data_time: 0.025, memory: 1627, loss: 0.0026
2021-06-21 21:03:46,540 - mmcls - INFO - Epoch [119][200/391]	lr: 1.000e-03, eta: 0:01:46, time: 0.242, data_time: 0.003, memory: 1627, loss: 0.0027
2021-06-21 21:04:11,194 - mmcls - INFO - Epoch [119][300/391]	lr: 1.000e-03, eta: 0:01:28, time: 0.247, data_time: 0.003, memory: 1627, loss: 0.0031
2021-06-21 21:04:33,410 - mmcls - INFO - Saving checkpoint at 119 epochs
2021-06-21 21:04:54,294 - mmcls - INFO - Epoch [120][100/391]	lr: 1.000e-03, eta: 0:00:53, time: 0.191, data_time: 0.026, memory: 1627, loss: 0.0038
2021-06-21 21:05:18,466 - mmcls - INFO - Epoch [120][200/391]	lr: 1.000e-03, eta: 0:00:34, time: 0.242, data_time: 0.003, memory: 1627, loss: 0.0029
2021-06-21 21:05:42,711 - mmcls - INFO - Epoch [120][300/391]	lr: 1.000e-03, eta: 0:00:16, time: 0.242, data_time: 0.002, memory: 1627, loss: 0.0031
2021-06-21 21:06:16,853 - mmcls - INFO - Saving checkpoint at 120 epochs
2021-06-21 21:06:18,903 - mmcls - INFO - Epoch(val) [120][79]	accuracy_top-1: 94.5500, accuracy_top-5: 99.7800
