2021-06-21 23:22:10,249 - mmcls - INFO - Environment info:
------------------------------------------------------------
sys.platform: linux
Python: 3.7.10 (default, Feb 26 2021, 18:47:35) [GCC 7.3.0]
CUDA available: True
GPU 0: GeForce GTX 1080 Ti
CUDA_HOME: /usr/local/cuda
NVCC: Cuda compilation tools, release 10.1, V10.1.243
GCC: gcc (Ubuntu 5.4.0-6ubuntu1~16.04.11) 5.4.0 20160609
PyTorch: 1.6.0
PyTorch compiling details: PyTorch built with:
  - GCC 7.3
  - C++ Version: 201402
  - Intel(R) oneAPI Math Kernel Library Version 2021.2-Product Build 20210312 for Intel(R) 64 architecture applications
  - Intel(R) MKL-DNN v1.5.0 (Git Hash e2ac1fac44c5078ca927cb9b90e1b3066a0b2ed0)
  - OpenMP 201511 (a.k.a. OpenMP 4.5)
  - NNPACK is enabled
  - CPU capability usage: AVX2
  - CUDA Runtime 10.1
  - NVCC architecture flags: -gencode;arch=compute_37,code=sm_37;-gencode;arch=compute_50,code=sm_50;-gencode;arch=compute_60,code=sm_60;-gencode;arch=compute_61,code=sm_61;-gencode;arch=compute_70,code=sm_70;-gencode;arch=compute_75,code=sm_75;-gencode;arch=compute_37,code=compute_37
  - CuDNN 7.6.3
  - Magma 2.5.2
  - Build settings: BLAS=MKL, BUILD_TYPE=Release, CXX_FLAGS= -Wno-deprecated -fvisibility-inlines-hidden -DUSE_PTHREADPOOL -fopenmp -DNDEBUG -DUSE_FBGEMM -DUSE_QNNPACK -DUSE_PYTORCH_QNNPACK -DUSE_XNNPACK -DUSE_VULKAN_WRAPPER -O2 -fPIC -Wno-narrowing -Wall -Wextra -Werror=return-type -Wno-missing-field-initializers -Wno-type-limits -Wno-array-bounds -Wno-unknown-pragmas -Wno-sign-compare -Wno-unused-parameter -Wno-unused-variable -Wno-unused-function -Wno-unused-result -Wno-unused-local-typedefs -Wno-strict-overflow -Wno-strict-aliasing -Wno-error=deprecated-declarations -Wno-stringop-overflow -Wno-error=pedantic -Wno-error=redundant-decls -Wno-error=old-style-cast -fdiagnostics-color=always -faligned-new -Wno-unused-but-set-variable -Wno-maybe-uninitialized -fno-math-errno -fno-trapping-math -Werror=format -Wno-stringop-overflow, PERF_WITH_AVX=1, PERF_WITH_AVX2=1, PERF_WITH_AVX512=1, USE_CUDA=ON, USE_EXCEPTION_PTR=1, USE_GFLAGS=OFF, USE_GLOG=OFF, USE_MKL=ON, USE_MKLDNN=ON, USE_MPI=OFF, USE_NCCL=ON, USE_NNPACK=ON, USE_OPENMP=ON, USE_STATIC_DISPATCH=OFF, 

TorchVision: 0.7.0
OpenCV: 4.5.2
MMCV: 1.3.4
MMCV Compiler: GCC 7.3
MMCV CUDA Compiler: 10.1
MMClassification: 0.11.1+b67a11c
------------------------------------------------------------

2021-06-21 23:22:10,250 - mmcls - INFO - Distributed training: False
2021-06-21 23:22:10,538 - mmcls - INFO - Config:
model = dict(
    type='ImageClassifier',
    backbone=dict(
        type='ResNetVisionTransformer',
        num_layers=16,
        embed_dim=320,
        num_heads=8,
        img_size=32,
        patch_size=16,
        in_channels=3,
        feedforward_channels=512,
        drop_rate=0.1,
        resnet_kwargs=dict(depth=18, num_stages=4)),
    neck=None,
    head=dict(
        type='VisionTransformerClsHead',
        num_classes=100,
        in_channels=320,
        loss=dict(type='CrossEntropyLoss', loss_weight=1.0),
        topk=(1, 5)))
dataset_type = 'CIFAR100'
img_norm_cfg = dict(
    mean=[129.304, 124.07, 112.434], std=[68.17, 65.392, 70.418], to_rgb=True)
train_pipeline = [
    dict(type='RandomCrop', size=32, padding=4),
    dict(type='RandomFlip', flip_prob=0.5, direction='horizontal'),
    dict(
        type='Normalize',
        mean=[129.304, 124.07, 112.434],
        std=[68.17, 65.392, 70.418],
        to_rgb=True),
    dict(type='ImageToTensor', keys=['img']),
    dict(type='ToTensor', keys=['gt_label']),
    dict(type='Collect', keys=['img', 'gt_label'])
]
test_pipeline = [
    dict(
        type='Normalize',
        mean=[129.304, 124.07, 112.434],
        std=[68.17, 65.392, 70.418],
        to_rgb=True),
    dict(type='ImageToTensor', keys=['img']),
    dict(type='Collect', keys=['img'])
]
data = dict(
    samples_per_gpu=128,
    workers_per_gpu=4,
    train=dict(
        type='CIFAR100',
        data_prefix='data/cifar100',
        pipeline=[
            dict(type='RandomCrop', size=32, padding=4),
            dict(type='RandomFlip', flip_prob=0.5, direction='horizontal'),
            dict(
                type='Normalize',
                mean=[129.304, 124.07, 112.434],
                std=[68.17, 65.392, 70.418],
                to_rgb=True),
            dict(type='ImageToTensor', keys=['img']),
            dict(type='ToTensor', keys=['gt_label']),
            dict(type='Collect', keys=['img', 'gt_label'])
        ]),
    val=dict(
        type='CIFAR100',
        data_prefix='data/cifar100',
        pipeline=[
            dict(
                type='Normalize',
                mean=[129.304, 124.07, 112.434],
                std=[68.17, 65.392, 70.418],
                to_rgb=True),
            dict(type='ImageToTensor', keys=['img']),
            dict(type='Collect', keys=['img'])
        ]),
    test=dict(
        type='CIFAR100',
        data_prefix='data/cifar100',
        pipeline=[
            dict(
                type='Normalize',
                mean=[129.304, 124.07, 112.434],
                std=[68.17, 65.392, 70.418],
                to_rgb=True),
            dict(type='ImageToTensor', keys=['img']),
            dict(type='Collect', keys=['img'])
        ]))
optimizer = dict(type='SGD', lr=0.1, momentum=0.9, weight_decay=0.0005)
optimizer_config = dict(grad_clip=None)
lr_config = dict(policy='step', step=[40, 80], gamma=0.1)
runner = dict(type='EpochBasedRunner', max_epochs=120)
checkpoint_config = dict(interval=1)
log_config = dict(interval=100, hooks=[dict(type='TextLoggerHook')])
dist_params = dict(backend='nccl')
log_level = 'INFO'
load_from = None
resume_from = None
workflow = [('train', 1)]
evaluation = dict(interval=5)
work_dir = './work_dirs/resnet18_vit_cifar100'
gpu_ids = range(0, 1)

2021-06-21 23:22:21,444 - mmcls - INFO - Start running, host: root@efff16289307, work_dir: /remote-home/shenduxuexi15/mmlab/mmclassification/work_dirs/resnet18_vit_cifar100
2021-06-21 23:22:21,444 - mmcls - INFO - workflow: [('train', 1)], max: 120 epochs
2021-06-21 23:22:49,046 - mmcls - INFO - Epoch [1][100/391]	lr: 1.000e-01, eta: 3:35:17, time: 0.276, data_time: 0.025, memory: 1558, loss: 4.5692
2021-06-21 23:23:14,475 - mmcls - INFO - Epoch [1][200/391]	lr: 1.000e-01, eta: 3:26:24, time: 0.254, data_time: 0.003, memory: 1558, loss: 4.1134
2021-06-21 23:23:39,764 - mmcls - INFO - Epoch [1][300/391]	lr: 1.000e-01, eta: 3:22:48, time: 0.253, data_time: 0.003, memory: 1558, loss: 4.0146
2021-06-21 23:23:58,764 - mmcls - INFO - Saving checkpoint at 1 epochs
2021-06-21 23:24:28,540 - mmcls - INFO - Epoch [2][100/391]	lr: 1.000e-01, eta: 2:47:06, time: 0.277, data_time: 0.027, memory: 1558, loss: 3.8439
2021-06-21 23:24:54,516 - mmcls - INFO - Epoch [2][200/391]	lr: 1.000e-01, eta: 2:52:28, time: 0.260, data_time: 0.002, memory: 1558, loss: 3.7577
2021-06-21 23:25:20,653 - mmcls - INFO - Epoch [2][300/391]	lr: 1.000e-01, eta: 2:56:20, time: 0.261, data_time: 0.003, memory: 1558, loss: 3.7105
2021-06-21 23:25:39,224 - mmcls - INFO - Saving checkpoint at 2 epochs
2021-06-21 23:26:09,217 - mmcls - INFO - Epoch [3][100/391]	lr: 1.000e-01, eta: 2:41:53, time: 0.279, data_time: 0.026, memory: 1558, loss: 3.5433
2021-06-21 23:26:34,804 - mmcls - INFO - Epoch [3][200/391]	lr: 1.000e-01, eta: 2:45:02, time: 0.256, data_time: 0.002, memory: 1558, loss: 3.4944
2021-06-21 23:27:00,366 - mmcls - INFO - Epoch [3][300/391]	lr: 1.000e-01, eta: 2:47:30, time: 0.256, data_time: 0.002, memory: 1558, loss: 3.4274
2021-06-21 23:27:19,425 - mmcls - INFO - Saving checkpoint at 3 epochs
2021-06-21 23:27:49,856 - mmcls - INFO - Epoch [4][100/391]	lr: 1.000e-01, eta: 2:38:45, time: 0.284, data_time: 0.026, memory: 1558, loss: 3.2906
2021-06-21 23:28:16,016 - mmcls - INFO - Epoch [4][200/391]	lr: 1.000e-01, eta: 2:41:20, time: 0.262, data_time: 0.003, memory: 1558, loss: 3.2398
2021-06-21 23:28:41,633 - mmcls - INFO - Epoch [4][300/391]	lr: 1.000e-01, eta: 2:43:13, time: 0.256, data_time: 0.002, memory: 1558, loss: 3.1769
2021-06-21 23:29:01,721 - mmcls - INFO - Saving checkpoint at 4 epochs
2021-06-21 23:29:32,254 - mmcls - INFO - Epoch [5][100/391]	lr: 1.000e-01, eta: 2:36:48, time: 0.285, data_time: 0.026, memory: 1558, loss: 3.0029
2021-06-21 23:29:58,857 - mmcls - INFO - Epoch [5][200/391]	lr: 1.000e-01, eta: 2:38:56, time: 0.266, data_time: 0.003, memory: 1558, loss: 2.9289
2021-06-21 23:30:22,601 - mmcls - INFO - Epoch [5][300/391]	lr: 1.000e-01, eta: 2:39:39, time: 0.237, data_time: 0.002, memory: 1558, loss: 2.8483
2021-06-21 23:30:51,155 - mmcls - INFO - Saving checkpoint at 5 epochs
2021-06-21 23:30:53,135 - mmcls - INFO - Epoch(val) [5][79]	accuracy_top-1: 25.0500, accuracy_top-5: 56.0400
2021-06-21 23:31:21,559 - mmcls - INFO - Epoch [6][100/391]	lr: 1.000e-01, eta: 2:34:32, time: 0.284, data_time: 0.026, memory: 1558, loss: 2.6518
2021-06-21 23:31:47,650 - mmcls - INFO - Epoch [6][200/391]	lr: 1.000e-01, eta: 2:36:04, time: 0.261, data_time: 0.002, memory: 1558, loss: 2.6347
2021-06-21 23:32:09,082 - mmcls - INFO - Epoch [6][300/391]	lr: 1.000e-01, eta: 2:35:53, time: 0.214, data_time: 0.002, memory: 1558, loss: 2.5308
2021-06-21 23:32:32,957 - mmcls - INFO - Saving checkpoint at 6 epochs
2021-06-21 23:33:03,240 - mmcls - INFO - Epoch [7][100/391]	lr: 1.000e-01, eta: 2:31:40, time: 0.283, data_time: 0.025, memory: 1558, loss: 2.4450
2021-06-21 23:33:29,373 - mmcls - INFO - Epoch [7][200/391]	lr: 1.000e-01, eta: 2:32:58, time: 0.261, data_time: 0.003, memory: 1558, loss: 2.3737
2021-06-21 23:33:50,533 - mmcls - INFO - Epoch [7][300/391]	lr: 1.000e-01, eta: 2:32:45, time: 0.212, data_time: 0.002, memory: 1558, loss: 2.3479
2021-06-21 23:34:14,349 - mmcls - INFO - Saving checkpoint at 7 epochs
2021-06-21 23:34:44,911 - mmcls - INFO - Epoch [8][100/391]	lr: 1.000e-01, eta: 2:29:15, time: 0.286, data_time: 0.027, memory: 1558, loss: 2.2156
2021-06-21 23:35:11,037 - mmcls - INFO - Epoch [8][200/391]	lr: 1.000e-01, eta: 2:30:22, time: 0.261, data_time: 0.002, memory: 1558, loss: 2.2285
2021-06-21 23:35:31,969 - mmcls - INFO - Epoch [8][300/391]	lr: 1.000e-01, eta: 2:30:08, time: 0.209, data_time: 0.002, memory: 1558, loss: 2.2016
2021-06-21 23:35:55,789 - mmcls - INFO - Saving checkpoint at 8 epochs
2021-06-21 23:36:26,541 - mmcls - INFO - Epoch [9][100/391]	lr: 1.000e-01, eta: 2:27:07, time: 0.287, data_time: 0.026, memory: 1558, loss: 2.0598
2021-06-21 23:36:52,556 - mmcls - INFO - Epoch [9][200/391]	lr: 1.000e-01, eta: 2:28:03, time: 0.260, data_time: 0.002, memory: 1558, loss: 2.0864
2021-06-21 23:37:13,928 - mmcls - INFO - Epoch [9][300/391]	lr: 1.000e-01, eta: 2:27:55, time: 0.214, data_time: 0.002, memory: 1558, loss: 2.0523
2021-06-21 23:37:37,582 - mmcls - INFO - Saving checkpoint at 9 epochs
2021-06-21 23:38:07,798 - mmcls - INFO - Epoch [10][100/391]	lr: 1.000e-01, eta: 2:25:07, time: 0.282, data_time: 0.026, memory: 1558, loss: 1.9495
2021-06-21 23:38:32,880 - mmcls - INFO - Epoch [10][200/391]	lr: 1.000e-01, eta: 2:25:44, time: 0.251, data_time: 0.002, memory: 1558, loss: 1.9851
2021-06-21 23:38:48,713 - mmcls - INFO - Epoch [10][300/391]	lr: 1.000e-01, eta: 2:24:34, time: 0.158, data_time: 0.002, memory: 1558, loss: 1.9516
2021-06-21 23:39:24,446 - mmcls - INFO - Saving checkpoint at 10 epochs
2021-06-21 23:39:26,447 - mmcls - INFO - Epoch(val) [10][79]	accuracy_top-1: 39.4000, accuracy_top-5: 72.6000
2021-06-21 23:39:54,873 - mmcls - INFO - Epoch [11][100/391]	lr: 1.000e-01, eta: 2:22:08, time: 0.284, data_time: 0.024, memory: 1558, loss: 1.8661
2021-06-21 23:40:18,428 - mmcls - INFO - Epoch [11][200/391]	lr: 1.000e-01, eta: 2:22:27, time: 0.236, data_time: 0.002, memory: 1558, loss: 1.8910
2021-06-21 23:40:42,510 - mmcls - INFO - Epoch [11][300/391]	lr: 1.000e-01, eta: 2:22:48, time: 0.241, data_time: 0.003, memory: 1558, loss: 1.8664
2021-06-21 23:41:05,929 - mmcls - INFO - Saving checkpoint at 11 epochs
2021-06-21 23:41:36,362 - mmcls - INFO - Epoch [12][100/391]	lr: 1.000e-01, eta: 2:20:34, time: 0.284, data_time: 0.026, memory: 1558, loss: 1.7897
2021-06-21 23:41:57,807 - mmcls - INFO - Epoch [12][200/391]	lr: 1.000e-01, eta: 2:20:29, time: 0.214, data_time: 0.003, memory: 1558, loss: 1.8046
2021-06-21 23:42:23,858 - mmcls - INFO - Epoch [12][300/391]	lr: 1.000e-01, eta: 2:21:06, time: 0.260, data_time: 0.003, memory: 1558, loss: 1.8003
2021-06-21 23:42:47,529 - mmcls - INFO - Saving checkpoint at 12 epochs
2021-06-21 23:43:18,281 - mmcls - INFO - Epoch [13][100/391]	lr: 1.000e-01, eta: 2:19:05, time: 0.287, data_time: 0.026, memory: 1558, loss: 1.7186
2021-06-21 23:43:39,962 - mmcls - INFO - Epoch [13][200/391]	lr: 1.000e-01, eta: 2:19:01, time: 0.217, data_time: 0.003, memory: 1558, loss: 1.7619
2021-06-21 23:44:05,981 - mmcls - INFO - Epoch [13][300/391]	lr: 1.000e-01, eta: 2:19:33, time: 0.260, data_time: 0.003, memory: 1558, loss: 1.7426
2021-06-21 23:44:29,667 - mmcls - INFO - Saving checkpoint at 13 epochs
2021-06-21 23:45:00,172 - mmcls - INFO - Epoch [14][100/391]	lr: 1.000e-01, eta: 2:17:37, time: 0.285, data_time: 0.025, memory: 1558, loss: 1.6687
2021-06-21 23:45:21,529 - mmcls - INFO - Epoch [14][200/391]	lr: 1.000e-01, eta: 2:17:30, time: 0.214, data_time: 0.003, memory: 1558, loss: 1.7112
2021-06-21 23:45:47,356 - mmcls - INFO - Epoch [14][300/391]	lr: 1.000e-01, eta: 2:17:56, time: 0.258, data_time: 0.003, memory: 1558, loss: 1.7085
2021-06-21 23:46:11,075 - mmcls - INFO - Saving checkpoint at 14 epochs
2021-06-21 23:46:41,769 - mmcls - INFO - Epoch [15][100/391]	lr: 1.000e-01, eta: 2:16:09, time: 0.287, data_time: 0.026, memory: 1558, loss: 1.6167
2021-06-21 23:46:59,031 - mmcls - INFO - Epoch [15][200/391]	lr: 1.000e-01, eta: 2:15:31, time: 0.173, data_time: 0.003, memory: 1558, loss: 1.6505
2021-06-21 23:47:22,717 - mmcls - INFO - Epoch [15][300/391]	lr: 1.000e-01, eta: 2:15:39, time: 0.237, data_time: 0.002, memory: 1558, loss: 1.6706
2021-06-21 23:47:58,747 - mmcls - INFO - Saving checkpoint at 15 epochs
2021-06-21 23:48:00,702 - mmcls - INFO - Epoch(val) [15][79]	accuracy_top-1: 44.3800, accuracy_top-5: 75.2100
2021-06-21 23:48:29,059 - mmcls - INFO - Epoch [16][100/391]	lr: 1.000e-01, eta: 2:13:57, time: 0.283, data_time: 0.026, memory: 1558, loss: 1.5828
2021-06-21 23:48:50,944 - mmcls - INFO - Epoch [16][200/391]	lr: 1.000e-01, eta: 2:13:52, time: 0.219, data_time: 0.002, memory: 1558, loss: 1.5959
2021-06-21 23:49:16,855 - mmcls - INFO - Epoch [16][300/391]	lr: 1.000e-01, eta: 2:14:14, time: 0.259, data_time: 0.002, memory: 1558, loss: 1.6397
2021-06-21 23:49:40,576 - mmcls - INFO - Saving checkpoint at 16 epochs
2021-06-21 23:50:08,129 - mmcls - INFO - Epoch [17][100/391]	lr: 1.000e-01, eta: 2:12:18, time: 0.255, data_time: 0.025, memory: 1558, loss: 1.5523
2021-06-21 23:50:32,428 - mmcls - INFO - Epoch [17][200/391]	lr: 1.000e-01, eta: 2:12:28, time: 0.243, data_time: 0.003, memory: 1558, loss: 1.5638
2021-06-21 23:50:58,643 - mmcls - INFO - Epoch [17][300/391]	lr: 1.000e-01, eta: 2:12:49, time: 0.262, data_time: 0.002, memory: 1558, loss: 1.6000
2021-06-21 23:51:22,569 - mmcls - INFO - Saving checkpoint at 17 epochs
2021-06-21 23:51:48,357 - mmcls - INFO - Epoch [18][100/391]	lr: 1.000e-01, eta: 2:10:48, time: 0.238, data_time: 0.027, memory: 1558, loss: 1.4846
2021-06-21 23:52:14,367 - mmcls - INFO - Epoch [18][200/391]	lr: 1.000e-01, eta: 2:11:07, time: 0.260, data_time: 0.003, memory: 1558, loss: 1.5688
2021-06-21 23:52:40,797 - mmcls - INFO - Epoch [18][300/391]	lr: 1.000e-01, eta: 2:11:26, time: 0.264, data_time: 0.002, memory: 1558, loss: 1.5704
2021-06-21 23:53:04,532 - mmcls - INFO - Saving checkpoint at 18 epochs
2021-06-21 23:53:30,248 - mmcls - INFO - Epoch [19][100/391]	lr: 1.000e-01, eta: 2:09:31, time: 0.237, data_time: 0.025, memory: 1558, loss: 1.4664
2021-06-21 23:53:56,313 - mmcls - INFO - Epoch [19][200/391]	lr: 1.000e-01, eta: 2:09:47, time: 0.261, data_time: 0.002, memory: 1558, loss: 1.5183
2021-06-21 23:54:22,358 - mmcls - INFO - Epoch [19][300/391]	lr: 1.000e-01, eta: 2:10:02, time: 0.260, data_time: 0.002, memory: 1558, loss: 1.5203
2021-06-21 23:54:46,337 - mmcls - INFO - Saving checkpoint at 19 epochs
2021-06-21 23:55:09,343 - mmcls - INFO - Epoch [20][100/391]	lr: 1.000e-01, eta: 2:07:57, time: 0.210, data_time: 0.025, memory: 1558, loss: 1.4326
2021-06-21 23:55:31,058 - mmcls - INFO - Epoch [20][200/391]	lr: 1.000e-01, eta: 2:07:49, time: 0.217, data_time: 0.003, memory: 1558, loss: 1.4732
2021-06-21 23:55:57,076 - mmcls - INFO - Epoch [20][300/391]	lr: 1.000e-01, eta: 2:08:02, time: 0.260, data_time: 0.003, memory: 1558, loss: 1.5199
2021-06-21 23:56:32,971 - mmcls - INFO - Saving checkpoint at 20 epochs
2021-06-21 23:56:34,952 - mmcls - INFO - Epoch(val) [20][79]	accuracy_top-1: 50.9800, accuracy_top-5: 81.3500
2021-06-21 23:56:58,623 - mmcls - INFO - Epoch [21][100/391]	lr: 1.000e-01, eta: 2:06:17, time: 0.236, data_time: 0.026, memory: 1558, loss: 1.4330
2021-06-21 23:57:24,577 - mmcls - INFO - Epoch [21][200/391]	lr: 1.000e-01, eta: 2:06:29, time: 0.260, data_time: 0.003, memory: 1558, loss: 1.4750
2021-06-21 23:57:50,793 - mmcls - INFO - Epoch [21][300/391]	lr: 1.000e-01, eta: 2:06:42, time: 0.262, data_time: 0.003, memory: 1558, loss: 1.5002
2021-06-21 23:58:14,394 - mmcls - INFO - Saving checkpoint at 21 epochs
2021-06-21 23:58:40,151 - mmcls - INFO - Epoch [22][100/391]	lr: 1.000e-01, eta: 2:05:01, time: 0.238, data_time: 0.025, memory: 1558, loss: 1.4114
2021-06-21 23:59:06,722 - mmcls - INFO - Epoch [22][200/391]	lr: 1.000e-01, eta: 2:05:14, time: 0.266, data_time: 0.002, memory: 1558, loss: 1.4501
2021-06-21 23:59:33,333 - mmcls - INFO - Epoch [22][300/391]	lr: 1.000e-01, eta: 2:05:27, time: 0.266, data_time: 0.003, memory: 1558, loss: 1.5000
2021-06-21 23:59:57,331 - mmcls - INFO - Saving checkpoint at 22 epochs
2021-06-22 00:00:28,222 - mmcls - INFO - Epoch [23][100/391]	lr: 1.000e-01, eta: 2:04:06, time: 0.276, data_time: 0.025, memory: 1558, loss: 1.4227
2021-06-22 00:00:54,164 - mmcls - INFO - Epoch [23][200/391]	lr: 1.000e-01, eta: 2:04:15, time: 0.259, data_time: 0.002, memory: 1558, loss: 1.4333
2021-06-22 00:01:20,119 - mmcls - INFO - Epoch [23][300/391]	lr: 1.000e-01, eta: 2:04:22, time: 0.260, data_time: 0.002, memory: 1558, loss: 1.4382
2021-06-22 00:01:41,576 - mmcls - INFO - Saving checkpoint at 23 epochs
2021-06-22 00:02:12,174 - mmcls - INFO - Epoch [24][100/391]	lr: 1.000e-01, eta: 2:03:08, time: 0.286, data_time: 0.027, memory: 1558, loss: 1.3701
2021-06-22 00:02:38,579 - mmcls - INFO - Epoch [24][200/391]	lr: 1.000e-01, eta: 2:03:16, time: 0.264, data_time: 0.003, memory: 1558, loss: 1.4342
2021-06-22 00:03:04,316 - mmcls - INFO - Epoch [24][300/391]	lr: 1.000e-01, eta: 2:03:22, time: 0.257, data_time: 0.002, memory: 1558, loss: 1.4521
2021-06-22 00:03:24,518 - mmcls - INFO - Saving checkpoint at 24 epochs
2021-06-22 00:03:50,064 - mmcls - INFO - Epoch [25][100/391]	lr: 1.000e-01, eta: 2:01:49, time: 0.235, data_time: 0.026, memory: 1558, loss: 1.3575
2021-06-22 00:04:16,098 - mmcls - INFO - Epoch [25][200/391]	lr: 1.000e-01, eta: 2:01:54, time: 0.260, data_time: 0.002, memory: 1558, loss: 1.4034
2021-06-22 00:04:42,211 - mmcls - INFO - Epoch [25][300/391]	lr: 1.000e-01, eta: 2:02:00, time: 0.261, data_time: 0.003, memory: 1558, loss: 1.4408
2021-06-22 00:05:18,442 - mmcls - INFO - Saving checkpoint at 25 epochs
2021-06-22 00:05:20,510 - mmcls - INFO - Epoch(val) [25][79]	accuracy_top-1: 50.4900, accuracy_top-5: 80.2100
2021-06-22 00:05:48,791 - mmcls - INFO - Epoch [26][100/391]	lr: 1.000e-01, eta: 2:00:47, time: 0.282, data_time: 0.027, memory: 1558, loss: 1.3576
2021-06-22 00:06:14,652 - mmcls - INFO - Epoch [26][200/391]	lr: 1.000e-01, eta: 2:00:51, time: 0.259, data_time: 0.003, memory: 1558, loss: 1.4207
2021-06-22 00:06:40,745 - mmcls - INFO - Epoch [26][300/391]	lr: 1.000e-01, eta: 2:00:55, time: 0.261, data_time: 0.003, memory: 1558, loss: 1.3992
2021-06-22 00:06:59,618 - mmcls - INFO - Saving checkpoint at 26 epochs
2021-06-22 00:07:30,190 - mmcls - INFO - Epoch [27][100/391]	lr: 1.000e-01, eta: 1:59:45, time: 0.286, data_time: 0.026, memory: 1558, loss: 1.3494
2021-06-22 00:07:56,061 - mmcls - INFO - Epoch [27][200/391]	lr: 1.000e-01, eta: 1:59:48, time: 0.259, data_time: 0.003, memory: 1558, loss: 1.3888
2021-06-22 00:08:20,084 - mmcls - INFO - Epoch [27][300/391]	lr: 1.000e-01, eta: 1:59:43, time: 0.240, data_time: 0.003, memory: 1558, loss: 1.4016
2021-06-22 00:08:41,433 - mmcls - INFO - Saving checkpoint at 27 epochs
2021-06-22 00:09:11,716 - mmcls - INFO - Epoch [28][100/391]	lr: 1.000e-01, eta: 1:58:34, time: 0.282, data_time: 0.025, memory: 1558, loss: 1.3217
2021-06-22 00:09:37,750 - mmcls - INFO - Epoch [28][200/391]	lr: 1.000e-01, eta: 1:58:35, time: 0.260, data_time: 0.003, memory: 1558, loss: 1.3614
2021-06-22 00:09:59,059 - mmcls - INFO - Epoch [28][300/391]	lr: 1.000e-01, eta: 1:58:21, time: 0.213, data_time: 0.003, memory: 1558, loss: 1.3755
2021-06-22 00:10:22,516 - mmcls - INFO - Saving checkpoint at 28 epochs
2021-06-22 00:10:52,520 - mmcls - INFO - Epoch [29][100/391]	lr: 1.000e-01, eta: 1:57:12, time: 0.280, data_time: 0.025, memory: 1558, loss: 1.3088
2021-06-22 00:11:18,255 - mmcls - INFO - Epoch [29][200/391]	lr: 1.000e-01, eta: 1:57:12, time: 0.257, data_time: 0.003, memory: 1558, loss: 1.3729
2021-06-22 00:11:39,337 - mmcls - INFO - Epoch [29][300/391]	lr: 1.000e-01, eta: 1:56:57, time: 0.211, data_time: 0.002, memory: 1558, loss: 1.3846
2021-06-22 00:11:57,123 - mmcls - INFO - Saving checkpoint at 29 epochs
2021-06-22 00:12:27,062 - mmcls - INFO - Epoch [30][100/391]	lr: 1.000e-01, eta: 1:55:50, time: 0.279, data_time: 0.025, memory: 1558, loss: 1.3192
2021-06-22 00:12:52,645 - mmcls - INFO - Epoch [30][200/391]	lr: 1.000e-01, eta: 1:55:48, time: 0.256, data_time: 0.003, memory: 1558, loss: 1.3558
2021-06-22 00:13:17,832 - mmcls - INFO - Epoch [30][300/391]	lr: 1.000e-01, eta: 1:55:46, time: 0.252, data_time: 0.003, memory: 1558, loss: 1.3785
2021-06-22 00:13:49,335 - mmcls - INFO - Saving checkpoint at 30 epochs
2021-06-22 00:13:51,319 - mmcls - INFO - Epoch(val) [30][79]	accuracy_top-1: 53.8700, accuracy_top-5: 82.5700
2021-06-22 00:14:19,562 - mmcls - INFO - Epoch [31][100/391]	lr: 1.000e-01, eta: 1:54:40, time: 0.282, data_time: 0.025, memory: 1558, loss: 1.3008
2021-06-22 00:14:45,268 - mmcls - INFO - Epoch [31][200/391]	lr: 1.000e-01, eta: 1:54:38, time: 0.257, data_time: 0.002, memory: 1558, loss: 1.3482
2021-06-22 00:15:06,504 - mmcls - INFO - Epoch [31][300/391]	lr: 1.000e-01, eta: 1:54:23, time: 0.212, data_time: 0.003, memory: 1558, loss: 1.3912
2021-06-22 00:15:30,105 - mmcls - INFO - Saving checkpoint at 31 epochs
2021-06-22 00:16:00,057 - mmcls - INFO - Epoch [32][100/391]	lr: 1.000e-01, eta: 1:53:19, time: 0.280, data_time: 0.025, memory: 1558, loss: 1.2819
2021-06-22 00:16:25,159 - mmcls - INFO - Epoch [32][200/391]	lr: 1.000e-01, eta: 1:53:14, time: 0.251, data_time: 0.002, memory: 1558, loss: 1.3651
2021-06-22 00:16:47,658 - mmcls - INFO - Epoch [32][300/391]	lr: 1.000e-01, eta: 1:53:03, time: 0.225, data_time: 0.006, memory: 1558, loss: 1.3656
2021-06-22 00:17:11,131 - mmcls - INFO - Saving checkpoint at 32 epochs
2021-06-22 00:17:41,156 - mmcls - INFO - Epoch [33][100/391]	lr: 1.000e-01, eta: 1:51:59, time: 0.280, data_time: 0.025, memory: 1558, loss: 1.2908
2021-06-22 00:18:03,589 - mmcls - INFO - Epoch [33][200/391]	lr: 1.000e-01, eta: 1:51:47, time: 0.224, data_time: 0.003, memory: 1558, loss: 1.3225
2021-06-22 00:18:27,973 - mmcls - INFO - Epoch [33][300/391]	lr: 1.000e-01, eta: 1:51:40, time: 0.244, data_time: 0.003, memory: 1558, loss: 1.3454
2021-06-22 00:18:51,582 - mmcls - INFO - Saving checkpoint at 33 epochs
2021-06-22 00:19:21,520 - mmcls - INFO - Epoch [34][100/391]	lr: 1.000e-01, eta: 1:50:38, time: 0.279, data_time: 0.025, memory: 1558, loss: 1.2920
2021-06-22 00:19:43,848 - mmcls - INFO - Epoch [34][200/391]	lr: 1.000e-01, eta: 1:50:25, time: 0.223, data_time: 0.003, memory: 1558, loss: 1.3326
2021-06-22 00:20:02,131 - mmcls - INFO - Epoch [34][300/391]	lr: 1.000e-01, eta: 1:50:02, time: 0.183, data_time: 0.002, memory: 1558, loss: 1.3160
2021-06-22 00:20:25,603 - mmcls - INFO - Saving checkpoint at 34 epochs
2021-06-22 00:20:55,811 - mmcls - INFO - Epoch [35][100/391]	lr: 1.000e-01, eta: 1:49:02, time: 0.282, data_time: 0.025, memory: 1558, loss: 1.2790
2021-06-22 00:21:21,539 - mmcls - INFO - Epoch [35][200/391]	lr: 1.000e-01, eta: 1:48:58, time: 0.257, data_time: 0.003, memory: 1558, loss: 1.3264
2021-06-22 00:21:42,463 - mmcls - INFO - Epoch [35][300/391]	lr: 1.000e-01, eta: 1:48:42, time: 0.209, data_time: 0.003, memory: 1558, loss: 1.3488
2021-06-22 00:22:18,321 - mmcls - INFO - Saving checkpoint at 35 epochs
2021-06-22 00:22:20,308 - mmcls - INFO - Epoch(val) [35][79]	accuracy_top-1: 55.5100, accuracy_top-5: 82.9700
2021-06-22 00:22:48,352 - mmcls - INFO - Epoch [36][100/391]	lr: 1.000e-01, eta: 1:47:42, time: 0.280, data_time: 0.026, memory: 1558, loss: 1.2611
2021-06-22 00:23:09,086 - mmcls - INFO - Epoch [36][200/391]	lr: 1.000e-01, eta: 1:47:25, time: 0.207, data_time: 0.002, memory: 1558, loss: 1.3083
2021-06-22 00:23:35,009 - mmcls - INFO - Epoch [36][300/391]	lr: 1.000e-01, eta: 1:47:21, time: 0.259, data_time: 0.003, memory: 1558, loss: 1.3436
2021-06-22 00:23:58,656 - mmcls - INFO - Saving checkpoint at 36 epochs
2021-06-22 00:24:28,742 - mmcls - INFO - Epoch [37][100/391]	lr: 1.000e-01, eta: 1:46:22, time: 0.280, data_time: 0.026, memory: 1558, loss: 1.2650
2021-06-22 00:24:50,246 - mmcls - INFO - Epoch [37][200/391]	lr: 1.000e-01, eta: 1:46:07, time: 0.215, data_time: 0.003, memory: 1558, loss: 1.2852
2021-06-22 00:25:16,292 - mmcls - INFO - Epoch [37][300/391]	lr: 1.000e-01, eta: 1:46:02, time: 0.260, data_time: 0.003, memory: 1558, loss: 1.3375
2021-06-22 00:25:39,940 - mmcls - INFO - Saving checkpoint at 37 epochs
2021-06-22 00:26:10,105 - mmcls - INFO - Epoch [38][100/391]	lr: 1.000e-01, eta: 1:45:04, time: 0.282, data_time: 0.025, memory: 1558, loss: 1.2437
2021-06-22 00:26:31,389 - mmcls - INFO - Epoch [38][200/391]	lr: 1.000e-01, eta: 1:44:49, time: 0.213, data_time: 0.003, memory: 1558, loss: 1.3202
2021-06-22 00:26:57,041 - mmcls - INFO - Epoch [38][300/391]	lr: 1.000e-01, eta: 1:44:43, time: 0.256, data_time: 0.003, memory: 1558, loss: 1.3261
2021-06-22 00:27:20,557 - mmcls - INFO - Saving checkpoint at 38 epochs
2021-06-22 00:27:50,166 - mmcls - INFO - Epoch [39][100/391]	lr: 1.000e-01, eta: 1:43:45, time: 0.276, data_time: 0.026, memory: 1558, loss: 1.2469
2021-06-22 00:28:05,836 - mmcls - INFO - Epoch [39][200/391]	lr: 1.000e-01, eta: 1:43:17, time: 0.157, data_time: 0.003, memory: 1558, loss: 1.2634
2021-06-22 00:28:30,228 - mmcls - INFO - Epoch [39][300/391]	lr: 1.000e-01, eta: 1:43:08, time: 0.244, data_time: 0.003, memory: 1558, loss: 1.3255
2021-06-22 00:28:53,895 - mmcls - INFO - Saving checkpoint at 39 epochs
2021-06-22 00:29:24,176 - mmcls - INFO - Epoch [40][100/391]	lr: 1.000e-01, eta: 1:42:12, time: 0.283, data_time: 0.027, memory: 1558, loss: 1.2581
2021-06-22 00:29:45,509 - mmcls - INFO - Epoch [40][200/391]	lr: 1.000e-01, eta: 1:41:57, time: 0.213, data_time: 0.003, memory: 1558, loss: 1.2600
2021-06-22 00:30:11,423 - mmcls - INFO - Epoch [40][300/391]	lr: 1.000e-01, eta: 1:41:50, time: 0.259, data_time: 0.003, memory: 1558, loss: 1.3098
2021-06-22 00:30:47,711 - mmcls - INFO - Saving checkpoint at 40 epochs
2021-06-22 00:30:49,698 - mmcls - INFO - Epoch(val) [40][79]	accuracy_top-1: 52.4000, accuracy_top-5: 81.1200
2021-06-22 00:31:14,812 - mmcls - INFO - Epoch [41][100/391]	lr: 1.000e-02, eta: 1:40:49, time: 0.251, data_time: 0.025, memory: 1558, loss: 0.9498
2021-06-22 00:31:39,653 - mmcls - INFO - Epoch [41][200/391]	lr: 1.000e-02, eta: 1:40:41, time: 0.248, data_time: 0.003, memory: 1558, loss: 0.7654
2021-06-22 00:32:05,616 - mmcls - INFO - Epoch [41][300/391]	lr: 1.000e-02, eta: 1:40:34, time: 0.260, data_time: 0.003, memory: 1558, loss: 0.7347
2021-06-22 00:32:29,358 - mmcls - INFO - Saving checkpoint at 41 epochs
2021-06-22 00:32:54,764 - mmcls - INFO - Epoch [42][100/391]	lr: 1.000e-02, eta: 1:39:30, time: 0.234, data_time: 0.026, memory: 1558, loss: 0.6348
2021-06-22 00:33:20,900 - mmcls - INFO - Epoch [42][200/391]	lr: 1.000e-02, eta: 1:39:24, time: 0.261, data_time: 0.003, memory: 1558, loss: 0.6348
2021-06-22 00:33:46,685 - mmcls - INFO - Epoch [42][300/391]	lr: 1.000e-02, eta: 1:39:16, time: 0.258, data_time: 0.002, memory: 1558, loss: 0.6128
2021-06-22 00:34:10,371 - mmcls - INFO - Saving checkpoint at 42 epochs
2021-06-22 00:34:35,746 - mmcls - INFO - Epoch [43][100/391]	lr: 1.000e-02, eta: 1:38:14, time: 0.234, data_time: 0.025, memory: 1558, loss: 0.5626
2021-06-22 00:35:01,762 - mmcls - INFO - Epoch [43][200/391]	lr: 1.000e-02, eta: 1:38:06, time: 0.260, data_time: 0.003, memory: 1558, loss: 0.5426
2021-06-22 00:35:27,569 - mmcls - INFO - Epoch [43][300/391]	lr: 1.000e-02, eta: 1:37:58, time: 0.258, data_time: 0.003, memory: 1558, loss: 0.5509
2021-06-22 00:35:51,133 - mmcls - INFO - Saving checkpoint at 43 epochs
2021-06-22 00:36:13,772 - mmcls - INFO - Epoch [44][100/391]	lr: 1.000e-02, eta: 1:36:52, time: 0.206, data_time: 0.026, memory: 1558, loss: 0.5002
2021-06-22 00:36:37,097 - mmcls - INFO - Epoch [44][200/391]	lr: 1.000e-02, eta: 1:36:39, time: 0.233, data_time: 0.003, memory: 1558, loss: 0.4855
2021-06-22 00:37:03,048 - mmcls - INFO - Epoch [44][300/391]	lr: 1.000e-02, eta: 1:36:31, time: 0.260, data_time: 0.002, memory: 1558, loss: 0.4893
2021-06-22 00:37:26,449 - mmcls - INFO - Saving checkpoint at 44 epochs
2021-06-22 00:37:52,277 - mmcls - INFO - Epoch [45][100/391]	lr: 1.000e-02, eta: 1:35:32, time: 0.238, data_time: 0.026, memory: 1558, loss: 0.4412
2021-06-22 00:38:17,723 - mmcls - INFO - Epoch [45][200/391]	lr: 1.000e-02, eta: 1:35:22, time: 0.254, data_time: 0.003, memory: 1558, loss: 0.4448
2021-06-22 00:38:43,426 - mmcls - INFO - Epoch [45][300/391]	lr: 1.000e-02, eta: 1:35:14, time: 0.257, data_time: 0.003, memory: 1558, loss: 0.4770
2021-06-22 00:39:20,198 - mmcls - INFO - Saving checkpoint at 45 epochs
2021-06-22 00:39:22,771 - mmcls - INFO - Epoch(val) [45][79]	accuracy_top-1: 72.3600, accuracy_top-5: 92.7100
2021-06-22 00:39:49,768 - mmcls - INFO - Epoch [46][100/391]	lr: 1.000e-02, eta: 1:34:20, time: 0.268, data_time: 0.025, memory: 1558, loss: 0.4048
2021-06-22 00:40:15,499 - mmcls - INFO - Epoch [46][200/391]	lr: 1.000e-02, eta: 1:34:11, time: 0.257, data_time: 0.003, memory: 1558, loss: 0.4129
2021-06-22 00:40:41,416 - mmcls - INFO - Epoch [46][300/391]	lr: 1.000e-02, eta: 1:34:02, time: 0.259, data_time: 0.003, memory: 1558, loss: 0.4154
2021-06-22 00:41:03,490 - mmcls - INFO - Saving checkpoint at 46 epochs
2021-06-22 00:41:33,796 - mmcls - INFO - Epoch [47][100/391]	lr: 1.000e-02, eta: 1:33:10, time: 0.281, data_time: 0.026, memory: 1558, loss: 0.3642
2021-06-22 00:41:59,717 - mmcls - INFO - Epoch [47][200/391]	lr: 1.000e-02, eta: 1:33:01, time: 0.259, data_time: 0.003, memory: 1558, loss: 0.3519
2021-06-22 00:42:25,706 - mmcls - INFO - Epoch [47][300/391]	lr: 1.000e-02, eta: 1:32:52, time: 0.260, data_time: 0.003, memory: 1558, loss: 0.3849
2021-06-22 00:42:45,034 - mmcls - INFO - Saving checkpoint at 47 epochs
2021-06-22 00:43:15,493 - mmcls - INFO - Epoch [48][100/391]	lr: 1.000e-02, eta: 1:32:01, time: 0.283, data_time: 0.025, memory: 1558, loss: 0.3300
2021-06-22 00:43:41,681 - mmcls - INFO - Epoch [48][200/391]	lr: 1.000e-02, eta: 1:31:52, time: 0.262, data_time: 0.003, memory: 1558, loss: 0.3426
2021-06-22 00:44:07,759 - mmcls - INFO - Epoch [48][300/391]	lr: 1.000e-02, eta: 1:31:43, time: 0.261, data_time: 0.003, memory: 1558, loss: 0.3344
2021-06-22 00:44:26,676 - mmcls - INFO - Saving checkpoint at 48 epochs
2021-06-22 00:44:53,387 - mmcls - INFO - Epoch [49][100/391]	lr: 1.000e-02, eta: 1:30:47, time: 0.247, data_time: 0.025, memory: 1558, loss: 0.2881
2021-06-22 00:45:19,179 - mmcls - INFO - Epoch [49][200/391]	lr: 1.000e-02, eta: 1:30:37, time: 0.258, data_time: 0.002, memory: 1558, loss: 0.3153
2021-06-22 00:45:45,343 - mmcls - INFO - Epoch [49][300/391]	lr: 1.000e-02, eta: 1:30:27, time: 0.262, data_time: 0.002, memory: 1558, loss: 0.3279
2021-06-22 00:46:09,192 - mmcls - INFO - Saving checkpoint at 49 epochs
2021-06-22 00:46:40,144 - mmcls - INFO - Epoch [50][100/391]	lr: 1.000e-02, eta: 1:29:36, time: 0.278, data_time: 0.025, memory: 1558, loss: 0.2747
2021-06-22 00:47:06,044 - mmcls - INFO - Epoch [50][200/391]	lr: 1.000e-02, eta: 1:29:26, time: 0.259, data_time: 0.003, memory: 1558, loss: 0.2827
2021-06-22 00:47:31,869 - mmcls - INFO - Epoch [50][300/391]	lr: 1.000e-02, eta: 1:29:16, time: 0.258, data_time: 0.003, memory: 1558, loss: 0.2861
2021-06-22 00:48:03,380 - mmcls - INFO - Saving checkpoint at 50 epochs
2021-06-22 00:48:05,356 - mmcls - INFO - Epoch(val) [50][79]	accuracy_top-1: 72.3800, accuracy_top-5: 92.1800
2021-06-22 00:48:33,321 - mmcls - INFO - Epoch [51][100/391]	lr: 1.000e-02, eta: 1:28:26, time: 0.280, data_time: 0.025, memory: 1558, loss: 0.2560
2021-06-22 00:48:58,988 - mmcls - INFO - Epoch [51][200/391]	lr: 1.000e-02, eta: 1:28:15, time: 0.257, data_time: 0.002, memory: 1558, loss: 0.2518
2021-06-22 00:49:24,306 - mmcls - INFO - Epoch [51][300/391]	lr: 1.000e-02, eta: 1:28:03, time: 0.253, data_time: 0.003, memory: 1558, loss: 0.2686
2021-06-22 00:49:43,328 - mmcls - INFO - Saving checkpoint at 51 epochs
2021-06-22 00:50:13,572 - mmcls - INFO - Epoch [52][100/391]	lr: 1.000e-02, eta: 1:27:14, time: 0.282, data_time: 0.024, memory: 1558, loss: 0.2320
2021-06-22 00:50:39,403 - mmcls - INFO - Epoch [52][200/391]	lr: 1.000e-02, eta: 1:27:03, time: 0.258, data_time: 0.003, memory: 1558, loss: 0.2437
2021-06-22 00:51:02,864 - mmcls - INFO - Epoch [52][300/391]	lr: 1.000e-02, eta: 1:26:48, time: 0.235, data_time: 0.003, memory: 1558, loss: 0.2461
2021-06-22 00:51:24,470 - mmcls - INFO - Saving checkpoint at 52 epochs
2021-06-22 00:51:54,738 - mmcls - INFO - Epoch [53][100/391]	lr: 1.000e-02, eta: 1:25:59, time: 0.283, data_time: 0.025, memory: 1558, loss: 0.2154
2021-06-22 00:52:20,623 - mmcls - INFO - Epoch [53][200/391]	lr: 1.000e-02, eta: 1:25:48, time: 0.259, data_time: 0.003, memory: 1558, loss: 0.2317
2021-06-22 00:52:43,560 - mmcls - INFO - Epoch [53][300/391]	lr: 1.000e-02, eta: 1:25:33, time: 0.229, data_time: 0.003, memory: 1558, loss: 0.2447
2021-06-22 00:53:00,343 - mmcls - INFO - Saving checkpoint at 53 epochs
2021-06-22 00:53:30,919 - mmcls - INFO - Epoch [54][100/391]	lr: 1.000e-02, eta: 1:24:45, time: 0.285, data_time: 0.026, memory: 1558, loss: 0.1990
2021-06-22 00:53:56,843 - mmcls - INFO - Epoch [54][200/391]	lr: 1.000e-02, eta: 1:24:33, time: 0.259, data_time: 0.003, memory: 1558, loss: 0.2015
2021-06-22 00:54:22,662 - mmcls - INFO - Epoch [54][300/391]	lr: 1.000e-02, eta: 1:24:21, time: 0.258, data_time: 0.003, memory: 1558, loss: 0.2197
2021-06-22 00:54:41,476 - mmcls - INFO - Saving checkpoint at 54 epochs
2021-06-22 00:55:11,855 - mmcls - INFO - Epoch [55][100/391]	lr: 1.000e-02, eta: 1:23:33, time: 0.284, data_time: 0.025, memory: 1558, loss: 0.1710
2021-06-22 00:55:37,878 - mmcls - INFO - Epoch [55][200/391]	lr: 1.000e-02, eta: 1:23:22, time: 0.260, data_time: 0.003, memory: 1558, loss: 0.1975
2021-06-22 00:56:02,512 - mmcls - INFO - Epoch [55][300/391]	lr: 1.000e-02, eta: 1:23:08, time: 0.246, data_time: 0.003, memory: 1558, loss: 0.2014
2021-06-22 00:56:36,193 - mmcls - INFO - Saving checkpoint at 55 epochs
2021-06-22 00:56:38,217 - mmcls - INFO - Epoch(val) [55][79]	accuracy_top-1: 71.5800, accuracy_top-5: 91.0800
2021-06-22 00:57:06,563 - mmcls - INFO - Epoch [56][100/391]	lr: 1.000e-02, eta: 1:22:20, time: 0.283, data_time: 0.025, memory: 1558, loss: 0.1867
2021-06-22 00:57:32,430 - mmcls - INFO - Epoch [56][200/391]	lr: 1.000e-02, eta: 1:22:08, time: 0.259, data_time: 0.002, memory: 1558, loss: 0.1906
2021-06-22 00:57:53,395 - mmcls - INFO - Epoch [56][300/391]	lr: 1.000e-02, eta: 1:21:50, time: 0.210, data_time: 0.003, memory: 1558, loss: 0.2083
2021-06-22 00:58:16,900 - mmcls - INFO - Saving checkpoint at 56 epochs
2021-06-22 00:58:47,212 - mmcls - INFO - Epoch [57][100/391]	lr: 1.000e-02, eta: 1:21:03, time: 0.283, data_time: 0.027, memory: 1558, loss: 0.1746
2021-06-22 00:59:11,095 - mmcls - INFO - Epoch [57][200/391]	lr: 1.000e-02, eta: 1:20:48, time: 0.239, data_time: 0.003, memory: 1558, loss: 0.1791
2021-06-22 00:59:34,450 - mmcls - INFO - Epoch [57][300/391]	lr: 1.000e-02, eta: 1:20:33, time: 0.234, data_time: 0.003, memory: 1558, loss: 0.2006
2021-06-22 00:59:58,282 - mmcls - INFO - Saving checkpoint at 57 epochs
2021-06-22 01:00:28,219 - mmcls - INFO - Epoch [58][100/391]	lr: 1.000e-02, eta: 1:19:45, time: 0.279, data_time: 0.026, memory: 1558, loss: 0.1767
2021-06-22 01:00:51,302 - mmcls - INFO - Epoch [58][200/391]	lr: 1.000e-02, eta: 1:19:29, time: 0.231, data_time: 0.003, memory: 1558, loss: 0.1807
2021-06-22 01:01:08,251 - mmcls - INFO - Epoch [58][300/391]	lr: 1.000e-02, eta: 1:19:07, time: 0.169, data_time: 0.002, memory: 1558, loss: 0.1927
2021-06-22 01:01:31,975 - mmcls - INFO - Saving checkpoint at 58 epochs
2021-06-22 01:02:02,277 - mmcls - INFO - Epoch [59][100/391]	lr: 1.000e-02, eta: 1:18:20, time: 0.283, data_time: 0.026, memory: 1558, loss: 0.1708
2021-06-22 01:02:28,077 - mmcls - INFO - Epoch [59][200/391]	lr: 1.000e-02, eta: 1:18:07, time: 0.258, data_time: 0.003, memory: 1558, loss: 0.1607
2021-06-22 01:02:49,257 - mmcls - INFO - Epoch [59][300/391]	lr: 1.000e-02, eta: 1:17:50, time: 0.212, data_time: 0.003, memory: 1558, loss: 0.1666
2021-06-22 01:03:12,757 - mmcls - INFO - Saving checkpoint at 59 epochs
2021-06-22 01:03:43,215 - mmcls - INFO - Epoch [60][100/391]	lr: 1.000e-02, eta: 1:17:03, time: 0.284, data_time: 0.027, memory: 1558, loss: 0.1504
2021-06-22 01:04:09,253 - mmcls - INFO - Epoch [60][200/391]	lr: 1.000e-02, eta: 1:16:51, time: 0.260, data_time: 0.002, memory: 1558, loss: 0.1516
2021-06-22 01:04:30,387 - mmcls - INFO - Epoch [60][300/391]	lr: 1.000e-02, eta: 1:16:33, time: 0.211, data_time: 0.003, memory: 1558, loss: 0.1757
2021-06-22 01:05:06,710 - mmcls - INFO - Saving checkpoint at 60 epochs
2021-06-22 01:05:08,596 - mmcls - INFO - Epoch(val) [60][79]	accuracy_top-1: 71.6200, accuracy_top-5: 90.8000
2021-06-22 01:05:36,935 - mmcls - INFO - Epoch [61][100/391]	lr: 1.000e-02, eta: 1:15:47, time: 0.283, data_time: 0.026, memory: 1558, loss: 0.1472
2021-06-22 01:05:57,668 - mmcls - INFO - Epoch [61][200/391]	lr: 1.000e-02, eta: 1:15:28, time: 0.207, data_time: 0.003, memory: 1558, loss: 0.1632
2021-06-22 01:06:23,538 - mmcls - INFO - Epoch [61][300/391]	lr: 1.000e-02, eta: 1:15:15, time: 0.259, data_time: 0.002, memory: 1558, loss: 0.1703
2021-06-22 01:06:47,112 - mmcls - INFO - Saving checkpoint at 61 epochs
2021-06-22 01:07:17,197 - mmcls - INFO - Epoch [62][100/391]	lr: 1.000e-02, eta: 1:14:29, time: 0.281, data_time: 0.025, memory: 1558, loss: 0.1495
2021-06-22 01:07:38,179 - mmcls - INFO - Epoch [62][200/391]	lr: 1.000e-02, eta: 1:14:11, time: 0.210, data_time: 0.002, memory: 1558, loss: 0.1514
2021-06-22 01:08:04,195 - mmcls - INFO - Epoch [62][300/391]	lr: 1.000e-02, eta: 1:13:58, time: 0.260, data_time: 0.003, memory: 1558, loss: 0.1621
2021-06-22 01:08:27,993 - mmcls - INFO - Saving checkpoint at 62 epochs
2021-06-22 01:08:57,511 - mmcls - INFO - Epoch [63][100/391]	lr: 1.000e-02, eta: 1:13:12, time: 0.275, data_time: 0.024, memory: 1558, loss: 0.1530
2021-06-22 01:09:13,239 - mmcls - INFO - Epoch [63][200/391]	lr: 1.000e-02, eta: 1:12:49, time: 0.157, data_time: 0.003, memory: 1558, loss: 0.1385
2021-06-22 01:09:37,474 - mmcls - INFO - Epoch [63][300/391]	lr: 1.000e-02, eta: 1:12:34, time: 0.242, data_time: 0.003, memory: 1558, loss: 0.1639
2021-06-22 01:10:01,333 - mmcls - INFO - Saving checkpoint at 63 epochs
2021-06-22 01:10:31,717 - mmcls - INFO - Epoch [64][100/391]	lr: 1.000e-02, eta: 1:11:49, time: 0.284, data_time: 0.024, memory: 1558, loss: 0.1490
2021-06-22 01:10:53,081 - mmcls - INFO - Epoch [64][200/391]	lr: 1.000e-02, eta: 1:11:31, time: 0.214, data_time: 0.003, memory: 1558, loss: 0.1480
2021-06-22 01:11:19,115 - mmcls - INFO - Epoch [64][300/391]	lr: 1.000e-02, eta: 1:11:17, time: 0.260, data_time: 0.003, memory: 1558, loss: 0.1682
2021-06-22 01:11:42,978 - mmcls - INFO - Saving checkpoint at 64 epochs
2021-06-22 01:12:13,277 - mmcls - INFO - Epoch [65][100/391]	lr: 1.000e-02, eta: 1:10:33, time: 0.283, data_time: 0.025, memory: 1558, loss: 0.1427
2021-06-22 01:12:34,299 - mmcls - INFO - Epoch [65][200/391]	lr: 1.000e-02, eta: 1:10:15, time: 0.210, data_time: 0.002, memory: 1558, loss: 0.1528
2021-06-22 01:13:00,247 - mmcls - INFO - Epoch [65][300/391]	lr: 1.000e-02, eta: 1:10:01, time: 0.259, data_time: 0.003, memory: 1558, loss: 0.1488
2021-06-22 01:13:37,270 - mmcls - INFO - Saving checkpoint at 65 epochs
2021-06-22 01:13:39,271 - mmcls - INFO - Epoch(val) [65][79]	accuracy_top-1: 71.3800, accuracy_top-5: 90.9400
2021-06-22 01:14:03,129 - mmcls - INFO - Epoch [66][100/391]	lr: 1.000e-02, eta: 1:09:12, time: 0.238, data_time: 0.027, memory: 1558, loss: 0.1351
2021-06-22 01:14:29,056 - mmcls - INFO - Epoch [66][200/391]	lr: 1.000e-02, eta: 1:08:58, time: 0.259, data_time: 0.002, memory: 1558, loss: 0.1588
2021-06-22 01:14:55,258 - mmcls - INFO - Epoch [66][300/391]	lr: 1.000e-02, eta: 1:08:45, time: 0.262, data_time: 0.003, memory: 1558, loss: 0.1668
2021-06-22 01:15:18,879 - mmcls - INFO - Saving checkpoint at 66 epochs
2021-06-22 01:15:44,358 - mmcls - INFO - Epoch [67][100/391]	lr: 1.000e-02, eta: 1:07:56, time: 0.237, data_time: 0.026, memory: 1558, loss: 0.1380
2021-06-22 01:16:10,480 - mmcls - INFO - Epoch [67][200/391]	lr: 1.000e-02, eta: 1:07:42, time: 0.261, data_time: 0.003, memory: 1558, loss: 0.1516
2021-06-22 01:16:36,492 - mmcls - INFO - Epoch [67][300/391]	lr: 1.000e-02, eta: 1:07:28, time: 0.260, data_time: 0.003, memory: 1558, loss: 0.1689
2021-06-22 01:17:00,234 - mmcls - INFO - Saving checkpoint at 67 epochs
2021-06-22 01:17:23,195 - mmcls - INFO - Epoch [68][100/391]	lr: 1.000e-02, eta: 1:06:38, time: 0.209, data_time: 0.026, memory: 1558, loss: 0.1423
2021-06-22 01:17:44,599 - mmcls - INFO - Epoch [68][200/391]	lr: 1.000e-02, eta: 1:06:21, time: 0.214, data_time: 0.002, memory: 1558, loss: 0.1592
2021-06-22 01:18:10,837 - mmcls - INFO - Epoch [68][300/391]	lr: 1.000e-02, eta: 1:06:06, time: 0.262, data_time: 0.003, memory: 1558, loss: 0.1662
2021-06-22 01:18:34,493 - mmcls - INFO - Saving checkpoint at 68 epochs
2021-06-22 01:19:02,314 - mmcls - INFO - Epoch [69][100/391]	lr: 1.000e-02, eta: 1:05:21, time: 0.257, data_time: 0.026, memory: 1558, loss: 0.1470
2021-06-22 01:19:26,213 - mmcls - INFO - Epoch [69][200/391]	lr: 1.000e-02, eta: 1:05:05, time: 0.239, data_time: 0.003, memory: 1558, loss: 0.1529
2021-06-22 01:19:52,324 - mmcls - INFO - Epoch [69][300/391]	lr: 1.000e-02, eta: 1:04:50, time: 0.261, data_time: 0.003, memory: 1558, loss: 0.1617
2021-06-22 01:20:16,004 - mmcls - INFO - Saving checkpoint at 69 epochs
2021-06-22 01:20:41,922 - mmcls - INFO - Epoch [70][100/391]	lr: 1.000e-02, eta: 1:04:03, time: 0.239, data_time: 0.026, memory: 1558, loss: 0.1360
2021-06-22 01:21:07,967 - mmcls - INFO - Epoch [70][200/391]	lr: 1.000e-02, eta: 1:03:49, time: 0.260, data_time: 0.003, memory: 1558, loss: 0.1426
2021-06-22 01:21:34,089 - mmcls - INFO - Epoch [70][300/391]	lr: 1.000e-02, eta: 1:03:34, time: 0.261, data_time: 0.003, memory: 1558, loss: 0.1465
2021-06-22 01:22:14,528 - mmcls - INFO - Saving checkpoint at 70 epochs
2021-06-22 01:22:16,577 - mmcls - INFO - Epoch(val) [70][79]	accuracy_top-1: 71.6400, accuracy_top-5: 90.5800
2021-06-22 01:22:44,718 - mmcls - INFO - Epoch [71][100/391]	lr: 1.000e-02, eta: 1:02:51, time: 0.281, data_time: 0.026, memory: 1558, loss: 0.1309
2021-06-22 01:23:10,939 - mmcls - INFO - Epoch [71][200/391]	lr: 1.000e-02, eta: 1:02:36, time: 0.262, data_time: 0.003, memory: 1558, loss: 0.1382
2021-06-22 01:23:36,987 - mmcls - INFO - Epoch [71][300/391]	lr: 1.000e-02, eta: 1:02:22, time: 0.260, data_time: 0.003, memory: 1558, loss: 0.1644
2021-06-22 01:23:55,976 - mmcls - INFO - Saving checkpoint at 71 epochs
2021-06-22 01:24:26,609 - mmcls - INFO - Epoch [72][100/391]	lr: 1.000e-02, eta: 1:01:39, time: 0.285, data_time: 0.026, memory: 1558, loss: 0.1490
2021-06-22 01:24:52,524 - mmcls - INFO - Epoch [72][200/391]	lr: 1.000e-02, eta: 1:01:24, time: 0.259, data_time: 0.003, memory: 1558, loss: 0.1499
2021-06-22 01:25:18,624 - mmcls - INFO - Epoch [72][300/391]	lr: 1.000e-02, eta: 1:01:09, time: 0.261, data_time: 0.003, memory: 1558, loss: 0.1683
2021-06-22 01:25:36,315 - mmcls - INFO - Saving checkpoint at 72 epochs
2021-06-22 01:26:01,472 - mmcls - INFO - Epoch [73][100/391]	lr: 1.000e-02, eta: 1:00:22, time: 0.231, data_time: 0.025, memory: 1558, loss: 0.1567
2021-06-22 01:26:27,446 - mmcls - INFO - Epoch [73][200/391]	lr: 1.000e-02, eta: 1:00:07, time: 0.260, data_time: 0.003, memory: 1558, loss: 0.1617
2021-06-22 01:26:53,292 - mmcls - INFO - Epoch [73][300/391]	lr: 1.000e-02, eta: 0:59:52, time: 0.258, data_time: 0.003, memory: 1558, loss: 0.1653
2021-06-22 01:27:16,604 - mmcls - INFO - Saving checkpoint at 73 epochs
2021-06-22 01:27:43,193 - mmcls - INFO - Epoch [74][100/391]	lr: 1.000e-02, eta: 0:59:07, time: 0.245, data_time: 0.025, memory: 1558, loss: 0.1441
2021-06-22 01:28:08,968 - mmcls - INFO - Epoch [74][200/391]	lr: 1.000e-02, eta: 0:58:51, time: 0.258, data_time: 0.003, memory: 1558, loss: 0.1560
2021-06-22 01:28:35,557 - mmcls - INFO - Epoch [74][300/391]	lr: 1.000e-02, eta: 0:58:36, time: 0.266, data_time: 0.003, memory: 1558, loss: 0.1735
2021-06-22 01:28:59,186 - mmcls - INFO - Saving checkpoint at 74 epochs
2021-06-22 01:29:29,094 - mmcls - INFO - Epoch [75][100/391]	lr: 1.000e-02, eta: 0:57:53, time: 0.272, data_time: 0.027, memory: 1558, loss: 0.1455
2021-06-22 01:29:54,777 - mmcls - INFO - Epoch [75][200/391]	lr: 1.000e-02, eta: 0:57:37, time: 0.257, data_time: 0.003, memory: 1558, loss: 0.1630
2021-06-22 01:30:21,174 - mmcls - INFO - Epoch [75][300/391]	lr: 1.000e-02, eta: 0:57:22, time: 0.264, data_time: 0.003, memory: 1558, loss: 0.1909
2021-06-22 01:30:56,660 - mmcls - INFO - Saving checkpoint at 75 epochs
2021-06-22 01:30:58,631 - mmcls - INFO - Epoch(val) [75][79]	accuracy_top-1: 70.0300, accuracy_top-5: 89.6600
2021-06-22 01:31:27,214 - mmcls - INFO - Epoch [76][100/391]	lr: 1.000e-02, eta: 0:56:40, time: 0.286, data_time: 0.026, memory: 1558, loss: 0.1441
2021-06-22 01:31:53,354 - mmcls - INFO - Epoch [76][200/391]	lr: 1.000e-02, eta: 0:56:24, time: 0.261, data_time: 0.003, memory: 1558, loss: 0.1496
2021-06-22 01:32:15,864 - mmcls - INFO - Epoch [76][300/391]	lr: 1.000e-02, eta: 0:56:07, time: 0.225, data_time: 0.003, memory: 1558, loss: 0.1811
2021-06-22 01:32:38,726 - mmcls - INFO - Saving checkpoint at 76 epochs
2021-06-22 01:33:09,359 - mmcls - INFO - Epoch [77][100/391]	lr: 1.000e-02, eta: 0:55:25, time: 0.286, data_time: 0.027, memory: 1558, loss: 0.1477
2021-06-22 01:33:35,720 - mmcls - INFO - Epoch [77][200/391]	lr: 1.000e-02, eta: 0:55:09, time: 0.264, data_time: 0.003, memory: 1558, loss: 0.1485
2021-06-22 01:33:57,338 - mmcls - INFO - Epoch [77][300/391]	lr: 1.000e-02, eta: 0:54:51, time: 0.216, data_time: 0.003, memory: 1558, loss: 0.1660
2021-06-22 01:34:11,960 - mmcls - INFO - Saving checkpoint at 77 epochs
2021-06-22 01:34:42,538 - mmcls - INFO - Epoch [78][100/391]	lr: 1.000e-02, eta: 0:54:09, time: 0.286, data_time: 0.025, memory: 1558, loss: 0.1533
2021-06-22 01:35:08,656 - mmcls - INFO - Epoch [78][200/391]	lr: 1.000e-02, eta: 0:53:53, time: 0.261, data_time: 0.003, memory: 1558, loss: 0.1597
2021-06-22 01:35:34,517 - mmcls - INFO - Epoch [78][300/391]	lr: 1.000e-02, eta: 0:53:37, time: 0.259, data_time: 0.003, memory: 1558, loss: 0.1748
2021-06-22 01:35:53,093 - mmcls - INFO - Saving checkpoint at 78 epochs
2021-06-22 01:36:23,227 - mmcls - INFO - Epoch [79][100/391]	lr: 1.000e-02, eta: 0:52:55, time: 0.281, data_time: 0.025, memory: 1558, loss: 0.1509
2021-06-22 01:36:49,088 - mmcls - INFO - Epoch [79][200/391]	lr: 1.000e-02, eta: 0:52:39, time: 0.259, data_time: 0.002, memory: 1558, loss: 0.1485
2021-06-22 01:37:15,303 - mmcls - INFO - Epoch [79][300/391]	lr: 1.000e-02, eta: 0:52:23, time: 0.262, data_time: 0.003, memory: 1558, loss: 0.1648
2021-06-22 01:37:34,344 - mmcls - INFO - Saving checkpoint at 79 epochs
2021-06-22 01:38:04,927 - mmcls - INFO - Epoch [80][100/391]	lr: 1.000e-02, eta: 0:51:41, time: 0.286, data_time: 0.026, memory: 1558, loss: 0.1657
2021-06-22 01:38:31,307 - mmcls - INFO - Epoch [80][200/391]	lr: 1.000e-02, eta: 0:51:25, time: 0.264, data_time: 0.003, memory: 1558, loss: 0.1596
2021-06-22 01:38:56,032 - mmcls - INFO - Epoch [80][300/391]	lr: 1.000e-02, eta: 0:51:08, time: 0.247, data_time: 0.003, memory: 1558, loss: 0.1650
2021-06-22 01:39:30,648 - mmcls - INFO - Saving checkpoint at 80 epochs
2021-06-22 01:39:32,608 - mmcls - INFO - Epoch(val) [80][79]	accuracy_top-1: 70.8900, accuracy_top-5: 89.9900
2021-06-22 01:40:01,029 - mmcls - INFO - Epoch [81][100/391]	lr: 1.000e-03, eta: 0:50:27, time: 0.284, data_time: 0.025, memory: 1558, loss: 0.0996
2021-06-22 01:40:26,092 - mmcls - INFO - Epoch [81][200/391]	lr: 1.000e-03, eta: 0:50:10, time: 0.251, data_time: 0.003, memory: 1558, loss: 0.0739
2021-06-22 01:40:49,246 - mmcls - INFO - Epoch [81][300/391]	lr: 1.000e-03, eta: 0:49:52, time: 0.232, data_time: 0.005, memory: 1558, loss: 0.0719
2021-06-22 01:41:13,086 - mmcls - INFO - Saving checkpoint at 81 epochs
2021-06-22 01:41:43,581 - mmcls - INFO - Epoch [82][100/391]	lr: 1.000e-03, eta: 0:49:11, time: 0.285, data_time: 0.026, memory: 1558, loss: 0.0469
2021-06-22 01:42:06,480 - mmcls - INFO - Epoch [82][200/391]	lr: 1.000e-03, eta: 0:48:53, time: 0.229, data_time: 0.003, memory: 1558, loss: 0.0491
2021-06-22 01:42:22,488 - mmcls - INFO - Epoch [82][300/391]	lr: 1.000e-03, eta: 0:48:32, time: 0.160, data_time: 0.003, memory: 1558, loss: 0.0437
2021-06-22 01:42:46,439 - mmcls - INFO - Saving checkpoint at 82 epochs
2021-06-22 01:43:16,386 - mmcls - INFO - Epoch [83][100/391]	lr: 1.000e-03, eta: 0:47:50, time: 0.280, data_time: 0.025, memory: 1558, loss: 0.0397
2021-06-22 01:43:42,535 - mmcls - INFO - Epoch [83][200/391]	lr: 1.000e-03, eta: 0:47:34, time: 0.261, data_time: 0.003, memory: 1558, loss: 0.0381
2021-06-22 01:44:03,494 - mmcls - INFO - Epoch [83][300/391]	lr: 1.000e-03, eta: 0:47:15, time: 0.210, data_time: 0.002, memory: 1558, loss: 0.0379
2021-06-22 01:44:27,367 - mmcls - INFO - Saving checkpoint at 83 epochs
2021-06-22 01:44:58,102 - mmcls - INFO - Epoch [84][100/391]	lr: 1.000e-03, eta: 0:46:34, time: 0.287, data_time: 0.027, memory: 1558, loss: 0.0359
2021-06-22 01:45:24,366 - mmcls - INFO - Epoch [84][200/391]	lr: 1.000e-03, eta: 0:46:18, time: 0.263, data_time: 0.003, memory: 1558, loss: 0.0317
2021-06-22 01:45:45,902 - mmcls - INFO - Epoch [84][300/391]	lr: 1.000e-03, eta: 0:45:59, time: 0.215, data_time: 0.002, memory: 1558, loss: 0.0325
2021-06-22 01:46:09,848 - mmcls - INFO - Saving checkpoint at 84 epochs
2021-06-22 01:46:40,413 - mmcls - INFO - Epoch [85][100/391]	lr: 1.000e-03, eta: 0:45:18, time: 0.286, data_time: 0.025, memory: 1558, loss: 0.0276
2021-06-22 01:47:06,471 - mmcls - INFO - Epoch [85][200/391]	lr: 1.000e-03, eta: 0:45:02, time: 0.261, data_time: 0.003, memory: 1558, loss: 0.0280
2021-06-22 01:47:28,960 - mmcls - INFO - Epoch [85][300/391]	lr: 1.000e-03, eta: 0:44:43, time: 0.225, data_time: 0.005, memory: 1558, loss: 0.0283
2021-06-22 01:48:07,971 - mmcls - INFO - Saving checkpoint at 85 epochs
2021-06-22 01:48:09,922 - mmcls - INFO - Epoch(val) [85][79]	accuracy_top-1: 74.4500, accuracy_top-5: 91.9700
2021-06-22 01:48:36,608 - mmcls - INFO - Epoch [86][100/391]	lr: 1.000e-03, eta: 0:44:02, time: 0.267, data_time: 0.027, memory: 1558, loss: 0.0242
2021-06-22 01:49:00,470 - mmcls - INFO - Epoch [86][200/391]	lr: 1.000e-03, eta: 0:43:44, time: 0.239, data_time: 0.006, memory: 1558, loss: 0.0263
2021-06-22 01:49:26,759 - mmcls - INFO - Epoch [86][300/391]	lr: 1.000e-03, eta: 0:43:28, time: 0.263, data_time: 0.003, memory: 1558, loss: 0.0253
2021-06-22 01:49:50,731 - mmcls - INFO - Saving checkpoint at 86 epochs
2021-06-22 01:50:18,173 - mmcls - INFO - Epoch [87][100/391]	lr: 1.000e-03, eta: 0:42:46, time: 0.254, data_time: 0.026, memory: 1558, loss: 0.0274
2021-06-22 01:50:35,833 - mmcls - INFO - Epoch [87][200/391]	lr: 1.000e-03, eta: 0:42:26, time: 0.177, data_time: 0.003, memory: 1558, loss: 0.0247
2021-06-22 01:51:02,254 - mmcls - INFO - Epoch [87][300/391]	lr: 1.000e-03, eta: 0:42:09, time: 0.264, data_time: 0.003, memory: 1558, loss: 0.0240
2021-06-22 01:51:26,264 - mmcls - INFO - Saving checkpoint at 87 epochs
2021-06-22 01:51:56,592 - mmcls - INFO - Epoch [88][100/391]	lr: 1.000e-03, eta: 0:41:28, time: 0.283, data_time: 0.025, memory: 1558, loss: 0.0221
2021-06-22 01:52:17,988 - mmcls - INFO - Epoch [88][200/391]	lr: 1.000e-03, eta: 0:41:10, time: 0.214, data_time: 0.003, memory: 1558, loss: 0.0210
2021-06-22 01:52:44,414 - mmcls - INFO - Epoch [88][300/391]	lr: 1.000e-03, eta: 0:40:53, time: 0.264, data_time: 0.003, memory: 1558, loss: 0.0216
2021-06-22 01:53:08,381 - mmcls - INFO - Saving checkpoint at 88 epochs
2021-06-22 01:53:38,388 - mmcls - INFO - Epoch [89][100/391]	lr: 1.000e-03, eta: 0:40:12, time: 0.280, data_time: 0.025, memory: 1558, loss: 0.0220
2021-06-22 01:54:00,304 - mmcls - INFO - Epoch [89][200/391]	lr: 1.000e-03, eta: 0:39:54, time: 0.219, data_time: 0.002, memory: 1558, loss: 0.0210
2021-06-22 01:54:26,595 - mmcls - INFO - Epoch [89][300/391]	lr: 1.000e-03, eta: 0:39:37, time: 0.263, data_time: 0.003, memory: 1558, loss: 0.0199
2021-06-22 01:54:50,570 - mmcls - INFO - Saving checkpoint at 89 epochs
2021-06-22 01:55:17,638 - mmcls - INFO - Epoch [90][100/391]	lr: 1.000e-03, eta: 0:38:55, time: 0.251, data_time: 0.026, memory: 1558, loss: 0.0205
2021-06-22 01:55:42,574 - mmcls - INFO - Epoch [90][200/391]	lr: 1.000e-03, eta: 0:38:38, time: 0.249, data_time: 0.003, memory: 1558, loss: 0.0200
2021-06-22 01:56:08,530 - mmcls - INFO - Epoch [90][300/391]	lr: 1.000e-03, eta: 0:38:20, time: 0.260, data_time: 0.003, memory: 1558, loss: 0.0194
2021-06-22 01:56:46,082 - mmcls - INFO - Saving checkpoint at 90 epochs
2021-06-22 01:56:48,076 - mmcls - INFO - Epoch(val) [90][79]	accuracy_top-1: 74.9000, accuracy_top-5: 92.0500
2021-06-22 01:57:14,705 - mmcls - INFO - Epoch [91][100/391]	lr: 1.000e-03, eta: 0:37:40, time: 0.266, data_time: 0.025, memory: 1558, loss: 0.0196
2021-06-22 01:57:40,890 - mmcls - INFO - Epoch [91][200/391]	lr: 1.000e-03, eta: 0:37:23, time: 0.262, data_time: 0.003, memory: 1558, loss: 0.0176
2021-06-22 01:58:07,256 - mmcls - INFO - Epoch [91][300/391]	lr: 1.000e-03, eta: 0:37:05, time: 0.264, data_time: 0.003, memory: 1558, loss: 0.0169
2021-06-22 01:58:29,973 - mmcls - INFO - Saving checkpoint at 91 epochs
2021-06-22 01:58:51,392 - mmcls - INFO - Epoch [92][100/391]	lr: 1.000e-03, eta: 0:36:23, time: 0.195, data_time: 0.025, memory: 1558, loss: 0.0173
2021-06-22 01:59:17,637 - mmcls - INFO - Epoch [92][200/391]	lr: 1.000e-03, eta: 0:36:05, time: 0.262, data_time: 0.003, memory: 1558, loss: 0.0176
2021-06-22 01:59:43,955 - mmcls - INFO - Epoch [92][300/391]	lr: 1.000e-03, eta: 0:35:48, time: 0.263, data_time: 0.003, memory: 1558, loss: 0.0191
2021-06-22 02:00:07,701 - mmcls - INFO - Saving checkpoint at 92 epochs
2021-06-22 02:00:33,548 - mmcls - INFO - Epoch [93][100/391]	lr: 1.000e-03, eta: 0:35:07, time: 0.238, data_time: 0.025, memory: 1558, loss: 0.0158
2021-06-22 02:00:59,713 - mmcls - INFO - Epoch [93][200/391]	lr: 1.000e-03, eta: 0:34:49, time: 0.262, data_time: 0.003, memory: 1558, loss: 0.0179
2021-06-22 02:01:25,960 - mmcls - INFO - Epoch [93][300/391]	lr: 1.000e-03, eta: 0:34:32, time: 0.262, data_time: 0.003, memory: 1558, loss: 0.0168
2021-06-22 02:01:49,713 - mmcls - INFO - Saving checkpoint at 93 epochs
2021-06-22 02:02:15,259 - mmcls - INFO - Epoch [94][100/391]	lr: 1.000e-03, eta: 0:33:51, time: 0.235, data_time: 0.025, memory: 1558, loss: 0.0155
2021-06-22 02:02:41,547 - mmcls - INFO - Epoch [94][200/391]	lr: 1.000e-03, eta: 0:33:33, time: 0.263, data_time: 0.003, memory: 1558, loss: 0.0165
2021-06-22 02:03:07,545 - mmcls - INFO - Epoch [94][300/391]	lr: 1.000e-03, eta: 0:33:16, time: 0.260, data_time: 0.003, memory: 1558, loss: 0.0160
2021-06-22 02:03:31,574 - mmcls - INFO - Saving checkpoint at 94 epochs
2021-06-22 02:03:59,677 - mmcls - INFO - Epoch [95][100/391]	lr: 1.000e-03, eta: 0:32:35, time: 0.261, data_time: 0.026, memory: 1558, loss: 0.0159
2021-06-22 02:04:25,651 - mmcls - INFO - Epoch [95][200/391]	lr: 1.000e-03, eta: 0:32:18, time: 0.260, data_time: 0.003, memory: 1558, loss: 0.0145
2021-06-22 02:04:52,009 - mmcls - INFO - Epoch [95][300/391]	lr: 1.000e-03, eta: 0:32:00, time: 0.264, data_time: 0.003, memory: 1558, loss: 0.0159
2021-06-22 02:05:27,562 - mmcls - INFO - Saving checkpoint at 95 epochs
2021-06-22 02:05:29,572 - mmcls - INFO - Epoch(val) [95][79]	accuracy_top-1: 75.0800, accuracy_top-5: 91.7600
2021-06-22 02:05:57,905 - mmcls - INFO - Epoch [96][100/391]	lr: 1.000e-03, eta: 0:31:21, time: 0.283, data_time: 0.025, memory: 1558, loss: 0.0146
2021-06-22 02:06:24,081 - mmcls - INFO - Epoch [96][200/391]	lr: 1.000e-03, eta: 0:31:03, time: 0.262, data_time: 0.003, memory: 1558, loss: 0.0150
2021-06-22 02:06:48,807 - mmcls - INFO - Epoch [96][300/391]	lr: 1.000e-03, eta: 0:30:45, time: 0.247, data_time: 0.003, memory: 1558, loss: 0.0149
2021-06-22 02:07:03,104 - mmcls - INFO - Saving checkpoint at 96 epochs
2021-06-22 02:07:33,523 - mmcls - INFO - Epoch [97][100/391]	lr: 1.000e-03, eta: 0:30:05, time: 0.284, data_time: 0.026, memory: 1558, loss: 0.0149
2021-06-22 02:07:59,588 - mmcls - INFO - Epoch [97][200/391]	lr: 1.000e-03, eta: 0:29:48, time: 0.261, data_time: 0.003, memory: 1558, loss: 0.0155
2021-06-22 02:08:25,815 - mmcls - INFO - Epoch [97][300/391]	lr: 1.000e-03, eta: 0:29:30, time: 0.262, data_time: 0.003, memory: 1558, loss: 0.0145
2021-06-22 02:08:44,837 - mmcls - INFO - Saving checkpoint at 97 epochs
2021-06-22 02:09:15,136 - mmcls - INFO - Epoch [98][100/391]	lr: 1.000e-03, eta: 0:28:50, time: 0.283, data_time: 0.026, memory: 1558, loss: 0.0142
2021-06-22 02:09:41,644 - mmcls - INFO - Epoch [98][200/391]	lr: 1.000e-03, eta: 0:28:33, time: 0.265, data_time: 0.003, memory: 1558, loss: 0.0138
2021-06-22 02:10:07,768 - mmcls - INFO - Epoch [98][300/391]	lr: 1.000e-03, eta: 0:28:15, time: 0.261, data_time: 0.003, memory: 1558, loss: 0.0139
2021-06-22 02:10:26,976 - mmcls - INFO - Saving checkpoint at 98 epochs
2021-06-22 02:10:57,445 - mmcls - INFO - Epoch [99][100/391]	lr: 1.000e-03, eta: 0:27:35, time: 0.285, data_time: 0.026, memory: 1558, loss: 0.0131
2021-06-22 02:11:23,720 - mmcls - INFO - Epoch [99][200/391]	lr: 1.000e-03, eta: 0:27:17, time: 0.263, data_time: 0.003, memory: 1558, loss: 0.0145
2021-06-22 02:11:50,128 - mmcls - INFO - Epoch [99][300/391]	lr: 1.000e-03, eta: 0:26:59, time: 0.264, data_time: 0.003, memory: 1558, loss: 0.0145
2021-06-22 02:12:09,188 - mmcls - INFO - Saving checkpoint at 99 epochs
2021-06-22 02:12:39,967 - mmcls - INFO - Epoch [100][100/391]	lr: 1.000e-03, eta: 0:26:20, time: 0.288, data_time: 0.026, memory: 1558, loss: 0.0149
2021-06-22 02:13:06,460 - mmcls - INFO - Epoch [100][200/391]	lr: 1.000e-03, eta: 0:26:02, time: 0.265, data_time: 0.003, memory: 1558, loss: 0.0147
2021-06-22 02:13:30,134 - mmcls - INFO - Epoch [100][300/391]	lr: 1.000e-03, eta: 0:25:44, time: 0.237, data_time: 0.003, memory: 1558, loss: 0.0139
2021-06-22 02:14:06,878 - mmcls - INFO - Saving checkpoint at 100 epochs
2021-06-22 02:14:08,832 - mmcls - INFO - Epoch(val) [100][79]	accuracy_top-1: 75.0800, accuracy_top-5: 91.9200
2021-06-22 02:14:37,290 - mmcls - INFO - Epoch [101][100/391]	lr: 1.000e-03, eta: 0:25:05, time: 0.284, data_time: 0.026, memory: 1558, loss: 0.0114
2021-06-22 02:15:01,080 - mmcls - INFO - Epoch [101][200/391]	lr: 1.000e-03, eta: 0:24:46, time: 0.238, data_time: 0.003, memory: 1558, loss: 0.0138
2021-06-22 02:15:16,138 - mmcls - INFO - Epoch [101][300/391]	lr: 1.000e-03, eta: 0:24:26, time: 0.151, data_time: 0.003, memory: 1558, loss: 0.0139
2021-06-22 02:15:40,187 - mmcls - INFO - Saving checkpoint at 101 epochs
2021-06-22 02:16:10,812 - mmcls - INFO - Epoch [102][100/391]	lr: 1.000e-03, eta: 0:23:47, time: 0.286, data_time: 0.026, memory: 1558, loss: 0.0114
2021-06-22 02:16:37,136 - mmcls - INFO - Epoch [102][200/391]	lr: 1.000e-03, eta: 0:23:29, time: 0.263, data_time: 0.003, memory: 1558, loss: 0.0136
2021-06-22 02:16:58,701 - mmcls - INFO - Epoch [102][300/391]	lr: 1.000e-03, eta: 0:23:09, time: 0.216, data_time: 0.003, memory: 1558, loss: 0.0132
2021-06-22 02:17:22,547 - mmcls - INFO - Saving checkpoint at 102 epochs
2021-06-22 02:17:52,797 - mmcls - INFO - Epoch [103][100/391]	lr: 1.000e-03, eta: 0:22:31, time: 0.282, data_time: 0.026, memory: 1558, loss: 0.0119
2021-06-22 02:18:19,258 - mmcls - INFO - Epoch [103][200/391]	lr: 1.000e-03, eta: 0:22:12, time: 0.265, data_time: 0.003, memory: 1558, loss: 0.0139
2021-06-22 02:18:40,635 - mmcls - INFO - Epoch [103][300/391]	lr: 1.000e-03, eta: 0:21:53, time: 0.214, data_time: 0.003, memory: 1558, loss: 0.0125
2021-06-22 02:19:04,359 - mmcls - INFO - Saving checkpoint at 103 epochs
2021-06-22 02:19:34,709 - mmcls - INFO - Epoch [104][100/391]	lr: 1.000e-03, eta: 0:21:15, time: 0.283, data_time: 0.026, memory: 1558, loss: 0.0113
2021-06-22 02:20:01,072 - mmcls - INFO - Epoch [104][200/391]	lr: 1.000e-03, eta: 0:20:56, time: 0.264, data_time: 0.003, memory: 1558, loss: 0.0119
2021-06-22 02:20:22,679 - mmcls - INFO - Epoch [104][300/391]	lr: 1.000e-03, eta: 0:20:37, time: 0.216, data_time: 0.003, memory: 1558, loss: 0.0123
2021-06-22 02:20:46,550 - mmcls - INFO - Saving checkpoint at 104 epochs
2021-06-22 02:21:16,841 - mmcls - INFO - Epoch [105][100/391]	lr: 1.000e-03, eta: 0:19:58, time: 0.283, data_time: 0.025, memory: 1558, loss: 0.0121
2021-06-22 02:21:40,486 - mmcls - INFO - Epoch [105][200/391]	lr: 1.000e-03, eta: 0:19:40, time: 0.236, data_time: 0.003, memory: 1558, loss: 0.0115
2021-06-22 02:22:04,712 - mmcls - INFO - Epoch [105][300/391]	lr: 1.000e-03, eta: 0:19:21, time: 0.242, data_time: 0.003, memory: 1558, loss: 0.0114
2021-06-22 02:22:41,882 - mmcls - INFO - Saving checkpoint at 105 epochs
2021-06-22 02:22:43,867 - mmcls - INFO - Epoch(val) [105][79]	accuracy_top-1: 75.0300, accuracy_top-5: 91.7700
2021-06-22 02:23:10,984 - mmcls - INFO - Epoch [106][100/391]	lr: 1.000e-03, eta: 0:18:42, time: 0.271, data_time: 0.025, memory: 1558, loss: 0.0107
2021-06-22 02:23:26,479 - mmcls - INFO - Epoch [106][200/391]	lr: 1.000e-03, eta: 0:18:22, time: 0.155, data_time: 0.003, memory: 1558, loss: 0.0120
2021-06-22 02:23:52,990 - mmcls - INFO - Epoch [106][300/391]	lr: 1.000e-03, eta: 0:18:04, time: 0.265, data_time: 0.003, memory: 1558, loss: 0.0112
2021-06-22 02:24:16,879 - mmcls - INFO - Saving checkpoint at 106 epochs
2021-06-22 02:24:47,182 - mmcls - INFO - Epoch [107][100/391]	lr: 1.000e-03, eta: 0:17:25, time: 0.283, data_time: 0.025, memory: 1558, loss: 0.0125
2021-06-22 02:25:08,987 - mmcls - INFO - Epoch [107][200/391]	lr: 1.000e-03, eta: 0:17:06, time: 0.218, data_time: 0.003, memory: 1558, loss: 0.0111
2021-06-22 02:25:35,240 - mmcls - INFO - Epoch [107][300/391]	lr: 1.000e-03, eta: 0:16:47, time: 0.263, data_time: 0.003, memory: 1558, loss: 0.0105
2021-06-22 02:25:59,456 - mmcls - INFO - Saving checkpoint at 107 epochs
2021-06-22 02:26:30,101 - mmcls - INFO - Epoch [108][100/391]	lr: 1.000e-03, eta: 0:16:09, time: 0.286, data_time: 0.025, memory: 1558, loss: 0.0113
2021-06-22 02:26:51,542 - mmcls - INFO - Epoch [108][200/391]	lr: 1.000e-03, eta: 0:15:50, time: 0.214, data_time: 0.002, memory: 1558, loss: 0.0123
2021-06-22 02:27:17,909 - mmcls - INFO - Epoch [108][300/391]	lr: 1.000e-03, eta: 0:15:31, time: 0.264, data_time: 0.003, memory: 1558, loss: 0.0099
2021-06-22 02:27:41,845 - mmcls - INFO - Saving checkpoint at 108 epochs
2021-06-22 02:28:11,531 - mmcls - INFO - Epoch [109][100/391]	lr: 1.000e-03, eta: 0:14:53, time: 0.275, data_time: 0.025, memory: 1558, loss: 0.0095
2021-06-22 02:28:34,292 - mmcls - INFO - Epoch [109][200/391]	lr: 1.000e-03, eta: 0:14:34, time: 0.228, data_time: 0.004, memory: 1558, loss: 0.0116
2021-06-22 02:29:00,235 - mmcls - INFO - Epoch [109][300/391]	lr: 1.000e-03, eta: 0:14:15, time: 0.259, data_time: 0.002, memory: 1558, loss: 0.0116
2021-06-22 02:29:23,966 - mmcls - INFO - Saving checkpoint at 109 epochs
2021-06-22 02:29:51,075 - mmcls - INFO - Epoch [110][100/391]	lr: 1.000e-03, eta: 0:13:37, time: 0.251, data_time: 0.025, memory: 1558, loss: 0.0101
2021-06-22 02:30:15,602 - mmcls - INFO - Epoch [110][200/391]	lr: 1.000e-03, eta: 0:13:18, time: 0.245, data_time: 0.002, memory: 1558, loss: 0.0106
2021-06-22 02:30:42,114 - mmcls - INFO - Epoch [110][300/391]	lr: 1.000e-03, eta: 0:12:59, time: 0.265, data_time: 0.002, memory: 1558, loss: 0.0116
2021-06-22 02:31:19,331 - mmcls - INFO - Saving checkpoint at 110 epochs
2021-06-22 02:31:21,332 - mmcls - INFO - Epoch(val) [110][79]	accuracy_top-1: 75.1700, accuracy_top-5: 91.8600
2021-06-22 02:31:39,902 - mmcls - INFO - Epoch [111][100/391]	lr: 1.000e-03, eta: 0:12:20, time: 0.186, data_time: 0.025, memory: 1558, loss: 0.0111
2021-06-22 02:32:06,019 - mmcls - INFO - Epoch [111][200/391]	lr: 1.000e-03, eta: 0:12:01, time: 0.261, data_time: 0.003, memory: 1558, loss: 0.0096
2021-06-22 02:32:32,182 - mmcls - INFO - Epoch [111][300/391]	lr: 1.000e-03, eta: 0:11:42, time: 0.262, data_time: 0.003, memory: 1558, loss: 0.0108
2021-06-22 02:32:56,103 - mmcls - INFO - Saving checkpoint at 111 epochs
2021-06-22 02:33:21,705 - mmcls - INFO - Epoch [112][100/391]	lr: 1.000e-03, eta: 0:11:04, time: 0.236, data_time: 0.024, memory: 1558, loss: 0.0096
2021-06-22 02:33:47,717 - mmcls - INFO - Epoch [112][200/391]	lr: 1.000e-03, eta: 0:10:45, time: 0.260, data_time: 0.003, memory: 1558, loss: 0.0104
2021-06-22 02:34:14,152 - mmcls - INFO - Epoch [112][300/391]	lr: 1.000e-03, eta: 0:10:26, time: 0.264, data_time: 0.002, memory: 1558, loss: 0.0096
2021-06-22 02:34:38,311 - mmcls - INFO - Saving checkpoint at 112 epochs
2021-06-22 02:35:03,835 - mmcls - INFO - Epoch [113][100/391]	lr: 1.000e-03, eta: 0:09:48, time: 0.235, data_time: 0.025, memory: 1558, loss: 0.0101
2021-06-22 02:35:29,949 - mmcls - INFO - Epoch [113][200/391]	lr: 1.000e-03, eta: 0:09:29, time: 0.261, data_time: 0.002, memory: 1558, loss: 0.0100
2021-06-22 02:35:56,187 - mmcls - INFO - Epoch [113][300/391]	lr: 1.000e-03, eta: 0:09:10, time: 0.262, data_time: 0.002, memory: 1558, loss: 0.0103
2021-06-22 02:36:20,430 - mmcls - INFO - Saving checkpoint at 113 epochs
2021-06-22 02:36:48,016 - mmcls - INFO - Epoch [114][100/391]	lr: 1.000e-03, eta: 0:08:32, time: 0.256, data_time: 0.026, memory: 1558, loss: 0.0095
2021-06-22 02:37:14,234 - mmcls - INFO - Epoch [114][200/391]	lr: 1.000e-03, eta: 0:08:13, time: 0.262, data_time: 0.002, memory: 1558, loss: 0.0097
2021-06-22 02:37:40,356 - mmcls - INFO - Epoch [114][300/391]	lr: 1.000e-03, eta: 0:07:54, time: 0.261, data_time: 0.002, memory: 1558, loss: 0.0102
2021-06-22 02:38:03,812 - mmcls - INFO - Saving checkpoint at 114 epochs
2021-06-22 02:38:35,728 - mmcls - INFO - Epoch [115][100/391]	lr: 1.000e-03, eta: 0:07:16, time: 0.284, data_time: 0.026, memory: 1558, loss: 0.0096
2021-06-22 02:39:01,863 - mmcls - INFO - Epoch [115][200/391]	lr: 1.000e-03, eta: 0:06:57, time: 0.261, data_time: 0.002, memory: 1558, loss: 0.0111
2021-06-22 02:39:28,077 - mmcls - INFO - Epoch [115][300/391]	lr: 1.000e-03, eta: 0:06:38, time: 0.262, data_time: 0.003, memory: 1558, loss: 0.0111
2021-06-22 02:40:01,919 - mmcls - INFO - Saving checkpoint at 115 epochs
2021-06-22 02:40:03,898 - mmcls - INFO - Epoch(val) [115][79]	accuracy_top-1: 75.4400, accuracy_top-5: 91.9000
2021-06-22 02:40:18,779 - mmcls - INFO - Epoch [116][100/391]	lr: 1.000e-03, eta: 0:06:00, time: 0.149, data_time: 0.025, memory: 1558, loss: 0.0094
2021-06-22 02:40:31,204 - mmcls - INFO - Epoch [116][200/391]	lr: 1.000e-03, eta: 0:05:40, time: 0.124, data_time: 0.002, memory: 1558, loss: 0.0100
2021-06-22 02:40:43,697 - mmcls - INFO - Epoch [116][300/391]	lr: 1.000e-03, eta: 0:05:21, time: 0.125, data_time: 0.002, memory: 1558, loss: 0.0095
2021-06-22 02:40:55,118 - mmcls - INFO - Saving checkpoint at 116 epochs
2021-06-22 02:41:11,983 - mmcls - INFO - Epoch [117][100/391]	lr: 1.000e-03, eta: 0:04:43, time: 0.149, data_time: 0.025, memory: 1558, loss: 0.0095
2021-06-22 02:41:24,477 - mmcls - INFO - Epoch [117][200/391]	lr: 1.000e-03, eta: 0:04:23, time: 0.125, data_time: 0.002, memory: 1558, loss: 0.0098
2021-06-22 02:41:37,102 - mmcls - INFO - Epoch [117][300/391]	lr: 1.000e-03, eta: 0:04:04, time: 0.126, data_time: 0.002, memory: 1558, loss: 0.0088
2021-06-22 02:41:48,582 - mmcls - INFO - Saving checkpoint at 117 epochs
2021-06-22 02:42:05,489 - mmcls - INFO - Epoch [118][100/391]	lr: 1.000e-03, eta: 0:03:26, time: 0.149, data_time: 0.026, memory: 1558, loss: 0.0102
2021-06-22 02:42:17,941 - mmcls - INFO - Epoch [118][200/391]	lr: 1.000e-03, eta: 0:03:07, time: 0.125, data_time: 0.002, memory: 1558, loss: 0.0101
2021-06-22 02:42:30,641 - mmcls - INFO - Epoch [118][300/391]	lr: 1.000e-03, eta: 0:02:48, time: 0.127, data_time: 0.002, memory: 1558, loss: 0.0098
2021-06-22 02:42:42,197 - mmcls - INFO - Saving checkpoint at 118 epochs
2021-06-22 02:42:58,709 - mmcls - INFO - Epoch [119][100/391]	lr: 1.000e-03, eta: 0:02:10, time: 0.147, data_time: 0.025, memory: 1558, loss: 0.0098
2021-06-22 02:43:11,220 - mmcls - INFO - Epoch [119][200/391]	lr: 1.000e-03, eta: 0:01:51, time: 0.125, data_time: 0.003, memory: 1558, loss: 0.0101
2021-06-22 02:43:23,721 - mmcls - INFO - Epoch [119][300/391]	lr: 1.000e-03, eta: 0:01:32, time: 0.125, data_time: 0.002, memory: 1558, loss: 0.0098
2021-06-22 02:43:35,233 - mmcls - INFO - Saving checkpoint at 119 epochs
2021-06-22 02:43:52,299 - mmcls - INFO - Epoch [120][100/391]	lr: 1.000e-03, eta: 0:00:55, time: 0.150, data_time: 0.026, memory: 1558, loss: 0.0090
2021-06-22 02:44:04,921 - mmcls - INFO - Epoch [120][200/391]	lr: 1.000e-03, eta: 0:00:36, time: 0.126, data_time: 0.002, memory: 1558, loss: 0.0088
2021-06-22 02:44:17,348 - mmcls - INFO - Epoch [120][300/391]	lr: 1.000e-03, eta: 0:00:17, time: 0.124, data_time: 0.002, memory: 1558, loss: 0.0096
2021-06-22 02:44:36,538 - mmcls - INFO - Saving checkpoint at 120 epochs
2021-06-22 02:44:38,549 - mmcls - INFO - Epoch(val) [120][79]	accuracy_top-1: 75.3400, accuracy_top-5: 91.9500
