2021-06-18 04:29:36,681 - mmcls - INFO - Environment info:
------------------------------------------------------------
sys.platform: linux
Python: 3.7.10 (default, Feb 26 2021, 18:47:35) [GCC 7.3.0]
CUDA available: True
GPU 0: GeForce GTX 1080 Ti
CUDA_HOME: /usr/local/cuda
NVCC: Cuda compilation tools, release 10.1, V10.1.243
GCC: gcc (Ubuntu 5.4.0-6ubuntu1~16.04.11) 5.4.0 20160609
PyTorch: 1.6.0
PyTorch compiling details: PyTorch built with:
  - GCC 7.3
  - C++ Version: 201402
  - Intel(R) oneAPI Math Kernel Library Version 2021.2-Product Build 20210312 for Intel(R) 64 architecture applications
  - Intel(R) MKL-DNN v1.5.0 (Git Hash e2ac1fac44c5078ca927cb9b90e1b3066a0b2ed0)
  - OpenMP 201511 (a.k.a. OpenMP 4.5)
  - NNPACK is enabled
  - CPU capability usage: AVX2
  - CUDA Runtime 10.1
  - NVCC architecture flags: -gencode;arch=compute_37,code=sm_37;-gencode;arch=compute_50,code=sm_50;-gencode;arch=compute_60,code=sm_60;-gencode;arch=compute_61,code=sm_61;-gencode;arch=compute_70,code=sm_70;-gencode;arch=compute_75,code=sm_75;-gencode;arch=compute_37,code=compute_37
  - CuDNN 7.6.3
  - Magma 2.5.2
  - Build settings: BLAS=MKL, BUILD_TYPE=Release, CXX_FLAGS= -Wno-deprecated -fvisibility-inlines-hidden -DUSE_PTHREADPOOL -fopenmp -DNDEBUG -DUSE_FBGEMM -DUSE_QNNPACK -DUSE_PYTORCH_QNNPACK -DUSE_XNNPACK -DUSE_VULKAN_WRAPPER -O2 -fPIC -Wno-narrowing -Wall -Wextra -Werror=return-type -Wno-missing-field-initializers -Wno-type-limits -Wno-array-bounds -Wno-unknown-pragmas -Wno-sign-compare -Wno-unused-parameter -Wno-unused-variable -Wno-unused-function -Wno-unused-result -Wno-unused-local-typedefs -Wno-strict-overflow -Wno-strict-aliasing -Wno-error=deprecated-declarations -Wno-stringop-overflow -Wno-error=pedantic -Wno-error=redundant-decls -Wno-error=old-style-cast -fdiagnostics-color=always -faligned-new -Wno-unused-but-set-variable -Wno-maybe-uninitialized -fno-math-errno -fno-trapping-math -Werror=format -Wno-stringop-overflow, PERF_WITH_AVX=1, PERF_WITH_AVX2=1, PERF_WITH_AVX512=1, USE_CUDA=ON, USE_EXCEPTION_PTR=1, USE_GFLAGS=OFF, USE_GLOG=OFF, USE_MKL=ON, USE_MKLDNN=ON, USE_MPI=OFF, USE_NCCL=ON, USE_NNPACK=ON, USE_OPENMP=ON, USE_STATIC_DISPATCH=OFF, 

TorchVision: 0.7.0
OpenCV: 4.5.2
MMCV: 1.3.4
MMCV Compiler: GCC 7.3
MMCV CUDA Compiler: 10.1
MMClassification: 0.11.1+b67a11c
------------------------------------------------------------

2021-06-18 04:29:36,681 - mmcls - INFO - Distributed training: False
2021-06-18 04:29:36,897 - mmcls - INFO - Config:
model = dict(
    type='ImageClassifier',
    backbone=dict(
        type='ResNet_CIFAR',
        depth=50,
        num_stages=4,
        out_indices=(3, ),
        style='pytorch'),
    neck=dict(type='GlobalAveragePooling'),
    head=dict(
        type='LinearClsHead',
        num_classes=100,
        in_channels=2048,
        loss=dict(type='CrossEntropyLoss', loss_weight=1.0)))
dataset_type = 'CIFAR100'
img_norm_cfg = dict(
    mean=[129.304, 124.07, 112.434], std=[68.17, 65.392, 70.418], to_rgb=True)
train_pipeline = [
    dict(type='RandomCrop', size=32, padding=4),
    dict(type='RandomFlip', flip_prob=0.5, direction='horizontal'),
    dict(
        type='Normalize',
        mean=[129.304, 124.07, 112.434],
        std=[68.17, 65.392, 70.418],
        to_rgb=True),
    dict(type='ImageToTensor', keys=['img']),
    dict(type='ToTensor', keys=['gt_label']),
    dict(type='Collect', keys=['img', 'gt_label'])
]
test_pipeline = [
    dict(
        type='Normalize',
        mean=[129.304, 124.07, 112.434],
        std=[68.17, 65.392, 70.418],
        to_rgb=True),
    dict(type='ImageToTensor', keys=['img']),
    dict(type='Collect', keys=['img'])
]
data = dict(
    samples_per_gpu=128,
    workers_per_gpu=4,
    train=dict(
        type='CIFAR100',
        data_prefix='data/cifar100',
        pipeline=[
            dict(type='RandomCrop', size=32, padding=4),
            dict(type='RandomFlip', flip_prob=0.5, direction='horizontal'),
            dict(
                type='Normalize',
                mean=[129.304, 124.07, 112.434],
                std=[68.17, 65.392, 70.418],
                to_rgb=True),
            dict(type='ImageToTensor', keys=['img']),
            dict(type='ToTensor', keys=['gt_label']),
            dict(type='Collect', keys=['img', 'gt_label'])
        ]),
    val=dict(
        type='CIFAR100',
        data_prefix='data/cifar100',
        pipeline=[
            dict(
                type='Normalize',
                mean=[129.304, 124.07, 112.434],
                std=[68.17, 65.392, 70.418],
                to_rgb=True),
            dict(type='ImageToTensor', keys=['img']),
            dict(type='Collect', keys=['img'])
        ]),
    test=dict(
        type='CIFAR100',
        data_prefix='data/cifar100',
        pipeline=[
            dict(
                type='Normalize',
                mean=[129.304, 124.07, 112.434],
                std=[68.17, 65.392, 70.418],
                to_rgb=True),
            dict(type='ImageToTensor', keys=['img']),
            dict(type='Collect', keys=['img'])
        ]))
optimizer = dict(type='SGD', lr=0.1, momentum=0.9, weight_decay=0.0005)
optimizer_config = dict(grad_clip=None)
lr_config = dict(policy='step', step=[40, 80], gamma=0.1)
runner = dict(type='EpochBasedRunner', max_epochs=120)
checkpoint_config = dict(interval=1)
log_config = dict(interval=100, hooks=[dict(type='TextLoggerHook')])
dist_params = dict(backend='nccl')
log_level = 'INFO'
load_from = None
resume_from = None
workflow = [('train', 1)]
evaluation = dict(interval=1)
work_dir = './work_dirs/resnet50_cifar100'
gpu_ids = range(0, 1)

2021-06-18 04:29:45,462 - mmcls - INFO - Start running, host: root@efff16289307, work_dir: /remote-home/shenduxuexi15/mmlab/mmclassification/work_dirs/resnet50_cifar100
2021-06-18 04:29:45,462 - mmcls - INFO - workflow: [('train', 1)], max: 120 epochs
2021-06-18 04:30:22,984 - mmcls - INFO - Epoch [1][100/391]	lr: 1.000e-01, eta: 4:51:01, time: 0.373, data_time: 0.025, memory: 3436, loss: 4.4504
2021-06-18 04:31:08,101 - mmcls - INFO - Epoch [1][200/391]	lr: 1.000e-01, eta: 5:20:51, time: 0.451, data_time: 0.005, memory: 3436, loss: 4.0433
2021-06-18 04:31:53,438 - mmcls - INFO - Epoch [1][300/391]	lr: 1.000e-01, eta: 5:30:51, time: 0.453, data_time: 0.004, memory: 3436, loss: 3.9012
2021-06-18 04:32:45,585 - mmcls - INFO - Saving checkpoint at 1 epochs
2021-06-18 04:32:47,567 - mmcls - INFO - Epoch(val) [1][79]	accuracy_top-1: 11.5000, accuracy_top-5: 33.4000
2021-06-18 04:33:31,147 - mmcls - INFO - Epoch [2][100/391]	lr: 1.000e-01, eta: 4:29:40, time: 0.434, data_time: 0.024, memory: 3436, loss: 3.6901
2021-06-18 04:34:16,855 - mmcls - INFO - Epoch [2][200/391]	lr: 1.000e-01, eta: 4:43:16, time: 0.457, data_time: 0.004, memory: 3436, loss: 3.6006
2021-06-18 04:35:02,599 - mmcls - INFO - Epoch [2][300/391]	lr: 1.000e-01, eta: 4:52:46, time: 0.458, data_time: 0.004, memory: 3436, loss: 3.4880
2021-06-18 04:35:53,693 - mmcls - INFO - Saving checkpoint at 2 epochs
2021-06-18 04:35:55,836 - mmcls - INFO - Epoch(val) [2][79]	accuracy_top-1: 17.2600, accuracy_top-5: 44.3100
2021-06-18 04:36:43,880 - mmcls - INFO - Epoch [3][100/391]	lr: 1.000e-01, eta: 4:30:01, time: 0.478, data_time: 0.025, memory: 3436, loss: 3.2279
2021-06-18 04:37:29,447 - mmcls - INFO - Epoch [3][200/391]	lr: 1.000e-01, eta: 4:37:32, time: 0.456, data_time: 0.004, memory: 3436, loss: 3.0855
2021-06-18 04:38:15,128 - mmcls - INFO - Epoch [3][300/391]	lr: 1.000e-01, eta: 4:43:35, time: 0.457, data_time: 0.005, memory: 3436, loss: 2.9682
2021-06-18 04:39:03,456 - mmcls - INFO - Saving checkpoint at 3 epochs
2021-06-18 04:39:05,410 - mmcls - INFO - Epoch(val) [3][79]	accuracy_top-1: 25.2400, accuracy_top-5: 55.4000
2021-06-18 04:39:53,279 - mmcls - INFO - Epoch [4][100/391]	lr: 1.000e-01, eta: 4:28:30, time: 0.476, data_time: 0.024, memory: 3436, loss: 2.6696
2021-06-18 04:40:38,977 - mmcls - INFO - Epoch [4][200/391]	lr: 1.000e-01, eta: 4:33:40, time: 0.457, data_time: 0.005, memory: 3436, loss: 2.5722
2021-06-18 04:41:24,527 - mmcls - INFO - Epoch [4][300/391]	lr: 1.000e-01, eta: 4:37:57, time: 0.455, data_time: 0.004, memory: 3436, loss: 2.4746
2021-06-18 04:42:12,222 - mmcls - INFO - Saving checkpoint at 4 epochs
2021-06-18 04:42:14,174 - mmcls - INFO - Epoch(val) [4][79]	accuracy_top-1: 36.0000, accuracy_top-5: 69.2700
2021-06-18 04:43:02,445 - mmcls - INFO - Epoch [5][100/391]	lr: 1.000e-01, eta: 4:26:48, time: 0.481, data_time: 0.024, memory: 3436, loss: 2.2477
2021-06-18 04:43:48,122 - mmcls - INFO - Epoch [5][200/391]	lr: 1.000e-01, eta: 4:30:36, time: 0.457, data_time: 0.004, memory: 3436, loss: 2.2700
2021-06-18 04:44:33,684 - mmcls - INFO - Epoch [5][300/391]	lr: 1.000e-01, eta: 4:33:52, time: 0.456, data_time: 0.004, memory: 3436, loss: 2.1849
2021-06-18 04:45:21,212 - mmcls - INFO - Saving checkpoint at 5 epochs
2021-06-18 04:45:23,171 - mmcls - INFO - Epoch(val) [5][79]	accuracy_top-1: 37.5900, accuracy_top-5: 70.0700
2021-06-18 04:46:11,227 - mmcls - INFO - Epoch [6][100/391]	lr: 1.000e-01, eta: 4:24:46, time: 0.478, data_time: 0.024, memory: 3436, loss: 2.0427
2021-06-18 04:46:57,292 - mmcls - INFO - Epoch [6][200/391]	lr: 1.000e-01, eta: 4:27:52, time: 0.461, data_time: 0.004, memory: 3436, loss: 2.0531
2021-06-18 04:47:42,985 - mmcls - INFO - Epoch [6][300/391]	lr: 1.000e-01, eta: 4:30:30, time: 0.457, data_time: 0.004, memory: 3436, loss: 1.9920
2021-06-18 04:48:30,635 - mmcls - INFO - Saving checkpoint at 6 epochs
2021-06-18 04:48:32,615 - mmcls - INFO - Epoch(val) [6][79]	accuracy_top-1: 39.5200, accuracy_top-5: 71.6700
2021-06-18 04:49:20,738 - mmcls - INFO - Epoch [7][100/391]	lr: 1.000e-01, eta: 4:22:49, time: 0.479, data_time: 0.024, memory: 3436, loss: 1.8697
2021-06-18 04:50:06,453 - mmcls - INFO - Epoch [7][200/391]	lr: 1.000e-01, eta: 4:25:12, time: 0.457, data_time: 0.004, memory: 3436, loss: 1.8803
2021-06-18 04:50:52,138 - mmcls - INFO - Epoch [7][300/391]	lr: 1.000e-01, eta: 4:27:21, time: 0.457, data_time: 0.004, memory: 3436, loss: 1.8727
2021-06-18 04:51:39,767 - mmcls - INFO - Saving checkpoint at 7 epochs
2021-06-18 04:51:41,741 - mmcls - INFO - Epoch(val) [7][79]	accuracy_top-1: 44.1000, accuracy_top-5: 76.9200
2021-06-18 04:52:30,003 - mmcls - INFO - Epoch [8][100/391]	lr: 1.000e-01, eta: 4:20:43, time: 0.480, data_time: 0.024, memory: 3436, loss: 1.7517
2021-06-18 04:53:15,762 - mmcls - INFO - Epoch [8][200/391]	lr: 1.000e-01, eta: 4:22:42, time: 0.458, data_time: 0.004, memory: 3436, loss: 1.7845
2021-06-18 04:53:57,124 - mmcls - INFO - Epoch [8][300/391]	lr: 1.000e-01, eta: 4:23:27, time: 0.415, data_time: 0.004, memory: 3436, loss: 1.7730
2021-06-18 04:54:49,278 - mmcls - INFO - Saving checkpoint at 8 epochs
2021-06-18 04:54:51,246 - mmcls - INFO - Epoch(val) [8][79]	accuracy_top-1: 42.3400, accuracy_top-5: 73.8200
2021-06-18 04:55:39,148 - mmcls - INFO - Epoch [9][100/391]	lr: 1.000e-01, eta: 4:17:32, time: 0.477, data_time: 0.024, memory: 3436, loss: 1.6862
2021-06-18 04:56:24,689 - mmcls - INFO - Epoch [9][200/391]	lr: 1.000e-01, eta: 4:19:10, time: 0.455, data_time: 0.004, memory: 3436, loss: 1.6907
2021-06-18 04:57:05,662 - mmcls - INFO - Epoch [9][300/391]	lr: 1.000e-01, eta: 4:19:42, time: 0.410, data_time: 0.004, memory: 3436, loss: 1.6781
2021-06-18 04:57:57,827 - mmcls - INFO - Saving checkpoint at 9 epochs
2021-06-18 04:57:59,805 - mmcls - INFO - Epoch(val) [9][79]	accuracy_top-1: 44.3700, accuracy_top-5: 76.1400
2021-06-18 04:58:47,844 - mmcls - INFO - Epoch [10][100/391]	lr: 1.000e-01, eta: 4:14:27, time: 0.478, data_time: 0.024, memory: 3436, loss: 1.6005
2021-06-18 04:59:33,765 - mmcls - INFO - Epoch [10][200/391]	lr: 1.000e-01, eta: 4:15:55, time: 0.459, data_time: 0.004, memory: 3436, loss: 1.6290
2021-06-18 05:00:14,786 - mmcls - INFO - Epoch [10][300/391]	lr: 1.000e-01, eta: 4:16:22, time: 0.410, data_time: 0.004, memory: 3436, loss: 1.6269
2021-06-18 05:01:07,161 - mmcls - INFO - Saving checkpoint at 10 epochs
2021-06-18 05:01:09,129 - mmcls - INFO - Epoch(val) [10][79]	accuracy_top-1: 46.1900, accuracy_top-5: 77.6400
2021-06-18 05:01:57,431 - mmcls - INFO - Epoch [11][100/391]	lr: 1.000e-01, eta: 4:11:38, time: 0.481, data_time: 0.025, memory: 3436, loss: 1.5387
2021-06-18 05:02:43,055 - mmcls - INFO - Epoch [11][200/391]	lr: 1.000e-01, eta: 4:12:52, time: 0.456, data_time: 0.004, memory: 3436, loss: 1.5523
2021-06-18 05:03:24,071 - mmcls - INFO - Epoch [11][300/391]	lr: 1.000e-01, eta: 4:13:13, time: 0.410, data_time: 0.004, memory: 3436, loss: 1.5765
2021-06-18 05:04:16,390 - mmcls - INFO - Saving checkpoint at 11 epochs
2021-06-18 05:04:18,381 - mmcls - INFO - Epoch(val) [11][79]	accuracy_top-1: 48.6600, accuracy_top-5: 81.2700
2021-06-18 05:05:06,336 - mmcls - INFO - Epoch [12][100/391]	lr: 1.000e-01, eta: 4:08:50, time: 0.477, data_time: 0.024, memory: 3436, loss: 1.4672
2021-06-18 05:05:52,092 - mmcls - INFO - Epoch [12][200/391]	lr: 1.000e-01, eta: 4:09:55, time: 0.458, data_time: 0.004, memory: 3436, loss: 1.5306
2021-06-18 05:06:33,066 - mmcls - INFO - Epoch [12][300/391]	lr: 1.000e-01, eta: 4:10:12, time: 0.410, data_time: 0.004, memory: 3436, loss: 1.5348
2021-06-18 05:07:25,461 - mmcls - INFO - Saving checkpoint at 12 epochs
2021-06-18 05:07:27,439 - mmcls - INFO - Epoch(val) [12][79]	accuracy_top-1: 49.8400, accuracy_top-5: 80.5000
2021-06-18 05:08:15,459 - mmcls - INFO - Epoch [13][100/391]	lr: 1.000e-01, eta: 4:06:08, time: 0.478, data_time: 0.024, memory: 3436, loss: 1.4460
2021-06-18 05:08:56,704 - mmcls - INFO - Epoch [13][200/391]	lr: 1.000e-01, eta: 4:06:28, time: 0.414, data_time: 0.004, memory: 3436, loss: 1.4508
2021-06-18 05:09:42,109 - mmcls - INFO - Epoch [13][300/391]	lr: 1.000e-01, eta: 4:07:17, time: 0.453, data_time: 0.003, memory: 3436, loss: 1.4903
2021-06-18 05:10:34,492 - mmcls - INFO - Saving checkpoint at 13 epochs
2021-06-18 05:10:36,448 - mmcls - INFO - Epoch(val) [13][79]	accuracy_top-1: 52.7400, accuracy_top-5: 82.4700
2021-06-18 05:11:24,674 - mmcls - INFO - Epoch [14][100/391]	lr: 1.000e-01, eta: 4:03:32, time: 0.480, data_time: 0.024, memory: 3436, loss: 1.4003
2021-06-18 05:12:05,748 - mmcls - INFO - Epoch [14][200/391]	lr: 1.000e-01, eta: 4:03:45, time: 0.411, data_time: 0.004, memory: 3436, loss: 1.4064
2021-06-18 05:12:51,509 - mmcls - INFO - Epoch [14][300/391]	lr: 1.000e-01, eta: 4:04:32, time: 0.458, data_time: 0.004, memory: 3436, loss: 1.4300
2021-06-18 05:13:43,714 - mmcls - INFO - Saving checkpoint at 14 epochs
2021-06-18 05:13:45,693 - mmcls - INFO - Epoch(val) [14][79]	accuracy_top-1: 51.4200, accuracy_top-5: 81.9500
2021-06-18 05:14:33,615 - mmcls - INFO - Epoch [15][100/391]	lr: 1.000e-01, eta: 4:00:57, time: 0.477, data_time: 0.024, memory: 3436, loss: 1.3710
2021-06-18 05:15:14,706 - mmcls - INFO - Epoch [15][200/391]	lr: 1.000e-01, eta: 4:01:07, time: 0.411, data_time: 0.004, memory: 3436, loss: 1.3724
2021-06-18 05:16:00,651 - mmcls - INFO - Epoch [15][300/391]	lr: 1.000e-01, eta: 4:01:49, time: 0.459, data_time: 0.004, memory: 3436, loss: 1.4502
2021-06-18 05:16:52,933 - mmcls - INFO - Saving checkpoint at 15 epochs
2021-06-18 05:16:54,917 - mmcls - INFO - Epoch(val) [15][79]	accuracy_top-1: 52.2000, accuracy_top-5: 82.4600
2021-06-18 05:17:42,720 - mmcls - INFO - Epoch [16][100/391]	lr: 1.000e-01, eta: 3:58:26, time: 0.476, data_time: 0.024, memory: 3436, loss: 1.3199
2021-06-18 05:18:23,740 - mmcls - INFO - Epoch [16][200/391]	lr: 1.000e-01, eta: 3:58:32, time: 0.410, data_time: 0.004, memory: 3436, loss: 1.3835
2021-06-18 05:19:09,548 - mmcls - INFO - Epoch [16][300/391]	lr: 1.000e-01, eta: 3:59:09, time: 0.458, data_time: 0.004, memory: 3436, loss: 1.3769
2021-06-18 05:20:02,093 - mmcls - INFO - Saving checkpoint at 16 epochs
2021-06-18 05:20:04,071 - mmcls - INFO - Epoch(val) [16][79]	accuracy_top-1: 51.9600, accuracy_top-5: 81.5600
2021-06-18 05:20:52,138 - mmcls - INFO - Epoch [17][100/391]	lr: 1.000e-01, eta: 3:55:58, time: 0.479, data_time: 0.024, memory: 3436, loss: 1.3088
2021-06-18 05:21:33,233 - mmcls - INFO - Epoch [17][200/391]	lr: 1.000e-01, eta: 3:56:01, time: 0.411, data_time: 0.004, memory: 3436, loss: 1.3332
2021-06-18 05:22:19,310 - mmcls - INFO - Epoch [17][300/391]	lr: 1.000e-01, eta: 3:56:35, time: 0.461, data_time: 0.004, memory: 3436, loss: 1.3385
2021-06-18 05:23:11,607 - mmcls - INFO - Saving checkpoint at 17 epochs
2021-06-18 05:23:13,609 - mmcls - INFO - Epoch(val) [17][79]	accuracy_top-1: 52.5700, accuracy_top-5: 83.0800
2021-06-18 05:23:57,303 - mmcls - INFO - Epoch [18][100/391]	lr: 1.000e-01, eta: 3:53:07, time: 0.436, data_time: 0.024, memory: 3436, loss: 1.2768
2021-06-18 05:24:42,802 - mmcls - INFO - Epoch [18][200/391]	lr: 1.000e-01, eta: 3:53:34, time: 0.454, data_time: 0.003, memory: 3436, loss: 1.3042
2021-06-18 05:25:28,302 - mmcls - INFO - Epoch [18][300/391]	lr: 1.000e-01, eta: 3:54:00, time: 0.455, data_time: 0.004, memory: 3436, loss: 1.3213
2021-06-18 05:26:23,166 - mmcls - INFO - Saving checkpoint at 18 epochs
2021-06-18 05:26:25,131 - mmcls - INFO - Epoch(val) [18][79]	accuracy_top-1: 54.0900, accuracy_top-5: 83.3000
2021-06-18 05:27:08,422 - mmcls - INFO - Epoch [19][100/391]	lr: 1.000e-01, eta: 3:50:39, time: 0.431, data_time: 0.024, memory: 3436, loss: 1.2654
2021-06-18 05:27:54,378 - mmcls - INFO - Epoch [19][200/391]	lr: 1.000e-01, eta: 3:51:05, time: 0.459, data_time: 0.004, memory: 3436, loss: 1.2826
2021-06-18 05:28:39,948 - mmcls - INFO - Epoch [19][300/391]	lr: 1.000e-01, eta: 3:51:28, time: 0.456, data_time: 0.005, memory: 3436, loss: 1.3174
2021-06-18 05:29:34,638 - mmcls - INFO - Saving checkpoint at 19 epochs
2021-06-18 05:29:36,604 - mmcls - INFO - Epoch(val) [19][79]	accuracy_top-1: 52.2000, accuracy_top-5: 81.7400
2021-06-18 05:30:17,453 - mmcls - INFO - Epoch [20][100/391]	lr: 1.000e-01, eta: 3:48:03, time: 0.406, data_time: 0.024, memory: 3436, loss: 1.2149
2021-06-18 05:31:03,210 - mmcls - INFO - Epoch [20][200/391]	lr: 1.000e-01, eta: 3:48:25, time: 0.458, data_time: 0.004, memory: 3436, loss: 1.2644
2021-06-18 05:31:49,097 - mmcls - INFO - Epoch [20][300/391]	lr: 1.000e-01, eta: 3:48:46, time: 0.459, data_time: 0.004, memory: 3436, loss: 1.3194
2021-06-18 05:32:44,008 - mmcls - INFO - Saving checkpoint at 20 epochs
2021-06-18 05:32:45,969 - mmcls - INFO - Epoch(val) [20][79]	accuracy_top-1: 55.5600, accuracy_top-5: 84.1100
2021-06-18 05:33:29,302 - mmcls - INFO - Epoch [21][100/391]	lr: 1.000e-01, eta: 3:45:41, time: 0.431, data_time: 0.025, memory: 3436, loss: 1.1925
2021-06-18 05:34:14,988 - mmcls - INFO - Epoch [21][200/391]	lr: 1.000e-01, eta: 3:46:00, time: 0.457, data_time: 0.005, memory: 3436, loss: 1.2683
2021-06-18 05:35:00,596 - mmcls - INFO - Epoch [21][300/391]	lr: 1.000e-01, eta: 3:46:16, time: 0.456, data_time: 0.005, memory: 3436, loss: 1.2897
2021-06-18 05:35:55,575 - mmcls - INFO - Saving checkpoint at 21 epochs
2021-06-18 05:35:57,547 - mmcls - INFO - Epoch(val) [21][79]	accuracy_top-1: 55.4900, accuracy_top-5: 84.2600
2021-06-18 05:36:45,511 - mmcls - INFO - Epoch [22][100/391]	lr: 1.000e-01, eta: 3:43:41, time: 0.478, data_time: 0.024, memory: 3436, loss: 1.1811
2021-06-18 05:37:31,530 - mmcls - INFO - Epoch [22][200/391]	lr: 1.000e-01, eta: 3:43:58, time: 0.460, data_time: 0.004, memory: 3436, loss: 1.2484
2021-06-18 05:38:17,320 - mmcls - INFO - Epoch [22][300/391]	lr: 1.000e-01, eta: 3:44:12, time: 0.458, data_time: 0.004, memory: 3436, loss: 1.2701
2021-06-18 05:39:07,452 - mmcls - INFO - Saving checkpoint at 22 epochs
2021-06-18 05:39:09,429 - mmcls - INFO - Epoch(val) [22][79]	accuracy_top-1: 53.6400, accuracy_top-5: 83.1700
2021-06-18 05:39:57,687 - mmcls - INFO - Epoch [23][100/391]	lr: 1.000e-01, eta: 3:41:42, time: 0.480, data_time: 0.027, memory: 3436, loss: 1.2029
2021-06-18 05:40:43,430 - mmcls - INFO - Epoch [23][200/391]	lr: 1.000e-01, eta: 3:41:55, time: 0.457, data_time: 0.004, memory: 3436, loss: 1.2438
2021-06-18 05:41:29,487 - mmcls - INFO - Epoch [23][300/391]	lr: 1.000e-01, eta: 3:42:07, time: 0.460, data_time: 0.004, memory: 3436, loss: 1.2425
2021-06-18 05:42:19,732 - mmcls - INFO - Saving checkpoint at 23 epochs
2021-06-18 05:42:21,712 - mmcls - INFO - Epoch(val) [23][79]	accuracy_top-1: 54.4800, accuracy_top-5: 84.0200
2021-06-18 05:43:10,057 - mmcls - INFO - Epoch [24][100/391]	lr: 1.000e-01, eta: 3:39:42, time: 0.481, data_time: 0.024, memory: 3436, loss: 1.1800
2021-06-18 05:43:55,811 - mmcls - INFO - Epoch [24][200/391]	lr: 1.000e-01, eta: 3:39:52, time: 0.458, data_time: 0.004, memory: 3436, loss: 1.2198
2021-06-18 05:44:41,384 - mmcls - INFO - Epoch [24][300/391]	lr: 1.000e-01, eta: 3:40:00, time: 0.456, data_time: 0.004, memory: 3436, loss: 1.2435
2021-06-18 05:45:29,234 - mmcls - INFO - Saving checkpoint at 24 epochs
2021-06-18 05:45:31,223 - mmcls - INFO - Epoch(val) [24][79]	accuracy_top-1: 50.2100, accuracy_top-5: 79.5800
2021-06-18 05:46:19,010 - mmcls - INFO - Epoch [25][100/391]	lr: 1.000e-01, eta: 3:37:36, time: 0.476, data_time: 0.024, memory: 3436, loss: 1.1399
2021-06-18 05:47:04,588 - mmcls - INFO - Epoch [25][200/391]	lr: 1.000e-01, eta: 3:37:43, time: 0.456, data_time: 0.004, memory: 3436, loss: 1.2061
2021-06-18 05:47:48,669 - mmcls - INFO - Epoch [25][300/391]	lr: 1.000e-01, eta: 3:37:44, time: 0.442, data_time: 0.004, memory: 3436, loss: 1.1996
2021-06-18 05:48:41,626 - mmcls - INFO - Saving checkpoint at 25 epochs
2021-06-18 05:48:43,615 - mmcls - INFO - Epoch(val) [25][79]	accuracy_top-1: 53.3500, accuracy_top-5: 83.2200
2021-06-18 05:49:31,688 - mmcls - INFO - Epoch [26][100/391]	lr: 1.000e-01, eta: 3:35:25, time: 0.479, data_time: 0.024, memory: 3436, loss: 1.1779
2021-06-18 05:50:17,562 - mmcls - INFO - Epoch [26][200/391]	lr: 1.000e-01, eta: 3:35:31, time: 0.459, data_time: 0.004, memory: 3436, loss: 1.1928
2021-06-18 05:50:58,780 - mmcls - INFO - Epoch [26][300/391]	lr: 1.000e-01, eta: 3:35:18, time: 0.412, data_time: 0.004, memory: 3436, loss: 1.1987
2021-06-18 05:51:53,833 - mmcls - INFO - Saving checkpoint at 26 epochs
2021-06-18 05:51:55,811 - mmcls - INFO - Epoch(val) [26][79]	accuracy_top-1: 54.0900, accuracy_top-5: 83.5800
2021-06-18 05:52:43,851 - mmcls - INFO - Epoch [27][100/391]	lr: 1.000e-01, eta: 3:33:03, time: 0.478, data_time: 0.024, memory: 3436, loss: 1.1437
2021-06-18 05:53:29,635 - mmcls - INFO - Epoch [27][200/391]	lr: 1.000e-01, eta: 3:33:07, time: 0.458, data_time: 0.004, memory: 3436, loss: 1.1877
2021-06-18 05:54:11,023 - mmcls - INFO - Epoch [27][300/391]	lr: 1.000e-01, eta: 3:32:54, time: 0.414, data_time: 0.004, memory: 3436, loss: 1.1732
2021-06-18 05:55:06,064 - mmcls - INFO - Saving checkpoint at 27 epochs
2021-06-18 05:55:08,040 - mmcls - INFO - Epoch(val) [27][79]	accuracy_top-1: 55.4700, accuracy_top-5: 84.6200
2021-06-18 05:55:55,931 - mmcls - INFO - Epoch [28][100/391]	lr: 1.000e-01, eta: 3:30:41, time: 0.477, data_time: 0.024, memory: 3436, loss: 1.1145
2021-06-18 05:56:36,987 - mmcls - INFO - Epoch [28][200/391]	lr: 1.000e-01, eta: 3:30:27, time: 0.411, data_time: 0.004, memory: 3436, loss: 1.1603
2021-06-18 05:57:22,579 - mmcls - INFO - Epoch [28][300/391]	lr: 1.000e-01, eta: 3:30:28, time: 0.456, data_time: 0.004, memory: 3436, loss: 1.1692
2021-06-18 05:58:17,396 - mmcls - INFO - Saving checkpoint at 28 epochs
2021-06-18 05:58:19,381 - mmcls - INFO - Epoch(val) [28][79]	accuracy_top-1: 55.1500, accuracy_top-5: 83.6900
2021-06-18 05:59:07,587 - mmcls - INFO - Epoch [29][100/391]	lr: 1.000e-01, eta: 3:28:20, time: 0.480, data_time: 0.024, memory: 3436, loss: 1.1107
2021-06-18 05:59:45,769 - mmcls - INFO - Epoch [29][200/391]	lr: 1.000e-01, eta: 3:27:55, time: 0.382, data_time: 0.004, memory: 3436, loss: 1.1532
2021-06-18 06:00:31,299 - mmcls - INFO - Epoch [29][300/391]	lr: 1.000e-01, eta: 3:27:54, time: 0.455, data_time: 0.004, memory: 3436, loss: 1.1766
2021-06-18 06:01:26,135 - mmcls - INFO - Saving checkpoint at 29 epochs
2021-06-18 06:01:28,107 - mmcls - INFO - Epoch(val) [29][79]	accuracy_top-1: 56.0300, accuracy_top-5: 83.9900
2021-06-18 06:02:15,995 - mmcls - INFO - Epoch [30][100/391]	lr: 1.000e-01, eta: 3:25:48, time: 0.477, data_time: 0.024, memory: 3436, loss: 1.0837
2021-06-18 06:02:56,820 - mmcls - INFO - Epoch [30][200/391]	lr: 1.000e-01, eta: 3:25:32, time: 0.408, data_time: 0.004, memory: 3436, loss: 1.1739
2021-06-18 06:03:42,494 - mmcls - INFO - Epoch [30][300/391]	lr: 1.000e-01, eta: 3:25:30, time: 0.457, data_time: 0.004, memory: 3436, loss: 1.1764
2021-06-18 06:04:37,409 - mmcls - INFO - Saving checkpoint at 30 epochs
2021-06-18 06:04:39,393 - mmcls - INFO - Epoch(val) [30][79]	accuracy_top-1: 57.2500, accuracy_top-5: 85.0200
2021-06-18 06:05:27,462 - mmcls - INFO - Epoch [31][100/391]	lr: 1.000e-01, eta: 3:23:27, time: 0.479, data_time: 0.024, memory: 3436, loss: 1.0983
2021-06-18 06:06:08,599 - mmcls - INFO - Epoch [31][200/391]	lr: 1.000e-01, eta: 3:23:11, time: 0.411, data_time: 0.004, memory: 3436, loss: 1.1460
2021-06-18 06:06:54,348 - mmcls - INFO - Epoch [31][300/391]	lr: 1.000e-01, eta: 3:23:08, time: 0.458, data_time: 0.004, memory: 3436, loss: 1.1611
2021-06-18 06:07:49,295 - mmcls - INFO - Saving checkpoint at 31 epochs
2021-06-18 06:07:51,307 - mmcls - INFO - Epoch(val) [31][79]	accuracy_top-1: 56.8800, accuracy_top-5: 85.7800
2021-06-18 06:08:34,555 - mmcls - INFO - Epoch [32][100/391]	lr: 1.000e-01, eta: 3:20:54, time: 0.430, data_time: 0.024, memory: 3436, loss: 1.0711
2021-06-18 06:09:20,337 - mmcls - INFO - Epoch [32][200/391]	lr: 1.000e-01, eta: 3:20:50, time: 0.458, data_time: 0.004, memory: 3436, loss: 1.1143
2021-06-18 06:10:06,029 - mmcls - INFO - Epoch [32][300/391]	lr: 1.000e-01, eta: 3:20:45, time: 0.457, data_time: 0.004, memory: 3436, loss: 1.1957
2021-06-18 06:11:00,967 - mmcls - INFO - Saving checkpoint at 32 epochs
2021-06-18 06:11:02,938 - mmcls - INFO - Epoch(val) [32][79]	accuracy_top-1: 54.4800, accuracy_top-5: 83.6400
2021-06-18 06:11:46,398 - mmcls - INFO - Epoch [33][100/391]	lr: 1.000e-01, eta: 3:18:35, time: 0.432, data_time: 0.024, memory: 3436, loss: 1.0582
2021-06-18 06:12:32,203 - mmcls - INFO - Epoch [33][200/391]	lr: 1.000e-01, eta: 3:18:30, time: 0.458, data_time: 0.004, memory: 3436, loss: 1.1182
2021-06-18 06:13:17,967 - mmcls - INFO - Epoch [33][300/391]	lr: 1.000e-01, eta: 3:18:24, time: 0.458, data_time: 0.004, memory: 3436, loss: 1.1733
2021-06-18 06:14:12,753 - mmcls - INFO - Saving checkpoint at 33 epochs
2021-06-18 06:14:14,754 - mmcls - INFO - Epoch(val) [33][79]	accuracy_top-1: 54.0000, accuracy_top-5: 83.3800
2021-06-18 06:14:55,569 - mmcls - INFO - Epoch [34][100/391]	lr: 1.000e-01, eta: 3:16:09, time: 0.406, data_time: 0.024, memory: 3436, loss: 1.0989
2021-06-18 06:15:41,208 - mmcls - INFO - Epoch [34][200/391]	lr: 1.000e-01, eta: 3:16:03, time: 0.456, data_time: 0.004, memory: 3436, loss: 1.1217
2021-06-18 06:16:26,995 - mmcls - INFO - Epoch [34][300/391]	lr: 1.000e-01, eta: 3:15:56, time: 0.458, data_time: 0.004, memory: 3436, loss: 1.1482
2021-06-18 06:17:21,677 - mmcls - INFO - Saving checkpoint at 34 epochs
2021-06-18 06:17:23,674 - mmcls - INFO - Epoch(val) [34][79]	accuracy_top-1: 57.3400, accuracy_top-5: 85.4100
2021-06-18 06:18:07,637 - mmcls - INFO - Epoch [35][100/391]	lr: 1.000e-01, eta: 3:13:52, time: 0.437, data_time: 0.024, memory: 3436, loss: 1.0599
2021-06-18 06:18:53,418 - mmcls - INFO - Epoch [35][200/391]	lr: 1.000e-01, eta: 3:13:45, time: 0.458, data_time: 0.004, memory: 3436, loss: 1.1339
2021-06-18 06:19:39,025 - mmcls - INFO - Epoch [35][300/391]	lr: 1.000e-01, eta: 3:13:37, time: 0.456, data_time: 0.004, memory: 3436, loss: 1.1628
2021-06-18 06:20:33,651 - mmcls - INFO - Saving checkpoint at 35 epochs
2021-06-18 06:20:35,641 - mmcls - INFO - Epoch(val) [35][79]	accuracy_top-1: 58.7200, accuracy_top-5: 85.8600
2021-06-18 06:21:23,816 - mmcls - INFO - Epoch [36][100/391]	lr: 1.000e-01, eta: 3:11:46, time: 0.480, data_time: 0.024, memory: 3436, loss: 1.0673
2021-06-18 06:22:09,560 - mmcls - INFO - Epoch [36][200/391]	lr: 1.000e-01, eta: 3:11:37, time: 0.457, data_time: 0.004, memory: 3436, loss: 1.1216
2021-06-18 06:22:55,224 - mmcls - INFO - Epoch [36][300/391]	lr: 1.000e-01, eta: 3:11:28, time: 0.457, data_time: 0.004, memory: 3436, loss: 1.1427
2021-06-18 06:23:45,215 - mmcls - INFO - Saving checkpoint at 36 epochs
2021-06-18 06:23:47,181 - mmcls - INFO - Epoch(val) [36][79]	accuracy_top-1: 56.2600, accuracy_top-5: 85.1400
2021-06-18 06:24:35,255 - mmcls - INFO - Epoch [37][100/391]	lr: 1.000e-01, eta: 3:09:38, time: 0.478, data_time: 0.024, memory: 3436, loss: 1.0643
2021-06-18 06:25:20,939 - mmcls - INFO - Epoch [37][200/391]	lr: 1.000e-01, eta: 3:09:28, time: 0.457, data_time: 0.004, memory: 3436, loss: 1.0961
2021-06-18 06:26:06,679 - mmcls - INFO - Epoch [37][300/391]	lr: 1.000e-01, eta: 3:09:18, time: 0.457, data_time: 0.004, memory: 3436, loss: 1.1304
2021-06-18 06:26:57,075 - mmcls - INFO - Saving checkpoint at 37 epochs
2021-06-18 06:26:59,028 - mmcls - INFO - Epoch(val) [37][79]	accuracy_top-1: 56.1600, accuracy_top-5: 84.5500
2021-06-18 06:27:47,091 - mmcls - INFO - Epoch [38][100/391]	lr: 1.000e-01, eta: 3:07:30, time: 0.478, data_time: 0.024, memory: 3436, loss: 1.0524
2021-06-18 06:28:32,826 - mmcls - INFO - Epoch [38][200/391]	lr: 1.000e-01, eta: 3:07:19, time: 0.457, data_time: 0.004, memory: 3436, loss: 1.0952
2021-06-18 06:29:17,483 - mmcls - INFO - Epoch [38][300/391]	lr: 1.000e-01, eta: 3:07:06, time: 0.447, data_time: 0.004, memory: 3436, loss: 1.1181
2021-06-18 06:30:05,934 - mmcls - INFO - Saving checkpoint at 38 epochs
2021-06-18 06:30:07,897 - mmcls - INFO - Epoch(val) [38][79]	accuracy_top-1: 56.9800, accuracy_top-5: 85.7200
2021-06-18 06:30:56,105 - mmcls - INFO - Epoch [39][100/391]	lr: 1.000e-01, eta: 3:05:19, time: 0.480, data_time: 0.024, memory: 3436, loss: 1.0500
2021-06-18 06:31:41,905 - mmcls - INFO - Epoch [39][200/391]	lr: 1.000e-01, eta: 3:05:07, time: 0.458, data_time: 0.004, memory: 3436, loss: 1.0941
2021-06-18 06:32:24,382 - mmcls - INFO - Epoch [39][300/391]	lr: 1.000e-01, eta: 3:04:49, time: 0.426, data_time: 0.004, memory: 3436, loss: 1.1211
2021-06-18 06:33:18,527 - mmcls - INFO - Saving checkpoint at 39 epochs
2021-06-18 06:33:20,520 - mmcls - INFO - Epoch(val) [39][79]	accuracy_top-1: 54.8000, accuracy_top-5: 83.8800
2021-06-18 06:34:08,488 - mmcls - INFO - Epoch [40][100/391]	lr: 1.000e-01, eta: 3:03:03, time: 0.478, data_time: 0.024, memory: 3436, loss: 1.0584
2021-06-18 06:34:54,262 - mmcls - INFO - Epoch [40][200/391]	lr: 1.000e-01, eta: 3:02:51, time: 0.458, data_time: 0.004, memory: 3436, loss: 1.0870
2021-06-18 06:35:35,441 - mmcls - INFO - Epoch [40][300/391]	lr: 1.000e-01, eta: 3:02:29, time: 0.412, data_time: 0.005, memory: 3436, loss: 1.1442
2021-06-18 06:36:31,264 - mmcls - INFO - Saving checkpoint at 40 epochs
2021-06-18 06:36:33,249 - mmcls - INFO - Epoch(val) [40][79]	accuracy_top-1: 55.7700, accuracy_top-5: 84.7800
2021-06-18 06:37:21,026 - mmcls - INFO - Epoch [41][100/391]	lr: 1.000e-02, eta: 3:00:44, time: 0.476, data_time: 0.024, memory: 3436, loss: 0.7771
2021-06-18 06:38:07,031 - mmcls - INFO - Epoch [41][200/391]	lr: 1.000e-02, eta: 3:00:31, time: 0.460, data_time: 0.004, memory: 3436, loss: 0.6439
2021-06-18 06:38:48,251 - mmcls - INFO - Epoch [41][300/391]	lr: 1.000e-02, eta: 3:00:09, time: 0.412, data_time: 0.004, memory: 3436, loss: 0.5882
2021-06-18 06:39:43,666 - mmcls - INFO - Saving checkpoint at 41 epochs
2021-06-18 06:39:45,643 - mmcls - INFO - Epoch(val) [41][79]	accuracy_top-1: 74.7600, accuracy_top-5: 94.5100
2021-06-18 06:40:33,779 - mmcls - INFO - Epoch [42][100/391]	lr: 1.000e-02, eta: 2:58:26, time: 0.479, data_time: 0.024, memory: 3436, loss: 0.5042
2021-06-18 06:41:14,852 - mmcls - INFO - Epoch [42][200/391]	lr: 1.000e-02, eta: 2:58:04, time: 0.411, data_time: 0.004, memory: 3436, loss: 0.4946
2021-06-18 06:42:00,526 - mmcls - INFO - Epoch [42][300/391]	lr: 1.000e-02, eta: 2:57:49, time: 0.457, data_time: 0.004, memory: 3436, loss: 0.5012
2021-06-18 06:42:56,498 - mmcls - INFO - Saving checkpoint at 42 epochs
2021-06-18 06:42:58,462 - mmcls - INFO - Epoch(val) [42][79]	accuracy_top-1: 75.6100, accuracy_top-5: 94.9200
2021-06-18 06:43:45,796 - mmcls - INFO - Epoch [43][100/391]	lr: 1.000e-02, eta: 2:56:07, time: 0.471, data_time: 0.024, memory: 3436, loss: 0.4382
2021-06-18 06:44:20,111 - mmcls - INFO - Epoch [43][200/391]	lr: 1.000e-02, eta: 2:55:31, time: 0.343, data_time: 0.011, memory: 3436, loss: 0.4338
2021-06-18 06:45:05,761 - mmcls - INFO - Epoch [43][300/391]	lr: 1.000e-02, eta: 2:55:16, time: 0.457, data_time: 0.009, memory: 3436, loss: 0.4259
2021-06-18 06:46:09,768 - mmcls - INFO - Saving checkpoint at 43 epochs
2021-06-18 06:46:11,748 - mmcls - INFO - Epoch(val) [43][79]	accuracy_top-1: 75.9300, accuracy_top-5: 94.8800
2021-06-18 06:46:58,911 - mmcls - INFO - Epoch [44][100/391]	lr: 1.000e-02, eta: 2:53:35, time: 0.469, data_time: 0.024, memory: 3436, loss: 0.3815
2021-06-18 06:47:40,123 - mmcls - INFO - Epoch [44][200/391]	lr: 1.000e-02, eta: 2:53:11, time: 0.412, data_time: 0.004, memory: 3436, loss: 0.3807
2021-06-18 06:48:25,954 - mmcls - INFO - Epoch [44][300/391]	lr: 1.000e-02, eta: 2:52:56, time: 0.458, data_time: 0.004, memory: 3436, loss: 0.3953
2021-06-18 06:49:20,832 - mmcls - INFO - Saving checkpoint at 44 epochs
2021-06-18 06:49:22,788 - mmcls - INFO - Epoch(val) [44][79]	accuracy_top-1: 75.7500, accuracy_top-5: 94.6100
2021-06-18 06:50:06,163 - mmcls - INFO - Epoch [45][100/391]	lr: 1.000e-02, eta: 2:51:10, time: 0.432, data_time: 0.024, memory: 3436, loss: 0.3404
2021-06-18 06:50:51,967 - mmcls - INFO - Epoch [45][200/391]	lr: 1.000e-02, eta: 2:50:54, time: 0.458, data_time: 0.004, memory: 3436, loss: 0.3485
2021-06-18 06:51:37,768 - mmcls - INFO - Epoch [45][300/391]	lr: 1.000e-02, eta: 2:50:38, time: 0.458, data_time: 0.004, memory: 3436, loss: 0.3359
2021-06-18 06:52:32,620 - mmcls - INFO - Saving checkpoint at 45 epochs
2021-06-18 06:52:34,594 - mmcls - INFO - Epoch(val) [45][79]	accuracy_top-1: 76.2000, accuracy_top-5: 94.8900
2021-06-18 06:53:17,743 - mmcls - INFO - Epoch [46][100/391]	lr: 1.000e-02, eta: 2:48:52, time: 0.429, data_time: 0.024, memory: 3436, loss: 0.2941
2021-06-18 06:54:03,357 - mmcls - INFO - Epoch [46][200/391]	lr: 1.000e-02, eta: 2:48:35, time: 0.456, data_time: 0.004, memory: 3436, loss: 0.3115
2021-06-18 06:54:48,904 - mmcls - INFO - Epoch [46][300/391]	lr: 1.000e-02, eta: 2:48:18, time: 0.455, data_time: 0.004, memory: 3436, loss: 0.3197
2021-06-18 06:55:45,803 - mmcls - INFO - Saving checkpoint at 46 epochs
2021-06-18 06:55:47,762 - mmcls - INFO - Epoch(val) [46][79]	accuracy_top-1: 76.1800, accuracy_top-5: 94.7200
2021-06-18 06:56:32,671 - mmcls - INFO - Epoch [47][100/391]	lr: 1.000e-02, eta: 2:46:37, time: 0.447, data_time: 0.024, memory: 3436, loss: 0.2700
2021-06-18 06:57:18,479 - mmcls - INFO - Epoch [47][200/391]	lr: 1.000e-02, eta: 2:46:20, time: 0.458, data_time: 0.004, memory: 3436, loss: 0.2773
2021-06-18 06:58:03,939 - mmcls - INFO - Epoch [47][300/391]	lr: 1.000e-02, eta: 2:46:02, time: 0.455, data_time: 0.004, memory: 3436, loss: 0.2834
2021-06-18 06:58:57,805 - mmcls - INFO - Saving checkpoint at 47 epochs
2021-06-18 06:58:59,768 - mmcls - INFO - Epoch(val) [47][79]	accuracy_top-1: 75.6700, accuracy_top-5: 94.6600
2021-06-18 06:59:42,653 - mmcls - INFO - Epoch [48][100/391]	lr: 1.000e-02, eta: 2:44:19, time: 0.427, data_time: 0.024, memory: 3436, loss: 0.2318
2021-06-18 07:00:28,194 - mmcls - INFO - Epoch [48][200/391]	lr: 1.000e-02, eta: 2:44:01, time: 0.455, data_time: 0.004, memory: 3436, loss: 0.2505
2021-06-18 07:01:13,984 - mmcls - INFO - Epoch [48][300/391]	lr: 1.000e-02, eta: 2:43:43, time: 0.458, data_time: 0.004, memory: 3436, loss: 0.2643
2021-06-18 07:02:15,973 - mmcls - INFO - Saving checkpoint at 48 epochs
2021-06-18 07:02:17,976 - mmcls - INFO - Epoch(val) [48][79]	accuracy_top-1: 75.9300, accuracy_top-5: 94.5300
2021-06-18 07:03:06,011 - mmcls - INFO - Epoch [49][100/391]	lr: 1.000e-02, eta: 2:42:09, time: 0.478, data_time: 0.025, memory: 3436, loss: 0.2219
2021-06-18 07:03:52,111 - mmcls - INFO - Epoch [49][200/391]	lr: 1.000e-02, eta: 2:41:51, time: 0.461, data_time: 0.004, memory: 3436, loss: 0.2287
2021-06-18 07:04:37,866 - mmcls - INFO - Epoch [49][300/391]	lr: 1.000e-02, eta: 2:41:32, time: 0.458, data_time: 0.004, memory: 3436, loss: 0.2371
2021-06-18 07:05:27,949 - mmcls - INFO - Saving checkpoint at 49 epochs
2021-06-18 07:05:29,923 - mmcls - INFO - Epoch(val) [49][79]	accuracy_top-1: 75.9100, accuracy_top-5: 94.3500
2021-06-18 07:06:17,730 - mmcls - INFO - Epoch [50][100/391]	lr: 1.000e-02, eta: 2:39:59, time: 0.476, data_time: 0.024, memory: 3436, loss: 0.2001
2021-06-18 07:07:03,379 - mmcls - INFO - Epoch [50][200/391]	lr: 1.000e-02, eta: 2:39:40, time: 0.456, data_time: 0.004, memory: 3436, loss: 0.2165
2021-06-18 07:07:49,143 - mmcls - INFO - Epoch [50][300/391]	lr: 1.000e-02, eta: 2:39:20, time: 0.458, data_time: 0.004, memory: 3436, loss: 0.2189
2021-06-18 07:08:39,191 - mmcls - INFO - Saving checkpoint at 50 epochs
2021-06-18 07:08:41,164 - mmcls - INFO - Epoch(val) [50][79]	accuracy_top-1: 75.4600, accuracy_top-5: 94.3800
2021-06-18 07:09:29,074 - mmcls - INFO - Epoch [51][100/391]	lr: 1.000e-02, eta: 2:37:48, time: 0.477, data_time: 0.024, memory: 3436, loss: 0.1846
2021-06-18 07:10:14,680 - mmcls - INFO - Epoch [51][200/391]	lr: 1.000e-02, eta: 2:37:28, time: 0.456, data_time: 0.004, memory: 3436, loss: 0.1907
2021-06-18 07:10:55,654 - mmcls - INFO - Epoch [51][300/391]	lr: 1.000e-02, eta: 2:37:02, time: 0.410, data_time: 0.004, memory: 3436, loss: 0.2010
2021-06-18 07:11:54,698 - mmcls - INFO - Saving checkpoint at 51 epochs
2021-06-18 07:11:56,708 - mmcls - INFO - Epoch(val) [51][79]	accuracy_top-1: 75.7900, accuracy_top-5: 94.1000
2021-06-18 07:12:44,805 - mmcls - INFO - Epoch [52][100/391]	lr: 1.000e-02, eta: 2:35:30, time: 0.479, data_time: 0.024, memory: 3436, loss: 0.1708
2021-06-18 07:13:30,359 - mmcls - INFO - Epoch [52][200/391]	lr: 1.000e-02, eta: 2:35:10, time: 0.455, data_time: 0.004, memory: 3436, loss: 0.1778
2021-06-18 07:14:07,210 - mmcls - INFO - Epoch [52][300/391]	lr: 1.000e-02, eta: 2:34:38, time: 0.369, data_time: 0.004, memory: 3436, loss: 0.1859
2021-06-18 07:15:02,079 - mmcls - INFO - Saving checkpoint at 52 epochs
2021-06-18 07:15:04,091 - mmcls - INFO - Epoch(val) [52][79]	accuracy_top-1: 75.0900, accuracy_top-5: 94.1900
2021-06-18 07:15:51,911 - mmcls - INFO - Epoch [53][100/391]	lr: 1.000e-02, eta: 2:33:07, time: 0.476, data_time: 0.024, memory: 3436, loss: 0.1594
2021-06-18 07:16:37,707 - mmcls - INFO - Epoch [53][200/391]	lr: 1.000e-02, eta: 2:32:47, time: 0.458, data_time: 0.004, memory: 3436, loss: 0.1607
2021-06-18 07:17:18,551 - mmcls - INFO - Epoch [53][300/391]	lr: 1.000e-02, eta: 2:32:20, time: 0.409, data_time: 0.005, memory: 3436, loss: 0.1700
2021-06-18 07:18:13,093 - mmcls - INFO - Saving checkpoint at 53 epochs
2021-06-18 07:18:15,091 - mmcls - INFO - Epoch(val) [53][79]	accuracy_top-1: 75.3200, accuracy_top-5: 93.9600
2021-06-18 07:19:03,324 - mmcls - INFO - Epoch [54][100/391]	lr: 1.000e-02, eta: 2:30:50, time: 0.480, data_time: 0.024, memory: 3436, loss: 0.1520
2021-06-18 07:19:45,530 - mmcls - INFO - Epoch [54][200/391]	lr: 1.000e-02, eta: 2:30:25, time: 0.423, data_time: 0.004, memory: 3436, loss: 0.1485
2021-06-18 07:20:29,987 - mmcls - INFO - Epoch [54][300/391]	lr: 1.000e-02, eta: 2:30:02, time: 0.443, data_time: 0.003, memory: 3436, loss: 0.1641
2021-06-18 07:21:24,494 - mmcls - INFO - Saving checkpoint at 54 epochs
2021-06-18 07:21:26,513 - mmcls - INFO - Epoch(val) [54][79]	accuracy_top-1: 74.7200, accuracy_top-5: 93.9700
2021-06-18 07:22:14,706 - mmcls - INFO - Epoch [55][100/391]	lr: 1.000e-02, eta: 2:28:34, time: 0.480, data_time: 0.024, memory: 3436, loss: 0.1356
2021-06-18 07:22:55,858 - mmcls - INFO - Epoch [55][200/391]	lr: 1.000e-02, eta: 2:28:07, time: 0.411, data_time: 0.004, memory: 3436, loss: 0.1550
2021-06-18 07:23:41,764 - mmcls - INFO - Epoch [55][300/391]	lr: 1.000e-02, eta: 2:27:45, time: 0.459, data_time: 0.004, memory: 3436, loss: 0.1574
2021-06-18 07:24:36,117 - mmcls - INFO - Saving checkpoint at 55 epochs
2021-06-18 07:24:38,074 - mmcls - INFO - Epoch(val) [55][79]	accuracy_top-1: 75.4000, accuracy_top-5: 94.1800
2021-06-18 07:25:26,249 - mmcls - INFO - Epoch [56][100/391]	lr: 1.000e-02, eta: 2:26:17, time: 0.480, data_time: 0.024, memory: 3436, loss: 0.1325
2021-06-18 07:26:07,197 - mmcls - INFO - Epoch [56][200/391]	lr: 1.000e-02, eta: 2:25:50, time: 0.409, data_time: 0.004, memory: 3436, loss: 0.1301
2021-06-18 07:26:52,996 - mmcls - INFO - Epoch [56][300/391]	lr: 1.000e-02, eta: 2:25:28, time: 0.458, data_time: 0.004, memory: 3436, loss: 0.1489
2021-06-18 07:27:47,461 - mmcls - INFO - Saving checkpoint at 56 epochs
2021-06-18 07:27:49,427 - mmcls - INFO - Epoch(val) [56][79]	accuracy_top-1: 74.9400, accuracy_top-5: 93.8600
2021-06-18 07:28:35,893 - mmcls - INFO - Epoch [57][100/391]	lr: 1.000e-02, eta: 2:23:59, time: 0.463, data_time: 0.024, memory: 3436, loss: 0.1261
2021-06-18 07:29:15,290 - mmcls - INFO - Epoch [57][200/391]	lr: 1.000e-02, eta: 2:23:29, time: 0.394, data_time: 0.004, memory: 3436, loss: 0.1365
2021-06-18 07:30:00,907 - mmcls - INFO - Epoch [57][300/391]	lr: 1.000e-02, eta: 2:23:07, time: 0.456, data_time: 0.004, memory: 3436, loss: 0.1586
2021-06-18 07:30:55,334 - mmcls - INFO - Saving checkpoint at 57 epochs
2021-06-18 07:30:57,302 - mmcls - INFO - Epoch(val) [57][79]	accuracy_top-1: 74.4300, accuracy_top-5: 93.4200
2021-06-18 07:31:41,990 - mmcls - INFO - Epoch [58][100/391]	lr: 1.000e-02, eta: 2:21:37, time: 0.446, data_time: 0.024, memory: 3436, loss: 0.1267
2021-06-18 07:32:26,885 - mmcls - INFO - Epoch [58][200/391]	lr: 1.000e-02, eta: 2:21:13, time: 0.448, data_time: 0.003, memory: 3436, loss: 0.1361
2021-06-18 07:33:12,720 - mmcls - INFO - Epoch [58][300/391]	lr: 1.000e-02, eta: 2:20:50, time: 0.459, data_time: 0.004, memory: 3436, loss: 0.1552
2021-06-18 07:34:07,287 - mmcls - INFO - Saving checkpoint at 58 epochs
2021-06-18 07:34:09,275 - mmcls - INFO - Epoch(val) [58][79]	accuracy_top-1: 75.0500, accuracy_top-5: 93.4200
2021-06-18 07:34:52,782 - mmcls - INFO - Epoch [59][100/391]	lr: 1.000e-02, eta: 2:19:20, time: 0.433, data_time: 0.024, memory: 3436, loss: 0.1152
2021-06-18 07:35:38,771 - mmcls - INFO - Epoch [59][200/391]	lr: 1.000e-02, eta: 2:18:57, time: 0.460, data_time: 0.004, memory: 3436, loss: 0.1352
2021-06-18 07:36:24,904 - mmcls - INFO - Epoch [59][300/391]	lr: 1.000e-02, eta: 2:18:34, time: 0.461, data_time: 0.004, memory: 3436, loss: 0.1477
2021-06-18 07:37:19,722 - mmcls - INFO - Saving checkpoint at 59 epochs
2021-06-18 07:37:21,714 - mmcls - INFO - Epoch(val) [59][79]	accuracy_top-1: 73.8900, accuracy_top-5: 93.4700
2021-06-18 07:38:04,799 - mmcls - INFO - Epoch [60][100/391]	lr: 1.000e-02, eta: 2:17:04, time: 0.429, data_time: 0.024, memory: 3436, loss: 0.1283
2021-06-18 07:38:50,333 - mmcls - INFO - Epoch [60][200/391]	lr: 1.000e-02, eta: 2:16:40, time: 0.455, data_time: 0.004, memory: 3436, loss: 0.1290
2021-06-18 07:39:36,032 - mmcls - INFO - Epoch [60][300/391]	lr: 1.000e-02, eta: 2:16:17, time: 0.457, data_time: 0.004, memory: 3436, loss: 0.1359
2021-06-18 07:40:30,570 - mmcls - INFO - Saving checkpoint at 60 epochs
2021-06-18 07:40:34,140 - mmcls - INFO - Epoch(val) [60][79]	accuracy_top-1: 73.7800, accuracy_top-5: 93.3300
2021-06-18 07:41:22,318 - mmcls - INFO - Epoch [61][100/391]	lr: 1.000e-02, eta: 2:14:52, time: 0.480, data_time: 0.025, memory: 3436, loss: 0.1247
2021-06-18 07:42:08,154 - mmcls - INFO - Epoch [61][200/391]	lr: 1.000e-02, eta: 2:14:29, time: 0.458, data_time: 0.004, memory: 3436, loss: 0.1349
2021-06-18 07:42:54,320 - mmcls - INFO - Epoch [61][300/391]	lr: 1.000e-02, eta: 2:14:05, time: 0.462, data_time: 0.004, memory: 3436, loss: 0.1332
2021-06-18 07:43:46,974 - mmcls - INFO - Saving checkpoint at 61 epochs
2021-06-18 07:43:50,442 - mmcls - INFO - Epoch(val) [61][79]	accuracy_top-1: 73.9100, accuracy_top-5: 93.0300
2021-06-18 07:44:38,521 - mmcls - INFO - Epoch [62][100/391]	lr: 1.000e-02, eta: 2:12:41, time: 0.479, data_time: 0.025, memory: 3436, loss: 0.1214
2021-06-18 07:45:24,302 - mmcls - INFO - Epoch [62][200/391]	lr: 1.000e-02, eta: 2:12:17, time: 0.458, data_time: 0.004, memory: 3436, loss: 0.1356
2021-06-18 07:46:10,086 - mmcls - INFO - Epoch [62][300/391]	lr: 1.000e-02, eta: 2:11:53, time: 0.458, data_time: 0.004, memory: 3436, loss: 0.1461
2021-06-18 07:47:04,770 - mmcls - INFO - Saving checkpoint at 62 epochs
2021-06-18 07:47:06,741 - mmcls - INFO - Epoch(val) [62][79]	accuracy_top-1: 74.1000, accuracy_top-5: 93.2600
2021-06-18 07:47:54,447 - mmcls - INFO - Epoch [63][100/391]	lr: 1.000e-02, eta: 2:10:29, time: 0.475, data_time: 0.024, memory: 3436, loss: 0.1221
2021-06-18 07:48:40,001 - mmcls - INFO - Epoch [63][200/391]	lr: 1.000e-02, eta: 2:10:04, time: 0.455, data_time: 0.004, memory: 3436, loss: 0.1343
2021-06-18 07:49:25,512 - mmcls - INFO - Epoch [63][300/391]	lr: 1.000e-02, eta: 2:09:39, time: 0.455, data_time: 0.004, memory: 3436, loss: 0.1332
2021-06-18 07:50:15,358 - mmcls - INFO - Saving checkpoint at 63 epochs
2021-06-18 07:50:17,317 - mmcls - INFO - Epoch(val) [63][79]	accuracy_top-1: 72.8000, accuracy_top-5: 92.9500
2021-06-18 07:51:05,273 - mmcls - INFO - Epoch [64][100/391]	lr: 1.000e-02, eta: 2:08:16, time: 0.477, data_time: 0.024, memory: 3436, loss: 0.1158
2021-06-18 07:51:51,083 - mmcls - INFO - Epoch [64][200/391]	lr: 1.000e-02, eta: 2:07:51, time: 0.458, data_time: 0.004, memory: 3436, loss: 0.1250
2021-06-18 07:52:36,833 - mmcls - INFO - Epoch [64][300/391]	lr: 1.000e-02, eta: 2:07:26, time: 0.458, data_time: 0.005, memory: 3436, loss: 0.1268
2021-06-18 07:53:27,015 - mmcls - INFO - Saving checkpoint at 64 epochs
2021-06-18 07:53:28,989 - mmcls - INFO - Epoch(val) [64][79]	accuracy_top-1: 74.2500, accuracy_top-5: 92.9000
2021-06-18 07:54:16,794 - mmcls - INFO - Epoch [65][100/391]	lr: 1.000e-02, eta: 2:06:03, time: 0.476, data_time: 0.025, memory: 3436, loss: 0.1269
2021-06-18 07:55:02,453 - mmcls - INFO - Epoch [65][200/391]	lr: 1.000e-02, eta: 2:05:38, time: 0.457, data_time: 0.004, memory: 3436, loss: 0.1299
2021-06-18 07:55:43,390 - mmcls - INFO - Epoch [65][300/391]	lr: 1.000e-02, eta: 2:05:09, time: 0.410, data_time: 0.004, memory: 3436, loss: 0.1594
2021-06-18 07:56:38,285 - mmcls - INFO - Saving checkpoint at 65 epochs
2021-06-18 07:56:40,258 - mmcls - INFO - Epoch(val) [65][79]	accuracy_top-1: 74.4800, accuracy_top-5: 93.3800
2021-06-18 07:57:28,330 - mmcls - INFO - Epoch [66][100/391]	lr: 1.000e-02, eta: 2:03:47, time: 0.479, data_time: 0.024, memory: 3436, loss: 0.1123
2021-06-18 07:58:13,848 - mmcls - INFO - Epoch [66][200/391]	lr: 1.000e-02, eta: 2:03:21, time: 0.455, data_time: 0.004, memory: 3436, loss: 0.1197
2021-06-18 07:58:51,959 - mmcls - INFO - Epoch [66][300/391]	lr: 1.000e-02, eta: 2:02:49, time: 0.382, data_time: 0.004, memory: 3436, loss: 0.1354
2021-06-18 07:59:46,570 - mmcls - INFO - Saving checkpoint at 66 epochs
2021-06-18 07:59:48,526 - mmcls - INFO - Epoch(val) [66][79]	accuracy_top-1: 74.7200, accuracy_top-5: 93.6300
2021-06-18 08:00:36,289 - mmcls - INFO - Epoch [67][100/391]	lr: 1.000e-02, eta: 2:01:28, time: 0.475, data_time: 0.024, memory: 3436, loss: 0.1197
2021-06-18 08:01:21,860 - mmcls - INFO - Epoch [67][200/391]	lr: 1.000e-02, eta: 2:01:02, time: 0.456, data_time: 0.004, memory: 3436, loss: 0.1400
2021-06-18 08:02:02,852 - mmcls - INFO - Epoch [67][300/391]	lr: 1.000e-02, eta: 2:00:32, time: 0.410, data_time: 0.004, memory: 3436, loss: 0.1514
2021-06-18 08:02:57,414 - mmcls - INFO - Saving checkpoint at 67 epochs
2021-06-18 08:02:59,399 - mmcls - INFO - Epoch(val) [67][79]	accuracy_top-1: 73.6400, accuracy_top-5: 92.9000
2021-06-18 08:03:47,241 - mmcls - INFO - Epoch [68][100/391]	lr: 1.000e-02, eta: 1:59:11, time: 0.476, data_time: 0.024, memory: 3436, loss: 0.1243
2021-06-18 08:04:32,794 - mmcls - INFO - Epoch [68][200/391]	lr: 1.000e-02, eta: 1:58:45, time: 0.456, data_time: 0.004, memory: 3436, loss: 0.1348
2021-06-18 08:05:13,714 - mmcls - INFO - Epoch [68][300/391]	lr: 1.000e-02, eta: 1:58:15, time: 0.409, data_time: 0.004, memory: 3436, loss: 0.1542
2021-06-18 08:06:08,631 - mmcls - INFO - Saving checkpoint at 68 epochs
2021-06-18 08:06:10,588 - mmcls - INFO - Epoch(val) [68][79]	accuracy_top-1: 73.2800, accuracy_top-5: 93.0900
2021-06-18 08:06:58,401 - mmcls - INFO - Epoch [69][100/391]	lr: 1.000e-02, eta: 1:56:54, time: 0.476, data_time: 0.024, memory: 3436, loss: 0.1226
2021-06-18 08:07:39,360 - mmcls - INFO - Epoch [69][200/391]	lr: 1.000e-02, eta: 1:56:24, time: 0.410, data_time: 0.004, memory: 3436, loss: 0.1259
2021-06-18 08:08:24,904 - mmcls - INFO - Epoch [69][300/391]	lr: 1.000e-02, eta: 1:55:58, time: 0.455, data_time: 0.004, memory: 3436, loss: 0.1500
2021-06-18 08:09:19,476 - mmcls - INFO - Saving checkpoint at 69 epochs
2021-06-18 08:09:21,476 - mmcls - INFO - Epoch(val) [69][79]	accuracy_top-1: 72.4100, accuracy_top-5: 92.7400
2021-06-18 08:10:09,545 - mmcls - INFO - Epoch [70][100/391]	lr: 1.000e-02, eta: 1:54:38, time: 0.478, data_time: 0.024, memory: 3436, loss: 0.1351
2021-06-18 08:10:50,488 - mmcls - INFO - Epoch [70][200/391]	lr: 1.000e-02, eta: 1:54:08, time: 0.410, data_time: 0.004, memory: 3436, loss: 0.1433
2021-06-18 08:11:36,224 - mmcls - INFO - Epoch [70][300/391]	lr: 1.000e-02, eta: 1:53:41, time: 0.457, data_time: 0.004, memory: 3436, loss: 0.1472
2021-06-18 08:12:30,775 - mmcls - INFO - Saving checkpoint at 70 epochs
2021-06-18 08:12:32,754 - mmcls - INFO - Epoch(val) [70][79]	accuracy_top-1: 73.6000, accuracy_top-5: 93.3800
2021-06-18 08:13:20,610 - mmcls - INFO - Epoch [71][100/391]	lr: 1.000e-02, eta: 1:52:21, time: 0.476, data_time: 0.024, memory: 3436, loss: 0.1338
2021-06-18 08:13:58,854 - mmcls - INFO - Epoch [71][200/391]	lr: 1.000e-02, eta: 1:51:49, time: 0.382, data_time: 0.004, memory: 3436, loss: 0.1247
2021-06-18 08:14:44,705 - mmcls - INFO - Epoch [71][300/391]	lr: 1.000e-02, eta: 1:51:22, time: 0.459, data_time: 0.004, memory: 3436, loss: 0.1453
2021-06-18 08:15:39,371 - mmcls - INFO - Saving checkpoint at 71 epochs
2021-06-18 08:15:41,330 - mmcls - INFO - Epoch(val) [71][79]	accuracy_top-1: 72.7500, accuracy_top-5: 92.8500
2021-06-18 08:16:29,325 - mmcls - INFO - Epoch [72][100/391]	lr: 1.000e-02, eta: 1:50:03, time: 0.478, data_time: 0.024, memory: 3436, loss: 0.1341
2021-06-18 08:17:10,264 - mmcls - INFO - Epoch [72][200/391]	lr: 1.000e-02, eta: 1:49:33, time: 0.409, data_time: 0.004, memory: 3436, loss: 0.1232
2021-06-18 08:17:56,007 - mmcls - INFO - Epoch [72][300/391]	lr: 1.000e-02, eta: 1:49:06, time: 0.458, data_time: 0.004, memory: 3436, loss: 0.1454
2021-06-18 08:18:50,594 - mmcls - INFO - Saving checkpoint at 72 epochs
2021-06-18 08:18:52,663 - mmcls - INFO - Epoch(val) [72][79]	accuracy_top-1: 72.9100, accuracy_top-5: 92.7900
2021-06-18 08:19:35,968 - mmcls - INFO - Epoch [73][100/391]	lr: 1.000e-02, eta: 1:47:44, time: 0.431, data_time: 0.024, memory: 3436, loss: 0.1298
2021-06-18 08:20:21,600 - mmcls - INFO - Epoch [73][200/391]	lr: 1.000e-02, eta: 1:47:17, time: 0.456, data_time: 0.004, memory: 3436, loss: 0.1334
2021-06-18 08:21:07,154 - mmcls - INFO - Epoch [73][300/391]	lr: 1.000e-02, eta: 1:46:49, time: 0.456, data_time: 0.004, memory: 3436, loss: 0.1559
2021-06-18 08:22:02,041 - mmcls - INFO - Saving checkpoint at 73 epochs
2021-06-18 08:22:04,043 - mmcls - INFO - Epoch(val) [73][79]	accuracy_top-1: 72.3500, accuracy_top-5: 92.2500
2021-06-18 08:22:47,226 - mmcls - INFO - Epoch [74][100/391]	lr: 1.000e-02, eta: 1:45:28, time: 0.430, data_time: 0.025, memory: 3436, loss: 0.1299
2021-06-18 08:23:33,093 - mmcls - INFO - Epoch [74][200/391]	lr: 1.000e-02, eta: 1:45:00, time: 0.459, data_time: 0.004, memory: 3436, loss: 0.1420
2021-06-18 08:24:19,035 - mmcls - INFO - Epoch [74][300/391]	lr: 1.000e-02, eta: 1:44:33, time: 0.459, data_time: 0.004, memory: 3436, loss: 0.1658
2021-06-18 08:25:13,739 - mmcls - INFO - Saving checkpoint at 74 epochs
2021-06-18 08:25:15,755 - mmcls - INFO - Epoch(val) [74][79]	accuracy_top-1: 73.7900, accuracy_top-5: 92.8800
2021-06-18 08:25:59,020 - mmcls - INFO - Epoch [75][100/391]	lr: 1.000e-02, eta: 1:43:12, time: 0.430, data_time: 0.024, memory: 3436, loss: 0.1362
2021-06-18 08:26:44,701 - mmcls - INFO - Epoch [75][200/391]	lr: 1.000e-02, eta: 1:42:44, time: 0.457, data_time: 0.004, memory: 3436, loss: 0.1353
2021-06-18 08:27:30,525 - mmcls - INFO - Epoch [75][300/391]	lr: 1.000e-02, eta: 1:42:16, time: 0.458, data_time: 0.004, memory: 3436, loss: 0.1546
2021-06-18 08:28:24,746 - mmcls - INFO - Saving checkpoint at 75 epochs
2021-06-18 08:28:26,709 - mmcls - INFO - Epoch(val) [75][79]	accuracy_top-1: 72.8000, accuracy_top-5: 92.5500
2021-06-18 08:29:08,755 - mmcls - INFO - Epoch [76][100/391]	lr: 1.000e-02, eta: 1:40:56, time: 0.418, data_time: 0.025, memory: 3436, loss: 0.1278
2021-06-18 08:29:54,388 - mmcls - INFO - Epoch [76][200/391]	lr: 1.000e-02, eta: 1:40:27, time: 0.456, data_time: 0.004, memory: 3436, loss: 0.1415
2021-06-18 08:30:39,973 - mmcls - INFO - Epoch [76][300/391]	lr: 1.000e-02, eta: 1:39:59, time: 0.456, data_time: 0.004, memory: 3436, loss: 0.1573
2021-06-18 08:31:34,602 - mmcls - INFO - Saving checkpoint at 76 epochs
2021-06-18 08:31:37,805 - mmcls - INFO - Epoch(val) [76][79]	accuracy_top-1: 71.8200, accuracy_top-5: 92.0500
2021-06-18 08:32:25,720 - mmcls - INFO - Epoch [77][100/391]	lr: 1.000e-02, eta: 1:38:42, time: 0.477, data_time: 0.024, memory: 3436, loss: 0.1230
2021-06-18 08:33:11,611 - mmcls - INFO - Epoch [77][200/391]	lr: 1.000e-02, eta: 1:38:14, time: 0.459, data_time: 0.004, memory: 3436, loss: 0.1363
2021-06-18 08:33:57,386 - mmcls - INFO - Epoch [77][300/391]	lr: 1.000e-02, eta: 1:37:46, time: 0.458, data_time: 0.004, memory: 3436, loss: 0.1762
2021-06-18 08:34:51,562 - mmcls - INFO - Saving checkpoint at 77 epochs
2021-06-18 08:34:53,554 - mmcls - INFO - Epoch(val) [77][79]	accuracy_top-1: 72.4100, accuracy_top-5: 92.6800
2021-06-18 08:35:41,665 - mmcls - INFO - Epoch [78][100/391]	lr: 1.000e-02, eta: 1:36:29, time: 0.479, data_time: 0.024, memory: 3436, loss: 0.1390
2021-06-18 08:36:27,425 - mmcls - INFO - Epoch [78][200/391]	lr: 1.000e-02, eta: 1:36:01, time: 0.458, data_time: 0.005, memory: 3436, loss: 0.1341
2021-06-18 08:37:12,958 - mmcls - INFO - Epoch [78][300/391]	lr: 1.000e-02, eta: 1:35:32, time: 0.455, data_time: 0.004, memory: 3436, loss: 0.1452
2021-06-18 08:38:03,473 - mmcls - INFO - Saving checkpoint at 78 epochs
2021-06-18 08:38:05,464 - mmcls - INFO - Epoch(val) [78][79]	accuracy_top-1: 72.2700, accuracy_top-5: 92.4700
2021-06-18 08:38:53,708 - mmcls - INFO - Epoch [79][100/391]	lr: 1.000e-02, eta: 1:34:16, time: 0.480, data_time: 0.024, memory: 3436, loss: 0.1302
2021-06-18 08:39:39,667 - mmcls - INFO - Epoch [79][200/391]	lr: 1.000e-02, eta: 1:33:47, time: 0.460, data_time: 0.004, memory: 3436, loss: 0.1369
2021-06-18 08:40:25,450 - mmcls - INFO - Epoch [79][300/391]	lr: 1.000e-02, eta: 1:33:18, time: 0.458, data_time: 0.004, memory: 3436, loss: 0.1625
2021-06-18 08:41:15,362 - mmcls - INFO - Saving checkpoint at 79 epochs
2021-06-18 08:41:17,343 - mmcls - INFO - Epoch(val) [79][79]	accuracy_top-1: 71.7100, accuracy_top-5: 92.3700
2021-06-18 08:42:05,302 - mmcls - INFO - Epoch [80][100/391]	lr: 1.000e-02, eta: 1:32:02, time: 0.477, data_time: 0.024, memory: 3436, loss: 0.1387
2021-06-18 08:42:51,103 - mmcls - INFO - Epoch [80][200/391]	lr: 1.000e-02, eta: 1:31:33, time: 0.458, data_time: 0.004, memory: 3436, loss: 0.1288
2021-06-18 08:43:35,077 - mmcls - INFO - Epoch [80][300/391]	lr: 1.000e-02, eta: 1:31:03, time: 0.440, data_time: 0.004, memory: 3436, loss: 0.1632
2021-06-18 08:44:23,855 - mmcls - INFO - Saving checkpoint at 80 epochs
2021-06-18 08:44:25,840 - mmcls - INFO - Epoch(val) [80][79]	accuracy_top-1: 73.6700, accuracy_top-5: 93.0200
2021-06-18 08:45:13,523 - mmcls - INFO - Epoch [81][100/391]	lr: 1.000e-03, eta: 1:29:48, time: 0.475, data_time: 0.024, memory: 3436, loss: 0.0866
2021-06-18 08:45:59,171 - mmcls - INFO - Epoch [81][200/391]	lr: 1.000e-03, eta: 1:29:18, time: 0.457, data_time: 0.004, memory: 3436, loss: 0.0630
2021-06-18 08:46:40,305 - mmcls - INFO - Epoch [81][300/391]	lr: 1.000e-03, eta: 1:28:47, time: 0.412, data_time: 0.004, memory: 3436, loss: 0.0519
2021-06-18 08:47:34,593 - mmcls - INFO - Saving checkpoint at 81 epochs
2021-06-18 08:47:36,550 - mmcls - INFO - Epoch(val) [81][79]	accuracy_top-1: 77.4400, accuracy_top-5: 94.5300
2021-06-18 08:48:24,486 - mmcls - INFO - Epoch [82][100/391]	lr: 1.000e-03, eta: 1:27:32, time: 0.477, data_time: 0.025, memory: 3436, loss: 0.0362
2021-06-18 08:49:10,025 - mmcls - INFO - Epoch [82][200/391]	lr: 1.000e-03, eta: 1:27:02, time: 0.455, data_time: 0.004, memory: 3436, loss: 0.0340
2021-06-18 08:49:50,756 - mmcls - INFO - Epoch [82][300/391]	lr: 1.000e-03, eta: 1:26:30, time: 0.407, data_time: 0.004, memory: 3436, loss: 0.0362
2021-06-18 08:50:45,290 - mmcls - INFO - Saving checkpoint at 82 epochs
2021-06-18 08:50:47,246 - mmcls - INFO - Epoch(val) [82][79]	accuracy_top-1: 77.7900, accuracy_top-5: 94.6300
2021-06-18 08:51:35,505 - mmcls - INFO - Epoch [83][100/391]	lr: 1.000e-03, eta: 1:25:15, time: 0.480, data_time: 0.024, memory: 3436, loss: 0.0299
2021-06-18 08:52:21,396 - mmcls - INFO - Epoch [83][200/391]	lr: 1.000e-03, eta: 1:24:46, time: 0.459, data_time: 0.004, memory: 3436, loss: 0.0280
2021-06-18 08:53:02,384 - mmcls - INFO - Epoch [83][300/391]	lr: 1.000e-03, eta: 1:24:14, time: 0.410, data_time: 0.005, memory: 3436, loss: 0.0285
2021-06-18 08:53:57,122 - mmcls - INFO - Saving checkpoint at 83 epochs
2021-06-18 08:53:59,088 - mmcls - INFO - Epoch(val) [83][79]	accuracy_top-1: 77.9300, accuracy_top-5: 94.7300
2021-06-18 08:54:46,881 - mmcls - INFO - Epoch [84][100/391]	lr: 1.000e-03, eta: 1:22:59, time: 0.476, data_time: 0.025, memory: 3436, loss: 0.0234
2021-06-18 08:55:27,786 - mmcls - INFO - Epoch [84][200/391]	lr: 1.000e-03, eta: 1:22:27, time: 0.409, data_time: 0.004, memory: 3436, loss: 0.0225
2021-06-18 08:56:13,252 - mmcls - INFO - Epoch [84][300/391]	lr: 1.000e-03, eta: 1:21:57, time: 0.454, data_time: 0.004, memory: 3436, loss: 0.0216
2021-06-18 08:57:08,157 - mmcls - INFO - Saving checkpoint at 84 epochs
2021-06-18 08:57:10,139 - mmcls - INFO - Epoch(val) [84][79]	accuracy_top-1: 78.2300, accuracy_top-5: 94.7400
2021-06-18 08:57:57,940 - mmcls - INFO - Epoch [85][100/391]	lr: 1.000e-03, eta: 1:20:43, time: 0.476, data_time: 0.024, memory: 3436, loss: 0.0214
2021-06-18 08:58:36,328 - mmcls - INFO - Epoch [85][200/391]	lr: 1.000e-03, eta: 1:20:10, time: 0.385, data_time: 0.004, memory: 3436, loss: 0.0223
2021-06-18 08:59:21,732 - mmcls - INFO - Epoch [85][300/391]	lr: 1.000e-03, eta: 1:19:40, time: 0.453, data_time: 0.003, memory: 3436, loss: 0.0212
2021-06-18 09:00:16,150 - mmcls - INFO - Saving checkpoint at 85 epochs
2021-06-18 09:00:18,133 - mmcls - INFO - Epoch(val) [85][79]	accuracy_top-1: 78.3400, accuracy_top-5: 94.8400
2021-06-18 09:01:05,991 - mmcls - INFO - Epoch [86][100/391]	lr: 1.000e-03, eta: 1:18:26, time: 0.476, data_time: 0.025, memory: 3436, loss: 0.0208
2021-06-18 09:01:46,946 - mmcls - INFO - Epoch [86][200/391]	lr: 1.000e-03, eta: 1:17:54, time: 0.410, data_time: 0.004, memory: 3436, loss: 0.0174
2021-06-18 09:02:32,454 - mmcls - INFO - Epoch [86][300/391]	lr: 1.000e-03, eta: 1:17:24, time: 0.455, data_time: 0.004, memory: 3436, loss: 0.0193
2021-06-18 09:03:27,021 - mmcls - INFO - Saving checkpoint at 86 epochs
2021-06-18 09:03:29,005 - mmcls - INFO - Epoch(val) [86][79]	accuracy_top-1: 78.5100, accuracy_top-5: 94.7200
2021-06-18 09:04:17,025 - mmcls - INFO - Epoch [87][100/391]	lr: 1.000e-03, eta: 1:16:10, time: 0.478, data_time: 0.024, memory: 3436, loss: 0.0190
2021-06-18 09:04:57,957 - mmcls - INFO - Epoch [87][200/391]	lr: 1.000e-03, eta: 1:15:38, time: 0.409, data_time: 0.004, memory: 3436, loss: 0.0187
2021-06-18 09:05:43,703 - mmcls - INFO - Epoch [87][300/391]	lr: 1.000e-03, eta: 1:15:07, time: 0.457, data_time: 0.004, memory: 3436, loss: 0.0181
2021-06-18 09:06:38,253 - mmcls - INFO - Saving checkpoint at 87 epochs
2021-06-18 09:06:40,281 - mmcls - INFO - Epoch(val) [87][79]	accuracy_top-1: 78.5600, accuracy_top-5: 94.7300
2021-06-18 09:07:23,551 - mmcls - INFO - Epoch [88][100/391]	lr: 1.000e-03, eta: 1:13:53, time: 0.430, data_time: 0.024, memory: 3436, loss: 0.0165
2021-06-18 09:08:09,036 - mmcls - INFO - Epoch [88][200/391]	lr: 1.000e-03, eta: 1:13:22, time: 0.455, data_time: 0.005, memory: 3436, loss: 0.0178
2021-06-18 09:08:54,771 - mmcls - INFO - Epoch [88][300/391]	lr: 1.000e-03, eta: 1:12:51, time: 0.457, data_time: 0.004, memory: 3436, loss: 0.0172
2021-06-18 09:09:49,594 - mmcls - INFO - Saving checkpoint at 88 epochs
2021-06-18 09:09:51,553 - mmcls - INFO - Epoch(val) [88][79]	accuracy_top-1: 78.4800, accuracy_top-5: 94.7100
2021-06-18 09:10:34,633 - mmcls - INFO - Epoch [89][100/391]	lr: 1.000e-03, eta: 1:11:37, time: 0.429, data_time: 0.024, memory: 3436, loss: 0.0153
2021-06-18 09:11:20,437 - mmcls - INFO - Epoch [89][200/391]	lr: 1.000e-03, eta: 1:11:06, time: 0.458, data_time: 0.005, memory: 3436, loss: 0.0150
2021-06-18 09:12:06,057 - mmcls - INFO - Epoch [89][300/391]	lr: 1.000e-03, eta: 1:10:35, time: 0.456, data_time: 0.005, memory: 3436, loss: 0.0154
2021-06-18 09:13:00,906 - mmcls - INFO - Saving checkpoint at 89 epochs
2021-06-18 09:13:02,889 - mmcls - INFO - Epoch(val) [89][79]	accuracy_top-1: 78.4600, accuracy_top-5: 94.8300
2021-06-18 09:13:43,217 - mmcls - INFO - Epoch [90][100/391]	lr: 1.000e-03, eta: 1:09:20, time: 0.401, data_time: 0.024, memory: 3436, loss: 0.0146
2021-06-18 09:14:29,110 - mmcls - INFO - Epoch [90][200/391]	lr: 1.000e-03, eta: 1:08:49, time: 0.459, data_time: 0.004, memory: 3436, loss: 0.0146
2021-06-18 09:15:14,731 - mmcls - INFO - Epoch [90][300/391]	lr: 1.000e-03, eta: 1:08:18, time: 0.456, data_time: 0.004, memory: 3436, loss: 0.0147
2021-06-18 09:16:09,287 - mmcls - INFO - Saving checkpoint at 90 epochs
2021-06-18 09:16:11,244 - mmcls - INFO - Epoch(val) [90][79]	accuracy_top-1: 78.6900, accuracy_top-5: 94.7700
2021-06-18 09:16:54,448 - mmcls - INFO - Epoch [91][100/391]	lr: 1.000e-03, eta: 1:07:04, time: 0.430, data_time: 0.025, memory: 3436, loss: 0.0145
2021-06-18 09:17:40,182 - mmcls - INFO - Epoch [91][200/391]	lr: 1.000e-03, eta: 1:06:33, time: 0.457, data_time: 0.004, memory: 3436, loss: 0.0146
2021-06-18 09:18:25,684 - mmcls - INFO - Epoch [91][300/391]	lr: 1.000e-03, eta: 1:06:02, time: 0.455, data_time: 0.004, memory: 3436, loss: 0.0145
2021-06-18 09:19:21,183 - mmcls - INFO - Saving checkpoint at 91 epochs
2021-06-18 09:19:23,140 - mmcls - INFO - Epoch(val) [91][79]	accuracy_top-1: 78.7700, accuracy_top-5: 94.7700
2021-06-18 09:20:11,124 - mmcls - INFO - Epoch [92][100/391]	lr: 1.000e-03, eta: 1:04:50, time: 0.478, data_time: 0.024, memory: 3436, loss: 0.0132
2021-06-18 09:20:56,894 - mmcls - INFO - Epoch [92][200/391]	lr: 1.000e-03, eta: 1:04:19, time: 0.458, data_time: 0.004, memory: 3436, loss: 0.0130
2021-06-18 09:21:42,664 - mmcls - INFO - Epoch [92][300/391]	lr: 1.000e-03, eta: 1:03:48, time: 0.458, data_time: 0.004, memory: 3436, loss: 0.0129
2021-06-18 09:22:33,678 - mmcls - INFO - Saving checkpoint at 92 epochs
2021-06-18 09:22:35,660 - mmcls - INFO - Epoch(val) [92][79]	accuracy_top-1: 78.6200, accuracy_top-5: 94.7400
2021-06-18 09:23:23,831 - mmcls - INFO - Epoch [93][100/391]	lr: 1.000e-03, eta: 1:02:36, time: 0.480, data_time: 0.027, memory: 3436, loss: 0.0116
2021-06-18 09:24:09,504 - mmcls - INFO - Epoch [93][200/391]	lr: 1.000e-03, eta: 1:02:05, time: 0.457, data_time: 0.004, memory: 3436, loss: 0.0117
2021-06-18 09:24:55,128 - mmcls - INFO - Epoch [93][300/391]	lr: 1.000e-03, eta: 1:01:33, time: 0.456, data_time: 0.004, memory: 3436, loss: 0.0123
2021-06-18 09:25:45,070 - mmcls - INFO - Saving checkpoint at 93 epochs
2021-06-18 09:25:47,029 - mmcls - INFO - Epoch(val) [93][79]	accuracy_top-1: 78.4500, accuracy_top-5: 94.7400
2021-06-18 09:26:34,851 - mmcls - INFO - Epoch [94][100/391]	lr: 1.000e-03, eta: 1:00:22, time: 0.476, data_time: 0.024, memory: 3436, loss: 0.0122
2021-06-18 09:27:20,367 - mmcls - INFO - Epoch [94][200/391]	lr: 1.000e-03, eta: 0:59:50, time: 0.455, data_time: 0.004, memory: 3436, loss: 0.0127
2021-06-18 09:28:06,228 - mmcls - INFO - Epoch [94][300/391]	lr: 1.000e-03, eta: 0:59:19, time: 0.459, data_time: 0.004, memory: 3436, loss: 0.0120
2021-06-18 09:28:53,405 - mmcls - INFO - Saving checkpoint at 94 epochs
2021-06-18 09:28:55,399 - mmcls - INFO - Epoch(val) [94][79]	accuracy_top-1: 78.6100, accuracy_top-5: 94.7400
2021-06-18 09:29:43,540 - mmcls - INFO - Epoch [95][100/391]	lr: 1.000e-03, eta: 0:58:07, time: 0.479, data_time: 0.025, memory: 3436, loss: 0.0124
2021-06-18 09:30:29,083 - mmcls - INFO - Epoch [95][200/391]	lr: 1.000e-03, eta: 0:57:36, time: 0.455, data_time: 0.005, memory: 3436, loss: 0.0111
2021-06-18 09:31:14,727 - mmcls - INFO - Epoch [95][300/391]	lr: 1.000e-03, eta: 0:57:04, time: 0.456, data_time: 0.005, memory: 3436, loss: 0.0127
2021-06-18 09:32:06,992 - mmcls - INFO - Saving checkpoint at 95 epochs
2021-06-18 09:32:09,011 - mmcls - INFO - Epoch(val) [95][79]	accuracy_top-1: 78.6900, accuracy_top-5: 94.7800
2021-06-18 09:32:56,817 - mmcls - INFO - Epoch [96][100/391]	lr: 1.000e-03, eta: 0:55:53, time: 0.476, data_time: 0.025, memory: 3436, loss: 0.0125
2021-06-18 09:33:42,660 - mmcls - INFO - Epoch [96][200/391]	lr: 1.000e-03, eta: 0:55:21, time: 0.458, data_time: 0.005, memory: 3436, loss: 0.0116
2021-06-18 09:34:23,613 - mmcls - INFO - Epoch [96][300/391]	lr: 1.000e-03, eta: 0:54:48, time: 0.409, data_time: 0.005, memory: 3436, loss: 0.0118
2021-06-18 09:35:19,853 - mmcls - INFO - Saving checkpoint at 96 epochs
2021-06-18 09:35:21,852 - mmcls - INFO - Epoch(val) [96][79]	accuracy_top-1: 78.7800, accuracy_top-5: 94.7400
2021-06-18 09:36:09,895 - mmcls - INFO - Epoch [97][100/391]	lr: 1.000e-03, eta: 0:53:37, time: 0.478, data_time: 0.025, memory: 3436, loss: 0.0115
2021-06-18 09:36:55,420 - mmcls - INFO - Epoch [97][200/391]	lr: 1.000e-03, eta: 0:53:05, time: 0.455, data_time: 0.005, memory: 3436, loss: 0.0107
2021-06-18 09:37:36,443 - mmcls - INFO - Epoch [97][300/391]	lr: 1.000e-03, eta: 0:52:32, time: 0.410, data_time: 0.005, memory: 3436, loss: 0.0122
2021-06-18 09:38:32,495 - mmcls - INFO - Saving checkpoint at 97 epochs
2021-06-18 09:38:34,485 - mmcls - INFO - Epoch(val) [97][79]	accuracy_top-1: 78.5600, accuracy_top-5: 94.6600
2021-06-18 09:39:22,439 - mmcls - INFO - Epoch [98][100/391]	lr: 1.000e-03, eta: 0:51:21, time: 0.477, data_time: 0.025, memory: 3436, loss: 0.0120
2021-06-18 09:40:03,463 - mmcls - INFO - Epoch [98][200/391]	lr: 1.000e-03, eta: 0:50:48, time: 0.410, data_time: 0.004, memory: 3436, loss: 0.0099
2021-06-18 09:40:49,057 - mmcls - INFO - Epoch [98][300/391]	lr: 1.000e-03, eta: 0:50:16, time: 0.456, data_time: 0.005, memory: 3436, loss: 0.0110
2021-06-18 09:41:44,724 - mmcls - INFO - Saving checkpoint at 98 epochs
2021-06-18 09:41:46,490 - mmcls - INFO - Epoch(val) [98][79]	accuracy_top-1: 78.7700, accuracy_top-5: 94.6300
2021-06-18 09:42:34,391 - mmcls - INFO - Epoch [99][100/391]	lr: 1.000e-03, eta: 0:49:05, time: 0.477, data_time: 0.025, memory: 3436, loss: 0.0101
2021-06-18 09:43:11,554 - mmcls - INFO - Epoch [99][200/391]	lr: 1.000e-03, eta: 0:48:31, time: 0.373, data_time: 0.005, memory: 3436, loss: 0.0101
2021-06-18 09:43:56,523 - mmcls - INFO - Epoch [99][300/391]	lr: 1.000e-03, eta: 0:47:59, time: 0.449, data_time: 0.004, memory: 3436, loss: 0.0101
2021-06-18 09:44:52,640 - mmcls - INFO - Saving checkpoint at 99 epochs
2021-06-18 09:44:54,661 - mmcls - INFO - Epoch(val) [99][79]	accuracy_top-1: 78.5800, accuracy_top-5: 94.7000
2021-06-18 09:45:42,529 - mmcls - INFO - Epoch [100][100/391]	lr: 1.000e-03, eta: 0:46:49, time: 0.476, data_time: 0.025, memory: 3436, loss: 0.0094
2021-06-18 09:46:23,518 - mmcls - INFO - Epoch [100][200/391]	lr: 1.000e-03, eta: 0:46:15, time: 0.410, data_time: 0.004, memory: 3436, loss: 0.0111
2021-06-18 09:47:09,230 - mmcls - INFO - Epoch [100][300/391]	lr: 1.000e-03, eta: 0:45:43, time: 0.457, data_time: 0.005, memory: 3436, loss: 0.0107
2021-06-18 09:48:05,178 - mmcls - INFO - Saving checkpoint at 100 epochs
2021-06-18 09:48:07,156 - mmcls - INFO - Epoch(val) [100][79]	accuracy_top-1: 78.7800, accuracy_top-5: 94.6600
2021-06-18 09:48:55,346 - mmcls - INFO - Epoch [101][100/391]	lr: 1.000e-03, eta: 0:44:33, time: 0.480, data_time: 0.025, memory: 3436, loss: 0.0104
2021-06-18 09:49:36,324 - mmcls - INFO - Epoch [101][200/391]	lr: 1.000e-03, eta: 0:44:00, time: 0.410, data_time: 0.005, memory: 3436, loss: 0.0100
2021-06-18 09:50:22,043 - mmcls - INFO - Epoch [101][300/391]	lr: 1.000e-03, eta: 0:43:27, time: 0.457, data_time: 0.005, memory: 3436, loss: 0.0101
2021-06-18 09:51:18,801 - mmcls - INFO - Saving checkpoint at 101 epochs
2021-06-18 09:51:20,785 - mmcls - INFO - Epoch(val) [101][79]	accuracy_top-1: 78.5300, accuracy_top-5: 94.7100
2021-06-18 09:52:04,120 - mmcls - INFO - Epoch [102][100/391]	lr: 1.000e-03, eta: 0:42:17, time: 0.431, data_time: 0.025, memory: 3436, loss: 0.0101
2021-06-18 09:52:49,911 - mmcls - INFO - Epoch [102][200/391]	lr: 1.000e-03, eta: 0:41:44, time: 0.458, data_time: 0.005, memory: 3436, loss: 0.0102
2021-06-18 09:53:35,677 - mmcls - INFO - Epoch [102][300/391]	lr: 1.000e-03, eta: 0:41:11, time: 0.458, data_time: 0.004, memory: 3436, loss: 0.0100
2021-06-18 09:54:30,387 - mmcls - INFO - Saving checkpoint at 102 epochs
2021-06-18 09:54:32,369 - mmcls - INFO - Epoch(val) [102][79]	accuracy_top-1: 78.5900, accuracy_top-5: 94.7000
2021-06-18 09:55:15,472 - mmcls - INFO - Epoch [103][100/391]	lr: 1.000e-03, eta: 0:40:01, time: 0.429, data_time: 0.024, memory: 3436, loss: 0.0104
2021-06-18 09:56:01,011 - mmcls - INFO - Epoch [103][200/391]	lr: 1.000e-03, eta: 0:39:28, time: 0.455, data_time: 0.004, memory: 3436, loss: 0.0090
2021-06-18 09:56:46,615 - mmcls - INFO - Epoch [103][300/391]	lr: 1.000e-03, eta: 0:38:56, time: 0.456, data_time: 0.004, memory: 3436, loss: 0.0097
2021-06-18 09:57:41,457 - mmcls - INFO - Saving checkpoint at 103 epochs
2021-06-18 09:57:43,403 - mmcls - INFO - Epoch(val) [103][79]	accuracy_top-1: 78.9100, accuracy_top-5: 94.7200
2021-06-18 09:58:24,473 - mmcls - INFO - Epoch [104][100/391]	lr: 1.000e-03, eta: 0:37:45, time: 0.408, data_time: 0.024, memory: 3436, loss: 0.0086
2021-06-18 09:59:10,552 - mmcls - INFO - Epoch [104][200/391]	lr: 1.000e-03, eta: 0:37:13, time: 0.461, data_time: 0.004, memory: 3436, loss: 0.0098
2021-06-18 09:59:56,459 - mmcls - INFO - Epoch [104][300/391]	lr: 1.000e-03, eta: 0:36:40, time: 0.459, data_time: 0.004, memory: 3436, loss: 0.0092
2021-06-18 10:00:51,288 - mmcls - INFO - Saving checkpoint at 104 epochs
2021-06-18 10:00:53,233 - mmcls - INFO - Epoch(val) [104][79]	accuracy_top-1: 78.7700, accuracy_top-5: 94.7100
2021-06-18 10:01:38,727 - mmcls - INFO - Epoch [105][100/391]	lr: 1.000e-03, eta: 0:35:30, time: 0.453, data_time: 0.024, memory: 3436, loss: 0.0090
2021-06-18 10:02:24,223 - mmcls - INFO - Epoch [105][200/391]	lr: 1.000e-03, eta: 0:34:57, time: 0.455, data_time: 0.004, memory: 3436, loss: 0.0102
2021-06-18 10:03:09,721 - mmcls - INFO - Epoch [105][300/391]	lr: 1.000e-03, eta: 0:34:24, time: 0.455, data_time: 0.004, memory: 3436, loss: 0.0091
2021-06-18 10:04:04,131 - mmcls - INFO - Saving checkpoint at 105 epochs
2021-06-18 10:04:06,117 - mmcls - INFO - Epoch(val) [105][79]	accuracy_top-1: 78.7400, accuracy_top-5: 94.7100
2021-06-18 10:04:53,783 - mmcls - INFO - Epoch [106][100/391]	lr: 1.000e-03, eta: 0:33:15, time: 0.474, data_time: 0.024, memory: 3436, loss: 0.0080
2021-06-18 10:05:39,624 - mmcls - INFO - Epoch [106][200/391]	lr: 1.000e-03, eta: 0:32:42, time: 0.458, data_time: 0.004, memory: 3436, loss: 0.0093
2021-06-18 10:06:25,670 - mmcls - INFO - Epoch [106][300/391]	lr: 1.000e-03, eta: 0:32:09, time: 0.460, data_time: 0.005, memory: 3436, loss: 0.0088
2021-06-18 10:07:16,579 - mmcls - INFO - Saving checkpoint at 106 epochs
2021-06-18 10:07:18,573 - mmcls - INFO - Epoch(val) [106][79]	accuracy_top-1: 78.7100, accuracy_top-5: 94.6600
2021-06-18 10:08:06,373 - mmcls - INFO - Epoch [107][100/391]	lr: 1.000e-03, eta: 0:31:01, time: 0.476, data_time: 0.025, memory: 3436, loss: 0.0088
2021-06-18 10:08:51,996 - mmcls - INFO - Epoch [107][200/391]	lr: 1.000e-03, eta: 0:30:27, time: 0.456, data_time: 0.004, memory: 3436, loss: 0.0093
2021-06-18 10:09:37,733 - mmcls - INFO - Epoch [107][300/391]	lr: 1.000e-03, eta: 0:29:54, time: 0.457, data_time: 0.005, memory: 3436, loss: 0.0088
2021-06-18 10:10:29,015 - mmcls - INFO - Saving checkpoint at 107 epochs
2021-06-18 10:10:31,002 - mmcls - INFO - Epoch(val) [107][79]	accuracy_top-1: 78.7700, accuracy_top-5: 94.7100
2021-06-18 10:11:18,744 - mmcls - INFO - Epoch [108][100/391]	lr: 1.000e-03, eta: 0:28:46, time: 0.475, data_time: 0.024, memory: 3436, loss: 0.0091
2021-06-18 10:12:04,325 - mmcls - INFO - Epoch [108][200/391]	lr: 1.000e-03, eta: 0:28:12, time: 0.456, data_time: 0.005, memory: 3436, loss: 0.0089
2021-06-18 10:12:47,949 - mmcls - INFO - Epoch [108][300/391]	lr: 1.000e-03, eta: 0:27:39, time: 0.436, data_time: 0.005, memory: 3436, loss: 0.0089
2021-06-18 10:13:35,598 - mmcls - INFO - Saving checkpoint at 108 epochs
2021-06-18 10:13:37,576 - mmcls - INFO - Epoch(val) [108][79]	accuracy_top-1: 78.6400, accuracy_top-5: 94.7800
2021-06-18 10:14:25,569 - mmcls - INFO - Epoch [109][100/391]	lr: 1.000e-03, eta: 0:26:30, time: 0.478, data_time: 0.024, memory: 3436, loss: 0.0084
2021-06-18 10:15:11,183 - mmcls - INFO - Epoch [109][200/391]	lr: 1.000e-03, eta: 0:25:57, time: 0.456, data_time: 0.004, memory: 3436, loss: 0.0089
2021-06-18 10:15:53,867 - mmcls - INFO - Epoch [109][300/391]	lr: 1.000e-03, eta: 0:25:23, time: 0.428, data_time: 0.004, memory: 3436, loss: 0.0086
2021-06-18 10:16:46,935 - mmcls - INFO - Saving checkpoint at 109 epochs
2021-06-18 10:16:48,912 - mmcls - INFO - Epoch(val) [109][79]	accuracy_top-1: 78.8700, accuracy_top-5: 94.6900
2021-06-18 10:17:36,577 - mmcls - INFO - Epoch [110][100/391]	lr: 1.000e-03, eta: 0:24:15, time: 0.474, data_time: 0.024, memory: 3436, loss: 0.0081
2021-06-18 10:18:22,321 - mmcls - INFO - Epoch [110][200/391]	lr: 1.000e-03, eta: 0:23:41, time: 0.458, data_time: 0.004, memory: 3436, loss: 0.0082
2021-06-18 10:19:03,266 - mmcls - INFO - Epoch [110][300/391]	lr: 1.000e-03, eta: 0:23:07, time: 0.409, data_time: 0.004, memory: 3436, loss: 0.0084
2021-06-18 10:19:57,730 - mmcls - INFO - Saving checkpoint at 110 epochs
2021-06-18 10:19:59,705 - mmcls - INFO - Epoch(val) [110][79]	accuracy_top-1: 78.8800, accuracy_top-5: 94.6600
2021-06-18 10:20:47,516 - mmcls - INFO - Epoch [111][100/391]	lr: 1.000e-03, eta: 0:21:59, time: 0.476, data_time: 0.024, memory: 3436, loss: 0.0098
2021-06-18 10:21:33,453 - mmcls - INFO - Epoch [111][200/391]	lr: 1.000e-03, eta: 0:21:26, time: 0.459, data_time: 0.004, memory: 3436, loss: 0.0083
2021-06-18 10:22:14,349 - mmcls - INFO - Epoch [111][300/391]	lr: 1.000e-03, eta: 0:20:51, time: 0.409, data_time: 0.004, memory: 3436, loss: 0.0082
2021-06-18 10:23:09,031 - mmcls - INFO - Saving checkpoint at 111 epochs
2021-06-18 10:23:11,017 - mmcls - INFO - Epoch(val) [111][79]	accuracy_top-1: 78.8100, accuracy_top-5: 94.7000
2021-06-18 10:23:58,895 - mmcls - INFO - Epoch [112][100/391]	lr: 1.000e-03, eta: 0:19:44, time: 0.477, data_time: 0.024, memory: 3436, loss: 0.0078
2021-06-18 10:24:40,407 - mmcls - INFO - Epoch [112][200/391]	lr: 1.000e-03, eta: 0:19:10, time: 0.416, data_time: 0.004, memory: 3436, loss: 0.0083
2021-06-18 10:25:25,493 - mmcls - INFO - Epoch [112][300/391]	lr: 1.000e-03, eta: 0:18:36, time: 0.450, data_time: 0.003, memory: 3436, loss: 0.0079
2021-06-18 10:26:20,066 - mmcls - INFO - Saving checkpoint at 112 epochs
2021-06-18 10:26:22,041 - mmcls - INFO - Epoch(val) [112][79]	accuracy_top-1: 79.0900, accuracy_top-5: 94.7600
2021-06-18 10:27:09,981 - mmcls - INFO - Epoch [113][100/391]	lr: 1.000e-03, eta: 0:17:28, time: 0.477, data_time: 0.024, memory: 3436, loss: 0.0089
2021-06-18 10:27:48,964 - mmcls - INFO - Epoch [113][200/391]	lr: 1.000e-03, eta: 0:16:54, time: 0.391, data_time: 0.004, memory: 3436, loss: 0.0081
2021-06-18 10:28:10,480 - mmcls - INFO - Epoch [113][300/391]	lr: 1.000e-03, eta: 0:16:18, time: 0.215, data_time: 0.003, memory: 3436, loss: 0.0079
2021-06-18 10:28:38,035 - mmcls - INFO - Saving checkpoint at 113 epochs
2021-06-18 10:28:40,029 - mmcls - INFO - Epoch(val) [113][79]	accuracy_top-1: 78.8400, accuracy_top-5: 94.7600
2021-06-18 10:29:03,698 - mmcls - INFO - Epoch [114][100/391]	lr: 1.000e-03, eta: 0:15:10, time: 0.236, data_time: 0.024, memory: 3436, loss: 0.0077
2021-06-18 10:29:25,135 - mmcls - INFO - Epoch [114][200/391]	lr: 1.000e-03, eta: 0:14:35, time: 0.214, data_time: 0.003, memory: 3436, loss: 0.0082
2021-06-18 10:29:46,586 - mmcls - INFO - Epoch [114][300/391]	lr: 1.000e-03, eta: 0:13:59, time: 0.214, data_time: 0.003, memory: 3436, loss: 0.0080
2021-06-18 10:30:14,148 - mmcls - INFO - Saving checkpoint at 114 epochs
2021-06-18 10:30:16,152 - mmcls - INFO - Epoch(val) [114][79]	accuracy_top-1: 78.9700, accuracy_top-5: 94.7200
2021-06-18 10:30:39,823 - mmcls - INFO - Epoch [115][100/391]	lr: 1.000e-03, eta: 0:12:51, time: 0.236, data_time: 0.024, memory: 3436, loss: 0.0081
2021-06-18 10:31:01,262 - mmcls - INFO - Epoch [115][200/391]	lr: 1.000e-03, eta: 0:12:16, time: 0.214, data_time: 0.003, memory: 3436, loss: 0.0076
2021-06-18 10:31:22,730 - mmcls - INFO - Epoch [115][300/391]	lr: 1.000e-03, eta: 0:11:41, time: 0.215, data_time: 0.003, memory: 3436, loss: 0.0073
2021-06-18 10:31:50,215 - mmcls - INFO - Saving checkpoint at 115 epochs
2021-06-18 10:31:52,201 - mmcls - INFO - Epoch(val) [115][79]	accuracy_top-1: 79.0900, accuracy_top-5: 94.7800
2021-06-18 10:32:15,863 - mmcls - INFO - Epoch [116][100/391]	lr: 1.000e-03, eta: 0:10:34, time: 0.236, data_time: 0.024, memory: 3436, loss: 0.0082
2021-06-18 10:32:37,355 - mmcls - INFO - Epoch [116][200/391]	lr: 1.000e-03, eta: 0:09:59, time: 0.215, data_time: 0.003, memory: 3436, loss: 0.0076
2021-06-18 10:32:58,856 - mmcls - INFO - Epoch [116][300/391]	lr: 1.000e-03, eta: 0:09:25, time: 0.215, data_time: 0.003, memory: 3436, loss: 0.0081
2021-06-18 10:33:30,492 - mmcls - INFO - Saving checkpoint at 116 epochs
2021-06-18 10:33:32,489 - mmcls - INFO - Epoch(val) [116][79]	accuracy_top-1: 79.0300, accuracy_top-5: 94.6700
2021-06-18 10:33:56,175 - mmcls - INFO - Epoch [117][100/391]	lr: 1.000e-03, eta: 0:08:18, time: 0.236, data_time: 0.024, memory: 3436, loss: 0.0079
2021-06-18 10:34:17,602 - mmcls - INFO - Epoch [117][200/391]	lr: 1.000e-03, eta: 0:07:44, time: 0.214, data_time: 0.003, memory: 3436, loss: 0.0079
2021-06-18 10:34:39,062 - mmcls - INFO - Epoch [117][300/391]	lr: 1.000e-03, eta: 0:07:09, time: 0.215, data_time: 0.003, memory: 3436, loss: 0.0081
2021-06-18 10:35:06,781 - mmcls - INFO - Saving checkpoint at 117 epochs
2021-06-18 10:35:08,771 - mmcls - INFO - Epoch(val) [117][79]	accuracy_top-1: 79.0600, accuracy_top-5: 94.6200
2021-06-18 10:35:32,447 - mmcls - INFO - Epoch [118][100/391]	lr: 1.000e-03, eta: 0:06:03, time: 0.236, data_time: 0.024, memory: 3436, loss: 0.0075
2021-06-18 10:35:53,892 - mmcls - INFO - Epoch [118][200/391]	lr: 1.000e-03, eta: 0:05:29, time: 0.214, data_time: 0.003, memory: 3436, loss: 0.0074
2021-06-18 10:36:15,369 - mmcls - INFO - Epoch [118][300/391]	lr: 1.000e-03, eta: 0:04:55, time: 0.215, data_time: 0.003, memory: 3436, loss: 0.0079
2021-06-18 10:37:06,928 - mmcls - INFO - Saving checkpoint at 118 epochs
2021-06-18 10:37:08,954 - mmcls - INFO - Epoch(val) [118][79]	accuracy_top-1: 78.9200, accuracy_top-5: 94.7400
2021-06-18 10:37:32,570 - mmcls - INFO - Epoch [119][100/391]	lr: 1.000e-03, eta: 0:03:50, time: 0.235, data_time: 0.024, memory: 3436, loss: 0.0073
2021-06-18 10:37:54,019 - mmcls - INFO - Epoch [119][200/391]	lr: 1.000e-03, eta: 0:03:16, time: 0.215, data_time: 0.003, memory: 3436, loss: 0.0069
2021-06-18 10:38:15,507 - mmcls - INFO - Epoch [119][300/391]	lr: 1.000e-03, eta: 0:02:42, time: 0.215, data_time: 0.003, memory: 3436, loss: 0.0081
2021-06-18 10:38:43,189 - mmcls - INFO - Saving checkpoint at 119 epochs
2021-06-18 10:38:45,177 - mmcls - INFO - Epoch(val) [119][79]	accuracy_top-1: 78.8900, accuracy_top-5: 94.6700
2021-06-18 10:39:08,875 - mmcls - INFO - Epoch [120][100/391]	lr: 1.000e-03, eta: 0:01:37, time: 0.236, data_time: 0.024, memory: 3436, loss: 0.0066
2021-06-18 10:39:30,359 - mmcls - INFO - Epoch [120][200/391]	lr: 1.000e-03, eta: 0:01:04, time: 0.215, data_time: 0.003, memory: 3436, loss: 0.0074
2021-06-18 10:39:51,833 - mmcls - INFO - Epoch [120][300/391]	lr: 1.000e-03, eta: 0:00:30, time: 0.215, data_time: 0.003, memory: 3436, loss: 0.0082
2021-06-18 10:40:19,739 - mmcls - INFO - Saving checkpoint at 120 epochs
2021-06-18 10:40:21,743 - mmcls - INFO - Epoch(val) [120][79]	accuracy_top-1: 78.8500, accuracy_top-5: 94.6300
